 +-----------------------------------------------------------------+
 +                         Program ANPHON                          +
 +                             Ver.  1.5.0                         +
 +-----------------------------------------------------------------+

 Job started at Thu Aug 28 23:14:51 2025

 The number of MPI processes: 32


 Input variables:
 -----------------------------------------------------------------
 General:
  PREFIX = NaCl
  MODE = RTA
  FCSXML = ../force_fd/NaCl.xml

  NKD = 2; KD =   Cl  Na
  MASS = 
  NSYM = 0; TOLERANCE = 1.88973e-05; PRINTSYM = 0

  NONANALYTIC = 2
  BORNINFO = BORNINFO; NA_SIGMA = 0.1

  TMIN = 50; TMAX = 1000; DT = 50
  EMIN = -12.8247; EMAX = 269.318; DELTA_E = 0.940477

  ISMEAR = -1; EPSILON = 10

  CLASSICAL = 0
  BCONNECT = 0

  RESTART = 0
  TRISYM = 1


 Kpoint:
  KPMODE (1st entry for &kpoint) = 2


 Analysis:
  ISOTOPE = 2
  ISOFACT = 
  KAPPA_SPEC = 1


 -----------------------------------------------------------------

                        MODE = RTA                           
                                                             
      Calculation of phonon line width (lifetime) and        
      lattice thermal conductivity within the RTA            
      (relaxation time approximation).                       
      Harmonic and anharmonic force constants will be used.  

 -----------------------------------------------------------------

 Crystal structure
 =================

 Lattice Vectors:

 * Supercell (from ../force_fd/NaCl.xml )

    2.117249e+01   0.000000e+00   0.000000e+00 : a1
    0.000000e+00   2.117249e+01   0.000000e+00 : a2
    0.000000e+00   0.000000e+00   2.117249e+01 : a3

    2.967617e-01   0.000000e+00   0.000000e+00 : b1
    0.000000e+00   2.967617e-01   0.000000e+00 : b2
    0.000000e+00   0.000000e+00   2.967617e-01 : b3

 * Primitive cell 

    0.000000e+00   5.293124e+00   5.293124e+00 : a1
    5.293124e+00   0.000000e+00   5.293124e+00 : a2
    5.293124e+00   5.293124e+00   0.000000e+00 : a3

   -5.935234e-01   5.935234e-01   5.935234e-01 : b1
    5.935234e-01  -5.935234e-01   5.935234e-01 : b2
    5.935234e-01   5.935234e-01  -5.935234e-01 : b3


  Volume of the primitive cell : 2.965966e+02 (a.u.)^3

  Number of atoms in the supercell     : 64
  Number of atoms in the primitive cell: 2

  Atomic positions in the primitive cell (fractional):
   1:   0.000000e+00   0.000000e+00   0.000000e+00  Cl
   2:   5.000000e-01   5.000000e-01   5.000000e-01  Na

  Mass of atomic species (u):
  Cl:   35.453000
  Na:   22.989769


 Symmetry
 ========

  NSYM = 0 is given: Trying to find symmetry operations.

  Number of symmetry operations : 48
 k points
 ========

  KPMODE = 2: Uniform grid
  Gamma-centered uniform grid with the following mesh density: 
  nk1:  17
  nk2:  17
  nk3:  17

  Number of k points : 4913
  Number of irreducible k points : 165

  List of irreducible k points (reciprocal coordinate, weight) : 
      1:   0.00000e+00   0.00000e+00   0.00000e+00   0.000204
      2:   0.00000e+00   0.00000e+00   5.88235e-02   0.001628
      3:   0.00000e+00   0.00000e+00   1.17647e-01   0.001628
      4:   0.00000e+00   0.00000e+00   1.76471e-01   0.001628
      5:   0.00000e+00   0.00000e+00   2.35294e-01   0.001628
      6:   0.00000e+00   0.00000e+00   2.94118e-01   0.001628
      7:   0.00000e+00   0.00000e+00   3.52941e-01   0.001628
      8:   0.00000e+00   0.00000e+00   4.11765e-01   0.001628
      9:   0.00000e+00   0.00000e+00   4.70588e-01   0.001628
     10:   0.00000e+00   5.88235e-02   5.88235e-02   0.001221
     11:   0.00000e+00   5.88235e-02   1.17647e-01   0.004885
     12:   0.00000e+00   5.88235e-02   1.76471e-01   0.004885
     13:   0.00000e+00   5.88235e-02   2.35294e-01   0.004885
     14:   0.00000e+00   5.88235e-02   2.94118e-01   0.004885
     15:   0.00000e+00   5.88235e-02   3.52941e-01   0.004885
     16:   0.00000e+00   5.88235e-02   4.11765e-01   0.004885
     17:   0.00000e+00   5.88235e-02   4.70588e-01   0.004885
     18:   0.00000e+00   5.88235e-02  -4.70588e-01   0.004885
     19:   0.00000e+00   5.88235e-02  -4.11765e-01   0.004885
     20:   0.00000e+00   5.88235e-02  -3.52941e-01   0.004885
     21:   0.00000e+00   5.88235e-02  -2.94118e-01   0.004885
     22:   0.00000e+00   5.88235e-02  -2.35294e-01   0.004885
     23:   0.00000e+00   5.88235e-02  -1.76471e-01   0.004885
     24:   0.00000e+00   5.88235e-02  -1.17647e-01   0.004885
     25:   0.00000e+00   5.88235e-02  -5.88235e-02   0.002442
     26:   0.00000e+00   1.17647e-01   1.17647e-01   0.001221
     27:   0.00000e+00   1.17647e-01   1.76471e-01   0.004885
     28:   0.00000e+00   1.17647e-01   2.35294e-01   0.004885
     29:   0.00000e+00   1.17647e-01   2.94118e-01   0.004885
     30:   0.00000e+00   1.17647e-01   3.52941e-01   0.004885
     31:   0.00000e+00   1.17647e-01   4.11765e-01   0.004885
     32:   0.00000e+00   1.17647e-01   4.70588e-01   0.004885
     33:   0.00000e+00   1.17647e-01  -4.70588e-01   0.004885
     34:   0.00000e+00   1.17647e-01  -4.11765e-01   0.004885
     35:   0.00000e+00   1.17647e-01  -3.52941e-01   0.004885
     36:   0.00000e+00   1.17647e-01  -2.94118e-01   0.004885
     37:   0.00000e+00   1.17647e-01  -2.35294e-01   0.004885
     38:   0.00000e+00   1.17647e-01  -1.76471e-01   0.004885
     39:   0.00000e+00   1.17647e-01  -1.17647e-01   0.002442
     40:   0.00000e+00   1.76471e-01   1.76471e-01   0.001221
     41:   0.00000e+00   1.76471e-01   2.35294e-01   0.004885
     42:   0.00000e+00   1.76471e-01   2.94118e-01   0.004885
     43:   0.00000e+00   1.76471e-01   3.52941e-01   0.004885
     44:   0.00000e+00   1.76471e-01   4.11765e-01   0.004885
     45:   0.00000e+00   1.76471e-01   4.70588e-01   0.004885
     46:   0.00000e+00   1.76471e-01  -4.70588e-01   0.004885
     47:   0.00000e+00   1.76471e-01  -4.11765e-01   0.004885
     48:   0.00000e+00   1.76471e-01  -3.52941e-01   0.004885
     49:   0.00000e+00   1.76471e-01  -2.94118e-01   0.004885
     50:   0.00000e+00   1.76471e-01  -2.35294e-01   0.004885
     51:   0.00000e+00   1.76471e-01  -1.76471e-01   0.002442
     52:   0.00000e+00   2.35294e-01   2.35294e-01   0.001221
     53:   0.00000e+00   2.35294e-01   2.94118e-01   0.004885
     54:   0.00000e+00   2.35294e-01   3.52941e-01   0.004885
     55:   0.00000e+00   2.35294e-01   4.11765e-01   0.004885
     56:   0.00000e+00   2.35294e-01   4.70588e-01   0.004885
     57:   0.00000e+00   2.35294e-01  -4.70588e-01   0.004885
     58:   0.00000e+00   2.35294e-01  -4.11765e-01   0.004885
     59:   0.00000e+00   2.35294e-01  -3.52941e-01   0.004885
     60:   0.00000e+00   2.35294e-01  -2.94118e-01   0.004885
     61:   0.00000e+00   2.35294e-01  -2.35294e-01   0.002442
     62:   0.00000e+00   2.94118e-01   2.94118e-01   0.001221
     63:   0.00000e+00   2.94118e-01   3.52941e-01   0.004885
     64:   0.00000e+00   2.94118e-01   4.11765e-01   0.004885
     65:   0.00000e+00   2.94118e-01   4.70588e-01   0.004885
     66:   0.00000e+00   2.94118e-01  -4.70588e-01   0.004885
     67:   0.00000e+00   2.94118e-01  -4.11765e-01   0.004885
     68:   0.00000e+00   2.94118e-01  -3.52941e-01   0.004885
     69:   0.00000e+00   2.94118e-01  -2.94118e-01   0.002442
     70:   0.00000e+00   3.52941e-01   3.52941e-01   0.001221
     71:   0.00000e+00   3.52941e-01   4.11765e-01   0.004885
     72:   0.00000e+00   3.52941e-01   4.70588e-01   0.004885
     73:   0.00000e+00   3.52941e-01  -4.70588e-01   0.004885
     74:   0.00000e+00   3.52941e-01  -4.11765e-01   0.004885
     75:   0.00000e+00   3.52941e-01  -3.52941e-01   0.002442
     76:   0.00000e+00   4.11765e-01   4.11765e-01   0.001221
     77:   0.00000e+00   4.11765e-01   4.70588e-01   0.004885
     78:   0.00000e+00   4.11765e-01  -4.70588e-01   0.004885
     79:   0.00000e+00   4.11765e-01  -4.11765e-01   0.002442
     80:   0.00000e+00   4.70588e-01   4.70588e-01   0.001221
     81:   0.00000e+00   4.70588e-01  -4.70588e-01   0.002442
     82:   5.88235e-02   1.17647e-01   1.76471e-01   0.004885
     83:   5.88235e-02   1.17647e-01   2.35294e-01   0.009770
     84:   5.88235e-02   1.17647e-01   2.94118e-01   0.009770
     85:   5.88235e-02   1.17647e-01   3.52941e-01   0.009770
     86:   5.88235e-02   1.17647e-01   4.11765e-01   0.009770
     87:   5.88235e-02   1.17647e-01   4.70588e-01   0.009770
     88:   5.88235e-02   1.17647e-01  -4.70588e-01   0.009770
     89:   5.88235e-02   1.76471e-01   2.35294e-01   0.004885
     90:   5.88235e-02   1.76471e-01   2.94118e-01   0.009770
     91:   5.88235e-02   1.76471e-01   3.52941e-01   0.009770
     92:   5.88235e-02   1.76471e-01   4.11765e-01   0.009770
     93:   5.88235e-02   1.76471e-01   4.70588e-01   0.009770
     94:   5.88235e-02   1.76471e-01  -4.70588e-01   0.009770
     95:   5.88235e-02   1.76471e-01  -4.11765e-01   0.009770
     96:   5.88235e-02   1.76471e-01  -3.52941e-01   0.009770
     97:   5.88235e-02   1.76471e-01  -2.94118e-01   0.009770
     98:   5.88235e-02   1.76471e-01  -2.35294e-01   0.009770
     99:   5.88235e-02   1.76471e-01  -1.76471e-01   0.009770
    100:   5.88235e-02   1.76471e-01  -1.17647e-01   0.004885
    101:   5.88235e-02   2.35294e-01   2.94118e-01   0.004885
    102:   5.88235e-02   2.35294e-01   3.52941e-01   0.009770
    103:   5.88235e-02   2.35294e-01   4.11765e-01   0.009770
    104:   5.88235e-02   2.35294e-01   4.70588e-01   0.009770
    105:   5.88235e-02   2.35294e-01  -4.70588e-01   0.009770
    106:   5.88235e-02   2.35294e-01  -4.11765e-01   0.009770
    107:   5.88235e-02   2.35294e-01  -3.52941e-01   0.009770
    108:   5.88235e-02   2.35294e-01  -2.94118e-01   0.009770
    109:   5.88235e-02   2.35294e-01  -2.35294e-01   0.009770
    110:   5.88235e-02   2.35294e-01  -1.76471e-01   0.004885
    111:   5.88235e-02   2.94118e-01   3.52941e-01   0.004885
    112:   5.88235e-02   2.94118e-01   4.11765e-01   0.009770
    113:   5.88235e-02   2.94118e-01   4.70588e-01   0.009770
    114:   5.88235e-02   2.94118e-01  -4.70588e-01   0.009770
    115:   5.88235e-02   2.94118e-01  -4.11765e-01   0.009770
    116:   5.88235e-02   2.94118e-01  -3.52941e-01   0.009770
    117:   5.88235e-02   2.94118e-01  -2.94118e-01   0.009770
    118:   5.88235e-02   2.94118e-01  -2.35294e-01   0.004885
    119:   5.88235e-02   3.52941e-01   4.11765e-01   0.004885
    120:   5.88235e-02   3.52941e-01   4.70588e-01   0.009770
    121:   5.88235e-02   3.52941e-01  -4.70588e-01   0.009770
    122:   5.88235e-02   3.52941e-01  -4.11765e-01   0.009770
    123:   5.88235e-02   3.52941e-01  -3.52941e-01   0.009770
    124:   5.88235e-02   3.52941e-01  -2.94118e-01   0.004885
    125:   5.88235e-02   4.11765e-01   4.70588e-01   0.004885
    126:   5.88235e-02   4.11765e-01  -4.70588e-01   0.009770
    127:   5.88235e-02   4.11765e-01  -4.11765e-01   0.009770
    128:   5.88235e-02   4.11765e-01  -3.52941e-01   0.004885
    129:   5.88235e-02   4.70588e-01  -4.70588e-01   0.004885
    130:   5.88235e-02   4.70588e-01  -4.11765e-01   0.004885
    131:   1.17647e-01   2.35294e-01   3.52941e-01   0.004885
    132:   1.17647e-01   2.35294e-01   4.11765e-01   0.009770
    133:   1.17647e-01   2.35294e-01   4.70588e-01   0.009770
    134:   1.17647e-01   2.35294e-01  -4.70588e-01   0.009770
    135:   1.17647e-01   2.35294e-01  -4.11765e-01   0.009770
    136:   1.17647e-01   2.94118e-01   4.11765e-01   0.004885
    137:   1.17647e-01   2.94118e-01   4.70588e-01   0.009770
    138:   1.17647e-01   2.94118e-01  -4.70588e-01   0.009770
    139:   1.17647e-01   2.94118e-01  -4.11765e-01   0.009770
    140:   1.17647e-01   2.94118e-01  -3.52941e-01   0.009770
    141:   1.17647e-01   2.94118e-01  -2.94118e-01   0.009770
    142:   1.17647e-01   2.94118e-01  -2.35294e-01   0.009770
    143:   1.17647e-01   2.94118e-01  -1.76471e-01   0.004885
    144:   1.17647e-01   3.52941e-01   4.70588e-01   0.004885
    145:   1.17647e-01   3.52941e-01  -4.70588e-01   0.009770
    146:   1.17647e-01   3.52941e-01  -4.11765e-01   0.009770
    147:   1.17647e-01   3.52941e-01  -3.52941e-01   0.009770
    148:   1.17647e-01   3.52941e-01  -2.94118e-01   0.009770
    149:   1.17647e-01   3.52941e-01  -2.35294e-01   0.004885
    150:   1.17647e-01   4.11765e-01  -4.70588e-01   0.004885
    151:   1.17647e-01   4.11765e-01  -4.11765e-01   0.009770
    152:   1.17647e-01   4.11765e-01  -3.52941e-01   0.009770
    153:   1.17647e-01   4.11765e-01  -2.94118e-01   0.004885
    154:   1.17647e-01   4.70588e-01  -4.11765e-01   0.004885
    155:   1.17647e-01   4.70588e-01  -3.52941e-01   0.004885
    156:   1.76471e-01   3.52941e-01  -4.70588e-01   0.004885
    157:   1.76471e-01   3.52941e-01  -4.11765e-01   0.009770
    158:   1.76471e-01   3.52941e-01  -3.52941e-01   0.009770
    159:   1.76471e-01   4.11765e-01  -4.11765e-01   0.004885
    160:   1.76471e-01   4.11765e-01  -3.52941e-01   0.009770
    161:   1.76471e-01   4.11765e-01  -2.94118e-01   0.009770
    162:   1.76471e-01   4.11765e-01  -2.35294e-01   0.004885
    163:   1.76471e-01   4.70588e-01  -3.52941e-01   0.004885
    164:   1.76471e-01   4.70588e-01  -2.94118e-01   0.004885
    165:   2.35294e-01   4.70588e-01  -2.94118e-01   0.004885

 Force constant
 ==============

  Reading force constants from the XML file ... done !
  Number of non-zero IFCs for 2 order: 990
  Number of non-zero IFCs for 3 order: 14940

  Maximum deviation from the translational invariance: 
   Order 2 : 6.074073e-17
   Order 3 : 1.754036e-17


 Dynamical matrix
 ================

  NONANALYTIC = 2 : Non-analytic part of the dynamical matrix will be included 
                    by the mixed-space approach.

  Dielectric constants and Born effective charges are read from BORNINFO.

  Dielectric constant tensor in Cartesian coordinate : 
   2.601446e+00  -0.000000e+00   0.000000e+00
  -0.000000e+00   2.601446e+00  -0.000000e+00
   0.000000e+00   0.000000e+00   2.601446e+00

  Born effective charge tensor in Cartesian coordinate
  Atom    1( Cl) :
       1.103388      -0.000000       0.000000
      -0.000000       1.103388      -0.000000
       0.000000       0.000000       1.103388
  Atom    2( Na) :
      -1.103388       0.000000      -0.000000
       0.000000      -1.103388       0.000000
      -0.000000      -0.000000      -1.103388

 -----------------------------------------------------------------


 ISMEAR = -1: Tetrahedron method will be used.

 Now, move on to phonon calculations.

 Diagonalizing dynamical matrices for all k points ... done!
 ISOTOPE >= 1: Isotope scattering effects will be considered
               with the following scattering factors.
   Cl:     5.827013e-04
   Na:     0.000000e+00

 Calculating self-energies from isotope scatterings ... done!
 Calculating group velocity matrix of phonons on uniform grid ... done!

 Start calculating anharmonic phonon self-energies ... 
 Total Number of phonon modes to be calculated : 990
 All modes are distributed to MPI threads as the following :
 RANK:     1 MODES:    31
 RANK:     2 MODES:    31
 RANK:     3 MODES:    31
 RANK:     4 MODES:    31
 RANK:     5 MODES:    31
 RANK:     6 MODES:    31
 RANK:     7 MODES:    31
 RANK:     8 MODES:    31
 RANK:     9 MODES:    31
 RANK:    10 MODES:    31
 RANK:    11 MODES:    31
 RANK:    12 MODES:    31
 RANK:    13 MODES:    31
 RANK:    14 MODES:    31
 RANK:    15 MODES:    31
 RANK:    16 MODES:    31
 RANK:    17 MODES:    31
 RANK:    18 MODES:    31
 RANK:    19 MODES:    31
 RANK:    20 MODES:    31
 RANK:    21 MODES:    31
 RANK:    22 MODES:    31
 RANK:    23 MODES:    31
 RANK:    24 MODES:    31
 RANK:    25 MODES:    31
 RANK:    26 MODES:    31
 RANK:    27 MODES:    31
 RANK:    28 MODES:    31
 RANK:    29 MODES:    31
 RANK:    30 MODES:    31
 RANK:    31 MODES:    30
 RANK:    32 MODES:    30

 MODE     1 done.
 MODE     2 done.
 MODE     3 done.
 MODE     4 done.
 MODE     5 done.
 MODE     6 done.
 MODE     7 done.
 MODE     8 done.
 MODE     9 done.
 MODE    10 done.
 MODE    11 done.
 MODE    12 done.
 MODE    13 done.
 MODE    14 done.
 MODE    15 done.
 MODE    16 done.
 MODE    17 done.
 MODE    18 done.
 MODE    19 done.
 MODE    20 done.
 MODE    21 done.
 MODE    22 done.
 MODE    23 done.
 MODE    24 done.
 MODE    25 done.
 MODE    26 done.
 MODE    27 done.
 MODE    28 done.
 MODE    29 done.
 MODE    30 done.
 MODE    31 done.

 KAPPA_SPEC = 1 : Calculating thermal conductivity spectra ...  done!

 -----------------------------------------------------------------

 Lattice thermal conductivity is stored in the file NaCl.kl
 Thermal conductivity spectra is stored in the file NaCl.kl_spec
 Coherent part is stored in the file NaCl.kl_coherent

 ISOTOPE = 2: Phonon selfenergy due to phonon-isotope 
              scatterings is stored in the file NaCl.self_isotope

 Job finished at Thu Aug 28 23:15:01 2025

