 +-----------------------------------------------------------------+
 +                         Program ANPHON                          +
 +                             Ver.  1.5.0                         +
 +-----------------------------------------------------------------+

 Job started at Sat May 31 05:10:29 2025

 The number of MPI processes: 28
 The number of OpenMP threads: 1


 Input variables:
 -----------------------------------------------------------------
 General:
  PREFIX = NaCl
  MODE = PHONONS
  FCSXML = ../../result/FC2.xml

  NKD = 2; KD =   Na  Cl
  MASS = 
  NSYM = 0; TOLERANCE = 1.88973e-05; PRINTSYM = 0

  NONANALYTIC = 2
  BORNINFO = BORNINFO; NA_SIGMA = 0.1

  TMIN = 0; TMAX = 1000; DT = 10
  EMIN = 0; EMAX = 1000; DELTA_E = 10

  ISMEAR = -1; EPSILON = 10

  CLASSICAL = 0
  BCONNECT = 0


 Kpoint:
  KPMODE (1st entry for &kpoint) = 0


 Analysis:
  PRINTVEL = 0
  PRINTVEC = 1
  PRINTXSF = 0

  GRUNEISEN = 0
  NEWFCS = 0


 -----------------------------------------------------------------

                      MODE = phonons                         
                                                             
      Phonon calculation within harmonic approximation       
      Harmonic force constants will be used.                 

 -----------------------------------------------------------------

 Crystal structure
 =================

 Lattice Vectors:

 * Supercell (from ../../result/FC2.xml )

    2.117249e+01   0.000000e+00   0.000000e+00 : a1
    0.000000e+00   2.117249e+01   0.000000e+00 : a2
    0.000000e+00   0.000000e+00   2.117249e+01 : a3

    2.967617e-01   0.000000e+00   0.000000e+00 : b1
    0.000000e+00   2.967617e-01   0.000000e+00 : b2
    0.000000e+00   0.000000e+00   2.967617e-01 : b3

 * Primitive cell 

    0.000000e+00   5.293124e+00   5.293124e+00 : a1
    5.293124e+00   0.000000e+00   5.293124e+00 : a2
    5.293124e+00   5.293124e+00   0.000000e+00 : a3

   -5.935234e-01   5.935234e-01   5.935234e-01 : b1
    5.935234e-01  -5.935234e-01   5.935234e-01 : b2
    5.935234e-01   5.935234e-01  -5.935234e-01 : b3


  Volume of the primitive cell : 2.965966e+02 (a.u.)^3

  Number of atoms in the supercell     : 64
  Number of atoms in the primitive cell: 2

  Atomic positions in the primitive cell (fractional):
   1:   0.000000e+00   0.000000e+00   0.000000e+00  Na
   2:   5.000000e-01   5.000000e-01   5.000000e-01  Cl

  Mass of atomic species (u):
  Na:   22.989769
  Cl:   35.453000


 Symmetry
 ========

  NSYM = 0 is given: Trying to find symmetry operations.

  Number of symmetry operations : 48
 k points
 ========

  KPMODE = 0 : Calculation on given k points
  Number of k points : 32

  List of k points : 
    1:       0.500000       0.000000       0.000000
    2:       0.750000       0.250000       0.000000
    3:       0.750000       0.000000       0.250000
    4:       0.000000       0.000000       0.000000
    5:       0.250000       0.250000       0.000000
    6:       0.500000       0.500000       0.000000
    7:       0.750000       0.750000       0.000000
    8:       0.250000       0.000000       0.250000
    9:       0.500000       0.250000       0.250000
   10:       0.750000       0.500000       0.250000
   11:       0.500000       0.000000       0.500000
   12:       0.750000       0.250000       0.500000
   13:       0.750000       0.000000       0.750000
   14:       0.000000       0.500000       0.000000
   15:       0.250000       0.750000       0.000000
   16:       0.000000       0.250000       0.250000
   17:       0.250000       0.500000       0.250000
   18:       0.500000       0.750000       0.250000
   19:       0.000000       0.000000       0.500000
   20:       0.250000       0.250000       0.500000
   21:       0.500000       0.500000       0.500000
   22:       0.750000       0.750000       0.500000
   23:       0.250000       0.000000       0.750000
   24:       0.500000       0.250000       0.750000
   25:       0.750000       0.500000       0.750000
   26:       0.000000       0.750000       0.250000
   27:       0.000000       0.500000       0.500000
   28:       0.250000       0.750000       0.500000
   29:       0.000000       0.250000       0.750000
   30:       0.250000       0.500000       0.750000
   31:       0.500000       0.750000       0.750000
   32:       0.000000       0.750000       0.750000

 Force constant
 ==============

  Reading force constants from the XML file ... done !
  Number of non-zero IFCs for 2 order: 990

  Maximum deviation from the translational invariance: 
   Order 2 : 6.431860e-17


 Dynamical matrix
 ================

  NONANALYTIC = 2 : Non-analytic part of the dynamical matrix will be included 
                    by the mixed-space approach.

  Dielectric constants and Born effective charges are read from BORNINFO.

  Dielectric constant tensor in Cartesian coordinate : 
   2.601446e+00  -0.000000e+00   0.000000e+00
  -0.000000e+00   2.601446e+00  -0.000000e+00
   0.000000e+00   0.000000e+00   2.601446e+00

  Born effective charge tensor in Cartesian coordinate
  Atom    1( Na) :
       1.103388      -0.000000       0.000000
      -0.000000       1.103388      -0.000000
       0.000000       0.000000       1.103388
  Atom    2( Cl) :
      -1.103388       0.000000      -0.000000
       0.000000      -1.103388       0.000000
      -0.000000      -0.000000      -1.103388

 -----------------------------------------------------------------


 ISMEAR = -1: Tetrahedron method will be used.

 Now, move on to phonon calculations.

 Diagonalizing dynamical matrices for all k points ... done!

 -----------------------------------------------------------------

 Phonon frequencies below:

 # k point     1 : (  0.5000,  0.0000,  0.0000)
   Mode, Frequency 
      1    116.2034 cm^-1  (      3.4837 THz )
      2    116.2034 cm^-1  (      3.4837 THz )
      3    136.9990 cm^-1  (      4.1071 THz )
      4    136.9990 cm^-1  (      4.1071 THz )
      5    171.9645 cm^-1  (      5.1554 THz )
      6    216.4940 cm^-1  (      6.4903 THz )

 # k point     2 : (  0.7500,  0.2500,  0.0000)
   Mode, Frequency 
      1     92.2998 cm^-1  (      2.7671 THz )
      2    115.9333 cm^-1  (      3.4756 THz )
      3    136.8819 cm^-1  (      4.1036 THz )
      4    150.6720 cm^-1  (      4.5170 THz )
      5    177.0250 cm^-1  (      5.3071 THz )
      6    201.9360 cm^-1  (      6.0539 THz )

 # k point     3 : (  0.7500,  0.0000,  0.2500)
   Mode, Frequency 
      1     92.2998 cm^-1  (      2.7671 THz )
      2    115.9333 cm^-1  (      3.4756 THz )
      3    136.8819 cm^-1  (      4.1036 THz )
      4    150.6720 cm^-1  (      4.5170 THz )
      5    177.0250 cm^-1  (      5.3071 THz )
      6    201.9360 cm^-1  (      6.0539 THz )

 # k point     4 : (  0.0000,  0.0000,  0.0000)
   Mode, Frequency 
      1      0.0000 cm^-1  (      0.0000 THz )
      2      0.0000 cm^-1  (      0.0000 THz )
      3      0.0000 cm^-1  (      0.0000 THz )
      4    167.9860 cm^-1  (      5.0361 THz )
      5    167.9860 cm^-1  (      5.0361 THz )
      6    167.9860 cm^-1  (      5.0361 THz )

 # k point     5 : (  0.2500,  0.2500,  0.0000)
   Mode, Frequency 
      1     58.0326 cm^-1  (      1.7398 THz )
      2     58.0326 cm^-1  (      1.7398 THz )
      3    133.1064 cm^-1  (      3.9904 THz )
      4    172.1100 cm^-1  (      5.1597 THz )
      5    172.1100 cm^-1  (      5.1597 THz )
      6    204.4183 cm^-1  (      6.1283 THz )

 # k point     6 : (  0.5000,  0.5000,  0.0000)
   Mode, Frequency 
      1     79.5962 cm^-1  (      2.3862 THz )
      2     79.5962 cm^-1  (      2.3862 THz )
      3    134.5086 cm^-1  (      4.0325 THz )
      4    176.3426 cm^-1  (      5.2866 THz )
      5    176.3426 cm^-1  (      5.2866 THz )
      6    187.2886 cm^-1  (      5.6148 THz )

 # k point     7 : (  0.7500,  0.7500,  0.0000)
   Mode, Frequency 
      1     58.0326 cm^-1  (      1.7398 THz )
      2     58.0326 cm^-1  (      1.7398 THz )
      3    133.1064 cm^-1  (      3.9904 THz )
      4    172.1100 cm^-1  (      5.1597 THz )
      5    172.1100 cm^-1  (      5.1597 THz )
      6    204.4183 cm^-1  (      6.1283 THz )

 # k point     8 : (  0.2500,  0.0000,  0.2500)
   Mode, Frequency 
      1     58.0326 cm^-1  (      1.7398 THz )
      2     58.0326 cm^-1  (      1.7398 THz )
      3    133.1064 cm^-1  (      3.9904 THz )
      4    172.1100 cm^-1  (      5.1597 THz )
      5    172.1100 cm^-1  (      5.1597 THz )
      6    204.4183 cm^-1  (      6.1283 THz )

 # k point     9 : (  0.5000,  0.2500,  0.2500)
   Mode, Frequency 
      1     92.2998 cm^-1  (      2.7671 THz )
      2    115.9333 cm^-1  (      3.4756 THz )
      3    136.8819 cm^-1  (      4.1036 THz )
      4    150.6720 cm^-1  (      4.5170 THz )
      5    177.0250 cm^-1  (      5.3071 THz )
      6    201.9360 cm^-1  (      6.0539 THz )

 # k point    10 : (  0.7500,  0.5000,  0.2500)
   Mode, Frequency 
      1    113.2037 cm^-1  (      3.3938 THz )
      2    113.2037 cm^-1  (      3.3938 THz )
      3    135.9072 cm^-1  (      4.0744 THz )
      4    155.6967 cm^-1  (      4.6677 THz )
      5    181.8585 cm^-1  (      5.4520 THz )
      6    181.8585 cm^-1  (      5.4520 THz )

 # k point    11 : (  0.5000,  0.0000,  0.5000)
   Mode, Frequency 
      1     79.5962 cm^-1  (      2.3862 THz )
      2     79.5962 cm^-1  (      2.3862 THz )
      3    134.5086 cm^-1  (      4.0325 THz )
      4    176.3426 cm^-1  (      5.2866 THz )
      5    176.3426 cm^-1  (      5.2866 THz )
      6    187.2886 cm^-1  (      5.6148 THz )

 # k point    12 : (  0.7500,  0.2500,  0.5000)
   Mode, Frequency 
      1    113.2037 cm^-1  (      3.3938 THz )
      2    113.2037 cm^-1  (      3.3938 THz )
      3    135.9072 cm^-1  (      4.0744 THz )
      4    155.6967 cm^-1  (      4.6677 THz )
      5    181.8585 cm^-1  (      5.4520 THz )
      6    181.8585 cm^-1  (      5.4520 THz )

 # k point    13 : (  0.7500,  0.0000,  0.7500)
   Mode, Frequency 
      1     58.0326 cm^-1  (      1.7398 THz )
      2     58.0326 cm^-1  (      1.7398 THz )
      3    133.1064 cm^-1  (      3.9904 THz )
      4    172.1100 cm^-1  (      5.1597 THz )
      5    172.1100 cm^-1  (      5.1597 THz )
      6    204.4183 cm^-1  (      6.1283 THz )

 # k point    14 : (  0.0000,  0.5000,  0.0000)
   Mode, Frequency 
      1    116.2034 cm^-1  (      3.4837 THz )
      2    116.2034 cm^-1  (      3.4837 THz )
      3    136.9990 cm^-1  (      4.1071 THz )
      4    136.9990 cm^-1  (      4.1071 THz )
      5    171.9645 cm^-1  (      5.1554 THz )
      6    216.4940 cm^-1  (      6.4903 THz )

 # k point    15 : (  0.2500,  0.7500,  0.0000)
   Mode, Frequency 
      1     92.2998 cm^-1  (      2.7671 THz )
      2    115.9333 cm^-1  (      3.4756 THz )
      3    136.8819 cm^-1  (      4.1036 THz )
      4    150.6720 cm^-1  (      4.5170 THz )
      5    177.0250 cm^-1  (      5.3071 THz )
      6    201.9360 cm^-1  (      6.0539 THz )

 # k point    16 : (  0.0000,  0.2500,  0.2500)
   Mode, Frequency 
      1     58.0326 cm^-1  (      1.7398 THz )
      2     58.0326 cm^-1  (      1.7398 THz )
      3    133.1064 cm^-1  (      3.9904 THz )
      4    172.1100 cm^-1  (      5.1597 THz )
      5    172.1100 cm^-1  (      5.1597 THz )
      6    204.4183 cm^-1  (      6.1283 THz )

 # k point    17 : (  0.2500,  0.5000,  0.2500)
   Mode, Frequency 
      1     92.2998 cm^-1  (      2.7671 THz )
      2    115.9333 cm^-1  (      3.4756 THz )
      3    136.8819 cm^-1  (      4.1036 THz )
      4    150.6720 cm^-1  (      4.5170 THz )
      5    177.0250 cm^-1  (      5.3071 THz )
      6    201.9360 cm^-1  (      6.0539 THz )

 # k point    18 : (  0.5000,  0.7500,  0.2500)
   Mode, Frequency 
      1    113.2037 cm^-1  (      3.3938 THz )
      2    113.2037 cm^-1  (      3.3938 THz )
      3    135.9072 cm^-1  (      4.0744 THz )
      4    155.6967 cm^-1  (      4.6677 THz )
      5    181.8585 cm^-1  (      5.4520 THz )
      6    181.8585 cm^-1  (      5.4520 THz )

 # k point    19 : (  0.0000,  0.0000,  0.5000)
   Mode, Frequency 
      1    116.2034 cm^-1  (      3.4837 THz )
      2    116.2034 cm^-1  (      3.4837 THz )
      3    136.9990 cm^-1  (      4.1071 THz )
      4    136.9990 cm^-1  (      4.1071 THz )
      5    171.9645 cm^-1  (      5.1554 THz )
      6    216.4940 cm^-1  (      6.4903 THz )

 # k point    20 : (  0.2500,  0.2500,  0.5000)
   Mode, Frequency 
      1     92.2998 cm^-1  (      2.7671 THz )
      2    115.9333 cm^-1  (      3.4756 THz )
      3    136.8819 cm^-1  (      4.1036 THz )
      4    150.6720 cm^-1  (      4.5170 THz )
      5    177.0250 cm^-1  (      5.3071 THz )
      6    201.9360 cm^-1  (      6.0539 THz )

 # k point    21 : (  0.5000,  0.5000,  0.5000)
   Mode, Frequency 
      1    116.2034 cm^-1  (      3.4837 THz )
      2    116.2034 cm^-1  (      3.4837 THz )
      3    136.9990 cm^-1  (      4.1071 THz )
      4    136.9990 cm^-1  (      4.1071 THz )
      5    171.9645 cm^-1  (      5.1554 THz )
      6    216.4940 cm^-1  (      6.4903 THz )

 # k point    22 : (  0.7500,  0.7500,  0.5000)
   Mode, Frequency 
      1     92.2998 cm^-1  (      2.7671 THz )
      2    115.9333 cm^-1  (      3.4756 THz )
      3    136.8819 cm^-1  (      4.1036 THz )
      4    150.6720 cm^-1  (      4.5170 THz )
      5    177.0250 cm^-1  (      5.3071 THz )
      6    201.9360 cm^-1  (      6.0539 THz )

 # k point    23 : (  0.2500,  0.0000,  0.7500)
   Mode, Frequency 
      1     92.2998 cm^-1  (      2.7671 THz )
      2    115.9333 cm^-1  (      3.4756 THz )
      3    136.8819 cm^-1  (      4.1036 THz )
      4    150.6720 cm^-1  (      4.5170 THz )
      5    177.0250 cm^-1  (      5.3071 THz )
      6    201.9360 cm^-1  (      6.0539 THz )

 # k point    24 : (  0.5000,  0.2500,  0.7500)
   Mode, Frequency 
      1    113.2037 cm^-1  (      3.3938 THz )
      2    113.2037 cm^-1  (      3.3938 THz )
      3    135.9072 cm^-1  (      4.0744 THz )
      4    155.6967 cm^-1  (      4.6677 THz )
      5    181.8585 cm^-1  (      5.4520 THz )
      6    181.8585 cm^-1  (      5.4520 THz )

 # k point    25 : (  0.7500,  0.5000,  0.7500)
   Mode, Frequency 
      1     92.2998 cm^-1  (      2.7671 THz )
      2    115.9333 cm^-1  (      3.4756 THz )
      3    136.8819 cm^-1  (      4.1036 THz )
      4    150.6720 cm^-1  (      4.5170 THz )
      5    177.0250 cm^-1  (      5.3071 THz )
      6    201.9360 cm^-1  (      6.0539 THz )

 # k point    26 : (  0.0000,  0.7500,  0.2500)
   Mode, Frequency 
      1     92.2998 cm^-1  (      2.7671 THz )
      2    115.9333 cm^-1  (      3.4756 THz )
      3    136.8819 cm^-1  (      4.1036 THz )
      4    150.6720 cm^-1  (      4.5170 THz )
      5    177.0250 cm^-1  (      5.3071 THz )
      6    201.9360 cm^-1  (      6.0539 THz )

 # k point    27 : (  0.0000,  0.5000,  0.5000)
   Mode, Frequency 
      1     79.5962 cm^-1  (      2.3862 THz )
      2     79.5962 cm^-1  (      2.3862 THz )
      3    134.5086 cm^-1  (      4.0325 THz )
      4    176.3426 cm^-1  (      5.2866 THz )
      5    176.3426 cm^-1  (      5.2866 THz )
      6    187.2886 cm^-1  (      5.6148 THz )

 # k point    28 : (  0.2500,  0.7500,  0.5000)
   Mode, Frequency 
      1    113.2037 cm^-1  (      3.3938 THz )
      2    113.2037 cm^-1  (      3.3938 THz )
      3    135.9072 cm^-1  (      4.0744 THz )
      4    155.6967 cm^-1  (      4.6677 THz )
      5    181.8585 cm^-1  (      5.4520 THz )
      6    181.8585 cm^-1  (      5.4520 THz )

 # k point    29 : (  0.0000,  0.2500,  0.7500)
   Mode, Frequency 
      1     92.2998 cm^-1  (      2.7671 THz )
      2    115.9333 cm^-1  (      3.4756 THz )
      3    136.8819 cm^-1  (      4.1036 THz )
      4    150.6720 cm^-1  (      4.5170 THz )
      5    177.0250 cm^-1  (      5.3071 THz )
      6    201.9360 cm^-1  (      6.0539 THz )

 # k point    30 : (  0.2500,  0.5000,  0.7500)
   Mode, Frequency 
      1    113.2037 cm^-1  (      3.3938 THz )
      2    113.2037 cm^-1  (      3.3938 THz )
      3    135.9072 cm^-1  (      4.0744 THz )
      4    155.6967 cm^-1  (      4.6677 THz )
      5    181.8585 cm^-1  (      5.4520 THz )
      6    181.8585 cm^-1  (      5.4520 THz )

 # k point    31 : (  0.5000,  0.7500,  0.7500)
   Mode, Frequency 
      1     92.2998 cm^-1  (      2.7671 THz )
      2    115.9333 cm^-1  (      3.4756 THz )
      3    136.8819 cm^-1  (      4.1036 THz )
      4    150.6720 cm^-1  (      4.5170 THz )
      5    177.0250 cm^-1  (      5.3071 THz )
      6    201.9360 cm^-1  (      6.0539 THz )

 # k point    32 : (  0.0000,  0.7500,  0.7500)
   Mode, Frequency 
      1     58.0326 cm^-1  (      1.7398 THz )
      2     58.0326 cm^-1  (      1.7398 THz )
      3    133.1064 cm^-1  (      3.9904 THz )
      4    172.1100 cm^-1  (      5.1597 THz )
      5    172.1100 cm^-1  (      5.1597 THz )
      6    204.4183 cm^-1  (      6.1283 THz )


 -----------------------------------------------------------------

 The following files are created: 
  NaCl.evec        : Eigenvector of all k points

 Job finished at Sat May 31 05:10:30 2025

