 +-----------------------------------------------------------------+
 +                         Program ANPHON                          +
 +                             Ver.  1.5.0                         +
 +-----------------------------------------------------------------+

 Job started at Thu Aug 28 23:15:02 2025

 The number of MPI processes: 32


 Input variables:
 -----------------------------------------------------------------
 General:
  PREFIX = NaCl
  MODE = RTA
  FCSXML = ../force_fd/NaCl.xml

  NKD = 2; KD =   Cl  Na
  MASS = 
  NSYM = 0; TOLERANCE = 1.88973e-05; PRINTSYM = 0

  NONANALYTIC = 2
  BORNINFO = BORNINFO; NA_SIGMA = 0.1

  TMIN = 50; TMAX = 1000; DT = 50
  EMIN = -12.8247; EMAX = 269.318; DELTA_E = 0.940477

  ISMEAR = -1; EPSILON = 10

  CLASSICAL = 0
  BCONNECT = 0

  RESTART = 0
  TRISYM = 1


 Kpoint:
  KPMODE (1st entry for &kpoint) = 2


 Analysis:
  ISOTOPE = 2
  ISOFACT = 
  KAPPA_SPEC = 1


 -----------------------------------------------------------------

                        MODE = RTA                           
                                                             
      Calculation of phonon line width (lifetime) and        
      lattice thermal conductivity within the RTA            
      (relaxation time approximation).                       
      Harmonic and anharmonic force constants will be used.  

 -----------------------------------------------------------------

 Crystal structure
 =================

 Lattice Vectors:

 * Supercell (from ../force_fd/NaCl.xml )

    2.117249e+01   0.000000e+00   0.000000e+00 : a1
    0.000000e+00   2.117249e+01   0.000000e+00 : a2
    0.000000e+00   0.000000e+00   2.117249e+01 : a3

    2.967617e-01   0.000000e+00   0.000000e+00 : b1
    0.000000e+00   2.967617e-01   0.000000e+00 : b2
    0.000000e+00   0.000000e+00   2.967617e-01 : b3

 * Primitive cell 

    0.000000e+00   5.293124e+00   5.293124e+00 : a1
    5.293124e+00   0.000000e+00   5.293124e+00 : a2
    5.293124e+00   5.293124e+00   0.000000e+00 : a3

   -5.935234e-01   5.935234e-01   5.935234e-01 : b1
    5.935234e-01  -5.935234e-01   5.935234e-01 : b2
    5.935234e-01   5.935234e-01  -5.935234e-01 : b3


  Volume of the primitive cell : 2.965966e+02 (a.u.)^3

  Number of atoms in the supercell     : 64
  Number of atoms in the primitive cell: 2

  Atomic positions in the primitive cell (fractional):
   1:   0.000000e+00   0.000000e+00   0.000000e+00  Cl
   2:   5.000000e-01   5.000000e-01   5.000000e-01  Na

  Mass of atomic species (u):
  Cl:   35.453000
  Na:   22.989769


 Symmetry
 ========

  NSYM = 0 is given: Trying to find symmetry operations.

  Number of symmetry operations : 48
 k points
 ========

  KPMODE = 2: Uniform grid
  Gamma-centered uniform grid with the following mesh density: 
  nk1:  20
  nk2:  20
  nk3:  20

  Number of k points : 8000
  Number of irreducible k points : 256

  List of irreducible k points (reciprocal coordinate, weight) : 
      1:   0.00000e+00   0.00000e+00   0.00000e+00   0.000125
      2:   0.00000e+00   0.00000e+00   5.00000e-02   0.001000
      3:   0.00000e+00   0.00000e+00   1.00000e-01   0.001000
      4:   0.00000e+00   0.00000e+00   1.50000e-01   0.001000
      5:   0.00000e+00   0.00000e+00   2.00000e-01   0.001000
      6:   0.00000e+00   0.00000e+00   2.50000e-01   0.001000
      7:   0.00000e+00   0.00000e+00   3.00000e-01   0.001000
      8:   0.00000e+00   0.00000e+00   3.50000e-01   0.001000
      9:   0.00000e+00   0.00000e+00   4.00000e-01   0.001000
     10:   0.00000e+00   0.00000e+00   4.50000e-01   0.001000
     11:   0.00000e+00   0.00000e+00  -5.00000e-01   0.000500
     12:   0.00000e+00   5.00000e-02   5.00000e-02   0.000750
     13:   0.00000e+00   5.00000e-02   1.00000e-01   0.003000
     14:   0.00000e+00   5.00000e-02   1.50000e-01   0.003000
     15:   0.00000e+00   5.00000e-02   2.00000e-01   0.003000
     16:   0.00000e+00   5.00000e-02   2.50000e-01   0.003000
     17:   0.00000e+00   5.00000e-02   3.00000e-01   0.003000
     18:   0.00000e+00   5.00000e-02   3.50000e-01   0.003000
     19:   0.00000e+00   5.00000e-02   4.00000e-01   0.003000
     20:   0.00000e+00   5.00000e-02   4.50000e-01   0.003000
     21:   0.00000e+00   5.00000e-02  -5.00000e-01   0.003000
     22:   0.00000e+00   5.00000e-02  -4.50000e-01   0.003000
     23:   0.00000e+00   5.00000e-02  -4.00000e-01   0.003000
     24:   0.00000e+00   5.00000e-02  -3.50000e-01   0.003000
     25:   0.00000e+00   5.00000e-02  -3.00000e-01   0.003000
     26:   0.00000e+00   5.00000e-02  -2.50000e-01   0.003000
     27:   0.00000e+00   5.00000e-02  -2.00000e-01   0.003000
     28:   0.00000e+00   5.00000e-02  -1.50000e-01   0.003000
     29:   0.00000e+00   5.00000e-02  -1.00000e-01   0.003000
     30:   0.00000e+00   5.00000e-02  -5.00000e-02   0.001500
     31:   0.00000e+00   1.00000e-01   1.00000e-01   0.000750
     32:   0.00000e+00   1.00000e-01   1.50000e-01   0.003000
     33:   0.00000e+00   1.00000e-01   2.00000e-01   0.003000
     34:   0.00000e+00   1.00000e-01   2.50000e-01   0.003000
     35:   0.00000e+00   1.00000e-01   3.00000e-01   0.003000
     36:   0.00000e+00   1.00000e-01   3.50000e-01   0.003000
     37:   0.00000e+00   1.00000e-01   4.00000e-01   0.003000
     38:   0.00000e+00   1.00000e-01   4.50000e-01   0.003000
     39:   0.00000e+00   1.00000e-01  -5.00000e-01   0.003000
     40:   0.00000e+00   1.00000e-01  -4.50000e-01   0.003000
     41:   0.00000e+00   1.00000e-01  -4.00000e-01   0.003000
     42:   0.00000e+00   1.00000e-01  -3.50000e-01   0.003000
     43:   0.00000e+00   1.00000e-01  -3.00000e-01   0.003000
     44:   0.00000e+00   1.00000e-01  -2.50000e-01   0.003000
     45:   0.00000e+00   1.00000e-01  -2.00000e-01   0.003000
     46:   0.00000e+00   1.00000e-01  -1.50000e-01   0.003000
     47:   0.00000e+00   1.00000e-01  -1.00000e-01   0.001500
     48:   0.00000e+00   1.50000e-01   1.50000e-01   0.000750
     49:   0.00000e+00   1.50000e-01   2.00000e-01   0.003000
     50:   0.00000e+00   1.50000e-01   2.50000e-01   0.003000
     51:   0.00000e+00   1.50000e-01   3.00000e-01   0.003000
     52:   0.00000e+00   1.50000e-01   3.50000e-01   0.003000
     53:   0.00000e+00   1.50000e-01   4.00000e-01   0.003000
     54:   0.00000e+00   1.50000e-01   4.50000e-01   0.003000
     55:   0.00000e+00   1.50000e-01  -5.00000e-01   0.003000
     56:   0.00000e+00   1.50000e-01  -4.50000e-01   0.003000
     57:   0.00000e+00   1.50000e-01  -4.00000e-01   0.003000
     58:   0.00000e+00   1.50000e-01  -3.50000e-01   0.003000
     59:   0.00000e+00   1.50000e-01  -3.00000e-01   0.003000
     60:   0.00000e+00   1.50000e-01  -2.50000e-01   0.003000
     61:   0.00000e+00   1.50000e-01  -2.00000e-01   0.003000
     62:   0.00000e+00   1.50000e-01  -1.50000e-01   0.001500
     63:   0.00000e+00   2.00000e-01   2.00000e-01   0.000750
     64:   0.00000e+00   2.00000e-01   2.50000e-01   0.003000
     65:   0.00000e+00   2.00000e-01   3.00000e-01   0.003000
     66:   0.00000e+00   2.00000e-01   3.50000e-01   0.003000
     67:   0.00000e+00   2.00000e-01   4.00000e-01   0.003000
     68:   0.00000e+00   2.00000e-01   4.50000e-01   0.003000
     69:   0.00000e+00   2.00000e-01  -5.00000e-01   0.003000
     70:   0.00000e+00   2.00000e-01  -4.50000e-01   0.003000
     71:   0.00000e+00   2.00000e-01  -4.00000e-01   0.003000
     72:   0.00000e+00   2.00000e-01  -3.50000e-01   0.003000
     73:   0.00000e+00   2.00000e-01  -3.00000e-01   0.003000
     74:   0.00000e+00   2.00000e-01  -2.50000e-01   0.003000
     75:   0.00000e+00   2.00000e-01  -2.00000e-01   0.001500
     76:   0.00000e+00   2.50000e-01   2.50000e-01   0.000750
     77:   0.00000e+00   2.50000e-01   3.00000e-01   0.003000
     78:   0.00000e+00   2.50000e-01   3.50000e-01   0.003000
     79:   0.00000e+00   2.50000e-01   4.00000e-01   0.003000
     80:   0.00000e+00   2.50000e-01   4.50000e-01   0.003000
     81:   0.00000e+00   2.50000e-01  -5.00000e-01   0.003000
     82:   0.00000e+00   2.50000e-01  -4.50000e-01   0.003000
     83:   0.00000e+00   2.50000e-01  -4.00000e-01   0.003000
     84:   0.00000e+00   2.50000e-01  -3.50000e-01   0.003000
     85:   0.00000e+00   2.50000e-01  -3.00000e-01   0.003000
     86:   0.00000e+00   2.50000e-01  -2.50000e-01   0.001500
     87:   0.00000e+00   3.00000e-01   3.00000e-01   0.000750
     88:   0.00000e+00   3.00000e-01   3.50000e-01   0.003000
     89:   0.00000e+00   3.00000e-01   4.00000e-01   0.003000
     90:   0.00000e+00   3.00000e-01   4.50000e-01   0.003000
     91:   0.00000e+00   3.00000e-01  -5.00000e-01   0.003000
     92:   0.00000e+00   3.00000e-01  -4.50000e-01   0.003000
     93:   0.00000e+00   3.00000e-01  -4.00000e-01   0.003000
     94:   0.00000e+00   3.00000e-01  -3.50000e-01   0.003000
     95:   0.00000e+00   3.00000e-01  -3.00000e-01   0.001500
     96:   0.00000e+00   3.50000e-01   3.50000e-01   0.000750
     97:   0.00000e+00   3.50000e-01   4.00000e-01   0.003000
     98:   0.00000e+00   3.50000e-01   4.50000e-01   0.003000
     99:   0.00000e+00   3.50000e-01  -5.00000e-01   0.003000
    100:   0.00000e+00   3.50000e-01  -4.50000e-01   0.003000
    101:   0.00000e+00   3.50000e-01  -4.00000e-01   0.003000
    102:   0.00000e+00   3.50000e-01  -3.50000e-01   0.001500
    103:   0.00000e+00   4.00000e-01   4.00000e-01   0.000750
    104:   0.00000e+00   4.00000e-01   4.50000e-01   0.003000
    105:   0.00000e+00   4.00000e-01  -5.00000e-01   0.003000
    106:   0.00000e+00   4.00000e-01  -4.50000e-01   0.003000
    107:   0.00000e+00   4.00000e-01  -4.00000e-01   0.001500
    108:   0.00000e+00   4.50000e-01   4.50000e-01   0.000750
    109:   0.00000e+00   4.50000e-01  -5.00000e-01   0.003000
    110:   0.00000e+00   4.50000e-01  -4.50000e-01   0.001500
    111:   0.00000e+00  -5.00000e-01  -5.00000e-01   0.000375
    112:   5.00000e-02   1.00000e-01   1.50000e-01   0.003000
    113:   5.00000e-02   1.00000e-01   2.00000e-01   0.006000
    114:   5.00000e-02   1.00000e-01   2.50000e-01   0.006000
    115:   5.00000e-02   1.00000e-01   3.00000e-01   0.006000
    116:   5.00000e-02   1.00000e-01   3.50000e-01   0.006000
    117:   5.00000e-02   1.00000e-01   4.00000e-01   0.006000
    118:   5.00000e-02   1.00000e-01   4.50000e-01   0.006000
    119:   5.00000e-02   1.00000e-01  -5.00000e-01   0.006000
    120:   5.00000e-02   1.00000e-01  -4.50000e-01   0.003000
    121:   5.00000e-02   1.50000e-01   2.00000e-01   0.003000
    122:   5.00000e-02   1.50000e-01   2.50000e-01   0.006000
    123:   5.00000e-02   1.50000e-01   3.00000e-01   0.006000
    124:   5.00000e-02   1.50000e-01   3.50000e-01   0.006000
    125:   5.00000e-02   1.50000e-01   4.00000e-01   0.006000
    126:   5.00000e-02   1.50000e-01   4.50000e-01   0.006000
    127:   5.00000e-02   1.50000e-01  -5.00000e-01   0.006000
    128:   5.00000e-02   1.50000e-01  -4.50000e-01   0.006000
    129:   5.00000e-02   1.50000e-01  -4.00000e-01   0.006000
    130:   5.00000e-02   1.50000e-01  -3.50000e-01   0.006000
    131:   5.00000e-02   1.50000e-01  -3.00000e-01   0.006000
    132:   5.00000e-02   1.50000e-01  -2.50000e-01   0.006000
    133:   5.00000e-02   1.50000e-01  -2.00000e-01   0.006000
    134:   5.00000e-02   1.50000e-01  -1.50000e-01   0.006000
    135:   5.00000e-02   1.50000e-01  -1.00000e-01   0.003000
    136:   5.00000e-02   2.00000e-01   2.50000e-01   0.003000
    137:   5.00000e-02   2.00000e-01   3.00000e-01   0.006000
    138:   5.00000e-02   2.00000e-01   3.50000e-01   0.006000
    139:   5.00000e-02   2.00000e-01   4.00000e-01   0.006000
    140:   5.00000e-02   2.00000e-01   4.50000e-01   0.006000
    141:   5.00000e-02   2.00000e-01  -5.00000e-01   0.006000
    142:   5.00000e-02   2.00000e-01  -4.50000e-01   0.006000
    143:   5.00000e-02   2.00000e-01  -4.00000e-01   0.006000
    144:   5.00000e-02   2.00000e-01  -3.50000e-01   0.006000
    145:   5.00000e-02   2.00000e-01  -3.00000e-01   0.006000
    146:   5.00000e-02   2.00000e-01  -2.50000e-01   0.006000
    147:   5.00000e-02   2.00000e-01  -2.00000e-01   0.006000
    148:   5.00000e-02   2.00000e-01  -1.50000e-01   0.003000
    149:   5.00000e-02   2.50000e-01   3.00000e-01   0.003000
    150:   5.00000e-02   2.50000e-01   3.50000e-01   0.006000
    151:   5.00000e-02   2.50000e-01   4.00000e-01   0.006000
    152:   5.00000e-02   2.50000e-01   4.50000e-01   0.006000
    153:   5.00000e-02   2.50000e-01  -5.00000e-01   0.006000
    154:   5.00000e-02   2.50000e-01  -4.50000e-01   0.006000
    155:   5.00000e-02   2.50000e-01  -4.00000e-01   0.006000
    156:   5.00000e-02   2.50000e-01  -3.50000e-01   0.006000
    157:   5.00000e-02   2.50000e-01  -3.00000e-01   0.006000
    158:   5.00000e-02   2.50000e-01  -2.50000e-01   0.006000
    159:   5.00000e-02   2.50000e-01  -2.00000e-01   0.003000
    160:   5.00000e-02   3.00000e-01   3.50000e-01   0.003000
    161:   5.00000e-02   3.00000e-01   4.00000e-01   0.006000
    162:   5.00000e-02   3.00000e-01   4.50000e-01   0.006000
    163:   5.00000e-02   3.00000e-01  -5.00000e-01   0.006000
    164:   5.00000e-02   3.00000e-01  -4.50000e-01   0.006000
    165:   5.00000e-02   3.00000e-01  -4.00000e-01   0.006000
    166:   5.00000e-02   3.00000e-01  -3.50000e-01   0.006000
    167:   5.00000e-02   3.00000e-01  -3.00000e-01   0.006000
    168:   5.00000e-02   3.00000e-01  -2.50000e-01   0.003000
    169:   5.00000e-02   3.50000e-01   4.00000e-01   0.003000
    170:   5.00000e-02   3.50000e-01   4.50000e-01   0.006000
    171:   5.00000e-02   3.50000e-01  -5.00000e-01   0.006000
    172:   5.00000e-02   3.50000e-01  -4.50000e-01   0.006000
    173:   5.00000e-02   3.50000e-01  -4.00000e-01   0.006000
    174:   5.00000e-02   3.50000e-01  -3.50000e-01   0.006000
    175:   5.00000e-02   3.50000e-01  -3.00000e-01   0.003000
    176:   5.00000e-02   4.00000e-01   4.50000e-01   0.003000
    177:   5.00000e-02   4.00000e-01  -5.00000e-01   0.006000
    178:   5.00000e-02   4.00000e-01  -4.50000e-01   0.006000
    179:   5.00000e-02   4.00000e-01  -4.00000e-01   0.006000
    180:   5.00000e-02   4.00000e-01  -3.50000e-01   0.003000
    181:   5.00000e-02   4.50000e-01  -5.00000e-01   0.003000
    182:   5.00000e-02   4.50000e-01  -4.50000e-01   0.006000
    183:   5.00000e-02   4.50000e-01  -4.00000e-01   0.003000
    184:   5.00000e-02  -5.00000e-01  -4.50000e-01   0.001500
    185:   1.00000e-01   2.00000e-01   3.00000e-01   0.003000
    186:   1.00000e-01   2.00000e-01   3.50000e-01   0.006000
    187:   1.00000e-01   2.00000e-01   4.00000e-01   0.006000
    188:   1.00000e-01   2.00000e-01   4.50000e-01   0.006000
    189:   1.00000e-01   2.00000e-01  -5.00000e-01   0.006000
    190:   1.00000e-01   2.00000e-01  -4.50000e-01   0.006000
    191:   1.00000e-01   2.00000e-01  -4.00000e-01   0.003000
    192:   1.00000e-01   2.50000e-01   3.50000e-01   0.003000
    193:   1.00000e-01   2.50000e-01   4.00000e-01   0.006000
    194:   1.00000e-01   2.50000e-01   4.50000e-01   0.006000
    195:   1.00000e-01   2.50000e-01  -5.00000e-01   0.006000
    196:   1.00000e-01   2.50000e-01  -4.50000e-01   0.006000
    197:   1.00000e-01   2.50000e-01  -4.00000e-01   0.006000
    198:   1.00000e-01   2.50000e-01  -3.50000e-01   0.006000
    199:   1.00000e-01   2.50000e-01  -3.00000e-01   0.006000
    200:   1.00000e-01   2.50000e-01  -2.50000e-01   0.006000
    201:   1.00000e-01   2.50000e-01  -2.00000e-01   0.006000
    202:   1.00000e-01   2.50000e-01  -1.50000e-01   0.003000
    203:   1.00000e-01   3.00000e-01   4.00000e-01   0.003000
    204:   1.00000e-01   3.00000e-01   4.50000e-01   0.006000
    205:   1.00000e-01   3.00000e-01  -5.00000e-01   0.006000
    206:   1.00000e-01   3.00000e-01  -4.50000e-01   0.006000
    207:   1.00000e-01   3.00000e-01  -4.00000e-01   0.006000
    208:   1.00000e-01   3.00000e-01  -3.50000e-01   0.006000
    209:   1.00000e-01   3.00000e-01  -3.00000e-01   0.006000
    210:   1.00000e-01   3.00000e-01  -2.50000e-01   0.006000
    211:   1.00000e-01   3.00000e-01  -2.00000e-01   0.003000
    212:   1.00000e-01   3.50000e-01   4.50000e-01   0.003000
    213:   1.00000e-01   3.50000e-01  -5.00000e-01   0.006000
    214:   1.00000e-01   3.50000e-01  -4.50000e-01   0.006000
    215:   1.00000e-01   3.50000e-01  -4.00000e-01   0.006000
    216:   1.00000e-01   3.50000e-01  -3.50000e-01   0.006000
    217:   1.00000e-01   3.50000e-01  -3.00000e-01   0.006000
    218:   1.00000e-01   3.50000e-01  -2.50000e-01   0.003000
    219:   1.00000e-01   4.00000e-01  -5.00000e-01   0.003000
    220:   1.00000e-01   4.00000e-01  -4.50000e-01   0.006000
    221:   1.00000e-01   4.00000e-01  -4.00000e-01   0.006000
    222:   1.00000e-01   4.00000e-01  -3.50000e-01   0.006000
    223:   1.00000e-01   4.00000e-01  -3.00000e-01   0.003000
    224:   1.00000e-01   4.50000e-01  -4.50000e-01   0.003000
    225:   1.00000e-01   4.50000e-01  -4.00000e-01   0.006000
    226:   1.00000e-01   4.50000e-01  -3.50000e-01   0.003000
    227:   1.00000e-01  -5.00000e-01  -4.00000e-01   0.001500
    228:   1.50000e-01   3.00000e-01   4.50000e-01   0.003000
    229:   1.50000e-01   3.00000e-01  -5.00000e-01   0.006000
    230:   1.50000e-01   3.00000e-01  -4.50000e-01   0.006000
    231:   1.50000e-01   3.00000e-01  -4.00000e-01   0.006000
    232:   1.50000e-01   3.00000e-01  -3.50000e-01   0.003000
    233:   1.50000e-01   3.50000e-01  -5.00000e-01   0.003000
    234:   1.50000e-01   3.50000e-01  -4.50000e-01   0.006000
    235:   1.50000e-01   3.50000e-01  -4.00000e-01   0.006000
    236:   1.50000e-01   3.50000e-01  -3.50000e-01   0.006000
    237:   1.50000e-01   3.50000e-01  -3.00000e-01   0.006000
    238:   1.50000e-01   3.50000e-01  -2.50000e-01   0.006000
    239:   1.50000e-01   3.50000e-01  -2.00000e-01   0.003000
    240:   1.50000e-01   4.00000e-01  -4.50000e-01   0.003000
    241:   1.50000e-01   4.00000e-01  -4.00000e-01   0.006000
    242:   1.50000e-01   4.00000e-01  -3.50000e-01   0.006000
    243:   1.50000e-01   4.00000e-01  -3.00000e-01   0.006000
    244:   1.50000e-01   4.00000e-01  -2.50000e-01   0.003000
    245:   1.50000e-01   4.50000e-01  -4.00000e-01   0.003000
    246:   1.50000e-01   4.50000e-01  -3.50000e-01   0.006000
    247:   1.50000e-01   4.50000e-01  -3.00000e-01   0.003000
    248:   1.50000e-01  -5.00000e-01  -3.50000e-01   0.001500
    249:   2.00000e-01   4.00000e-01  -4.00000e-01   0.003000
    250:   2.00000e-01   4.00000e-01  -3.50000e-01   0.006000
    251:   2.00000e-01   4.00000e-01  -3.00000e-01   0.003000
    252:   2.00000e-01   4.50000e-01  -3.50000e-01   0.003000
    253:   2.00000e-01   4.50000e-01  -3.00000e-01   0.006000
    254:   2.00000e-01   4.50000e-01  -2.50000e-01   0.003000
    255:   2.00000e-01  -5.00000e-01  -3.00000e-01   0.001500
    256:   2.50000e-01  -5.00000e-01  -2.50000e-01   0.000750

 Force constant
 ==============

  Reading force constants from the XML file ... done !
  Number of non-zero IFCs for 2 order: 990
  Number of non-zero IFCs for 3 order: 14940

  Maximum deviation from the translational invariance: 
   Order 2 : 6.074073e-17
   Order 3 : 1.754036e-17


 Dynamical matrix
 ================

  NONANALYTIC = 2 : Non-analytic part of the dynamical matrix will be included 
                    by the mixed-space approach.

  Dielectric constants and Born effective charges are read from BORNINFO.

  Dielectric constant tensor in Cartesian coordinate : 
   2.601446e+00  -0.000000e+00   0.000000e+00
  -0.000000e+00   2.601446e+00  -0.000000e+00
   0.000000e+00   0.000000e+00   2.601446e+00

  Born effective charge tensor in Cartesian coordinate
  Atom    1( Cl) :
       1.103388      -0.000000       0.000000
      -0.000000       1.103388      -0.000000
       0.000000       0.000000       1.103388
  Atom    2( Na) :
      -1.103388       0.000000      -0.000000
       0.000000      -1.103388       0.000000
      -0.000000      -0.000000      -1.103388

 -----------------------------------------------------------------


 ISMEAR = -1: Tetrahedron method will be used.

 Now, move on to phonon calculations.

 Diagonalizing dynamical matrices for all k points ... done!
 ISOTOPE >= 1: Isotope scattering effects will be considered
               with the following scattering factors.
   Cl:     5.827013e-04
   Na:     0.000000e+00

 Calculating self-energies from isotope scatterings ... done!
 Calculating group velocity matrix of phonons on uniform grid ... done!

 Start calculating anharmonic phonon self-energies ... 
 Total Number of phonon modes to be calculated : 1536
 All modes are distributed to MPI threads as the following :
 RANK:     1 MODES:    48
 RANK:     2 MODES:    48
 RANK:     3 MODES:    48
 RANK:     4 MODES:    48
 RANK:     5 MODES:    48
 RANK:     6 MODES:    48
 RANK:     7 MODES:    48
 RANK:     8 MODES:    48
 RANK:     9 MODES:    48
 RANK:    10 MODES:    48
 RANK:    11 MODES:    48
 RANK:    12 MODES:    48
 RANK:    13 MODES:    48
 RANK:    14 MODES:    48
 RANK:    15 MODES:    48
 RANK:    16 MODES:    48
 RANK:    17 MODES:    48
 RANK:    18 MODES:    48
 RANK:    19 MODES:    48
 RANK:    20 MODES:    48
 RANK:    21 MODES:    48
 RANK:    22 MODES:    48
 RANK:    23 MODES:    48
 RANK:    24 MODES:    48
 RANK:    25 MODES:    48
 RANK:    26 MODES:    48
 RANK:    27 MODES:    48
 RANK:    28 MODES:    48
 RANK:    29 MODES:    48
 RANK:    30 MODES:    48
 RANK:    31 MODES:    48
 RANK:    32 MODES:    48

 MODE     1 done.
 MODE     2 done.
 MODE     3 done.
 MODE     4 done.
 MODE     5 done.
 MODE     6 done.
 MODE     7 done.
 MODE     8 done.
 MODE     9 done.
 MODE    10 done.
 MODE    11 done.
 MODE    12 done.
 MODE    13 done.
 MODE    14 done.
 MODE    15 done.
 MODE    16 done.
 MODE    17 done.
 MODE    18 done.
 MODE    19 done.
 MODE    20 done.
 MODE    21 done.
 MODE    22 done.
 MODE    23 done.
 MODE    24 done.
 MODE    25 done.
 MODE    26 done.
 MODE    27 done.
 MODE    28 done.
 MODE    29 done.
 MODE    30 done.
 MODE    31 done.
 MODE    32 done.
 MODE    33 done.
 MODE    34 done.
 MODE    35 done.
 MODE    36 done.
 MODE    37 done.
 MODE    38 done.
 MODE    39 done.
 MODE    40 done.
 MODE    41 done.
 MODE    42 done.
 MODE    43 done.
 MODE    44 done.
 MODE    45 done.
 MODE    46 done.
 MODE    47 done.
 MODE    48 done.

 KAPPA_SPEC = 1 : Calculating thermal conductivity spectra ...  done!

 -----------------------------------------------------------------

 Lattice thermal conductivity is stored in the file NaCl.kl
 Thermal conductivity spectra is stored in the file NaCl.kl_spec
 Coherent part is stored in the file NaCl.kl_coherent

 ISOTOPE = 2: Phonon selfenergy due to phonon-isotope 
              scatterings is stored in the file NaCl.self_isotope

 Job finished at Thu Aug 28 23:15:24 2025

