 +-----------------------------------------------------------------+
 +                         Program ANPHON                          +
 +                             Ver.  1.4.2                         +
 +-----------------------------------------------------------------+

 Job started at Mon Apr  3 14:55:15 2023

 The number of MPI processes: 1
 The number of OpenMP threads: 32


 Input variables:
 -----------------------------------------------------------------
 General:
  PREFIX = Si
  MODE = RTA
  FCSXML = ../../result/FC3_fd.xml

  NKD = 1; KD =   Si
  MASS = 
  NSYM = 0; TOLERANCE = 0.001; PRINTSYM = 0

  NONANALYTIC = 1
  BORNINFO = BORNINFO; NA_SIGMA = 0.1

  TMIN = 50; TMAX = 1000; DT = 50
  EMIN = 0; EMAX = 1000; DELTA_E = 10

  ISMEAR = -1; EPSILON = 10

  CLASSICAL = 0
  BCONNECT = 0

  RESTART = 0
  TRISYM = 1


 Kpoint:
  KPMODE (1st entry for &kpoint) = 2


 Analysis:
  ISOTOPE = 2
  ISOFACT = 
  KAPPA_SPEC = 0


 -----------------------------------------------------------------

                        MODE = RTA                           
                                                             
      Calculation of phonon line width (lifetime) and        
      lattice thermal conductivity within the RTA            
      (relaxation time approximation).                       
      Harmonic and anharmonic force constants will be used.  

 -----------------------------------------------------------------

 Crystal structure
 =================

 Lattice Vectors:

 * Supercell (from ../../result/FC3_fd.xml )

    2.053971e+01  -0.000000e+00  -0.000000e+00 : a1
   -0.000000e+00   2.053971e+01   0.000000e+00 : a2
    0.000000e+00   0.000000e+00   2.053971e+01 : a3

    3.059043e-01   0.000000e+00  -0.000000e+00 : b1
    0.000000e+00   3.059043e-01  -0.000000e+00 : b2
    0.000000e+00   0.000000e+00   3.059043e-01 : b3

 * Primitive cell 

    0.000000e+00   5.134927e+00   5.134927e+00 : a1
    5.134927e+00   0.000000e+00   5.134927e+00 : a2
    5.134927e+00   5.134927e+00   0.000000e+00 : a3

   -6.118087e-01   6.118087e-01   6.118087e-01 : b1
    6.118087e-01  -6.118087e-01   6.118087e-01 : b2
    6.118087e-01   6.118087e-01  -6.118087e-01 : b3


  Volume of the primitive cell : 2.707900e+02 (a.u.)^3

  Number of atoms in the supercell     : 64
  Number of atoms in the primitive cell: 2

  Atomic positions in the primitive cell (fractional):
   1:   5.000000e-01   5.000000e-01   5.000000e-01  Si
   2:   7.500000e-01   7.500000e-01   7.500000e-01  Si

  Mass of atomic species (u):
  Si:   28.085500


 Symmetry
 ========

  NSYM = 0 is given: Trying to find symmetry operations.
  Number of symmetry operations : 48

 k points
 ========

  KPMODE = 2: Uniform grid
  Gamma-centered uniform grid with the following mesh density: 
  nk1:  14
  nk2:  14
  nk3:  14

  Number of k points : 2744
  Number of irreducible k points : 104

  List of irreducible k points (reciprocal coordinate, weight) : 
      1:   0.00000e+00   0.00000e+00   0.00000e+00   0.000364
      2:   0.00000e+00   0.00000e+00   7.14286e-02   0.002915
      3:   0.00000e+00   0.00000e+00   1.42857e-01   0.002915
      4:   0.00000e+00   0.00000e+00   2.14286e-01   0.002915
      5:   0.00000e+00   0.00000e+00   2.85714e-01   0.002915
      6:   0.00000e+00   0.00000e+00   3.57143e-01   0.002915
      7:   0.00000e+00   0.00000e+00   4.28571e-01   0.002915
      8:   0.00000e+00   0.00000e+00  -5.00000e-01   0.001458
      9:   0.00000e+00   7.14286e-02   7.14286e-02   0.002187
     10:   0.00000e+00   7.14286e-02   1.42857e-01   0.008746
     11:   0.00000e+00   7.14286e-02   2.14286e-01   0.008746
     12:   0.00000e+00   7.14286e-02   2.85714e-01   0.008746
     13:   0.00000e+00   7.14286e-02   3.57143e-01   0.008746
     14:   0.00000e+00   7.14286e-02   4.28571e-01   0.008746
     15:   0.00000e+00   7.14286e-02  -5.00000e-01   0.008746
     16:   0.00000e+00   7.14286e-02  -4.28571e-01   0.008746
     17:   0.00000e+00   7.14286e-02  -3.57143e-01   0.008746
     18:   0.00000e+00   7.14286e-02  -2.85714e-01   0.008746
     19:   0.00000e+00   7.14286e-02  -2.14286e-01   0.008746
     20:   0.00000e+00   7.14286e-02  -1.42857e-01   0.008746
     21:   0.00000e+00   7.14286e-02  -7.14286e-02   0.004373
     22:   0.00000e+00   1.42857e-01   1.42857e-01   0.002187
     23:   0.00000e+00   1.42857e-01   2.14286e-01   0.008746
     24:   0.00000e+00   1.42857e-01   2.85714e-01   0.008746
     25:   0.00000e+00   1.42857e-01   3.57143e-01   0.008746
     26:   0.00000e+00   1.42857e-01   4.28571e-01   0.008746
     27:   0.00000e+00   1.42857e-01  -5.00000e-01   0.008746
     28:   0.00000e+00   1.42857e-01  -4.28571e-01   0.008746
     29:   0.00000e+00   1.42857e-01  -3.57143e-01   0.008746
     30:   0.00000e+00   1.42857e-01  -2.85714e-01   0.008746
     31:   0.00000e+00   1.42857e-01  -2.14286e-01   0.008746
     32:   0.00000e+00   1.42857e-01  -1.42857e-01   0.004373
     33:   0.00000e+00   2.14286e-01   2.14286e-01   0.002187
     34:   0.00000e+00   2.14286e-01   2.85714e-01   0.008746
     35:   0.00000e+00   2.14286e-01   3.57143e-01   0.008746
     36:   0.00000e+00   2.14286e-01   4.28571e-01   0.008746
     37:   0.00000e+00   2.14286e-01  -5.00000e-01   0.008746
     38:   0.00000e+00   2.14286e-01  -4.28571e-01   0.008746
     39:   0.00000e+00   2.14286e-01  -3.57143e-01   0.008746
     40:   0.00000e+00   2.14286e-01  -2.85714e-01   0.008746
     41:   0.00000e+00   2.14286e-01  -2.14286e-01   0.004373
     42:   0.00000e+00   2.85714e-01   2.85714e-01   0.002187
     43:   0.00000e+00   2.85714e-01   3.57143e-01   0.008746
     44:   0.00000e+00   2.85714e-01   4.28571e-01   0.008746
     45:   0.00000e+00   2.85714e-01  -5.00000e-01   0.008746
     46:   0.00000e+00   2.85714e-01  -4.28571e-01   0.008746
     47:   0.00000e+00   2.85714e-01  -3.57143e-01   0.008746
     48:   0.00000e+00   2.85714e-01  -2.85714e-01   0.004373
     49:   0.00000e+00   3.57143e-01   3.57143e-01   0.002187
     50:   0.00000e+00   3.57143e-01   4.28571e-01   0.008746
     51:   0.00000e+00   3.57143e-01  -5.00000e-01   0.008746
     52:   0.00000e+00   3.57143e-01  -4.28571e-01   0.008746
     53:   0.00000e+00   3.57143e-01  -3.57143e-01   0.004373
     54:   0.00000e+00   4.28571e-01   4.28571e-01   0.002187
     55:   0.00000e+00   4.28571e-01  -5.00000e-01   0.008746
     56:   0.00000e+00   4.28571e-01  -4.28571e-01   0.004373
     57:   0.00000e+00  -5.00000e-01  -5.00000e-01   0.001093
     58:   7.14286e-02   1.42857e-01   2.14286e-01   0.008746
     59:   7.14286e-02   1.42857e-01   2.85714e-01   0.017493
     60:   7.14286e-02   1.42857e-01   3.57143e-01   0.017493
     61:   7.14286e-02   1.42857e-01   4.28571e-01   0.017493
     62:   7.14286e-02   1.42857e-01  -5.00000e-01   0.017493
     63:   7.14286e-02   1.42857e-01  -4.28571e-01   0.008746
     64:   7.14286e-02   2.14286e-01   2.85714e-01   0.008746
     65:   7.14286e-02   2.14286e-01   3.57143e-01   0.017493
     66:   7.14286e-02   2.14286e-01   4.28571e-01   0.017493
     67:   7.14286e-02   2.14286e-01  -5.00000e-01   0.017493
     68:   7.14286e-02   2.14286e-01  -4.28571e-01   0.017493
     69:   7.14286e-02   2.14286e-01  -3.57143e-01   0.017493
     70:   7.14286e-02   2.14286e-01  -2.85714e-01   0.017493
     71:   7.14286e-02   2.14286e-01  -2.14286e-01   0.017493
     72:   7.14286e-02   2.14286e-01  -1.42857e-01   0.008746
     73:   7.14286e-02   2.85714e-01   3.57143e-01   0.008746
     74:   7.14286e-02   2.85714e-01   4.28571e-01   0.017493
     75:   7.14286e-02   2.85714e-01  -5.00000e-01   0.017493
     76:   7.14286e-02   2.85714e-01  -4.28571e-01   0.017493
     77:   7.14286e-02   2.85714e-01  -3.57143e-01   0.017493
     78:   7.14286e-02   2.85714e-01  -2.85714e-01   0.017493
     79:   7.14286e-02   2.85714e-01  -2.14286e-01   0.008746
     80:   7.14286e-02   3.57143e-01   4.28571e-01   0.008746
     81:   7.14286e-02   3.57143e-01  -5.00000e-01   0.017493
     82:   7.14286e-02   3.57143e-01  -4.28571e-01   0.017493
     83:   7.14286e-02   3.57143e-01  -3.57143e-01   0.017493
     84:   7.14286e-02   3.57143e-01  -2.85714e-01   0.008746
     85:   7.14286e-02   4.28571e-01  -5.00000e-01   0.008746
     86:   7.14286e-02   4.28571e-01  -4.28571e-01   0.017493
     87:   7.14286e-02   4.28571e-01  -3.57143e-01   0.008746
     88:   7.14286e-02  -5.00000e-01  -4.28571e-01   0.004373
     89:   1.42857e-01   2.85714e-01   4.28571e-01   0.008746
     90:   1.42857e-01   2.85714e-01  -5.00000e-01   0.017493
     91:   1.42857e-01   2.85714e-01  -4.28571e-01   0.017493
     92:   1.42857e-01   2.85714e-01  -3.57143e-01   0.008746
     93:   1.42857e-01   3.57143e-01  -5.00000e-01   0.008746
     94:   1.42857e-01   3.57143e-01  -4.28571e-01   0.017493
     95:   1.42857e-01   3.57143e-01  -3.57143e-01   0.017493
     96:   1.42857e-01   3.57143e-01  -2.85714e-01   0.017493
     97:   1.42857e-01   3.57143e-01  -2.14286e-01   0.008746
     98:   1.42857e-01   4.28571e-01  -4.28571e-01   0.008746
     99:   1.42857e-01   4.28571e-01  -3.57143e-01   0.017493
    100:   1.42857e-01   4.28571e-01  -2.85714e-01   0.008746
    101:   1.42857e-01  -5.00000e-01  -3.57143e-01   0.004373
    102:   2.14286e-01   4.28571e-01  -3.57143e-01   0.008746
    103:   2.14286e-01   4.28571e-01  -2.85714e-01   0.008746
    104:   2.14286e-01  -5.00000e-01  -2.85714e-01   0.004373

 Force constant
 ==============

  Reading force constants from the XML file ... done !
  Number of non-zero IFCs for 2 order: 1710
  Number of non-zero IFCs for 3 order: 6708

  Maximum deviation from the translational invariance: 
   Order 2 : 1.146002e-16
   Order 3 : 5.491484e-17


 Dynamical matrix
 ================

  NONANALYTIC = 1 : Non-analytic part of the dynamical matrix will be included 
                    by the Parlinski's method.
                    The damping factor for the non-analytic term : 1.000000e-01

  Dielectric constants and Born effective charges are read from BORNINFO.

  Dielectric constant tensor in Cartesian coordinate : 
   1.702739e+01   0.000000e+00  -0.000000e+00
   0.000000e+00   1.702739e+01   0.000000e+00
  -0.000000e+00   0.000000e+00   1.702739e+01

  Born effective charge tensor in Cartesian coordinate
  Atom    1( Si) :
       0.000000      -0.000000       0.000000
      -0.000000      -0.000000      -0.000000
       0.000000       0.000000      -0.000000
  Atom    2( Si) :
      -0.000000       0.000000      -0.000000
       0.000000       0.000000       0.000000
      -0.000000      -0.000000       0.000000

 -----------------------------------------------------------------


 ISMEAR = -1: Tetrahedron method will be used.

 Now, move on to phonon calculations.

 Diagonalizing dynamical matrices for all k points ... done!
 ISOTOPE >= 1: Isotope scattering effects will be considered
               with the following scattering factors.
   Si:     2.007004e-04

 Calculating self-energies from isotope scatterings ... done!
 Calculating group velocity matrix of phonons on uniform grid ... done!

 Start calculating anharmonic phonon self-energies ... 
 Total Number of phonon modes to be calculated : 624
 All modes are distributed to MPI threads as the following :
 RANK:     1 MODES:   624

 MODE     1 done.
 MODE     2 done.
 MODE     3 done.
 MODE     4 done.
 MODE     5 done.
 MODE     6 done.
 MODE     7 done.
 MODE     8 done.
 MODE     9 done.
 MODE    10 done.
 MODE    11 done.
 MODE    12 done.
 MODE    13 done.
 MODE    14 done.
 MODE    15 done.
 MODE    16 done.
 MODE    17 done.
 MODE    18 done.
 MODE    19 done.
 MODE    20 done.
 MODE    21 done.
 MODE    22 done.
 MODE    23 done.
 MODE    24 done.
 MODE    25 done.
 MODE    26 done.
 MODE    27 done.
 MODE    28 done.
 MODE    29 done.
 MODE    30 done.
 MODE    31 done.
 MODE    32 done.
 MODE    33 done.
 MODE    34 done.
 MODE    35 done.
 MODE    36 done.
 MODE    37 done.
 MODE    38 done.
 MODE    39 done.
 MODE    40 done.
 MODE    41 done.
 MODE    42 done.
 MODE    43 done.
 MODE    44 done.
 MODE    45 done.
 MODE    46 done.
 MODE    47 done.
 MODE    48 done.
 MODE    49 done.
 MODE    50 done.
 MODE    51 done.
 MODE    52 done.
 MODE    53 done.
 MODE    54 done.
 MODE    55 done.
 MODE    56 done.
 MODE    57 done.
 MODE    58 done.
 MODE    59 done.
 MODE    60 done.
 MODE    61 done.
 MODE    62 done.
 MODE    63 done.
 MODE    64 done.
 MODE    65 done.
 MODE    66 done.
 MODE    67 done.
 MODE    68 done.
 MODE    69 done.
 MODE    70 done.
 MODE    71 done.
 MODE    72 done.
 MODE    73 done.
 MODE    74 done.
 MODE    75 done.
 MODE    76 done.
 MODE    77 done.
 MODE    78 done.
 MODE    79 done.
 MODE    80 done.
 MODE    81 done.
 MODE    82 done.
 MODE    83 done.
 MODE    84 done.
 MODE    85 done.
 MODE    86 done.
 MODE    87 done.
 MODE    88 done.
 MODE    89 done.
 MODE    90 done.
 MODE    91 done.
 MODE    92 done.
 MODE    93 done.
 MODE    94 done.
 MODE    95 done.
 MODE    96 done.
 MODE    97 done.
 MODE    98 done.
 MODE    99 done.
 MODE   100 done.
 MODE   101 done.
 MODE   102 done.
 MODE   103 done.
 MODE   104 done.
 MODE   105 done.
 MODE   106 done.
 MODE   107 done.
 MODE   108 done.
 MODE   109 done.
 MODE   110 done.
 MODE   111 done.
 MODE   112 done.
 MODE   113 done.
 MODE   114 done.
 MODE   115 done.
 MODE   116 done.
 MODE   117 done.
 MODE   118 done.
 MODE   119 done.
 MODE   120 done.
 MODE   121 done.
 MODE   122 done.
 MODE   123 done.
 MODE   124 done.
 MODE   125 done.
 MODE   126 done.
 MODE   127 done.
 MODE   128 done.
 MODE   129 done.
 MODE   130 done.
 MODE   131 done.
 MODE   132 done.
 MODE   133 done.
 MODE   134 done.
 MODE   135 done.
 MODE   136 done.
 MODE   137 done.
 MODE   138 done.
 MODE   139 done.
 MODE   140 done.
 MODE   141 done.
 MODE   142 done.
 MODE   143 done.
 MODE   144 done.
 MODE   145 done.
 MODE   146 done.
 MODE   147 done.
 MODE   148 done.
 MODE   149 done.
 MODE   150 done.
 MODE   151 done.
 MODE   152 done.
 MODE   153 done.
 MODE   154 done.
 MODE   155 done.
 MODE   156 done.
 MODE   157 done.
 MODE   158 done.
 MODE   159 done.
 MODE   160 done.
 MODE   161 done.
 MODE   162 done.
 MODE   163 done.
 MODE   164 done.
 MODE   165 done.
 MODE   166 done.
 MODE   167 done.
 MODE   168 done.
 MODE   169 done.
 MODE   170 done.
 MODE   171 done.
 MODE   172 done.
 MODE   173 done.
 MODE   174 done.
 MODE   175 done.
 MODE   176 done.
 MODE   177 done.
 MODE   178 done.
 MODE   179 done.
 MODE   180 done.
 MODE   181 done.
 MODE   182 done.
 MODE   183 done.
 MODE   184 done.
 MODE   185 done.
 MODE   186 done.
 MODE   187 done.
 MODE   188 done.
 MODE   189 done.
 MODE   190 done.
 MODE   191 done.
 MODE   192 done.
 MODE   193 done.
 MODE   194 done.
 MODE   195 done.
 MODE   196 done.
 MODE   197 done.
 MODE   198 done.
 MODE   199 done.
 MODE   200 done.
 MODE   201 done.
 MODE   202 done.
 MODE   203 done.
 MODE   204 done.
 MODE   205 done.
 MODE   206 done.
 MODE   207 done.
 MODE   208 done.
 MODE   209 done.
 MODE   210 done.
 MODE   211 done.
 MODE   212 done.
 MODE   213 done.
 MODE   214 done.
 MODE   215 done.
 MODE   216 done.
 MODE   217 done.
 MODE   218 done.
 MODE   219 done.
 MODE   220 done.
 MODE   221 done.
 MODE   222 done.
 MODE   223 done.
 MODE   224 done.
 MODE   225 done.
 MODE   226 done.
 MODE   227 done.
 MODE   228 done.
 MODE   229 done.
 MODE   230 done.
 MODE   231 done.
 MODE   232 done.
 MODE   233 done.
 MODE   234 done.
 MODE   235 done.
 MODE   236 done.
 MODE   237 done.
 MODE   238 done.
 MODE   239 done.
 MODE   240 done.
 MODE   241 done.
 MODE   242 done.
 MODE   243 done.
 MODE   244 done.
 MODE   245 done.
 MODE   246 done.
 MODE   247 done.
 MODE   248 done.
 MODE   249 done.
 MODE   250 done.
 MODE   251 done.
 MODE   252 done.
 MODE   253 done.
 MODE   254 done.
 MODE   255 done.
 MODE   256 done.
 MODE   257 done.
 MODE   258 done.
 MODE   259 done.
 MODE   260 done.
 MODE   261 done.
 MODE   262 done.
 MODE   263 done.
 MODE   264 done.
 MODE   265 done.
 MODE   266 done.
 MODE   267 done.
 MODE   268 done.
 MODE   269 done.
 MODE   270 done.
 MODE   271 done.
 MODE   272 done.
 MODE   273 done.
 MODE   274 done.
 MODE   275 done.
 MODE   276 done.
 MODE   277 done.
 MODE   278 done.
 MODE   279 done.
 MODE   280 done.
 MODE   281 done.
 MODE   282 done.
 MODE   283 done.
 MODE   284 done.
 MODE   285 done.
 MODE   286 done.
 MODE   287 done.
 MODE   288 done.
 MODE   289 done.
 MODE   290 done.
 MODE   291 done.
 MODE   292 done.
 MODE   293 done.
 MODE   294 done.
 MODE   295 done.
 MODE   296 done.
 MODE   297 done.
 MODE   298 done.
 MODE   299 done.
 MODE   300 done.
 MODE   301 done.
 MODE   302 done.
 MODE   303 done.
 MODE   304 done.
 MODE   305 done.
 MODE   306 done.
 MODE   307 done.
 MODE   308 done.
 MODE   309 done.
 MODE   310 done.
 MODE   311 done.
 MODE   312 done.
 MODE   313 done.
 MODE   314 done.
 MODE   315 done.
 MODE   316 done.
 MODE   317 done.
 MODE   318 done.
 MODE   319 done.
 MODE   320 done.
 MODE   321 done.
 MODE   322 done.
 MODE   323 done.
 MODE   324 done.
 MODE   325 done.
 MODE   326 done.
 MODE   327 done.
 MODE   328 done.
 MODE   329 done.
 MODE   330 done.
 MODE   331 done.
 MODE   332 done.
 MODE   333 done.
 MODE   334 done.
 MODE   335 done.
 MODE   336 done.
 MODE   337 done.
 MODE   338 done.
 MODE   339 done.
 MODE   340 done.
 MODE   341 done.
 MODE   342 done.
 MODE   343 done.
 MODE   344 done.
 MODE   345 done.
 MODE   346 done.
 MODE   347 done.
 MODE   348 done.
 MODE   349 done.
 MODE   350 done.
 MODE   351 done.
 MODE   352 done.
 MODE   353 done.
 MODE   354 done.
 MODE   355 done.
 MODE   356 done.
 MODE   357 done.
 MODE   358 done.
 MODE   359 done.
 MODE   360 done.
 MODE   361 done.
 MODE   362 done.
 MODE   363 done.
 MODE   364 done.
 MODE   365 done.
 MODE   366 done.
 MODE   367 done.
 MODE   368 done.
 MODE   369 done.
 MODE   370 done.
 MODE   371 done.
 MODE   372 done.
 MODE   373 done.
 MODE   374 done.
 MODE   375 done.
 MODE   376 done.
 MODE   377 done.
 MODE   378 done.
 MODE   379 done.
 MODE   380 done.
 MODE   381 done.
 MODE   382 done.
 MODE   383 done.
 MODE   384 done.
 MODE   385 done.
 MODE   386 done.
 MODE   387 done.
 MODE   388 done.
 MODE   389 done.
 MODE   390 done.
 MODE   391 done.
 MODE   392 done.
 MODE   393 done.
 MODE   394 done.
 MODE   395 done.
 MODE   396 done.
 MODE   397 done.
 MODE   398 done.
 MODE   399 done.
 MODE   400 done.
 MODE   401 done.
 MODE   402 done.
 MODE   403 done.
 MODE   404 done.
 MODE   405 done.
 MODE   406 done.
 MODE   407 done.
 MODE   408 done.
 MODE   409 done.
 MODE   410 done.
 MODE   411 done.
 MODE   412 done.
 MODE   413 done.
 MODE   414 done.
 MODE   415 done.
 MODE   416 done.
 MODE   417 done.
 MODE   418 done.
 MODE   419 done.
 MODE   420 done.
 MODE   421 done.
 MODE   422 done.
 MODE   423 done.
 MODE   424 done.
 MODE   425 done.
 MODE   426 done.
 MODE   427 done.
 MODE   428 done.
 MODE   429 done.
 MODE   430 done.
 MODE   431 done.
 MODE   432 done.
 MODE   433 done.
 MODE   434 done.
 MODE   435 done.
 MODE   436 done.
 MODE   437 done.
 MODE   438 done.
 MODE   439 done.
 MODE   440 done.
 MODE   441 done.
 MODE   442 done.
 MODE   443 done.
 MODE   444 done.
 MODE   445 done.
 MODE   446 done.
 MODE   447 done.
 MODE   448 done.
 MODE   449 done.
 MODE   450 done.
 MODE   451 done.
 MODE   452 done.
 MODE   453 done.
 MODE   454 done.
 MODE   455 done.
 MODE   456 done.
 MODE   457 done.
 MODE   458 done.
 MODE   459 done.
 MODE   460 done.
 MODE   461 done.
 MODE   462 done.
 MODE   463 done.
 MODE   464 done.
 MODE   465 done.
 MODE   466 done.
 MODE   467 done.
 MODE   468 done.
 MODE   469 done.
 MODE   470 done.
 MODE   471 done.
 MODE   472 done.
 MODE   473 done.
 MODE   474 done.
 MODE   475 done.
 MODE   476 done.
 MODE   477 done.
 MODE   478 done.
 MODE   479 done.
 MODE   480 done.
 MODE   481 done.
 MODE   482 done.
 MODE   483 done.
 MODE   484 done.
 MODE   485 done.
 MODE   486 done.
 MODE   487 done.
 MODE   488 done.
 MODE   489 done.
 MODE   490 done.
 MODE   491 done.
 MODE   492 done.
 MODE   493 done.
 MODE   494 done.
 MODE   495 done.
 MODE   496 done.
 MODE   497 done.
 MODE   498 done.
 MODE   499 done.
 MODE   500 done.
 MODE   501 done.
 MODE   502 done.
 MODE   503 done.
 MODE   504 done.
 MODE   505 done.
 MODE   506 done.
 MODE   507 done.
 MODE   508 done.
 MODE   509 done.
 MODE   510 done.
 MODE   511 done.
 MODE   512 done.
 MODE   513 done.
 MODE   514 done.
 MODE   515 done.
 MODE   516 done.
 MODE   517 done.
 MODE   518 done.
 MODE   519 done.
 MODE   520 done.
 MODE   521 done.
 MODE   522 done.
 MODE   523 done.
 MODE   524 done.
 MODE   525 done.
 MODE   526 done.
 MODE   527 done.
 MODE   528 done.
 MODE   529 done.
 MODE   530 done.
 MODE   531 done.
 MODE   532 done.
 MODE   533 done.
 MODE   534 done.
 MODE   535 done.
 MODE   536 done.
 MODE   537 done.
 MODE   538 done.
 MODE   539 done.
 MODE   540 done.
 MODE   541 done.
 MODE   542 done.
 MODE   543 done.
 MODE   544 done.
 MODE   545 done.
 MODE   546 done.
 MODE   547 done.
 MODE   548 done.
 MODE   549 done.
 MODE   550 done.
 MODE   551 done.
 MODE   552 done.
 MODE   553 done.
 MODE   554 done.
 MODE   555 done.
 MODE   556 done.
 MODE   557 done.
 MODE   558 done.
 MODE   559 done.
 MODE   560 done.
 MODE   561 done.
 MODE   562 done.
 MODE   563 done.
 MODE   564 done.
 MODE   565 done.
 MODE   566 done.
 MODE   567 done.
 MODE   568 done.
 MODE   569 done.
 MODE   570 done.
 MODE   571 done.
 MODE   572 done.
 MODE   573 done.
 MODE   574 done.
 MODE   575 done.
 MODE   576 done.
 MODE   577 done.
 MODE   578 done.
 MODE   579 done.
 MODE   580 done.
 MODE   581 done.
 MODE   582 done.
 MODE   583 done.
 MODE   584 done.
 MODE   585 done.
 MODE   586 done.
 MODE   587 done.
 MODE   588 done.
 MODE   589 done.
 MODE   590 done.
 MODE   591 done.
 MODE   592 done.
 MODE   593 done.
 MODE   594 done.
 MODE   595 done.
 MODE   596 done.
 MODE   597 done.
 MODE   598 done.
 MODE   599 done.
 MODE   600 done.
 MODE   601 done.
 MODE   602 done.
 MODE   603 done.
 MODE   604 done.
 MODE   605 done.
 MODE   606 done.
 MODE   607 done.
 MODE   608 done.
 MODE   609 done.
 MODE   610 done.
 MODE   611 done.
 MODE   612 done.
 MODE   613 done.
 MODE   614 done.
 MODE   615 done.
 MODE   616 done.
 MODE   617 done.
 MODE   618 done.
 MODE   619 done.
 MODE   620 done.
 MODE   621 done.
 MODE   622 done.
 MODE   623 done.
 MODE   624 done.

 -----------------------------------------------------------------

 Lattice thermal conductivity is stored in the file Si.kl
 Coherent part is stored in the file Si.kl_coherent

 ISOTOPE = 2: Phonon selfenergy due to phonon-isotope 
              scatterings is stored in the file Si.self_isotope

 Job finished at Mon Apr  3 14:55:38 2023

