 +-----------------------------------------------------------------+
 +                         Program ANPHON                          +
 +                             Ver.  1.4.2                         +
 +-----------------------------------------------------------------+

 Job started at Mon Apr  3 15:26:35 2023

 The number of MPI processes: 1
 The number of OpenMP threads: 2


 Input variables:
 -----------------------------------------------------------------
 General:
  PREFIX = Si
  MODE = PHONONS
  FCSXML = ../../result/FC2.xml

  NKD = 1; KD =   Si
  MASS = 
  NSYM = 0; TOLERANCE = 0.001; PRINTSYM = 0

  NONANALYTIC = 1
  BORNINFO = BORNINFO; NA_SIGMA = 0.1

  TMIN = 0; TMAX = 1000; DT = 10
  EMIN = 0; EMAX = 1000; DELTA_E = 10

  ISMEAR = -1; EPSILON = 10

  CLASSICAL = 0
  BCONNECT = 0


 Kpoint:
  KPMODE (1st entry for &kpoint) = 0


 Analysis:
  PRINTVEL = 0
  PRINTVEC = 1
  PRINTXSF = 0

  GRUNEISEN = 0
  NEWFCS = 0


 -----------------------------------------------------------------

                      MODE = phonons                         
                                                             
      Phonon calculation within harmonic approximation       
      Harmonic force constants will be used.                 

 -----------------------------------------------------------------

 Crystal structure
 =================

 Lattice Vectors:

 * Supercell (from ../../result/FC2.xml )

    2.053971e+01  -0.000000e+00  -0.000000e+00 : a1
   -0.000000e+00   2.053971e+01   0.000000e+00 : a2
    0.000000e+00   0.000000e+00   2.053971e+01 : a3

    3.059043e-01   0.000000e+00  -0.000000e+00 : b1
    0.000000e+00   3.059043e-01  -0.000000e+00 : b2
    0.000000e+00   0.000000e+00   3.059043e-01 : b3

 * Primitive cell 

    0.000000e+00   5.134927e+00   5.134927e+00 : a1
    5.134927e+00   0.000000e+00   5.134927e+00 : a2
    5.134927e+00   5.134927e+00   0.000000e+00 : a3

   -6.118087e-01   6.118087e-01   6.118087e-01 : b1
    6.118087e-01  -6.118087e-01   6.118087e-01 : b2
    6.118087e-01   6.118087e-01  -6.118087e-01 : b3


  Volume of the primitive cell : 2.707900e+02 (a.u.)^3

  Number of atoms in the supercell     : 64
  Number of atoms in the primitive cell: 2

  Atomic positions in the primitive cell (fractional):
   1:   5.000000e-01   5.000000e-01   5.000000e-01  Si
   2:   7.500000e-01   7.500000e-01   7.500000e-01  Si

  Mass of atomic species (u):
  Si:   28.085500


 Symmetry
 ========

  NSYM = 0 is given: Trying to find symmetry operations.
  Number of symmetry operations : 48

 k points
 ========

  KPMODE = 0 : Calculation on given k points
  Number of k points : 32

  List of k points : 
    1:       0.500000       0.000000       0.000000
    2:       0.750000       0.250000       0.000000
    3:       0.750000       0.000000       0.250000
    4:       0.000000       0.000000       0.000000
    5:       0.250000       0.250000       0.000000
    6:       0.500000       0.500000       0.000000
    7:       0.750000       0.750000       0.000000
    8:       0.250000       0.000000       0.250000
    9:       0.500000       0.250000       0.250000
   10:       0.750000       0.500000       0.250000
   11:       0.500000       0.000000       0.500000
   12:       0.750000       0.250000       0.500000
   13:       0.750000       0.000000       0.750000
   14:       0.000000       0.500000       0.000000
   15:       0.250000       0.750000       0.000000
   16:       0.000000       0.250000       0.250000
   17:       0.250000       0.500000       0.250000
   18:       0.500000       0.750000       0.250000
   19:       0.000000       0.000000       0.500000
   20:       0.250000       0.250000       0.500000
   21:       0.500000       0.500000       0.500000
   22:       0.750000       0.750000       0.500000
   23:       0.250000       0.000000       0.750000
   24:       0.500000       0.250000       0.750000
   25:       0.750000       0.500000       0.750000
   26:       0.000000       0.750000       0.250000
   27:       0.000000       0.500000       0.500000
   28:       0.250000       0.750000       0.500000
   29:       0.000000       0.250000       0.750000
   30:       0.250000       0.500000       0.750000
   31:       0.500000       0.750000       0.750000
   32:       0.000000       0.750000       0.750000

 Force constant
 ==============

  Reading force constants from the XML file ... done !
  Number of non-zero IFCs for 2 order: 1710

  Maximum deviation from the translational invariance: 
   Order 2 : 7.177418e-17


 Dynamical matrix
 ================

  NONANALYTIC = 1 : Non-analytic part of the dynamical matrix will be included 
                    by the Parlinski's method.
                    The damping factor for the non-analytic term : 1.000000e-01

  Dielectric constants and Born effective charges are read from BORNINFO.

  Dielectric constant tensor in Cartesian coordinate : 
   1.702739e+01   0.000000e+00  -0.000000e+00
   0.000000e+00   1.702739e+01   0.000000e+00
  -0.000000e+00   0.000000e+00   1.702739e+01

  Born effective charge tensor in Cartesian coordinate
  Atom    1( Si) :
       0.000000      -0.000000       0.000000
      -0.000000      -0.000000      -0.000000
       0.000000       0.000000      -0.000000
  Atom    2( Si) :
      -0.000000       0.000000      -0.000000
       0.000000       0.000000       0.000000
      -0.000000      -0.000000       0.000000

 -----------------------------------------------------------------


 ISMEAR = -1: Tetrahedron method will be used.

 Now, move on to phonon calculations.

 Diagonalizing dynamical matrices for all k points ... done!

 -----------------------------------------------------------------

 Phonon frequencies below:

 # k point     1 : (  0.5000,  0.0000,  0.0000)
   Mode, Frequency 
      1    103.4632 cm^-1  (      3.1017 THz )
      2    103.4632 cm^-1  (      3.1017 THz )
      3    369.6023 cm^-1  (     11.0804 THz )
      4    409.2507 cm^-1  (     12.2690 THz )
      5    485.9624 cm^-1  (     14.5688 THz )
      6    485.9624 cm^-1  (     14.5688 THz )

 # k point     2 : (  0.7500,  0.2500,  0.0000)
   Mode, Frequency 
      1    132.0122 cm^-1  (      3.9576 THz )
      2    188.9044 cm^-1  (      5.6632 THz )
      3    279.4867 cm^-1  (      8.3788 THz )
      4    416.4063 cm^-1  (     12.4835 THz )
      5    470.1226 cm^-1  (     14.0939 THz )
      6    485.2431 cm^-1  (     14.5472 THz )

 # k point     3 : (  0.7500,  0.0000,  0.2500)
   Mode, Frequency 
      1    132.0122 cm^-1  (      3.9576 THz )
      2    188.9044 cm^-1  (      5.6632 THz )
      3    279.4867 cm^-1  (      8.3788 THz )
      4    416.4063 cm^-1  (     12.4835 THz )
      5    470.1226 cm^-1  (     14.0939 THz )
      6    485.2431 cm^-1  (     14.5472 THz )

 # k point     4 : (  0.0000,  0.0000,  0.0000)
   Mode, Frequency 
      1      0.0000 cm^-1  (      0.0000 THz )
      2      0.0000 cm^-1  (      0.0000 THz )
      3      0.0000 cm^-1  (      0.0000 THz )
      4    509.9303 cm^-1  (     15.2873 THz )
      5    509.9303 cm^-1  (     15.2873 THz )
      6    509.9303 cm^-1  (     15.2873 THz )

 # k point     5 : (  0.2500,  0.2500,  0.0000)
   Mode, Frequency 
      1    122.0789 cm^-1  (      3.6598 THz )
      2    122.0789 cm^-1  (      3.6598 THz )
      3    238.1766 cm^-1  (      7.1404 THz )
      4    470.6466 cm^-1  (     14.1096 THz )
      5    470.6466 cm^-1  (     14.1096 THz )
      6    488.5122 cm^-1  (     14.6452 THz )

 # k point     6 : (  0.5000,  0.5000,  0.0000)
   Mode, Frequency 
      1    132.8789 cm^-1  (      3.9836 THz )
      2    132.8789 cm^-1  (      3.9836 THz )
      3    404.9928 cm^-1  (     12.1414 THz )
      4    404.9928 cm^-1  (     12.1414 THz )
      5    457.8279 cm^-1  (     13.7253 THz )
      6    457.8279 cm^-1  (     13.7253 THz )

 # k point     7 : (  0.7500,  0.7500,  0.0000)
   Mode, Frequency 
      1    122.0789 cm^-1  (      3.6598 THz )
      2    122.0789 cm^-1  (      3.6598 THz )
      3    238.1766 cm^-1  (      7.1404 THz )
      4    470.6466 cm^-1  (     14.1096 THz )
      5    470.6466 cm^-1  (     14.1096 THz )
      6    488.5122 cm^-1  (     14.6452 THz )

 # k point     8 : (  0.2500,  0.0000,  0.2500)
   Mode, Frequency 
      1    122.0789 cm^-1  (      3.6598 THz )
      2    122.0789 cm^-1  (      3.6598 THz )
      3    238.1766 cm^-1  (      7.1404 THz )
      4    470.6466 cm^-1  (     14.1096 THz )
      5    470.6466 cm^-1  (     14.1096 THz )
      6    488.5122 cm^-1  (     14.6452 THz )

 # k point     9 : (  0.5000,  0.2500,  0.2500)
   Mode, Frequency 
      1    132.0122 cm^-1  (      3.9576 THz )
      2    188.9044 cm^-1  (      5.6632 THz )
      3    279.4867 cm^-1  (      8.3788 THz )
      4    416.4063 cm^-1  (     12.4835 THz )
      5    470.1226 cm^-1  (     14.0939 THz )
      6    485.2431 cm^-1  (     14.5472 THz )

 # k point    10 : (  0.7500,  0.5000,  0.2500)
   Mode, Frequency 
      1    195.1899 cm^-1  (      5.8516 THz )
      2    195.1899 cm^-1  (      5.8516 THz )
      3    349.6045 cm^-1  (     10.4809 THz )
      4    349.6045 cm^-1  (     10.4809 THz )
      5    463.5615 cm^-1  (     13.8972 THz )
      6    463.5615 cm^-1  (     13.8972 THz )

 # k point    11 : (  0.5000,  0.0000,  0.5000)
   Mode, Frequency 
      1    132.8789 cm^-1  (      3.9836 THz )
      2    132.8789 cm^-1  (      3.9836 THz )
      3    404.9928 cm^-1  (     12.1414 THz )
      4    404.9928 cm^-1  (     12.1414 THz )
      5    457.8279 cm^-1  (     13.7253 THz )
      6    457.8279 cm^-1  (     13.7253 THz )

 # k point    12 : (  0.7500,  0.2500,  0.5000)
   Mode, Frequency 
      1    195.1899 cm^-1  (      5.8516 THz )
      2    195.1899 cm^-1  (      5.8516 THz )
      3    349.6045 cm^-1  (     10.4809 THz )
      4    349.6045 cm^-1  (     10.4809 THz )
      5    463.5615 cm^-1  (     13.8972 THz )
      6    463.5615 cm^-1  (     13.8972 THz )

 # k point    13 : (  0.7500,  0.0000,  0.7500)
   Mode, Frequency 
      1    122.0789 cm^-1  (      3.6598 THz )
      2    122.0789 cm^-1  (      3.6598 THz )
      3    238.1766 cm^-1  (      7.1404 THz )
      4    470.6466 cm^-1  (     14.1096 THz )
      5    470.6466 cm^-1  (     14.1096 THz )
      6    488.5122 cm^-1  (     14.6452 THz )

 # k point    14 : (  0.0000,  0.5000,  0.0000)
   Mode, Frequency 
      1    103.4632 cm^-1  (      3.1017 THz )
      2    103.4632 cm^-1  (      3.1017 THz )
      3    369.6023 cm^-1  (     11.0804 THz )
      4    409.2507 cm^-1  (     12.2690 THz )
      5    485.9624 cm^-1  (     14.5688 THz )
      6    485.9624 cm^-1  (     14.5688 THz )

 # k point    15 : (  0.2500,  0.7500,  0.0000)
   Mode, Frequency 
      1    132.0122 cm^-1  (      3.9576 THz )
      2    188.9044 cm^-1  (      5.6632 THz )
      3    279.4867 cm^-1  (      8.3788 THz )
      4    416.4063 cm^-1  (     12.4835 THz )
      5    470.1226 cm^-1  (     14.0939 THz )
      6    485.2431 cm^-1  (     14.5472 THz )

 # k point    16 : (  0.0000,  0.2500,  0.2500)
   Mode, Frequency 
      1    122.0789 cm^-1  (      3.6598 THz )
      2    122.0789 cm^-1  (      3.6598 THz )
      3    238.1766 cm^-1  (      7.1404 THz )
      4    470.6466 cm^-1  (     14.1096 THz )
      5    470.6466 cm^-1  (     14.1096 THz )
      6    488.5122 cm^-1  (     14.6452 THz )

 # k point    17 : (  0.2500,  0.5000,  0.2500)
   Mode, Frequency 
      1    132.0122 cm^-1  (      3.9576 THz )
      2    188.9044 cm^-1  (      5.6632 THz )
      3    279.4867 cm^-1  (      8.3788 THz )
      4    416.4063 cm^-1  (     12.4835 THz )
      5    470.1226 cm^-1  (     14.0939 THz )
      6    485.2431 cm^-1  (     14.5472 THz )

 # k point    18 : (  0.5000,  0.7500,  0.2500)
   Mode, Frequency 
      1    195.1899 cm^-1  (      5.8516 THz )
      2    195.1899 cm^-1  (      5.8516 THz )
      3    349.6045 cm^-1  (     10.4809 THz )
      4    349.6045 cm^-1  (     10.4809 THz )
      5    463.5615 cm^-1  (     13.8972 THz )
      6    463.5615 cm^-1  (     13.8972 THz )

 # k point    19 : (  0.0000,  0.0000,  0.5000)
   Mode, Frequency 
      1    103.4632 cm^-1  (      3.1017 THz )
      2    103.4632 cm^-1  (      3.1017 THz )
      3    369.6023 cm^-1  (     11.0804 THz )
      4    409.2507 cm^-1  (     12.2690 THz )
      5    485.9624 cm^-1  (     14.5688 THz )
      6    485.9624 cm^-1  (     14.5688 THz )

 # k point    20 : (  0.2500,  0.2500,  0.5000)
   Mode, Frequency 
      1    132.0122 cm^-1  (      3.9576 THz )
      2    188.9044 cm^-1  (      5.6632 THz )
      3    279.4867 cm^-1  (      8.3788 THz )
      4    416.4063 cm^-1  (     12.4835 THz )
      5    470.1226 cm^-1  (     14.0939 THz )
      6    485.2431 cm^-1  (     14.5472 THz )

 # k point    21 : (  0.5000,  0.5000,  0.5000)
   Mode, Frequency 
      1    103.4632 cm^-1  (      3.1017 THz )
      2    103.4632 cm^-1  (      3.1017 THz )
      3    369.6023 cm^-1  (     11.0804 THz )
      4    409.2507 cm^-1  (     12.2690 THz )
      5    485.9624 cm^-1  (     14.5688 THz )
      6    485.9624 cm^-1  (     14.5688 THz )

 # k point    22 : (  0.7500,  0.7500,  0.5000)
   Mode, Frequency 
      1    132.0122 cm^-1  (      3.9576 THz )
      2    188.9044 cm^-1  (      5.6632 THz )
      3    279.4867 cm^-1  (      8.3788 THz )
      4    416.4063 cm^-1  (     12.4835 THz )
      5    470.1226 cm^-1  (     14.0939 THz )
      6    485.2431 cm^-1  (     14.5472 THz )

 # k point    23 : (  0.2500,  0.0000,  0.7500)
   Mode, Frequency 
      1    132.0122 cm^-1  (      3.9576 THz )
      2    188.9044 cm^-1  (      5.6632 THz )
      3    279.4867 cm^-1  (      8.3788 THz )
      4    416.4063 cm^-1  (     12.4835 THz )
      5    470.1226 cm^-1  (     14.0939 THz )
      6    485.2431 cm^-1  (     14.5472 THz )

 # k point    24 : (  0.5000,  0.2500,  0.7500)
   Mode, Frequency 
      1    195.1899 cm^-1  (      5.8516 THz )
      2    195.1899 cm^-1  (      5.8516 THz )
      3    349.6045 cm^-1  (     10.4809 THz )
      4    349.6045 cm^-1  (     10.4809 THz )
      5    463.5615 cm^-1  (     13.8972 THz )
      6    463.5615 cm^-1  (     13.8972 THz )

 # k point    25 : (  0.7500,  0.5000,  0.7500)
   Mode, Frequency 
      1    132.0122 cm^-1  (      3.9576 THz )
      2    188.9044 cm^-1  (      5.6632 THz )
      3    279.4867 cm^-1  (      8.3788 THz )
      4    416.4063 cm^-1  (     12.4835 THz )
      5    470.1226 cm^-1  (     14.0939 THz )
      6    485.2431 cm^-1  (     14.5472 THz )

 # k point    26 : (  0.0000,  0.7500,  0.2500)
   Mode, Frequency 
      1    132.0122 cm^-1  (      3.9576 THz )
      2    188.9044 cm^-1  (      5.6632 THz )
      3    279.4867 cm^-1  (      8.3788 THz )
      4    416.4063 cm^-1  (     12.4835 THz )
      5    470.1226 cm^-1  (     14.0939 THz )
      6    485.2431 cm^-1  (     14.5472 THz )

 # k point    27 : (  0.0000,  0.5000,  0.5000)
   Mode, Frequency 
      1    132.8789 cm^-1  (      3.9836 THz )
      2    132.8789 cm^-1  (      3.9836 THz )
      3    404.9928 cm^-1  (     12.1414 THz )
      4    404.9928 cm^-1  (     12.1414 THz )
      5    457.8279 cm^-1  (     13.7253 THz )
      6    457.8279 cm^-1  (     13.7253 THz )

 # k point    28 : (  0.2500,  0.7500,  0.5000)
   Mode, Frequency 
      1    195.1899 cm^-1  (      5.8516 THz )
      2    195.1899 cm^-1  (      5.8516 THz )
      3    349.6045 cm^-1  (     10.4809 THz )
      4    349.6045 cm^-1  (     10.4809 THz )
      5    463.5615 cm^-1  (     13.8972 THz )
      6    463.5615 cm^-1  (     13.8972 THz )

 # k point    29 : (  0.0000,  0.2500,  0.7500)
   Mode, Frequency 
      1    132.0122 cm^-1  (      3.9576 THz )
      2    188.9044 cm^-1  (      5.6632 THz )
      3    279.4867 cm^-1  (      8.3788 THz )
      4    416.4063 cm^-1  (     12.4835 THz )
      5    470.1226 cm^-1  (     14.0939 THz )
      6    485.2431 cm^-1  (     14.5472 THz )

 # k point    30 : (  0.2500,  0.5000,  0.7500)
   Mode, Frequency 
      1    195.1899 cm^-1  (      5.8516 THz )
      2    195.1899 cm^-1  (      5.8516 THz )
      3    349.6045 cm^-1  (     10.4809 THz )
      4    349.6045 cm^-1  (     10.4809 THz )
      5    463.5615 cm^-1  (     13.8972 THz )
      6    463.5615 cm^-1  (     13.8972 THz )

 # k point    31 : (  0.5000,  0.7500,  0.7500)
   Mode, Frequency 
      1    132.0122 cm^-1  (      3.9576 THz )
      2    188.9044 cm^-1  (      5.6632 THz )
      3    279.4867 cm^-1  (      8.3788 THz )
      4    416.4063 cm^-1  (     12.4835 THz )
      5    470.1226 cm^-1  (     14.0939 THz )
      6    485.2431 cm^-1  (     14.5472 THz )

 # k point    32 : (  0.0000,  0.7500,  0.7500)
   Mode, Frequency 
      1    122.0789 cm^-1  (      3.6598 THz )
      2    122.0789 cm^-1  (      3.6598 THz )
      3    238.1766 cm^-1  (      7.1404 THz )
      4    470.6466 cm^-1  (     14.1096 THz )
      5    470.6466 cm^-1  (     14.1096 THz )
      6    488.5122 cm^-1  (     14.6452 THz )


 -----------------------------------------------------------------

 The following files are created: 
  Si.evec        : Eigenvector of all k points

 Job finished at Mon Apr  3 15:26:35 2023

