 +-----------------------------------------------------------------+
 +                         Program ANPHON                          +
 +                             Ver.  1.4.2                         +
 +-----------------------------------------------------------------+

 Job started at Thu May 11 17:17:00 2023

 The number of MPI processes: 24
 The number of OpenMP threads: 1


 Input variables:
 -----------------------------------------------------------------
 General:
  PREFIX = Si
  MODE = PHONONS
  FCSXML = ../../result/FC2.xml

  NKD = 1; KD =   Si
  MASS = 
  NSYM = 0; TOLERANCE = 0.001; PRINTSYM = 0

  NONANALYTIC = 2
  BORNINFO = BORNINFO; NA_SIGMA = 0.1

  TMIN = 0; TMAX = 1000; DT = 10
  EMIN = -25.497; EMAX = 535.437; DELTA_E = 1.86978

  ISMEAR = -1; EPSILON = 10

  CLASSICAL = 0
  BCONNECT = 0


 Kpoint:
  KPMODE (1st entry for &kpoint) = 2


 Analysis:
  PRINTVEL = 0
  PRINTVEC = 0
  PRINTXSF = 0

  PDOS = 1; TDOS = 0
  PRINTMSD = 0
  SPS = 0

  GRUNEISEN = 0
  NEWFCS = 0


 -----------------------------------------------------------------

                      MODE = phonons                         
                                                             
      Phonon calculation within harmonic approximation       
      Harmonic force constants will be used.                 

 -----------------------------------------------------------------

 Crystal structure
 =================

 Lattice Vectors:

 * Supercell (from ../../result/FC2.xml )

    2.053957e+01   0.000000e+00   0.000000e+00 : a1
    0.000000e+00   2.053957e+01  -0.000000e+00 : a2
   -0.000000e+00  -0.000000e+00   2.053957e+01 : a3

    3.059063e-01   0.000000e+00   0.000000e+00 : b1
   -0.000000e+00   3.059063e-01   0.000000e+00 : b2
   -0.000000e+00   0.000000e+00   3.059063e-01 : b3

 * Primitive cell 

    0.000000e+00   5.134893e+00   5.134893e+00 : a1
    5.134893e+00   0.000000e+00   5.134893e+00 : a2
    5.134893e+00   5.134893e+00   0.000000e+00 : a3

   -6.118126e-01   6.118126e-01   6.118126e-01 : b1
    6.118126e-01  -6.118126e-01   6.118126e-01 : b2
    6.118126e-01   6.118126e-01  -6.118126e-01 : b3


  Volume of the primitive cell : 2.707848e+02 (a.u.)^3

  Number of atoms in the supercell     : 64
  Number of atoms in the primitive cell: 2

  Atomic positions in the primitive cell (fractional):
   1:   5.000000e-01   5.000000e-01   5.000000e-01  Si
   2:   7.500000e-01   7.500000e-01   7.500000e-01  Si

  Mass of atomic species (u):
  Si:   28.085500


 Symmetry
 ========

  NSYM = 0 is given: Trying to find symmetry operations.
  Number of symmetry operations : 48

 k points
 ========

  KPMODE = 2: Uniform grid
  Gamma-centered uniform grid with the following mesh density: 
  nk1:  15
  nk2:  15
  nk3:  15

  Number of k points : 3375
  Number of irreducible k points : 120

  List of irreducible k points (reciprocal coordinate, weight) : 
      1:   0.00000e+00   0.00000e+00   0.00000e+00   0.000296
      2:   0.00000e+00   0.00000e+00   6.66667e-02   0.002370
      3:   0.00000e+00   0.00000e+00   1.33333e-01   0.002370
      4:   0.00000e+00   0.00000e+00   2.00000e-01   0.002370
      5:   0.00000e+00   0.00000e+00   2.66667e-01   0.002370
      6:   0.00000e+00   0.00000e+00   3.33333e-01   0.002370
      7:   0.00000e+00   0.00000e+00   4.00000e-01   0.002370
      8:   0.00000e+00   0.00000e+00   4.66667e-01   0.002370
      9:   0.00000e+00   6.66667e-02   6.66667e-02   0.001778
     10:   0.00000e+00   6.66667e-02   1.33333e-01   0.007111
     11:   0.00000e+00   6.66667e-02   2.00000e-01   0.007111
     12:   0.00000e+00   6.66667e-02   2.66667e-01   0.007111
     13:   0.00000e+00   6.66667e-02   3.33333e-01   0.007111
     14:   0.00000e+00   6.66667e-02   4.00000e-01   0.007111
     15:   0.00000e+00   6.66667e-02   4.66667e-01   0.007111
     16:   0.00000e+00   6.66667e-02  -4.66667e-01   0.007111
     17:   0.00000e+00   6.66667e-02  -4.00000e-01   0.007111
     18:   0.00000e+00   6.66667e-02  -3.33333e-01   0.007111
     19:   0.00000e+00   6.66667e-02  -2.66667e-01   0.007111
     20:   0.00000e+00   6.66667e-02  -2.00000e-01   0.007111
     21:   0.00000e+00   6.66667e-02  -1.33333e-01   0.007111
     22:   0.00000e+00   6.66667e-02  -6.66667e-02   0.003556
     23:   0.00000e+00   1.33333e-01   1.33333e-01   0.001778
     24:   0.00000e+00   1.33333e-01   2.00000e-01   0.007111
     25:   0.00000e+00   1.33333e-01   2.66667e-01   0.007111
     26:   0.00000e+00   1.33333e-01   3.33333e-01   0.007111
     27:   0.00000e+00   1.33333e-01   4.00000e-01   0.007111
     28:   0.00000e+00   1.33333e-01   4.66667e-01   0.007111
     29:   0.00000e+00   1.33333e-01  -4.66667e-01   0.007111
     30:   0.00000e+00   1.33333e-01  -4.00000e-01   0.007111
     31:   0.00000e+00   1.33333e-01  -3.33333e-01   0.007111
     32:   0.00000e+00   1.33333e-01  -2.66667e-01   0.007111
     33:   0.00000e+00   1.33333e-01  -2.00000e-01   0.007111
     34:   0.00000e+00   1.33333e-01  -1.33333e-01   0.003556
     35:   0.00000e+00   2.00000e-01   2.00000e-01   0.001778
     36:   0.00000e+00   2.00000e-01   2.66667e-01   0.007111
     37:   0.00000e+00   2.00000e-01   3.33333e-01   0.007111
     38:   0.00000e+00   2.00000e-01   4.00000e-01   0.007111
     39:   0.00000e+00   2.00000e-01   4.66667e-01   0.007111
     40:   0.00000e+00   2.00000e-01  -4.66667e-01   0.007111
     41:   0.00000e+00   2.00000e-01  -4.00000e-01   0.007111
     42:   0.00000e+00   2.00000e-01  -3.33333e-01   0.007111
     43:   0.00000e+00   2.00000e-01  -2.66667e-01   0.007111
     44:   0.00000e+00   2.00000e-01  -2.00000e-01   0.003556
     45:   0.00000e+00   2.66667e-01   2.66667e-01   0.001778
     46:   0.00000e+00   2.66667e-01   3.33333e-01   0.007111
     47:   0.00000e+00   2.66667e-01   4.00000e-01   0.007111
     48:   0.00000e+00   2.66667e-01   4.66667e-01   0.007111
     49:   0.00000e+00   2.66667e-01  -4.66667e-01   0.007111
     50:   0.00000e+00   2.66667e-01  -4.00000e-01   0.007111
     51:   0.00000e+00   2.66667e-01  -3.33333e-01   0.007111
     52:   0.00000e+00   2.66667e-01  -2.66667e-01   0.003556
     53:   0.00000e+00   3.33333e-01   3.33333e-01   0.001778
     54:   0.00000e+00   3.33333e-01   4.00000e-01   0.007111
     55:   0.00000e+00   3.33333e-01   4.66667e-01   0.007111
     56:   0.00000e+00   3.33333e-01  -4.66667e-01   0.007111
     57:   0.00000e+00   3.33333e-01  -4.00000e-01   0.007111
     58:   0.00000e+00   3.33333e-01  -3.33333e-01   0.003556
     59:   0.00000e+00   4.00000e-01   4.00000e-01   0.001778
     60:   0.00000e+00   4.00000e-01   4.66667e-01   0.007111
     61:   0.00000e+00   4.00000e-01  -4.66667e-01   0.007111
     62:   0.00000e+00   4.00000e-01  -4.00000e-01   0.003556
     63:   0.00000e+00   4.66667e-01   4.66667e-01   0.001778
     64:   0.00000e+00   4.66667e-01  -4.66667e-01   0.003556
     65:   6.66667e-02   1.33333e-01   2.00000e-01   0.007111
     66:   6.66667e-02   1.33333e-01   2.66667e-01   0.014222
     67:   6.66667e-02   1.33333e-01   3.33333e-01   0.014222
     68:   6.66667e-02   1.33333e-01   4.00000e-01   0.014222
     69:   6.66667e-02   1.33333e-01   4.66667e-01   0.014222
     70:   6.66667e-02   1.33333e-01  -4.66667e-01   0.014222
     71:   6.66667e-02   2.00000e-01   2.66667e-01   0.007111
     72:   6.66667e-02   2.00000e-01   3.33333e-01   0.014222
     73:   6.66667e-02   2.00000e-01   4.00000e-01   0.014222
     74:   6.66667e-02   2.00000e-01   4.66667e-01   0.014222
     75:   6.66667e-02   2.00000e-01  -4.66667e-01   0.014222
     76:   6.66667e-02   2.00000e-01  -4.00000e-01   0.014222
     77:   6.66667e-02   2.00000e-01  -3.33333e-01   0.014222
     78:   6.66667e-02   2.00000e-01  -2.66667e-01   0.014222
     79:   6.66667e-02   2.00000e-01  -2.00000e-01   0.014222
     80:   6.66667e-02   2.00000e-01  -1.33333e-01   0.007111
     81:   6.66667e-02   2.66667e-01   3.33333e-01   0.007111
     82:   6.66667e-02   2.66667e-01   4.00000e-01   0.014222
     83:   6.66667e-02   2.66667e-01   4.66667e-01   0.014222
     84:   6.66667e-02   2.66667e-01  -4.66667e-01   0.014222
     85:   6.66667e-02   2.66667e-01  -4.00000e-01   0.014222
     86:   6.66667e-02   2.66667e-01  -3.33333e-01   0.014222
     87:   6.66667e-02   2.66667e-01  -2.66667e-01   0.014222
     88:   6.66667e-02   2.66667e-01  -2.00000e-01   0.007111
     89:   6.66667e-02   3.33333e-01   4.00000e-01   0.007111
     90:   6.66667e-02   3.33333e-01   4.66667e-01   0.014222
     91:   6.66667e-02   3.33333e-01  -4.66667e-01   0.014222
     92:   6.66667e-02   3.33333e-01  -4.00000e-01   0.014222
     93:   6.66667e-02   3.33333e-01  -3.33333e-01   0.014222
     94:   6.66667e-02   3.33333e-01  -2.66667e-01   0.007111
     95:   6.66667e-02   4.00000e-01   4.66667e-01   0.007111
     96:   6.66667e-02   4.00000e-01  -4.66667e-01   0.014222
     97:   6.66667e-02   4.00000e-01  -4.00000e-01   0.014222
     98:   6.66667e-02   4.00000e-01  -3.33333e-01   0.007111
     99:   6.66667e-02   4.66667e-01  -4.66667e-01   0.007111
    100:   6.66667e-02   4.66667e-01  -4.00000e-01   0.007111
    101:   1.33333e-01   2.66667e-01   4.00000e-01   0.007111
    102:   1.33333e-01   2.66667e-01   4.66667e-01   0.014222
    103:   1.33333e-01   2.66667e-01  -4.66667e-01   0.014222
    104:   1.33333e-01   2.66667e-01  -4.00000e-01   0.014222
    105:   1.33333e-01   3.33333e-01   4.66667e-01   0.007111
    106:   1.33333e-01   3.33333e-01  -4.66667e-01   0.014222
    107:   1.33333e-01   3.33333e-01  -4.00000e-01   0.014222
    108:   1.33333e-01   3.33333e-01  -3.33333e-01   0.014222
    109:   1.33333e-01   3.33333e-01  -2.66667e-01   0.014222
    110:   1.33333e-01   3.33333e-01  -2.00000e-01   0.007111
    111:   1.33333e-01   4.00000e-01  -4.66667e-01   0.007111
    112:   1.33333e-01   4.00000e-01  -4.00000e-01   0.014222
    113:   1.33333e-01   4.00000e-01  -3.33333e-01   0.014222
    114:   1.33333e-01   4.00000e-01  -2.66667e-01   0.007111
    115:   1.33333e-01   4.66667e-01  -4.00000e-01   0.007111
    116:   1.33333e-01   4.66667e-01  -3.33333e-01   0.007111
    117:   2.00000e-01   4.00000e-01  -4.00000e-01   0.007111
    118:   2.00000e-01   4.00000e-01  -3.33333e-01   0.014222
    119:   2.00000e-01   4.66667e-01  -3.33333e-01   0.007111
    120:   2.00000e-01   4.66667e-01  -2.66667e-01   0.007111

 Force constant
 ==============

  Reading force constants from the XML file ... done !
  Number of non-zero IFCs for 2 order: 1710

  Maximum deviation from the translational invariance: 
   Order 2 : 6.261268e-16


 Dynamical matrix
 ================

  NONANALYTIC = 2 : Non-analytic part of the dynamical matrix will be included 
                    by the mixed-space approach.

  Dielectric constants and Born effective charges are read from BORNINFO.

  Dielectric constant tensor in Cartesian coordinate : 
   1.702739e+01   0.000000e+00  -0.000000e+00
   0.000000e+00   1.702739e+01   0.000000e+00
  -0.000000e+00   0.000000e+00   1.702739e+01

  Born effective charge tensor in Cartesian coordinate
  Atom    1( Si) :
       0.000000      -0.000000      -0.000000
       0.000000       0.000000       0.000000
       0.000000       0.000000      -0.000000
  Atom    2( Si) :
      -0.000000       0.000000       0.000000
      -0.000000      -0.000000       0.000000
      -0.000000       0.000000       0.000000

 -----------------------------------------------------------------


 ISMEAR = -1: Tetrahedron method will be used.

 Now, move on to phonon calculations.

 Diagonalizing dynamical matrices for all k points ... done!
 PDOS = 1 : Calculating atom-projected phonon DOS ...  done!

 -----------------------------------------------------------------

 Phonon frequencies below:

 # Irred. k point    1 : (  0.0000,  0.0000,  0.0000)
   Mode, Frequency 
      1      0.0000 cm^-1  (      0.0000 THz )
      2      0.0000 cm^-1  (      0.0000 THz )
      3      0.0000 cm^-1  (      0.0000 THz )
      4    509.9398 cm^-1  (     15.2876 THz )
      5    509.9398 cm^-1  (     15.2876 THz )
      6    509.9398 cm^-1  (     15.2876 THz )

 # Irred. k point    2 : (  0.0000,  0.0000,  0.0667)
   Mode, Frequency 
      1     30.4825 cm^-1  (      0.9138 THz )
      2     30.4825 cm^-1  (      0.9138 THz )
      3     62.1192 cm^-1  (      1.8623 THz )
      4    506.5025 cm^-1  (     15.1846 THz )
      5    508.0928 cm^-1  (     15.2322 THz )
      6    508.0928 cm^-1  (     15.2322 THz )

 # Irred. k point    3 : (  0.0000,  0.0000,  0.1333)
   Mode, Frequency 
      1     58.0421 cm^-1  (      1.7401 THz )
      2     58.0421 cm^-1  (      1.7401 THz )
      3    123.0166 cm^-1  (      3.6879 THz )
      4    496.9875 cm^-1  (     14.8993 THz )
      5    503.1479 cm^-1  (     15.0840 THz )
      6    503.1479 cm^-1  (     15.0840 THz )

 # Irred. k point    4 : (  0.0000,  0.0000,  0.2000)
   Mode, Frequency 
      1     79.9780 cm^-1  (      2.3977 THz )
      2     79.9780 cm^-1  (      2.3977 THz )
      3    181.5779 cm^-1  (      5.4436 THz )
      4    483.3597 cm^-1  (     14.4908 THz )
      5    496.7572 cm^-1  (     14.8924 THz )
      6    496.7572 cm^-1  (     14.8924 THz )

 # Irred. k point    5 : (  0.0000,  0.0000,  0.2667)
   Mode, Frequency 
      1     94.4841 cm^-1  (      2.8326 THz )
      2     94.4841 cm^-1  (      2.8326 THz )
      3    236.7130 cm^-1  (      7.0965 THz )
      4    467.6543 cm^-1  (     14.0199 THz )
      5    491.0407 cm^-1  (     14.7210 THz )
      6    491.0407 cm^-1  (     14.7210 THz )

 # Irred. k point    6 : (  0.0000,  0.0000,  0.3333)
   Mode, Frequency 
      1    101.6244 cm^-1  (      3.0466 THz )
      2    101.6244 cm^-1  (      3.0466 THz )
      3    287.0901 cm^-1  (      8.6067 THz )
      4    450.8122 cm^-1  (     13.5150 THz )
      5    487.4926 cm^-1  (     14.6147 THz )
      6    487.4926 cm^-1  (     14.6147 THz )

 # Irred. k point    7 : (  0.0000,  0.0000,  0.4000)
   Mode, Frequency 
      1    103.5993 cm^-1  (      3.1058 THz )
      2    103.5993 cm^-1  (      3.1058 THz )
      3    330.7909 cm^-1  (      9.9169 THz )
      4    432.4457 cm^-1  (     12.9644 THz )
      5    486.1573 cm^-1  (     14.5746 THz )
      6    486.1573 cm^-1  (     14.5746 THz )

 # Irred. k point    8 : (  0.0000,  0.0000,  0.4667)
   Mode, Frequency 
      1    103.5198 cm^-1  (      3.1034 THz )
      2    103.5198 cm^-1  (      3.1034 THz )
      3    363.4071 cm^-1  (     10.8947 THz )
      4    413.6819 cm^-1  (     12.4019 THz )
      5    485.9787 cm^-1  (     14.5693 THz )
      6    485.9787 cm^-1  (     14.5693 THz )

 # Irred. k point    9 : (  0.0000,  0.0667,  0.0667)
   Mode, Frequency 
      1     39.2742 cm^-1  (      1.1774 THz )
      2     39.2742 cm^-1  (      1.1774 THz )
      3     67.3593 cm^-1  (      2.0194 THz )
      4    505.8493 cm^-1  (     15.1650 THz )
      5    505.8493 cm^-1  (     15.1650 THz )
      6    508.5884 cm^-1  (     15.2471 THz )

 # Irred. k point   10 : (  0.0000,  0.0667,  0.1333)
   Mode, Frequency 
      1     60.9632 cm^-1  (      1.8276 THz )
      2     61.1865 cm^-1  (      1.8343 THz )
      3    113.1886 cm^-1  (      3.3933 THz )
      4    498.7573 cm^-1  (     14.9524 THz )
      5    500.5765 cm^-1  (     15.0069 THz )
      6    505.5622 cm^-1  (     15.1564 THz )

 # Irred. k point   11 : (  0.0000,  0.0667,  0.2000)
   Mode, Frequency 
      1     81.7034 cm^-1  (      2.4494 THz )
      2     84.0679 cm^-1  (      2.5203 THz )
      3    166.4077 cm^-1  (      4.9888 THz )
      4    486.7938 cm^-1  (     14.5937 THz )
      5    494.0114 cm^-1  (     14.8101 THz )
      6    499.8620 cm^-1  (     14.9855 THz )

 # Irred. k point   12 : (  0.0000,  0.0667,  0.2667)
   Mode, Frequency 
      1     96.1445 cm^-1  (      2.8823 THz )
      2    102.2222 cm^-1  (      3.0645 THz )
      3    219.2268 cm^-1  (      6.5723 THz )
      4    471.8215 cm^-1  (     14.1449 THz )
      5    488.2461 cm^-1  (     14.6373 THz )
      6    493.5090 cm^-1  (     14.7950 THz )

 # Irred. k point   13 : (  0.0000,  0.0667,  0.3333)
   Mode, Frequency 
      1    103.6940 cm^-1  (      3.1087 THz )
      2    112.9115 cm^-1  (      3.3850 THz )
      3    269.1502 cm^-1  (      8.0689 THz )
      4    455.0493 cm^-1  (     13.6420 THz )
      5    484.7167 cm^-1  (     14.5314 THz )
      6    488.6701 cm^-1  (     14.6500 THz )

 # Irred. k point   14 : (  0.0000,  0.0667,  0.4000)
   Mode, Frequency 
      1    106.2644 cm^-1  (      3.1857 THz )
      2    116.7870 cm^-1  (      3.5012 THz )
      3    314.0115 cm^-1  (      9.4138 THz )
      4    436.6808 cm^-1  (     13.0914 THz )
      5    483.4319 cm^-1  (     14.4929 THz )
      6    486.2418 cm^-1  (     14.5772 THz )

 # Irred. k point   15 : (  0.0000,  0.0667,  0.4667)
   Mode, Frequency 
      1    106.9410 cm^-1  (      3.2060 THz )
      2    116.6052 cm^-1  (      3.4957 THz )
      3    350.5335 cm^-1  (     10.5087 THz )
      4    416.9423 cm^-1  (     12.4996 THz )
      5    483.3189 cm^-1  (     14.4895 THz )
      6    485.6307 cm^-1  (     14.5588 THz )

 # Irred. k point   16 : (  0.0000,  0.0667, -0.4667)
   Mode, Frequency 
      1    107.8045 cm^-1  (      3.2319 THz )
      2    115.4875 cm^-1  (      3.4622 THz )
      3    364.7947 cm^-1  (     10.9363 THz )
      4    406.9308 cm^-1  (     12.1995 THz )
      5    483.4006 cm^-1  (     14.4920 THz )
      6    485.6621 cm^-1  (     14.5598 THz )

 # Irred. k point   17 : (  0.0000,  0.0667, -0.4000)
   Mode, Frequency 
      1    108.7240 cm^-1  (      3.2595 THz )
      2    115.1023 cm^-1  (      3.4507 THz )
      3    339.7735 cm^-1  (     10.1862 THz )
      4    422.8053 cm^-1  (     12.6754 THz )
      5    483.6998 cm^-1  (     14.5010 THz )
      6    485.6321 cm^-1  (     14.5589 THz )

 # Irred. k point   18 : (  0.0000,  0.0667, -0.3333)
   Mode, Frequency 
      1    107.5870 cm^-1  (      3.2254 THz )
      2    114.6245 cm^-1  (      3.4364 THz )
      3    299.6199 cm^-1  (      8.9824 THz )
      4    442.1216 cm^-1  (     13.2545 THz )
      5    485.2246 cm^-1  (     14.5467 THz )
      6    485.8289 cm^-1  (     14.5648 THz )

 # Irred. k point   19 : (  0.0000,  0.0667, -0.2667)
   Mode, Frequency 
      1    101.5096 cm^-1  (      3.0432 THz )
      2    111.0639 cm^-1  (      3.3296 THz )
      3    252.4513 cm^-1  (      7.5683 THz )
      4    459.9988 cm^-1  (     13.7904 THz )
      5    487.3059 cm^-1  (     14.6091 THz )
      6    489.0390 cm^-1  (     14.6610 THz )

 # Irred. k point   20 : (  0.0000,  0.0667, -0.2000)
   Mode, Frequency 
      1     88.5640 cm^-1  (      2.6551 THz )
      2    101.0526 cm^-1  (      3.0295 THz )
      3    201.0281 cm^-1  (      6.0267 THz )
      4    476.6398 cm^-1  (     14.2893 THz )
      5    490.9660 cm^-1  (     14.7188 THz )
      6    495.0474 cm^-1  (     14.8411 THz )

 # Irred. k point   21 : (  0.0000,  0.0667, -0.1333)
   Mode, Frequency 
      1     69.0919 cm^-1  (      2.0713 THz )
      2     82.8490 cm^-1  (      2.4837 THz )
      3    147.8832 cm^-1  (      4.4334 THz )
      4    491.3589 cm^-1  (     14.7306 THz )
      5    496.5572 cm^-1  (     14.8864 THz )
      6    501.6289 cm^-1  (     15.0385 THz )

 # Irred. k point   22 : (  0.0000,  0.0667, -0.0667)
   Mode, Frequency 
      1     46.3757 cm^-1  (      1.3903 THz )
      2     56.9496 cm^-1  (      1.7073 THz )
      3     97.4811 cm^-1  (      2.9224 THz )
      4    502.3368 cm^-1  (     15.0597 THz )
      5    502.5589 cm^-1  (     15.0663 THz )
      6    506.5327 cm^-1  (     15.1855 THz )

 # Irred. k point   23 : (  0.0000,  0.1333,  0.1333)
   Mode, Frequency 
      1     75.6538 cm^-1  (      2.2680 THz )
      2     75.6538 cm^-1  (      2.2680 THz )
      3    132.8489 cm^-1  (      3.9827 THz )
      4    494.8748 cm^-1  (     14.8360 THz )
      5    494.8748 cm^-1  (     14.8360 THz )
      6    504.3605 cm^-1  (     15.1203 THz )

 # Irred. k point   24 : (  0.0000,  0.1333,  0.2000)
   Mode, Frequency 
      1     92.3054 cm^-1  (      2.7672 THz )
      2     96.0180 cm^-1  (      2.8785 THz )
      3    169.9682 cm^-1  (      5.0955 THz )
      4    486.0133 cm^-1  (     14.5703 THz )
      5    487.9350 cm^-1  (     14.6279 THz )
      6    499.7970 cm^-1  (     14.9835 THz )

 # Irred. k point   25 : (  0.0000,  0.1333,  0.2667)
   Mode, Frequency 
      1    105.1623 cm^-1  (      3.1527 THz )
      2    118.5651 cm^-1  (      3.5545 THz )
      3    211.2041 cm^-1  (      6.3317 THz )
      4    473.5994 cm^-1  (     14.1982 THz )
      5    481.8996 cm^-1  (     14.4470 THz )
      6    493.1654 cm^-1  (     14.7847 THz )

 # Irred. k point   26 : (  0.0000,  0.1333,  0.3333)
   Mode, Frequency 
      1    112.2737 cm^-1  (      3.3659 THz )
      2    135.6445 cm^-1  (      4.0665 THz )
      3    253.1760 cm^-1  (      7.5900 THz )
      4    457.8836 cm^-1  (     13.7270 THz )
      5    478.1887 cm^-1  (     14.3357 THz )
      6    487.4325 cm^-1  (     14.6129 THz )

 # Irred. k point   27 : (  0.0000,  0.1333,  0.4000)
   Mode, Frequency 
      1    114.9625 cm^-1  (      3.4465 THz )
      2    144.3140 cm^-1  (      4.3264 THz )
      3    293.8540 cm^-1  (      8.8095 THz )
      4    439.1076 cm^-1  (     13.1641 THz )
      5    476.7794 cm^-1  (     14.2935 THz )
      6    484.4299 cm^-1  (     14.5228 THz )

 # Irred. k point   28 : (  0.0000,  0.1333,  0.4667)
   Mode, Frequency 
      1    116.0910 cm^-1  (      3.4803 THz )
      2    146.1821 cm^-1  (      4.3824 THz )
      3    330.0356 cm^-1  (      9.8942 THz )
      4    418.0941 cm^-1  (     12.5341 THz )
      5    476.5671 cm^-1  (     14.2871 THz )
      6    483.8334 cm^-1  (     14.5050 THz )

 # Irred. k point   29 : (  0.0000,  0.1333, -0.4667)
   Mode, Frequency 
      1    117.6145 cm^-1  (      3.5260 THz )
      2    144.9958 cm^-1  (      4.3469 THz )
      3    353.5512 cm^-1  (     10.5992 THz )
      4    400.2026 cm^-1  (     11.9978 THz )
      5    476.5714 cm^-1  (     14.2872 THz )
      6    484.4241 cm^-1  (     14.5227 THz )

 # Irred. k point   30 : (  0.0000,  0.1333, -0.4000)
   Mode, Frequency 
      1    119.2494 cm^-1  (      3.5750 THz )
      2    144.0791 cm^-1  (      4.3194 THz )
      3    341.0991 cm^-1  (     10.2259 THz )
      4    407.1440 cm^-1  (     12.2059 THz )
      5    476.8648 cm^-1  (     14.2960 THz )
      6    485.0873 cm^-1  (     14.5426 THz )

 # Irred. k point   31 : (  0.0000,  0.1333, -0.3333)
   Mode, Frequency 
      1    118.8752 cm^-1  (      3.5638 THz )
      2    144.2121 cm^-1  (      4.3234 THz )
      3    305.8409 cm^-1  (      9.1689 THz )
      4    426.6862 cm^-1  (     12.7917 THz )
      5    478.5419 cm^-1  (     14.3463 THz )
      6    485.3146 cm^-1  (     14.5494 THz )

 # Irred. k point   32 : (  0.0000,  0.1333, -0.2667)
   Mode, Frequency 
      1    113.8760 cm^-1  (      3.4139 THz )
      2    142.7731 cm^-1  (      4.2802 THz )
      3    263.6111 cm^-1  (      7.9029 THz )
      4    446.1649 cm^-1  (     13.3757 THz )
      5    482.7287 cm^-1  (     14.4718 THz )
      6    485.4754 cm^-1  (     14.5542 THz )

 # Irred. k point   33 : (  0.0000,  0.1333, -0.2000)
   Mode, Frequency 
      1    102.7831 cm^-1  (      3.0814 THz )
      2    134.6082 cm^-1  (      4.0355 THz )
      3    219.7785 cm^-1  (      6.5888 THz )
      4    464.4699 cm^-1  (     13.9245 THz )
      5    486.6589 cm^-1  (     14.5897 THz )
      6    489.2858 cm^-1  (     14.6684 THz )

 # Irred. k point   34 : (  0.0000,  0.1333, -0.1333)
   Mode, Frequency 
      1     86.5375 cm^-1  (      2.5943 THz )
      2    114.2211 cm^-1  (      3.4243 THz )
      3    179.9779 cm^-1  (      5.3956 THz )
      4    480.5029 cm^-1  (     14.4051 THz )
      5    490.0180 cm^-1  (     14.6904 THz )
      6    496.4123 cm^-1  (     14.8821 THz )

 # Irred. k point   35 : (  0.0000,  0.2000,  0.2000)
   Mode, Frequency 
      1    105.7504 cm^-1  (      3.1703 THz )
      2    105.7504 cm^-1  (      3.1703 THz )
      3    194.8082 cm^-1  (      5.8402 THz )
      4    480.6190 cm^-1  (     14.4086 THz )
      5    480.6190 cm^-1  (     14.4086 THz )
      6    496.7871 cm^-1  (     14.8933 THz )

 # Irred. k point   36 : (  0.0000,  0.2000,  0.2667)
   Mode, Frequency 
      1    116.7050 cm^-1  (      3.4987 THz )
      2    123.3459 cm^-1  (      3.6978 THz )
      3    225.4268 cm^-1  (      6.7581 THz )
      4    472.1225 cm^-1  (     14.1539 THz )
      5    474.3073 cm^-1  (     14.2194 THz )
      6    490.5469 cm^-1  (     14.7062 THz )

 # Irred. k point   37 : (  0.0000,  0.2000,  0.3333)
   Mode, Frequency 
      1    122.8778 cm^-1  (      3.6838 THz )
      2    145.9213 cm^-1  (      4.3746 THz )
      3    254.8817 cm^-1  (      7.6412 THz )
      4    459.9676 cm^-1  (     13.7895 THz )
      5    470.4107 cm^-1  (     14.1026 THz )
      6    483.7314 cm^-1  (     14.5019 THz )

 # Irred. k point   38 : (  0.0000,  0.2000,  0.4000)
   Mode, Frequency 
      1    125.2284 cm^-1  (      3.7543 THz )
      2    164.7202 cm^-1  (      4.9382 THz )
      3    283.3698 cm^-1  (      8.4952 THz )
      4    442.2293 cm^-1  (     13.2577 THz )
      5    468.8409 cm^-1  (     14.0555 THz )
      6    480.2049 cm^-1  (     14.3962 THz )

 # Irred. k point   39 : (  0.0000,  0.2000,  0.4667)
   Mode, Frequency 
      1    126.4463 cm^-1  (      3.7908 THz )
      2    174.8947 cm^-1  (      5.2432 THz )
      3    311.5843 cm^-1  (      9.3411 THz )
      4    420.0398 cm^-1  (     12.5925 THz )
      5    468.4302 cm^-1  (     14.0432 THz )
      6    480.0024 cm^-1  (     14.3901 THz )

 # Irred. k point   40 : (  0.0000,  0.2000, -0.4667)
   Mode, Frequency 
      1    128.3845 cm^-1  (      3.8489 THz )
      2    177.8363 cm^-1  (      5.3314 THz )
      3    335.5927 cm^-1  (     10.0608 THz )
      4    397.2076 cm^-1  (     11.9080 THz )
      5    468.1875 cm^-1  (     14.0359 THz )
      6    481.5377 cm^-1  (     14.4361 THz )

 # Irred. k point   41 : (  0.0000,  0.2000, -0.4000)
   Mode, Frequency 
      1    130.5836 cm^-1  (      3.9148 THz )
      2    177.8506 cm^-1  (      5.3318 THz )
      3    337.2575 cm^-1  (     10.1107 THz )
      4    390.2034 cm^-1  (     11.6980 THz )
      5    468.2624 cm^-1  (     14.0382 THz )
      6    483.4880 cm^-1  (     14.4946 THz )

 # Irred. k point   42 : (  0.0000,  0.2000, -0.3333)
   Mode, Frequency 
      1    130.8009 cm^-1  (      3.9213 THz )
      2    177.5741 cm^-1  (      5.3235 THz )
      3    309.1925 cm^-1  (      9.2694 THz )
      4    406.4993 cm^-1  (     12.1865 THz )
      5    469.8950 cm^-1  (     14.0871 THz )
      6    484.8889 cm^-1  (     14.5366 THz )

 # Irred. k point   43 : (  0.0000,  0.2000, -0.2667)
   Mode, Frequency 
      1    126.5570 cm^-1  (      3.7941 THz )
      2    174.9200 cm^-1  (      5.2440 THz )
      3    273.7670 cm^-1  (      8.2073 THz )
      4    427.0249 cm^-1  (     12.8019 THz )
      5    474.3422 cm^-1  (     14.2204 THz )
      6    485.3410 cm^-1  (     14.5502 THz )

 # Irred. k point   44 : (  0.0000,  0.2000, -0.2000)
   Mode, Frequency 
      1    116.7642 cm^-1  (      3.5005 THz )
      2    162.3776 cm^-1  (      4.8680 THz )
      3    242.1805 cm^-1  (      7.2604 THz )
      4    447.0205 cm^-1  (     13.4013 THz )
      5    481.4658 cm^-1  (     14.4340 THz )
      6    485.4054 cm^-1  (     14.5521 THz )

 # Irred. k point   45 : (  0.0000,  0.2667,  0.2667)
   Mode, Frequency 
      1    126.1068 cm^-1  (      3.7806 THz )
      2    126.1068 cm^-1  (      3.7806 THz )
      3    251.9433 cm^-1  (      7.5531 THz )
      4    467.8548 cm^-1  (     14.0259 THz )
      5    467.8548 cm^-1  (     14.0259 THz )
      6    485.2366 cm^-1  (     14.5470 THz )

 # Irred. k point   46 : (  0.0000,  0.2667,  0.3333)
   Mode, Frequency 
      1    131.1828 cm^-1  (      3.9328 THz )
      2    139.3063 cm^-1  (      4.1763 THz )
      3    277.1546 cm^-1  (      8.3089 THz )
      4    460.8018 cm^-1  (     13.8145 THz )
      5    463.9395 cm^-1  (     13.9086 THz )
      6    477.7941 cm^-1  (     14.3239 THz )

 # Irred. k point   47 : (  0.0000,  0.2667,  0.4000)
   Mode, Frequency 
      1    132.8498 cm^-1  (      3.9827 THz )
      2    160.5028 cm^-1  (      4.8118 THz )
      3    297.0655 cm^-1  (      8.9058 THz )
      4    446.2745 cm^-1  (     13.3790 THz )
      5    462.3582 cm^-1  (     13.8611 THz )
      6    473.7553 cm^-1  (     14.2028 THz )

 # Irred. k point   48 : (  0.0000,  0.2667,  0.4667)
   Mode, Frequency 
      1    133.8148 cm^-1  (      4.0117 THz )
      2    181.5688 cm^-1  (      5.4433 THz )
      3    313.1156 cm^-1  (      9.3870 THz )
      4    423.9748 cm^-1  (     12.7104 THz )
      5    461.8277 cm^-1  (     13.8452 THz )
      6    474.3153 cm^-1  (     14.2196 THz )

 # Irred. k point   49 : (  0.0000,  0.2667, -0.4667)
   Mode, Frequency 
      1    135.9411 cm^-1  (      4.0754 THz )
      2    196.2434 cm^-1  (      5.8832 THz )
      3    327.7479 cm^-1  (      9.8256 THz )
      4    398.1482 cm^-1  (     11.9362 THz )
      5    461.3182 cm^-1  (     13.8300 THz )
      6    476.9516 cm^-1  (     14.2987 THz )

 # Irred. k point   50 : (  0.0000,  0.2667, -0.4000)
   Mode, Frequency 
      1    138.6081 cm^-1  (      4.1554 THz )
      2    203.1547 cm^-1  (      6.0904 THz )
      3    334.8845 cm^-1  (     10.0396 THz )
      4    378.8928 cm^-1  (     11.3589 THz )
      5    461.0492 cm^-1  (     13.8219 THz )
      6    480.2150 cm^-1  (     14.3965 THz )

 # Irred. k point   51 : (  0.0000,  0.2667, -0.3333)
   Mode, Frequency 
      1    139.3349 cm^-1  (      4.1772 THz )
      2    203.7555 cm^-1  (      6.1084 THz )
      3    316.6060 cm^-1  (      9.4916 THz )
      4    386.0949 cm^-1  (     11.5748 THz )
      5    462.4244 cm^-1  (     13.8631 THz )
      6    483.1308 cm^-1  (     14.4839 THz )

 # Irred. k point   52 : (  0.0000,  0.2667, -0.2667)
   Mode, Frequency 
      1    135.6015 cm^-1  (      4.0652 THz )
      2    196.1680 cm^-1  (      5.8810 THz )
      3    290.9709 cm^-1  (      8.7231 THz )
      4    405.7578 cm^-1  (     12.1643 THz )
      5    466.8779 cm^-1  (     13.9966 THz )
      6    484.8995 cm^-1  (     14.5369 THz )

 # Irred. k point   53 : (  0.0000,  0.3333,  0.3333)
   Mode, Frequency 
      1    135.1814 cm^-1  (      4.0526 THz )
      2    135.1814 cm^-1  (      4.0526 THz )
      3    303.3968 cm^-1  (      9.0956 THz )
      4    460.1809 cm^-1  (     13.7959 THz )
      5    460.1809 cm^-1  (     13.7959 THz )
      6    469.0611 cm^-1  (     14.0621 THz )

 # Irred. k point   54 : (  0.0000,  0.3333,  0.4000)
   Mode, Frequency 
      1    135.9172 cm^-1  (      4.0747 THz )
      2    144.2307 cm^-1  (      4.3239 THz )
      3    323.9774 cm^-1  (      9.7126 THz )
      4    450.0783 cm^-1  (     13.4930 THz )
      5    458.7982 cm^-1  (     13.7544 THz )
      6    464.9345 cm^-1  (     13.9384 THz )

 # Irred. k point   55 : (  0.0000,  0.3333,  0.4667)
   Mode, Frequency 
      1    136.2862 cm^-1  (      4.0858 THz )
      2    164.0738 cm^-1  (      4.9188 THz )
      3    336.8702 cm^-1  (     10.0991 THz )
      4    428.5113 cm^-1  (     12.8464 THz )
      5    458.3543 cm^-1  (     13.7411 THz )
      6    467.3089 cm^-1  (     14.0096 THz )

 # Irred. k point   56 : (  0.0000,  0.3333, -0.4667)
   Mode, Frequency 
      1    138.3273 cm^-1  (      4.1469 THz )
      2    187.0414 cm^-1  (      5.6074 THz )
      3    343.9929 cm^-1  (     10.3126 THz )
      4    401.4808 cm^-1  (     12.0361 THz )
      5    457.7357 cm^-1  (     13.7226 THz )
      6    471.2216 cm^-1  (     14.1269 THz )

 # Irred. k point   57 : (  0.0000,  0.3333, -0.4000)
   Mode, Frequency 
      1    141.3515 cm^-1  (      4.2376 THz )
      2    205.7193 cm^-1  (      6.1673 THz )
      3    346.9616 cm^-1  (     10.4016 THz )
      4    375.1070 cm^-1  (     11.2454 THz )
      5    457.1802 cm^-1  (     13.7059 THz )
      6    475.6128 cm^-1  (     14.2585 THz )

 # Irred. k point   58 : (  0.0000,  0.3333, -0.3333)
   Mode, Frequency 
      1    142.5918 cm^-1  (      4.2748 THz )
      2    213.3353 cm^-1  (      6.3956 THz )
      3    333.7212 cm^-1  (     10.0047 THz )
      4    371.0875 cm^-1  (     11.1249 THz )
      5    458.2084 cm^-1  (     13.7367 THz )
      6    479.8297 cm^-1  (     14.3849 THz )

 # Irred. k point   59 : (  0.0000,  0.4000,  0.4000)
   Mode, Frequency 
      1    135.5923 cm^-1  (      4.0650 THz )
      2    135.5923 cm^-1  (      4.0650 THz )
      3    348.7242 cm^-1  (     10.4545 THz )
      4    447.7014 cm^-1  (     13.4218 THz )
      5    457.7307 cm^-1  (     13.7224 THz )
      6    457.7307 cm^-1  (     13.7224 THz )

 # Irred. k point   60 : (  0.0000,  0.4000,  0.4667)
   Mode, Frequency 
      1    135.0181 cm^-1  (      4.0477 THz )
      2    142.8782 cm^-1  (      4.2834 THz )
      3    365.2499 cm^-1  (     10.9499 THz )
      4    429.5481 cm^-1  (     12.8775 THz )
      5    457.5669 cm^-1  (     13.7175 THz )
      6    460.4943 cm^-1  (     13.8053 THz )

 # Irred. k point   61 : (  0.0000,  0.4000, -0.4667)
   Mode, Frequency 
      1    136.5695 cm^-1  (      4.0943 THz )
      2    163.0903 cm^-1  (      4.8893 THz )
      3    372.8809 cm^-1  (     11.1787 THz )
      4    403.8666 cm^-1  (     12.1076 THz )
      5    457.0713 cm^-1  (     13.7027 THz )
      6    465.1584 cm^-1  (     13.9451 THz )

 # Irred. k point   62 : (  0.0000,  0.4000, -0.4000)
   Mode, Frequency 
      1    139.6761 cm^-1  (      4.1874 THz )
      2    187.6810 cm^-1  (      5.6265 THz )
      3    371.9790 cm^-1  (     11.1516 THz )
      4    376.6390 cm^-1  (     11.2914 THz )
      5    456.4264 cm^-1  (     13.6833 THz )
      6    470.3898 cm^-1  (     14.1019 THz )

 # Irred. k point   63 : (  0.0000,  0.4667,  0.4667)
   Mode, Frequency 
      1    133.2989 cm^-1  (      3.9962 THz )
      2    133.2989 cm^-1  (      3.9962 THz )
      3    387.8031 cm^-1  (     11.6260 THz )
      4    420.7224 cm^-1  (     12.6129 THz )
      5    457.7649 cm^-1  (     13.7234 THz )
      6    457.7649 cm^-1  (     13.7234 THz )

 # Irred. k point   64 : (  0.0000,  0.4667, -0.4667)
   Mode, Frequency 
      1    133.8917 cm^-1  (      4.0140 THz )
      2    141.4740 cm^-1  (      4.2413 THz )
      3    400.2805 cm^-1  (     12.0001 THz )
      4    400.8982 cm^-1  (     12.0186 THz )
      5    457.5770 cm^-1  (     13.7178 THz )
      6    460.0520 cm^-1  (     13.7920 THz )

 # Irred. k point   65 : (  0.0667,  0.1333,  0.2000)
   Mode, Frequency 
      1     75.8214 cm^-1  (      2.2731 THz )
      2     88.1301 cm^-1  (      2.6421 THz )
      3    147.7651 cm^-1  (      4.4299 THz )
      4    491.3860 cm^-1  (     14.7314 THz )
      5    493.6513 cm^-1  (     14.7993 THz )
      6    501.9488 cm^-1  (     15.0480 THz )

 # Irred. k point   66 : (  0.0667,  0.1333,  0.2667)
   Mode, Frequency 
      1     93.5254 cm^-1  (      2.8038 THz )
      2    111.4917 cm^-1  (      3.3424 THz )
      3    190.3124 cm^-1  (      5.7054 THz )
      4    478.5433 cm^-1  (     14.3464 THz )
      5    487.8774 cm^-1  (     14.6262 THz )
      6    495.7421 cm^-1  (     14.8620 THz )

 # Irred. k point   67 : (  0.0667,  0.1333,  0.3333)
   Mode, Frequency 
      1    106.8153 cm^-1  (      3.2022 THz )
      2    126.5597 cm^-1  (      3.7942 THz )
      3    235.9000 cm^-1  (      7.0721 THz )
      4    462.5495 cm^-1  (     13.8669 THz )
      5    483.9064 cm^-1  (     14.5071 THz )
      6    489.3051 cm^-1  (     14.6690 THz )

 # Irred. k point   68 : (  0.0667,  0.1333,  0.4000)
   Mode, Frequency 
      1    113.5789 cm^-1  (      3.4050 THz )
      2    133.8343 cm^-1  (      4.0123 THz )
      3    280.7329 cm^-1  (      8.4162 THz )
      4    444.5312 cm^-1  (     13.3267 THz )
      5    481.2164 cm^-1  (     14.4265 THz )
      6    485.5370 cm^-1  (     14.5560 THz )

 # Irred. k point   69 : (  0.0667,  0.1333,  0.4667)
   Mode, Frequency 
      1    115.6761 cm^-1  (      3.4679 THz )
      2    135.6456 cm^-1  (      4.0666 THz )
      3    321.3354 cm^-1  (      9.6334 THz )
      4    424.8266 cm^-1  (     12.7360 THz )
      5    479.4963 cm^-1  (     14.3749 THz )
      6    484.6690 cm^-1  (     14.5300 THz )

 # Irred. k point   70 : (  0.0667,  0.1333, -0.4667)
   Mode, Frequency 
      1    116.0051 cm^-1  (      3.4777 THz )
      2    135.1862 cm^-1  (      4.0528 THz )
      3    352.1687 cm^-1  (     10.5578 THz )
      4    405.6194 cm^-1  (     12.1602 THz )
      5    478.9638 cm^-1  (     14.3590 THz )
      6    484.6821 cm^-1  (     14.5304 THz )

 # Irred. k point   71 : (  0.0667,  0.2000,  0.2667)
   Mode, Frequency 
      1    106.3596 cm^-1  (      3.1886 THz )
      2    116.0931 cm^-1  (      3.4804 THz )
      3    200.5787 cm^-1  (      6.0132 THz )
      4    476.6451 cm^-1  (     14.2895 THz )
      5    481.8252 cm^-1  (     14.4448 THz )
      6    494.4307 cm^-1  (     14.8227 THz )

 # Irred. k point   72 : (  0.0667,  0.2000,  0.3333)
   Mode, Frequency 
      1    118.4556 cm^-1  (      3.5512 THz )
      2    137.3000 cm^-1  (      4.1162 THz )
      3    233.2705 cm^-1  (      6.9933 THz )
      4    463.4272 cm^-1  (     13.8932 THz )
      5    477.8760 cm^-1  (     14.3264 THz )
      6    487.3314 cm^-1  (     14.6098 THz )

 # Irred. k point   73 : (  0.0667,  0.2000,  0.4000)
   Mode, Frequency 
      1    124.6245 cm^-1  (      3.7361 THz )
      2    153.8389 cm^-1  (      4.6120 THz )
      3    267.4252 cm^-1  (      8.0172 THz )
      4    446.6609 cm^-1  (     13.3906 THz )
      5    475.0928 cm^-1  (     14.2429 THz )
      6    482.5047 cm^-1  (     14.4651 THz )

 # Irred. k point   74 : (  0.0667,  0.2000,  0.4667)
   Mode, Frequency 
      1    126.8544 cm^-1  (      3.8030 THz )
      2    162.2816 cm^-1  (      4.8651 THz )
      3    301.8865 cm^-1  (      9.0503 THz )
      4    426.4845 cm^-1  (     12.7857 THz )
      5    472.9657 cm^-1  (     14.1792 THz )
      6    481.4185 cm^-1  (     14.4326 THz )

 # Irred. k point   75 : (  0.0667,  0.2000, -0.4667)
   Mode, Frequency 
      1    128.1056 cm^-1  (      3.8405 THz )
      2    164.3051 cm^-1  (      4.9257 THz )
      3    332.4725 cm^-1  (      9.9673 THz )
      4    404.7811 cm^-1  (     12.1350 THz )
      5    471.9928 cm^-1  (     14.1500 THz )
      6    481.9379 cm^-1  (     14.4481 THz )

 # Irred. k point   76 : (  0.0667,  0.2000, -0.4000)
   Mode, Frequency 
      1    129.4778 cm^-1  (      3.8816 THz )
      2    163.8548 cm^-1  (      4.9122 THz )
      3    345.2983 cm^-1  (     10.3518 THz )
      4    392.8857 cm^-1  (     11.7784 THz )
      5    471.7516 cm^-1  (     14.1428 THz )
      6    482.8171 cm^-1  (     14.4745 THz )

 # Irred. k point   77 : (  0.0667,  0.2000, -0.3333)
   Mode, Frequency 
      1    130.0589 cm^-1  (      3.8991 THz )
      2    163.5222 cm^-1  (      4.9023 THz )
      3    323.3767 cm^-1  (      9.6946 THz )
      4    406.9528 cm^-1  (     12.2001 THz )
      5    472.4446 cm^-1  (     14.1635 THz )
      6    483.4756 cm^-1  (     14.4942 THz )

 # Irred. k point   78 : (  0.0667,  0.2000, -0.2667)
   Mode, Frequency 
      1    128.0160 cm^-1  (      3.8378 THz )
      2    162.3025 cm^-1  (      4.8657 THz )
      3    288.0931 cm^-1  (      8.6368 THz )
      4    427.4342 cm^-1  (     12.8142 THz )
      5    475.2409 cm^-1  (     14.2474 THz )
      6    483.5889 cm^-1  (     14.4976 THz )

 # Irred. k point   79 : (  0.0667,  0.2000, -0.2000)
   Mode, Frequency 
      1    121.1735 cm^-1  (      3.6327 THz )
      2    156.0054 cm^-1  (      4.6769 THz )
      3    250.7507 cm^-1  (      7.5173 THz )
      4    447.0962 cm^-1  (     13.4036 THz )
      5    480.8069 cm^-1  (     14.4142 THz )
      6    483.6640 cm^-1  (     14.4999 THz )

 # Irred. k point   80 : (  0.0667,  0.2000, -0.1333)
   Mode, Frequency 
      1    108.7523 cm^-1  (      3.2603 THz )
      2    139.1613 cm^-1  (      4.1720 THz )
      3    217.4550 cm^-1  (      6.5191 THz )
      4    464.6858 cm^-1  (     13.9309 THz )
      5    484.2727 cm^-1  (     14.5181 THz )
      6    488.8026 cm^-1  (     14.6539 THz )

 # Irred. k point   81 : (  0.0667,  0.2667,  0.3333)
   Mode, Frequency 
      1    129.2351 cm^-1  (      3.8744 THz )
      2    134.9309 cm^-1  (      4.0451 THz )
      3    251.6885 cm^-1  (      7.5454 THz )
      4    462.6756 cm^-1  (     13.8707 THz )
      5    470.7433 cm^-1  (     14.1125 THz )
      6    483.6467 cm^-1  (     14.4994 THz )

 # Irred. k point   82 : (  0.0667,  0.2667,  0.4000)
   Mode, Frequency 
      1    135.4096 cm^-1  (      4.0595 THz )
      2    154.9216 cm^-1  (      4.6444 THz )
      3    275.1668 cm^-1  (      8.2493 THz )
      4    449.0288 cm^-1  (     13.4615 THz )
      5    468.9398 cm^-1  (     14.0585 THz )
      6    477.2769 cm^-1  (     14.3084 THz )

 # Irred. k point   83 : (  0.0667,  0.2667,  0.4667)
   Mode, Frequency 
      1    137.1855 cm^-1  (      4.1127 THz )
      2    174.6370 cm^-1  (      5.2355 THz )
      3    296.9243 cm^-1  (      8.9016 THz )
      4    429.6584 cm^-1  (     12.8808 THz )
      5    466.6970 cm^-1  (     13.9912 THz )
      6    475.9467 cm^-1  (     14.2685 THz )

 # Irred. k point   84 : (  0.0667,  0.2667, -0.4667)
   Mode, Frequency 
      1    138.6531 cm^-1  (      4.1567 THz )
      2    186.8460 cm^-1  (      5.6015 THz )
      3    318.5040 cm^-1  (      9.5485 THz )
      4    406.1639 cm^-1  (     12.1765 THz )
      5    465.1370 cm^-1  (     13.9445 THz )
      6    477.3496 cm^-1  (     14.3106 THz )

 # Irred. k point   85 : (  0.0667,  0.2667, -0.4000)
   Mode, Frequency 
      1    140.7872 cm^-1  (      4.2207 THz )
      2    191.5578 cm^-1  (      5.7428 THz )
      3    334.7437 cm^-1  (     10.0354 THz )
      4    385.3035 cm^-1  (     11.5511 THz )
      5    464.3739 cm^-1  (     13.9216 THz )
      6    479.4895 cm^-1  (     14.3747 THz )

 # Irred. k point   86 : (  0.0667,  0.2667, -0.3333)
   Mode, Frequency 
      1    142.1467 cm^-1  (      4.2614 THz )
      2    192.0249 cm^-1  (      5.7568 THz )
      3    324.8495 cm^-1  (      9.7387 THz )
      4    387.5597 cm^-1  (     11.6187 THz )
      5    464.7374 cm^-1  (     13.9325 THz )
      6    481.6100 cm^-1  (     14.4383 THz )

 # Irred. k point   87 : (  0.0667,  0.2667, -0.2667)
   Mode, Frequency 
      1    140.3340 cm^-1  (      4.2071 THz )
      2    189.0891 cm^-1  (      5.6687 THz )
      3    296.6415 cm^-1  (      8.8931 THz )
      4    406.6165 cm^-1  (     12.1901 THz )
      5    467.4946 cm^-1  (     14.0151 THz )
      6    482.9606 cm^-1  (     14.4788 THz )

 # Irred. k point   88 : (  0.0667,  0.2667, -0.2000)
   Mode, Frequency 
      1    133.3849 cm^-1  (      3.9988 THz )
      2    178.5458 cm^-1  (      5.3527 THz )
      3    269.6950 cm^-1  (      8.0853 THz )
      4    427.6401 cm^-1  (     12.8203 THz )
      5    473.3869 cm^-1  (     14.1918 THz )
      6    483.2325 cm^-1  (     14.4869 THz )

 # Irred. k point   89 : (  0.0667,  0.3333,  0.4000)
   Mode, Frequency 
      1    141.5030 cm^-1  (      4.2422 THz )
      2    143.1143 cm^-1  (      4.2905 THz )
      3    299.2394 cm^-1  (      8.9710 THz )
      4    451.2113 cm^-1  (     13.5270 THz )
      5    463.3815 cm^-1  (     13.8918 THz )
      6    470.8460 cm^-1  (     14.1156 THz )

 # Irred. k point   90 : (  0.0667,  0.3333,  0.4667)
   Mode, Frequency 
      1    143.0458 cm^-1  (      4.2884 THz )
      2    162.8964 cm^-1  (      4.8835 THz )
      3    315.2957 cm^-1  (      9.4523 THz )
      4    433.7915 cm^-1  (     13.0047 THz )
      5    462.5537 cm^-1  (     13.8670 THz )
      6    468.9197 cm^-1  (     14.0579 THz )

 # Irred. k point   91 : (  0.0667,  0.3333, -0.4667)
   Mode, Frequency 
      1    144.3029 cm^-1  (      4.3261 THz )
      2    184.9777 cm^-1  (      5.5455 THz )
      3    326.8353 cm^-1  (      9.7983 THz )
      4    409.7416 cm^-1  (     12.2837 THz )
      5    460.7005 cm^-1  (     13.8115 THz )
      6    471.4276 cm^-1  (     14.1330 THz )

 # Irred. k point   92 : (  0.0667,  0.3333, -0.4000)
   Mode, Frequency 
      1    146.7988 cm^-1  (      4.4009 THz )
      2    201.7126 cm^-1  (      6.0472 THz )
      3    335.9391 cm^-1  (     10.0712 THz )
      4    383.9084 cm^-1  (     11.5093 THz )
      5    459.4413 cm^-1  (     13.7737 THz )
      6    474.8117 cm^-1  (     14.2345 THz )

 # Irred. k point   93 : (  0.0667,  0.3333, -0.3333)
   Mode, Frequency 
      1    148.7344 cm^-1  (      4.4589 THz )
      2    209.2662 cm^-1  (      6.2736 THz )
      3    333.0835 cm^-1  (      9.9856 THz )
      4    372.4182 cm^-1  (     11.1648 THz )
      5    459.3349 cm^-1  (     13.7705 THz )
      6    478.3247 cm^-1  (     14.3398 THz )

 # Irred. k point   94 : (  0.0667,  0.3333, -0.2667)
   Mode, Frequency 
      1    147.2668 cm^-1  (      4.4149 THz )
      2    205.7047 cm^-1  (      6.1669 THz )
      3    312.7865 cm^-1  (      9.3771 THz )
      4    385.9590 cm^-1  (     11.5708 THz )
      5    461.7578 cm^-1  (     13.8432 THz )
      6    481.2708 cm^-1  (     14.4281 THz )

 # Irred. k point   95 : (  0.0667,  0.4000,  0.4667)
   Mode, Frequency 
      1    143.6847 cm^-1  (      4.3076 THz )
      2    144.4685 cm^-1  (      4.3311 THz )
      3    342.1899 cm^-1  (     10.2586 THz )
      4    435.9463 cm^-1  (     13.0693 THz )
      5    460.2473 cm^-1  (     13.7979 THz )
      6    462.0236 cm^-1  (     13.8511 THz )

 # Irred. k point   96 : (  0.0667,  0.4000, -0.4667)
   Mode, Frequency 
      1    144.7928 cm^-1  (      4.3408 THz )
      2    164.0699 cm^-1  (      4.9187 THz )
      3    352.5433 cm^-1  (     10.5690 THz )
      4    413.0289 cm^-1  (     12.3823 THz )
      5    459.2836 cm^-1  (     13.7690 THz )
      6    465.0134 cm^-1  (     13.9408 THz )

 # Irred. k point   97 : (  0.0667,  0.4000, -0.4000)
   Mode, Frequency 
      1    147.3515 cm^-1  (      4.4175 THz )
      2    187.7821 cm^-1  (      5.6296 THz )
      3    356.8898 cm^-1  (     10.6993 THz )
      4    385.4767 cm^-1  (     11.5563 THz )
      5    457.8255 cm^-1  (     13.7253 THz )
      6    469.4333 cm^-1  (     14.0733 THz )

 # Irred. k point   98 : (  0.0667,  0.4000, -0.3333)
   Mode, Frequency 
      1    149.7251 cm^-1  (      4.4886 THz )
      2    206.2569 cm^-1  (      6.1834 THz )
      3    351.6310 cm^-1  (     10.5416 THz )
      4    366.3417 cm^-1  (     10.9826 THz )
      5    457.3331 cm^-1  (     13.7105 THz )
      6    474.0316 cm^-1  (     14.2111 THz )

 # Irred. k point   99 : (  0.0667,  0.4667, -0.4667)
   Mode, Frequency 
      1    142.3849 cm^-1  (      4.2686 THz )
      2    143.0559 cm^-1  (      4.2887 THz )
      3    379.8175 cm^-1  (     11.3866 THz )
      4    411.4705 cm^-1  (     12.3356 THz )
      5    459.5698 cm^-1  (     13.7776 THz )
      6    459.7536 cm^-1  (     13.7831 THz )

 # Irred. k point  100 : (  0.0667,  0.4667, -0.4000)
   Mode, Frequency 
      1    144.8549 cm^-1  (      4.3426 THz )
      2    163.5439 cm^-1  (      4.9029 THz )
      3    384.9308 cm^-1  (     11.5399 THz )
      4    386.2004 cm^-1  (     11.5780 THz )
      5    458.4682 cm^-1  (     13.7445 THz )
      6    464.1013 cm^-1  (     13.9134 THz )

 # Irred. k point  101 : (  0.1333,  0.2667,  0.4000)
   Mode, Frequency 
      1    133.3814 cm^-1  (      3.9987 THz )
      2    155.7679 cm^-1  (      4.6698 THz )
      3    255.6046 cm^-1  (      7.6628 THz )
      4    448.1390 cm^-1  (     13.4349 THz )
      5    477.3251 cm^-1  (     14.3098 THz )
      6    479.4055 cm^-1  (     14.3722 THz )

 # Irred. k point  102 : (  0.1333,  0.2667,  0.4667)
   Mode, Frequency 
      1    142.1716 cm^-1  (      4.2622 THz )
      2    171.2046 cm^-1  (      5.1326 THz )
      3    280.4596 cm^-1  (      8.4080 THz )
      4    429.3039 cm^-1  (     12.8702 THz )
      5    472.1217 cm^-1  (     14.1539 THz )
      6    478.3083 cm^-1  (     14.3393 THz )

 # Irred. k point  103 : (  0.1333,  0.2667, -0.4667)
   Mode, Frequency 
      1    145.5065 cm^-1  (      4.3622 THz )
      2    180.4010 cm^-1  (      5.4083 THz )
      3    307.8686 cm^-1  (      9.2297 THz )
      4    407.8816 cm^-1  (     12.2280 THz )
      5    468.0056 cm^-1  (     14.0305 THz )
      6    478.9424 cm^-1  (     14.3583 THz )

 # Irred. k point  104 : (  0.1333,  0.2667, -0.4000)
   Mode, Frequency 
      1    146.6131 cm^-1  (      4.3954 THz )
      2    183.7279 cm^-1  (      5.5080 THz )
      3    331.6791 cm^-1  (      9.9435 THz )
      4    388.1370 cm^-1  (     11.6361 THz )
      5    466.5067 cm^-1  (     13.9855 THz )
      6    479.0892 cm^-1  (     14.3627 THz )

 # Irred. k point  105 : (  0.1333,  0.3333,  0.4667)
   Mode, Frequency 
      1    152.7528 cm^-1  (      4.5794 THz )
      2    162.9393 cm^-1  (      4.8848 THz )
      3    292.7680 cm^-1  (      8.7770 THz )
      4    432.2101 cm^-1  (     12.9573 THz )
      5    470.0430 cm^-1  (     14.0915 THz )
      6    470.6829 cm^-1  (     14.1107 THz )

 # Irred. k point  106 : (  0.1333,  0.3333, -0.4667)
   Mode, Frequency 
      1    157.8488 cm^-1  (      4.7322 THz )
      2    180.8155 cm^-1  (      5.4207 THz )
      3    308.9863 cm^-1  (      9.2632 THz )
      4    410.7892 cm^-1  (     12.3152 THz )
      5    465.0719 cm^-1  (     13.9425 THz )
      6    472.4072 cm^-1  (     14.1624 THz )

 # Irred. k point  107 : (  0.1333,  0.3333, -0.4000)
   Mode, Frequency 
      1    159.6921 cm^-1  (      4.7874 THz )
      2    194.9331 cm^-1  (      5.8439 THz )
      3    325.0225 cm^-1  (      9.7439 THz )
      4    387.5281 cm^-1  (     11.6178 THz )
      5    462.5640 cm^-1  (     13.8673 THz )
      6    473.8255 cm^-1  (     14.2049 THz )

 # Irred. k point  108 : (  0.1333,  0.3333, -0.3333)
   Mode, Frequency 
      1    160.9614 cm^-1  (      4.8255 THz )
      2    200.2340 cm^-1  (      6.0029 THz )
      3    332.2839 cm^-1  (      9.9616 THz )
      4    374.3784 cm^-1  (     11.2236 THz )
      5    461.7313 cm^-1  (     13.8424 THz )
      6    475.3239 cm^-1  (     14.2499 THz )

 # Irred. k point  109 : (  0.1333,  0.3333, -0.2667)
   Mode, Frequency 
      1    160.1877 cm^-1  (      4.8023 THz )
      2    197.1563 cm^-1  (      5.9106 THz )
      3    316.4728 cm^-1  (      9.4876 THz )
      4    387.1902 cm^-1  (     11.6077 THz )
      5    462.6901 cm^-1  (     13.8711 THz )
      6    476.8607 cm^-1  (     14.2959 THz )

 # Irred. k point  110 : (  0.1333,  0.3333, -0.2000)
   Mode, Frequency 
      1    154.9460 cm^-1  (      4.6452 THz )
      2    186.5128 cm^-1  (      5.5915 THz )
      3    296.3223 cm^-1  (      8.8835 THz )
      4    408.5244 cm^-1  (     12.2473 THz )
      5    466.3650 cm^-1  (     13.9813 THz )
      6    477.7469 cm^-1  (     14.3225 THz )

 # Irred. k point  111 : (  0.1333,  0.4000, -0.4667)
   Mode, Frequency 
      1    163.1000 cm^-1  (      4.8896 THz )
      2    164.3707 cm^-1  (      4.9277 THz )
      3    328.2623 cm^-1  (      9.8411 THz )
      4    413.8672 cm^-1  (     12.4074 THz )
      5    463.8564 cm^-1  (     13.9061 THz )
      6    465.7051 cm^-1  (     13.9615 THz )

 # Irred. k point  112 : (  0.1333,  0.4000, -0.4000)
   Mode, Frequency 
      1    165.2443 cm^-1  (      4.9539 THz )
      2    186.6516 cm^-1  (      5.5957 THz )
      3    337.0562 cm^-1  (     10.1047 THz )
      4    389.3990 cm^-1  (     11.6739 THz )
      5    461.2028 cm^-1  (     13.8265 THz )
      6    467.9685 cm^-1  (     14.0293 THz )

 # Irred. k point  113 : (  0.1333,  0.4000, -0.3333)
   Mode, Frequency 
      1    167.0493 cm^-1  (      5.0080 THz )
      2    203.3203 cm^-1  (      6.0954 THz )
      3    342.0455 cm^-1  (     10.2543 THz )
      4    367.4794 cm^-1  (     11.0168 THz )
      5    459.5290 cm^-1  (     13.7763 THz )
      6    470.8653 cm^-1  (     14.1162 THz )

 # Irred. k point  114 : (  0.1333,  0.4000, -0.2667)
   Mode, Frequency 
      1    166.4987 cm^-1  (      4.9915 THz )
      2    207.1105 cm^-1  (      6.2090 THz )
      3    330.8855 cm^-1  (      9.9197 THz )
      4    369.4958 cm^-1  (     11.0772 THz )
      5    459.7076 cm^-1  (     13.7817 THz )
      6    474.0529 cm^-1  (     14.2117 THz )

 # Irred. k point  115 : (  0.1333,  0.4667, -0.4000)
   Mode, Frequency 
      1    164.8768 cm^-1  (      4.9429 THz )
      2    165.6203 cm^-1  (      4.9652 THz )
      3    361.1756 cm^-1  (     10.8278 THz )
      4    390.1553 cm^-1  (     11.6966 THz )
      5    461.9116 cm^-1  (     13.8478 THz )
      6    462.8027 cm^-1  (     13.8745 THz )

 # Irred. k point  116 : (  0.1333,  0.4667, -0.3333)
   Mode, Frequency 
      1    167.2386 cm^-1  (      5.0137 THz )
      2    188.4970 cm^-1  (      5.6510 THz )
      3    362.6158 cm^-1  (     10.8709 THz )
      4    366.1635 cm^-1  (     10.9773 THz )
      5    460.1027 cm^-1  (     13.7935 THz )
      6    466.3637 cm^-1  (     13.9812 THz )

 # Irred. k point  117 : (  0.2000,  0.4000, -0.4000)
   Mode, Frequency 
      1    174.1337 cm^-1  (      5.2204 THz )
      2    189.2798 cm^-1  (      5.6745 THz )
      3    320.9243 cm^-1  (      9.6211 THz )
      4    388.7348 cm^-1  (     11.6540 THz )
      5    462.4076 cm^-1  (     13.8626 THz )
      6    470.9263 cm^-1  (     14.1180 THz )

 # Irred. k point  118 : (  0.2000,  0.4000, -0.3333)
   Mode, Frequency 
      1    178.3378 cm^-1  (      5.3464 THz )
      2    200.3848 cm^-1  (      6.0074 THz )
      3    333.0487 cm^-1  (      9.9846 THz )
      4    368.9004 cm^-1  (     11.0594 THz )
      5    461.0080 cm^-1  (     13.8207 THz )
      6    470.0360 cm^-1  (     14.0913 THz )

 # Irred. k point  119 : (  0.2000,  0.4667, -0.3333)
   Mode, Frequency 
      1    185.6219 cm^-1  (      5.5648 THz )
      2    189.4769 cm^-1  (      5.6804 THz )
      3    344.3302 cm^-1  (     10.3228 THz )
      4    367.1692 cm^-1  (     11.0075 THz )
      5    462.1829 cm^-1  (     13.8559 THz )
      6    465.2474 cm^-1  (     13.9478 THz )

 # Irred. k point  120 : (  0.2000,  0.4667, -0.2667)
   Mode, Frequency 
      1    186.2799 cm^-1  (      5.5845 THz )
      2    200.6330 cm^-1  (      6.0148 THz )
      3    344.4989 cm^-1  (     10.3278 THz )
      4    356.2148 cm^-1  (     10.6791 THz )
      5    461.3662 cm^-1  (     13.8314 THz )
      6    466.5215 cm^-1  (     13.9860 THz )



 -----------------------------------------------------------------

 The following files are created: 
  Si.dos         : Phonon DOS and atom projected DOS
  Si.thermo      : Thermodynamic quantities

 Job finished at Thu May 11 17:17:03 2023

