 +-----------------------------------------------------------------+
 +                         Program ANPHON                          +
 +                             Ver.  1.4.2                         +
 +-----------------------------------------------------------------+

 Job started at Mon Apr  3 14:28:29 2023

 The number of MPI processes: 1
 The number of OpenMP threads: 32


 Input variables:
 -----------------------------------------------------------------
 General:
  PREFIX = Si
  MODE = PHONONS
  FCSXML = ../../result/FC2.xml

  NKD = 1; KD =   Si
  MASS = 
  NSYM = 0; TOLERANCE = 0.001; PRINTSYM = 0

  NONANALYTIC = 1
  BORNINFO = BORNINFO; NA_SIGMA = 0.1

  TMIN = 0; TMAX = 1000; DT = 10
  EMIN = -25.4965; EMAX = 535.427; DELTA_E = 1.86974

  ISMEAR = -1; EPSILON = 10

  CLASSICAL = 0
  BCONNECT = 0


 Kpoint:
  KPMODE (1st entry for &kpoint) = 2


 Analysis:
  PRINTVEL = 0
  PRINTVEC = 0
  PRINTXSF = 0

  PDOS = 1; TDOS = 0
  PRINTMSD = 0
  SPS = 0

  GRUNEISEN = 0
  NEWFCS = 0


 -----------------------------------------------------------------

                      MODE = phonons                         
                                                             
      Phonon calculation within harmonic approximation       
      Harmonic force constants will be used.                 

 -----------------------------------------------------------------

 Crystal structure
 =================

 Lattice Vectors:

 * Supercell (from ../../result/FC2.xml )

    2.053971e+01  -0.000000e+00  -0.000000e+00 : a1
   -0.000000e+00   2.053971e+01   0.000000e+00 : a2
    0.000000e+00   0.000000e+00   2.053971e+01 : a3

    3.059043e-01   0.000000e+00  -0.000000e+00 : b1
    0.000000e+00   3.059043e-01  -0.000000e+00 : b2
    0.000000e+00   0.000000e+00   3.059043e-01 : b3

 * Primitive cell 

    0.000000e+00   5.134927e+00   5.134927e+00 : a1
    5.134927e+00   0.000000e+00   5.134927e+00 : a2
    5.134927e+00   5.134927e+00   0.000000e+00 : a3

   -6.118087e-01   6.118087e-01   6.118087e-01 : b1
    6.118087e-01  -6.118087e-01   6.118087e-01 : b2
    6.118087e-01   6.118087e-01  -6.118087e-01 : b3


  Volume of the primitive cell : 2.707900e+02 (a.u.)^3

  Number of atoms in the supercell     : 64
  Number of atoms in the primitive cell: 2

  Atomic positions in the primitive cell (fractional):
   1:   5.000000e-01   5.000000e-01   5.000000e-01  Si
   2:   7.500000e-01   7.500000e-01   7.500000e-01  Si

  Mass of atomic species (u):
  Si:   28.085500


 Symmetry
 ========

  NSYM = 0 is given: Trying to find symmetry operations.
  Number of symmetry operations : 48

 k points
 ========

  KPMODE = 2: Uniform grid
  Gamma-centered uniform grid with the following mesh density: 
  nk1:  15
  nk2:  15
  nk3:  15

  Number of k points : 3375
  Number of irreducible k points : 120

  List of irreducible k points (reciprocal coordinate, weight) : 
      1:   0.00000e+00   0.00000e+00   0.00000e+00   0.000296
      2:   0.00000e+00   0.00000e+00   6.66667e-02   0.002370
      3:   0.00000e+00   0.00000e+00   1.33333e-01   0.002370
      4:   0.00000e+00   0.00000e+00   2.00000e-01   0.002370
      5:   0.00000e+00   0.00000e+00   2.66667e-01   0.002370
      6:   0.00000e+00   0.00000e+00   3.33333e-01   0.002370
      7:   0.00000e+00   0.00000e+00   4.00000e-01   0.002370
      8:   0.00000e+00   0.00000e+00   4.66667e-01   0.002370
      9:   0.00000e+00   6.66667e-02   6.66667e-02   0.001778
     10:   0.00000e+00   6.66667e-02   1.33333e-01   0.007111
     11:   0.00000e+00   6.66667e-02   2.00000e-01   0.007111
     12:   0.00000e+00   6.66667e-02   2.66667e-01   0.007111
     13:   0.00000e+00   6.66667e-02   3.33333e-01   0.007111
     14:   0.00000e+00   6.66667e-02   4.00000e-01   0.007111
     15:   0.00000e+00   6.66667e-02   4.66667e-01   0.007111
     16:   0.00000e+00   6.66667e-02  -4.66667e-01   0.007111
     17:   0.00000e+00   6.66667e-02  -4.00000e-01   0.007111
     18:   0.00000e+00   6.66667e-02  -3.33333e-01   0.007111
     19:   0.00000e+00   6.66667e-02  -2.66667e-01   0.007111
     20:   0.00000e+00   6.66667e-02  -2.00000e-01   0.007111
     21:   0.00000e+00   6.66667e-02  -1.33333e-01   0.007111
     22:   0.00000e+00   6.66667e-02  -6.66667e-02   0.003556
     23:   0.00000e+00   1.33333e-01   1.33333e-01   0.001778
     24:   0.00000e+00   1.33333e-01   2.00000e-01   0.007111
     25:   0.00000e+00   1.33333e-01   2.66667e-01   0.007111
     26:   0.00000e+00   1.33333e-01   3.33333e-01   0.007111
     27:   0.00000e+00   1.33333e-01   4.00000e-01   0.007111
     28:   0.00000e+00   1.33333e-01   4.66667e-01   0.007111
     29:   0.00000e+00   1.33333e-01  -4.66667e-01   0.007111
     30:   0.00000e+00   1.33333e-01  -4.00000e-01   0.007111
     31:   0.00000e+00   1.33333e-01  -3.33333e-01   0.007111
     32:   0.00000e+00   1.33333e-01  -2.66667e-01   0.007111
     33:   0.00000e+00   1.33333e-01  -2.00000e-01   0.007111
     34:   0.00000e+00   1.33333e-01  -1.33333e-01   0.003556
     35:   0.00000e+00   2.00000e-01   2.00000e-01   0.001778
     36:   0.00000e+00   2.00000e-01   2.66667e-01   0.007111
     37:   0.00000e+00   2.00000e-01   3.33333e-01   0.007111
     38:   0.00000e+00   2.00000e-01   4.00000e-01   0.007111
     39:   0.00000e+00   2.00000e-01   4.66667e-01   0.007111
     40:   0.00000e+00   2.00000e-01  -4.66667e-01   0.007111
     41:   0.00000e+00   2.00000e-01  -4.00000e-01   0.007111
     42:   0.00000e+00   2.00000e-01  -3.33333e-01   0.007111
     43:   0.00000e+00   2.00000e-01  -2.66667e-01   0.007111
     44:   0.00000e+00   2.00000e-01  -2.00000e-01   0.003556
     45:   0.00000e+00   2.66667e-01   2.66667e-01   0.001778
     46:   0.00000e+00   2.66667e-01   3.33333e-01   0.007111
     47:   0.00000e+00   2.66667e-01   4.00000e-01   0.007111
     48:   0.00000e+00   2.66667e-01   4.66667e-01   0.007111
     49:   0.00000e+00   2.66667e-01  -4.66667e-01   0.007111
     50:   0.00000e+00   2.66667e-01  -4.00000e-01   0.007111
     51:   0.00000e+00   2.66667e-01  -3.33333e-01   0.007111
     52:   0.00000e+00   2.66667e-01  -2.66667e-01   0.003556
     53:   0.00000e+00   3.33333e-01   3.33333e-01   0.001778
     54:   0.00000e+00   3.33333e-01   4.00000e-01   0.007111
     55:   0.00000e+00   3.33333e-01   4.66667e-01   0.007111
     56:   0.00000e+00   3.33333e-01  -4.66667e-01   0.007111
     57:   0.00000e+00   3.33333e-01  -4.00000e-01   0.007111
     58:   0.00000e+00   3.33333e-01  -3.33333e-01   0.003556
     59:   0.00000e+00   4.00000e-01   4.00000e-01   0.001778
     60:   0.00000e+00   4.00000e-01   4.66667e-01   0.007111
     61:   0.00000e+00   4.00000e-01  -4.66667e-01   0.007111
     62:   0.00000e+00   4.00000e-01  -4.00000e-01   0.003556
     63:   0.00000e+00   4.66667e-01   4.66667e-01   0.001778
     64:   0.00000e+00   4.66667e-01  -4.66667e-01   0.003556
     65:   6.66667e-02   1.33333e-01   2.00000e-01   0.007111
     66:   6.66667e-02   1.33333e-01   2.66667e-01   0.014222
     67:   6.66667e-02   1.33333e-01   3.33333e-01   0.014222
     68:   6.66667e-02   1.33333e-01   4.00000e-01   0.014222
     69:   6.66667e-02   1.33333e-01   4.66667e-01   0.014222
     70:   6.66667e-02   1.33333e-01  -4.66667e-01   0.014222
     71:   6.66667e-02   2.00000e-01   2.66667e-01   0.007111
     72:   6.66667e-02   2.00000e-01   3.33333e-01   0.014222
     73:   6.66667e-02   2.00000e-01   4.00000e-01   0.014222
     74:   6.66667e-02   2.00000e-01   4.66667e-01   0.014222
     75:   6.66667e-02   2.00000e-01  -4.66667e-01   0.014222
     76:   6.66667e-02   2.00000e-01  -4.00000e-01   0.014222
     77:   6.66667e-02   2.00000e-01  -3.33333e-01   0.014222
     78:   6.66667e-02   2.00000e-01  -2.66667e-01   0.014222
     79:   6.66667e-02   2.00000e-01  -2.00000e-01   0.014222
     80:   6.66667e-02   2.00000e-01  -1.33333e-01   0.007111
     81:   6.66667e-02   2.66667e-01   3.33333e-01   0.007111
     82:   6.66667e-02   2.66667e-01   4.00000e-01   0.014222
     83:   6.66667e-02   2.66667e-01   4.66667e-01   0.014222
     84:   6.66667e-02   2.66667e-01  -4.66667e-01   0.014222
     85:   6.66667e-02   2.66667e-01  -4.00000e-01   0.014222
     86:   6.66667e-02   2.66667e-01  -3.33333e-01   0.014222
     87:   6.66667e-02   2.66667e-01  -2.66667e-01   0.014222
     88:   6.66667e-02   2.66667e-01  -2.00000e-01   0.007111
     89:   6.66667e-02   3.33333e-01   4.00000e-01   0.007111
     90:   6.66667e-02   3.33333e-01   4.66667e-01   0.014222
     91:   6.66667e-02   3.33333e-01  -4.66667e-01   0.014222
     92:   6.66667e-02   3.33333e-01  -4.00000e-01   0.014222
     93:   6.66667e-02   3.33333e-01  -3.33333e-01   0.014222
     94:   6.66667e-02   3.33333e-01  -2.66667e-01   0.007111
     95:   6.66667e-02   4.00000e-01   4.66667e-01   0.007111
     96:   6.66667e-02   4.00000e-01  -4.66667e-01   0.014222
     97:   6.66667e-02   4.00000e-01  -4.00000e-01   0.014222
     98:   6.66667e-02   4.00000e-01  -3.33333e-01   0.007111
     99:   6.66667e-02   4.66667e-01  -4.66667e-01   0.007111
    100:   6.66667e-02   4.66667e-01  -4.00000e-01   0.007111
    101:   1.33333e-01   2.66667e-01   4.00000e-01   0.007111
    102:   1.33333e-01   2.66667e-01   4.66667e-01   0.014222
    103:   1.33333e-01   2.66667e-01  -4.66667e-01   0.014222
    104:   1.33333e-01   2.66667e-01  -4.00000e-01   0.014222
    105:   1.33333e-01   3.33333e-01   4.66667e-01   0.007111
    106:   1.33333e-01   3.33333e-01  -4.66667e-01   0.014222
    107:   1.33333e-01   3.33333e-01  -4.00000e-01   0.014222
    108:   1.33333e-01   3.33333e-01  -3.33333e-01   0.014222
    109:   1.33333e-01   3.33333e-01  -2.66667e-01   0.014222
    110:   1.33333e-01   3.33333e-01  -2.00000e-01   0.007111
    111:   1.33333e-01   4.00000e-01  -4.66667e-01   0.007111
    112:   1.33333e-01   4.00000e-01  -4.00000e-01   0.014222
    113:   1.33333e-01   4.00000e-01  -3.33333e-01   0.014222
    114:   1.33333e-01   4.00000e-01  -2.66667e-01   0.007111
    115:   1.33333e-01   4.66667e-01  -4.00000e-01   0.007111
    116:   1.33333e-01   4.66667e-01  -3.33333e-01   0.007111
    117:   2.00000e-01   4.00000e-01  -4.00000e-01   0.007111
    118:   2.00000e-01   4.00000e-01  -3.33333e-01   0.014222
    119:   2.00000e-01   4.66667e-01  -3.33333e-01   0.007111
    120:   2.00000e-01   4.66667e-01  -2.66667e-01   0.007111

 Force constant
 ==============

  Reading force constants from the XML file ... done !
  Number of non-zero IFCs for 2 order: 1710

  Maximum deviation from the translational invariance: 
   Order 2 : 7.177418e-17


 Dynamical matrix
 ================

  NONANALYTIC = 1 : Non-analytic part of the dynamical matrix will be included 
                    by the Parlinski's method.
                    The damping factor for the non-analytic term : 1.000000e-01

  Dielectric constants and Born effective charges are read from BORNINFO.

  Dielectric constant tensor in Cartesian coordinate : 
   1.702739e+01   0.000000e+00  -0.000000e+00
   0.000000e+00   1.702739e+01   0.000000e+00
  -0.000000e+00   0.000000e+00   1.702739e+01

  Born effective charge tensor in Cartesian coordinate
  Atom    1( Si) :
       0.000000      -0.000000       0.000000
      -0.000000      -0.000000      -0.000000
       0.000000       0.000000      -0.000000
  Atom    2( Si) :
      -0.000000       0.000000      -0.000000
       0.000000       0.000000       0.000000
      -0.000000      -0.000000       0.000000

 -----------------------------------------------------------------


 ISMEAR = -1: Tetrahedron method will be used.

 Now, move on to phonon calculations.

 Diagonalizing dynamical matrices for all k points ... done!
 PDOS = 1 : Calculating atom-projected phonon DOS ...  done!

 -----------------------------------------------------------------

 Phonon frequencies below:

 # Irred. k point    1 : (  0.0000,  0.0000,  0.0000)
   Mode, Frequency 
      1      0.0000 cm^-1  (      0.0000 THz )
      2      0.0000 cm^-1  (      0.0000 THz )
      3      0.0000 cm^-1  (      0.0000 THz )
      4    509.9303 cm^-1  (     15.2873 THz )
      5    509.9303 cm^-1  (     15.2873 THz )
      6    509.9303 cm^-1  (     15.2873 THz )

 # Irred. k point    2 : (  0.0000,  0.0000,  0.0667)
   Mode, Frequency 
      1     30.5047 cm^-1  (      0.9145 THz )
      2     30.5047 cm^-1  (      0.9145 THz )
      3     62.1043 cm^-1  (      1.8618 THz )
      4    506.4936 cm^-1  (     15.1843 THz )
      5    508.0822 cm^-1  (     15.2319 THz )
      6    508.0822 cm^-1  (     15.2319 THz )

 # Irred. k point    3 : (  0.0000,  0.0000,  0.1333)
   Mode, Frequency 
      1     58.0795 cm^-1  (      1.7412 THz )
      2     58.0795 cm^-1  (      1.7412 THz )
      3    122.9880 cm^-1  (      3.6871 THz )
      4    496.9801 cm^-1  (     14.8991 THz )
      5    503.1342 cm^-1  (     15.0836 THz )
      6    503.1342 cm^-1  (     15.0836 THz )

 # Irred. k point    4 : (  0.0000,  0.0000,  0.2000)
   Mode, Frequency 
      1     80.0205 cm^-1  (      2.3990 THz )
      2     80.0205 cm^-1  (      2.3990 THz )
      3    181.5390 cm^-1  (      5.4424 THz )
      4    483.3542 cm^-1  (     14.4906 THz )
      5    496.7395 cm^-1  (     14.8919 THz )
      6    496.7395 cm^-1  (     14.8919 THz )

 # Irred. k point    5 : (  0.0000,  0.0000,  0.2667)
   Mode, Frequency 
      1     94.5224 cm^-1  (      2.8337 THz )
      2     94.5224 cm^-1  (      2.8337 THz )
      3    236.6700 cm^-1  (      7.0952 THz )
      4    467.6502 cm^-1  (     14.0198 THz )
      5    491.0194 cm^-1  (     14.7204 THz )
      6    491.0194 cm^-1  (     14.7204 THz )

 # Irred. k point    6 : (  0.0000,  0.0000,  0.3333)
   Mode, Frequency 
      1    101.6526 cm^-1  (      3.0475 THz )
      2    101.6526 cm^-1  (      3.0475 THz )
      3    287.0507 cm^-1  (      8.6056 THz )
      4    450.8078 cm^-1  (     13.5149 THz )
      5    487.4695 cm^-1  (     14.6140 THz )
      6    487.4695 cm^-1  (     14.6140 THz )

 # Irred. k point    7 : (  0.0000,  0.0000,  0.4000)
   Mode, Frequency 
      1    103.6164 cm^-1  (      3.1063 THz )
      2    103.6164 cm^-1  (      3.1063 THz )
      3    330.7623 cm^-1  (      9.9160 THz )
      4    432.4371 cm^-1  (     12.9641 THz )
      5    486.1344 cm^-1  (     14.5739 THz )
      6    486.1344 cm^-1  (     14.5739 THz )

 # Irred. k point    8 : (  0.0000,  0.0000,  0.4667)
   Mode, Frequency 
      1    103.5297 cm^-1  (      3.1037 THz )
      2    103.5297 cm^-1  (      3.1037 THz )
      3    363.3941 cm^-1  (     10.8943 THz )
      4    413.6627 cm^-1  (     12.4013 THz )
      5    485.9567 cm^-1  (     14.5686 THz )
      6    485.9567 cm^-1  (     14.5686 THz )

 # Irred. k point    9 : (  0.0000,  0.0667,  0.0667)
   Mode, Frequency 
      1     39.2746 cm^-1  (      1.1774 THz )
      2     39.2746 cm^-1  (      1.1774 THz )
      3     67.3686 cm^-1  (      2.0197 THz )
      4    505.8391 cm^-1  (     15.1647 THz )
      5    505.8391 cm^-1  (     15.1647 THz )
      6    508.5781 cm^-1  (     15.2468 THz )

 # Irred. k point   10 : (  0.0000,  0.0667,  0.1333)
   Mode, Frequency 
      1     60.9913 cm^-1  (      1.8285 THz )
      2     61.1957 cm^-1  (      1.8346 THz )
      3    113.1794 cm^-1  (      3.3930 THz )
      4    498.7479 cm^-1  (     14.9521 THz )
      5    500.5646 cm^-1  (     15.0066 THz )
      6    505.5492 cm^-1  (     15.1560 THz )

 # Irred. k point   11 : (  0.0000,  0.0667,  0.2000)
   Mode, Frequency 
      1     81.7221 cm^-1  (      2.4500 THz )
      2     84.1144 cm^-1  (      2.5217 THz )
      3    166.3793 cm^-1  (      4.9879 THz )
      4    486.7864 cm^-1  (     14.5935 THz )
      5    493.9964 cm^-1  (     14.8096 THz )
      6    499.8446 cm^-1  (     14.9850 THz )

 # Irred. k point   12 : (  0.0000,  0.0667,  0.2667)
   Mode, Frequency 
      1     96.1657 cm^-1  (      2.8830 THz )
      2    102.2688 cm^-1  (      3.0659 THz )
      3    219.1881 cm^-1  (      6.5711 THz )
      4    471.8158 cm^-1  (     14.1447 THz )
      5    488.2276 cm^-1  (     14.6367 THz )
      6    493.4875 cm^-1  (     14.7944 THz )

 # Irred. k point   13 : (  0.0000,  0.0667,  0.3333)
   Mode, Frequency 
      1    103.7113 cm^-1  (      3.1092 THz )
      2    112.9476 cm^-1  (      3.3861 THz )
      3    269.1109 cm^-1  (      8.0677 THz )
      4    455.0439 cm^-1  (     13.6419 THz )
      5    484.6960 cm^-1  (     14.5308 THz )
      6    488.6465 cm^-1  (     14.6493 THz )

 # Irred. k point   14 : (  0.0000,  0.0667,  0.4000)
   Mode, Frequency 
      1    106.2748 cm^-1  (      3.1860 THz )
      2    116.8092 cm^-1  (      3.5019 THz )
      3    313.9800 cm^-1  (      9.4129 THz )
      4    436.6729 cm^-1  (     13.0911 THz )
      5    483.4109 cm^-1  (     14.4923 THz )
      6    486.2183 cm^-1  (     14.5765 THz )

 # Irred. k point   15 : (  0.0000,  0.0667,  0.4667)
   Mode, Frequency 
      1    106.9461 cm^-1  (      3.2062 THz )
      2    116.6157 cm^-1  (      3.4961 THz )
      3    350.5156 cm^-1  (     10.5082 THz )
      4    416.9269 cm^-1  (     12.4992 THz )
      5    483.2985 cm^-1  (     14.4889 THz )
      6    485.6083 cm^-1  (     14.5582 THz )

 # Irred. k point   16 : (  0.0000,  0.0667, -0.4667)
   Mode, Frequency 
      1    107.8104 cm^-1  (      3.2321 THz )
      2    115.4922 cm^-1  (      3.4624 THz )
      3    364.7861 cm^-1  (     10.9360 THz )
      4    406.9080 cm^-1  (     12.1988 THz )
      5    483.3799 cm^-1  (     14.4914 THz )
      6    485.6406 cm^-1  (     14.5591 THz )

 # Irred. k point   17 : (  0.0000,  0.0667, -0.4000)
   Mode, Frequency 
      1    108.7383 cm^-1  (      3.2599 THz )
      2    115.1079 cm^-1  (      3.4508 THz )
      3    339.7501 cm^-1  (     10.1855 THz )
      4    422.7934 cm^-1  (     12.6750 THz )
      5    483.6778 cm^-1  (     14.5003 THz )
      6    485.6108 cm^-1  (     14.5582 THz )

 # Irred. k point   18 : (  0.0000,  0.0667, -0.3333)
   Mode, Frequency 
      1    107.6156 cm^-1  (      3.2262 THz )
      2    114.6353 cm^-1  (      3.4367 THz )
      3    299.5843 cm^-1  (      8.9813 THz )
      4    442.1151 cm^-1  (     13.2543 THz )
      5    485.2010 cm^-1  (     14.5460 THz )
      6    485.8077 cm^-1  (     14.5641 THz )

 # Irred. k point   19 : (  0.0000,  0.0667, -0.2667)
   Mode, Frequency 
      1    101.5543 cm^-1  (      3.0445 THz )
      2    111.0797 cm^-1  (      3.3301 THz )
      3    252.4099 cm^-1  (      7.5671 THz )
      4    459.9934 cm^-1  (     13.7903 THz )
      5    487.2862 cm^-1  (     14.6085 THz )
      6    489.0157 cm^-1  (     14.6603 THz )

 # Irred. k point   20 : (  0.0000,  0.0667, -0.2000)
   Mode, Frequency 
      1     88.6218 cm^-1  (      2.6568 THz )
      2    101.0686 cm^-1  (      3.0300 THz )
      3    200.9892 cm^-1  (      6.0255 THz )
      4    476.6336 cm^-1  (     14.2891 THz )
      5    490.9492 cm^-1  (     14.7183 THz )
      6    495.0267 cm^-1  (     14.8405 THz )

 # Irred. k point   21 : (  0.0000,  0.0667, -0.1333)
   Mode, Frequency 
      1     69.1541 cm^-1  (      2.0732 THz )
      2     82.8576 cm^-1  (      2.4840 THz )
      3    147.8545 cm^-1  (      4.4326 THz )
      4    491.3511 cm^-1  (     14.7303 THz )
      5    496.5439 cm^-1  (     14.8860 THz )
      6    501.6121 cm^-1  (     15.0380 THz )

 # Irred. k point   22 : (  0.0000,  0.0667, -0.0667)
   Mode, Frequency 
      1     46.4284 cm^-1  (      1.3919 THz )
      2     56.9497 cm^-1  (      1.7073 THz )
      3     97.4650 cm^-1  (      2.9219 THz )
      4    502.3278 cm^-1  (     15.0594 THz )
      5    502.5481 cm^-1  (     15.0660 THz )
      6    506.5197 cm^-1  (     15.1851 THz )

 # Irred. k point   23 : (  0.0000,  0.1333,  0.1333)
   Mode, Frequency 
      1     75.6551 cm^-1  (      2.2681 THz )
      2     75.6551 cm^-1  (      2.2681 THz )
      3    132.8638 cm^-1  (      3.9832 THz )
      4    494.8629 cm^-1  (     14.8356 THz )
      5    494.8629 cm^-1  (     14.8356 THz )
      6    504.3476 cm^-1  (     15.1200 THz )

 # Irred. k point   24 : (  0.0000,  0.1333,  0.2000)
   Mode, Frequency 
      1     92.3105 cm^-1  (      2.7674 THz )
      2     96.0341 cm^-1  (      2.8790 THz )
      3    169.9700 cm^-1  (      5.0956 THz )
      4    486.0019 cm^-1  (     14.5700 THz )
      5    487.9213 cm^-1  (     14.6275 THz )
      6    499.7808 cm^-1  (     14.9831 THz )

 # Irred. k point   25 : (  0.0000,  0.1333,  0.2667)
   Mode, Frequency 
      1    105.1705 cm^-1  (      3.1529 THz )
      2    118.5955 cm^-1  (      3.5554 THz )
      3    211.1850 cm^-1  (      6.3312 THz )
      4    473.5899 cm^-1  (     14.1979 THz )
      5    481.8834 cm^-1  (     14.4465 THz )
      6    493.1445 cm^-1  (     14.7841 THz )

 # Irred. k point   26 : (  0.0000,  0.1333,  0.3333)
   Mode, Frequency 
      1    112.2805 cm^-1  (      3.3661 THz )
      2    135.6753 cm^-1  (      4.0674 THz )
      3    253.1454 cm^-1  (      7.5891 THz )
      4    457.8747 cm^-1  (     13.7267 THz )
      5    478.1709 cm^-1  (     14.3352 THz )
      6    487.4092 cm^-1  (     14.6122 THz )

 # Irred. k point   27 : (  0.0000,  0.1333,  0.4000)
   Mode, Frequency 
      1    114.9647 cm^-1  (      3.4466 THz )
      2    144.3349 cm^-1  (      4.3271 THz )
      3    293.8246 cm^-1  (      8.8086 THz )
      4    439.0972 cm^-1  (     13.1638 THz )
      5    476.7615 cm^-1  (     14.2930 THz )
      6    484.4066 cm^-1  (     14.5221 THz )

 # Irred. k point   28 : (  0.0000,  0.1333,  0.4667)
   Mode, Frequency 
      1    116.0886 cm^-1  (      3.4802 THz )
      2    146.1910 cm^-1  (      4.3827 THz )
      3    330.0159 cm^-1  (      9.8936 THz )
      4    418.0795 cm^-1  (     12.5337 THz )
      5    476.5504 cm^-1  (     14.2866 THz )
      6    483.8112 cm^-1  (     14.5043 THz )

 # Irred. k point   29 : (  0.0000,  0.1333, -0.4667)
   Mode, Frequency 
      1    117.6118 cm^-1  (      3.5259 THz )
      2    144.9958 cm^-1  (      4.3469 THz )
      3    353.5427 cm^-1  (     10.5989 THz )
      4    400.1804 cm^-1  (     11.9971 THz )
      5    476.5548 cm^-1  (     14.2868 THz )
      6    484.4032 cm^-1  (     14.5220 THz )

 # Irred. k point   30 : (  0.0000,  0.1333, -0.4000)
   Mode, Frequency 
      1    119.2532 cm^-1  (      3.5751 THz )
      2    144.0756 cm^-1  (      4.3193 THz )
      3    341.0810 cm^-1  (     10.2253 THz )
      4    407.1289 cm^-1  (     12.2054 THz )
      5    476.8465 cm^-1  (     14.2955 THz )
      6    485.0673 cm^-1  (     14.5420 THz )

 # Irred. k point   31 : (  0.0000,  0.1333, -0.3333)
   Mode, Frequency 
      1    118.8926 cm^-1  (      3.5643 THz )
      2    144.2096 cm^-1  (      4.3233 THz )
      3    305.8095 cm^-1  (      9.1679 THz )
      4    426.6769 cm^-1  (     12.7915 THz )
      5    478.5207 cm^-1  (     14.3457 THz )
      6    485.2956 cm^-1  (     14.5488 THz )

 # Irred. k point   32 : (  0.0000,  0.1333, -0.2667)
   Mode, Frequency 
      1    113.9116 cm^-1  (      3.4150 THz )
      2    142.7729 cm^-1  (      4.2802 THz )
      3    263.5718 cm^-1  (      7.9017 THz )
      4    446.1567 cm^-1  (     13.3754 THz )
      5    482.7055 cm^-1  (     14.4711 THz )
      6    485.4580 cm^-1  (     14.5537 THz )

 # Irred. k point   33 : (  0.0000,  0.1333, -0.2000)
   Mode, Frequency 
      1    102.8371 cm^-1  (      3.0830 THz )
      2    134.6084 cm^-1  (      4.0355 THz )
      3    219.7390 cm^-1  (      6.5876 THz )
      4    464.4612 cm^-1  (     13.9242 THz )
      5    486.6437 cm^-1  (     14.5892 THz )
      6    489.2629 cm^-1  (     14.6677 THz )

 # Irred. k point   34 : (  0.0000,  0.1333, -0.1333)
   Mode, Frequency 
      1     86.6033 cm^-1  (      2.5963 THz )
      2    114.2201 cm^-1  (      3.4242 THz )
      3    179.9450 cm^-1  (      5.3946 THz )
      4    480.4940 cm^-1  (     14.4048 THz )
      5    490.0047 cm^-1  (     14.6900 THz )
      6    496.3919 cm^-1  (     14.8815 THz )

 # Irred. k point   35 : (  0.0000,  0.2000,  0.2000)
   Mode, Frequency 
      1    105.7535 cm^-1  (      3.1704 THz )
      2    105.7535 cm^-1  (      3.1704 THz )
      3    194.8229 cm^-1  (      5.8406 THz )
      4    480.6050 cm^-1  (     14.4082 THz )
      5    480.6050 cm^-1  (     14.4082 THz )
      6    496.7700 cm^-1  (     14.8928 THz )

 # Irred. k point   36 : (  0.0000,  0.2000,  0.2667)
   Mode, Frequency 
      1    116.7094 cm^-1  (      3.4989 THz )
      2    123.3550 cm^-1  (      3.6981 THz )
      3    225.4318 cm^-1  (      6.7583 THz )
      4    472.1089 cm^-1  (     14.1535 THz )
      5    474.2922 cm^-1  (     14.2189 THz )
      6    490.5263 cm^-1  (     14.7056 THz )

 # Irred. k point   37 : (  0.0000,  0.2000,  0.3333)
   Mode, Frequency 
      1    122.8814 cm^-1  (      3.6839 THz )
      2    145.9363 cm^-1  (      4.3751 THz )
      3    254.8710 cm^-1  (      7.6408 THz )
      4    459.9544 cm^-1  (     13.7891 THz )
      5    470.3948 cm^-1  (     14.1021 THz )
      6    483.7083 cm^-1  (     14.5012 THz )

 # Irred. k point   38 : (  0.0000,  0.2000,  0.4000)
   Mode, Frequency 
      1    125.2280 cm^-1  (      3.7542 THz )
      2    164.7351 cm^-1  (      4.9386 THz )
      3    283.3498 cm^-1  (      8.4946 THz )
      4    442.2146 cm^-1  (     13.2573 THz )
      5    468.8260 cm^-1  (     14.0551 THz )
      6    480.1824 cm^-1  (     14.3955 THz )

 # Irred. k point   39 : (  0.0000,  0.2000,  0.4667)
   Mode, Frequency 
      1    126.4409 cm^-1  (      3.7906 THz )
      2    174.9031 cm^-1  (      5.2435 THz )
      3    311.5662 cm^-1  (      9.3405 THz )
      4    420.0229 cm^-1  (     12.5920 THz )
      5    468.4174 cm^-1  (     14.0428 THz )
      6    479.9812 cm^-1  (     14.3895 THz )

 # Irred. k point   40 : (  0.0000,  0.2000, -0.4667)
   Mode, Frequency 
      1    128.3761 cm^-1  (      3.8486 THz )
      2    177.8362 cm^-1  (      5.3314 THz )
      3    335.5823 cm^-1  (     10.0605 THz )
      4    397.1871 cm^-1  (     11.9074 THz )
      5    468.1762 cm^-1  (     14.0356 THz )
      6    481.5177 cm^-1  (     14.4355 THz )

 # Irred. k point   41 : (  0.0000,  0.2000, -0.4000)
   Mode, Frequency 
      1    130.5775 cm^-1  (      3.9146 THz )
      2    177.8449 cm^-1  (      5.3317 THz )
      3    337.2430 cm^-1  (     10.1103 THz )
      4    390.1864 cm^-1  (     11.6975 THz )
      5    468.2501 cm^-1  (     14.0378 THz )
      6    483.4690 cm^-1  (     14.4940 THz )

 # Irred. k point   42 : (  0.0000,  0.2000, -0.3333)
   Mode, Frequency 
      1    130.8038 cm^-1  (      3.9214 THz )
      2    177.5670 cm^-1  (      5.3233 THz )
      3    309.1641 cm^-1  (      9.2685 THz )
      4    406.4891 cm^-1  (     12.1862 THz )
      5    469.8790 cm^-1  (     14.0866 THz )
      6    484.8710 cm^-1  (     14.5361 THz )

 # Irred. k point   43 : (  0.0000,  0.2000, -0.2667)
   Mode, Frequency 
      1    126.5755 cm^-1  (      3.7946 THz )
      2    174.9144 cm^-1  (      5.2438 THz )
      3    273.7288 cm^-1  (      8.2062 THz )
      4    427.0156 cm^-1  (     12.8016 THz )
      5    474.3219 cm^-1  (     14.2198 THz )
      6    485.3244 cm^-1  (     14.5497 THz )

 # Irred. k point   44 : (  0.0000,  0.2000, -0.2000)
   Mode, Frequency 
      1    116.8021 cm^-1  (      3.5016 THz )
      2    162.3739 cm^-1  (      4.8678 THz )
      3    242.1389 cm^-1  (      7.2591 THz )
      4    447.0108 cm^-1  (     13.4010 THz )
      5    481.4428 cm^-1  (     14.4333 THz )
      6    485.3899 cm^-1  (     14.5516 THz )

 # Irred. k point   45 : (  0.0000,  0.2667,  0.2667)
   Mode, Frequency 
      1    126.1120 cm^-1  (      3.7807 THz )
      2    126.1120 cm^-1  (      3.7807 THz )
      3    251.9516 cm^-1  (      7.5533 THz )
      4    467.8396 cm^-1  (     14.0255 THz )
      5    467.8396 cm^-1  (     14.0255 THz )
      6    485.2139 cm^-1  (     14.5463 THz )

 # Irred. k point   46 : (  0.0000,  0.2667,  0.3333)
   Mode, Frequency 
      1    131.1879 cm^-1  (      3.9329 THz )
      2    139.3133 cm^-1  (      4.1765 THz )
      3    277.1546 cm^-1  (      8.3089 THz )
      4    460.7862 cm^-1  (     13.8140 THz )
      5    463.9244 cm^-1  (     13.9081 THz )
      6    477.7695 cm^-1  (     14.3232 THz )

 # Irred. k point   47 : (  0.0000,  0.2667,  0.4000)
   Mode, Frequency 
      1    132.8521 cm^-1  (      3.9828 THz )
      2    160.5113 cm^-1  (      4.8120 THz )
      3    297.0555 cm^-1  (      8.9055 THz )
      4    446.2556 cm^-1  (     13.3784 THz )
      5    462.3447 cm^-1  (     13.8607 THz )
      6    473.7333 cm^-1  (     14.2022 THz )

 # Irred. k point   48 : (  0.0000,  0.2667,  0.4667)
   Mode, Frequency 
      1    133.8120 cm^-1  (      4.0116 THz )
      2    181.5772 cm^-1  (      5.4435 THz )
      3    313.1005 cm^-1  (      9.3865 THz )
      4    423.9541 cm^-1  (     12.7098 THz )
      5    461.8175 cm^-1  (     13.8449 THz )
      6    474.2956 cm^-1  (     14.2190 THz )

 # Irred. k point   49 : (  0.0000,  0.2667, -0.4667)
   Mode, Frequency 
      1    135.9332 cm^-1  (      4.0752 THz )
      2    196.2480 cm^-1  (      5.8834 THz )
      3    327.7346 cm^-1  (      9.8252 THz )
      4    398.1270 cm^-1  (     11.9355 THz )
      5    461.3111 cm^-1  (     13.8298 THz )
      6    476.9329 cm^-1  (     14.2981 THz )

 # Irred. k point   50 : (  0.0000,  0.2667, -0.4000)
   Mode, Frequency 
      1    138.5979 cm^-1  (      4.1551 THz )
      2    203.1537 cm^-1  (      6.0904 THz )
      3    334.8704 cm^-1  (     10.0392 THz )
      4    378.8744 cm^-1  (     11.3584 THz )
      5    461.0428 cm^-1  (     13.8217 THz )
      6    480.1969 cm^-1  (     14.3959 THz )

 # Irred. k point   51 : (  0.0000,  0.2667, -0.3333)
   Mode, Frequency 
      1    139.3278 cm^-1  (      4.1769 THz )
      2    203.7510 cm^-1  (      6.1083 THz )
      3    316.5797 cm^-1  (      9.4908 THz )
      4    386.0848 cm^-1  (     11.5745 THz )
      5    462.4149 cm^-1  (     13.8628 THz )
      6    483.1134 cm^-1  (     14.4834 THz )

 # Irred. k point   52 : (  0.0000,  0.2667, -0.2667)
   Mode, Frequency 
      1    135.6042 cm^-1  (      4.0653 THz )
      2    196.1625 cm^-1  (      5.8808 THz )
      3    290.9358 cm^-1  (      8.7220 THz )
      4    405.7491 cm^-1  (     12.1641 THz )
      5    466.8629 cm^-1  (     13.9962 THz )
      6    484.8826 cm^-1  (     14.5364 THz )

 # Irred. k point   53 : (  0.0000,  0.3333,  0.3333)
   Mode, Frequency 
      1    135.1884 cm^-1  (      4.0528 THz )
      2    135.1884 cm^-1  (      4.0528 THz )
      3    303.3942 cm^-1  (      9.0955 THz )
      4    460.1661 cm^-1  (     13.7954 THz )
      5    460.1661 cm^-1  (     13.7954 THz )
      6    469.0330 cm^-1  (     14.0613 THz )

 # Irred. k point   54 : (  0.0000,  0.3333,  0.4000)
   Mode, Frequency 
      1    135.9233 cm^-1  (      4.0749 THz )
      2    144.2385 cm^-1  (      4.3242 THz )
      3    323.9676 cm^-1  (      9.7123 THz )
      4    450.0555 cm^-1  (     13.4923 THz )
      5    458.7847 cm^-1  (     13.7540 THz )
      6    464.9134 cm^-1  (     13.9378 THz )

 # Irred. k point   55 : (  0.0000,  0.3333,  0.4667)
   Mode, Frequency 
      1    136.2886 cm^-1  (      4.0858 THz )
      2    164.0831 cm^-1  (      4.9191 THz )
      3    336.8546 cm^-1  (     10.0986 THz )
      4    428.4864 cm^-1  (     12.8457 THz )
      5    458.3441 cm^-1  (     13.7408 THz )
      6    467.2910 cm^-1  (     14.0090 THz )

 # Irred. k point   56 : (  0.0000,  0.3333, -0.4667)
   Mode, Frequency 
      1    138.3242 cm^-1  (      4.1469 THz )
      2    187.0515 cm^-1  (      5.6077 THz )
      3    343.9754 cm^-1  (     10.3121 THz )
      4    401.4573 cm^-1  (     12.0354 THz )
      5    457.7298 cm^-1  (     13.7224 THz )
      6    471.2044 cm^-1  (     14.1264 THz )

 # Irred. k point   57 : (  0.0000,  0.3333, -0.4000)
   Mode, Frequency 
      1    141.3433 cm^-1  (      4.2374 THz )
      2    205.7266 cm^-1  (      6.1675 THz )
      3    346.9441 cm^-1  (     10.4011 THz )
      4    375.0869 cm^-1  (     11.2448 THz )
      5    457.1770 cm^-1  (     13.7058 THz )
      6    475.5957 cm^-1  (     14.2580 THz )

 # Irred. k point   58 : (  0.0000,  0.3333, -0.3333)
   Mode, Frequency 
      1    142.5814 cm^-1  (      4.2745 THz )
      2    213.3366 cm^-1  (      6.3957 THz )
      3    333.6980 cm^-1  (     10.0040 THz )
      4    371.0753 cm^-1  (     11.1246 THz )
      5    458.2039 cm^-1  (     13.7366 THz )
      6    479.8125 cm^-1  (     14.3844 THz )

 # Irred. k point   59 : (  0.0000,  0.4000,  0.4000)
   Mode, Frequency 
      1    135.6004 cm^-1  (      4.0652 THz )
      2    135.6004 cm^-1  (      4.0652 THz )
      3    348.7094 cm^-1  (     10.4540 THz )
      4    447.6698 cm^-1  (     13.4208 THz )
      5    457.7172 cm^-1  (     13.7220 THz )
      6    457.7172 cm^-1  (     13.7220 THz )

 # Irred. k point   60 : (  0.0000,  0.4000,  0.4667)
   Mode, Frequency 
      1    135.0251 cm^-1  (      4.0479 THz )
      2    142.8876 cm^-1  (      4.2837 THz )
      3    365.2299 cm^-1  (     10.9493 THz )
      4    429.5187 cm^-1  (     12.8766 THz )
      5    457.5553 cm^-1  (     13.7172 THz )
      6    460.4797 cm^-1  (     13.8048 THz )

 # Irred. k point   61 : (  0.0000,  0.4000, -0.4667)
   Mode, Frequency 
      1    136.5724 cm^-1  (      4.0943 THz )
      2    163.1020 cm^-1  (      4.8897 THz )
      3    372.8586 cm^-1  (     11.1780 THz )
      4    403.8404 cm^-1  (     12.1068 THz )
      5    457.0634 cm^-1  (     13.7024 THz )
      6    465.1431 cm^-1  (     13.9446 THz )

 # Irred. k point   62 : (  0.0000,  0.4000, -0.4000)
   Mode, Frequency 
      1    139.6732 cm^-1  (      4.1873 THz )
      2    187.6929 cm^-1  (      5.6269 THz )
      3    371.9584 cm^-1  (     11.1510 THz )
      4    376.6160 cm^-1  (     11.2907 THz )
      5    456.4222 cm^-1  (     13.6832 THz )
      6    470.3736 cm^-1  (     14.1014 THz )

 # Irred. k point   63 : (  0.0000,  0.4667,  0.4667)
   Mode, Frequency 
      1    133.3078 cm^-1  (      3.9965 THz )
      2    133.3078 cm^-1  (      3.9965 THz )
      3    387.7780 cm^-1  (     11.6253 THz )
      4    420.6915 cm^-1  (     12.6120 THz )
      5    457.7526 cm^-1  (     13.7231 THz )
      6    457.7526 cm^-1  (     13.7231 THz )

 # Irred. k point   64 : (  0.0000,  0.4667, -0.4667)
   Mode, Frequency 
      1    133.8990 cm^-1  (      4.0142 THz )
      2    141.4842 cm^-1  (      4.2416 THz )
      3    400.2538 cm^-1  (     11.9993 THz )
      4    400.8701 cm^-1  (     12.0178 THz )
      5    457.5662 cm^-1  (     13.7175 THz )
      6    460.0388 cm^-1  (     13.7916 THz )

 # Irred. k point   65 : (  0.0667,  0.1333,  0.2000)
   Mode, Frequency 
      1     75.8637 cm^-1  (      2.2743 THz )
      2     88.1305 cm^-1  (      2.6421 THz )
      3    147.7529 cm^-1  (      4.4295 THz )
      4    491.3758 cm^-1  (     14.7311 THz )
      5    493.6390 cm^-1  (     14.7989 THz )
      6    501.9329 cm^-1  (     15.0476 THz )

 # Irred. k point   66 : (  0.0667,  0.1333,  0.2667)
   Mode, Frequency 
      1     93.5706 cm^-1  (      2.8052 THz )
      2    111.5001 cm^-1  (      3.3427 THz )
      3    190.2856 cm^-1  (      5.7046 THz )
      4    478.5343 cm^-1  (     14.3461 THz )
      5    487.8628 cm^-1  (     14.6258 THz )
      6    495.7221 cm^-1  (     14.8614 THz )

 # Irred. k point   67 : (  0.0667,  0.1333,  0.3333)
   Mode, Frequency 
      1    106.8484 cm^-1  (      3.2032 THz )
      2    126.5763 cm^-1  (      3.7947 THz )
      3    235.8637 cm^-1  (      7.0710 THz )
      4    462.5416 cm^-1  (     13.8666 THz )
      5    483.8889 cm^-1  (     14.5066 THz )
      6    489.2825 cm^-1  (     14.6683 THz )

 # Irred. k point   68 : (  0.0667,  0.1333,  0.4000)
   Mode, Frequency 
      1    113.5969 cm^-1  (      3.4055 THz )
      2    133.8496 cm^-1  (      4.0127 THz )
      3    280.6975 cm^-1  (      8.4151 THz )
      4    444.5231 cm^-1  (     13.3265 THz )
      5    481.1964 cm^-1  (     14.4259 THz )
      6    485.5149 cm^-1  (     14.5554 THz )

 # Irred. k point   69 : (  0.0667,  0.1333,  0.4667)
   Mode, Frequency 
      1    115.6827 cm^-1  (      3.4681 THz )
      2    135.6533 cm^-1  (      4.0668 THz )
      3    321.3093 cm^-1  (      9.6326 THz )
      4    424.8156 cm^-1  (     12.7357 THz )
      5    479.4767 cm^-1  (     14.3743 THz )
      6    484.6477 cm^-1  (     14.5294 THz )

 # Irred. k point   70 : (  0.0667,  0.1333, -0.4667)
   Mode, Frequency 
      1    116.0057 cm^-1  (      3.4778 THz )
      2    135.1876 cm^-1  (      4.0528 THz )
      3    352.1563 cm^-1  (     10.5574 THz )
      4    405.6002 cm^-1  (     12.1596 THz )
      5    478.9457 cm^-1  (     14.3584 THz )
      6    484.6610 cm^-1  (     14.5298 THz )

 # Irred. k point   71 : (  0.0667,  0.2000,  0.2667)
   Mode, Frequency 
      1    106.3815 cm^-1  (      3.1892 THz )
      2    116.0946 cm^-1  (      3.4804 THz )
      3    200.5754 cm^-1  (      6.0131 THz )
      4    476.6327 cm^-1  (     14.2891 THz )
      5    481.8111 cm^-1  (     14.4443 THz )
      6    494.4113 cm^-1  (     14.8221 THz )

 # Irred. k point   72 : (  0.0667,  0.2000,  0.3333)
   Mode, Frequency 
      1    118.4731 cm^-1  (      3.5517 THz )
      2    137.3100 cm^-1  (      4.1165 THz )
      3    233.2530 cm^-1  (      6.9927 THz )
      4    463.4157 cm^-1  (     13.8929 THz )
      5    477.8604 cm^-1  (     14.3259 THz )
      6    487.3090 cm^-1  (     14.6092 THz )

 # Irred. k point   73 : (  0.0667,  0.2000,  0.4000)
   Mode, Frequency 
      1    124.6319 cm^-1  (      3.7364 THz )
      2    153.8539 cm^-1  (      4.6124 THz )
      3    267.3986 cm^-1  (      8.0164 THz )
      4    446.6494 cm^-1  (     13.3902 THz )
      5    475.0758 cm^-1  (     14.2424 THz )
      6    482.4824 cm^-1  (     14.4645 THz )

 # Irred. k point   74 : (  0.0667,  0.2000,  0.4667)
   Mode, Frequency 
      1    126.8536 cm^-1  (      3.8030 THz )
      2    162.2912 cm^-1  (      4.8654 THz )
      3    301.8621 cm^-1  (      9.0496 THz )
      4    426.4714 cm^-1  (     12.7853 THz )
      5    472.9497 cm^-1  (     14.1787 THz )
      6    481.3974 cm^-1  (     14.4319 THz )

 # Irred. k point   75 : (  0.0667,  0.2000, -0.4667)
   Mode, Frequency 
      1    128.1001 cm^-1  (      3.8403 THz )
      2    164.3064 cm^-1  (      4.9258 THz )
      3    332.4578 cm^-1  (      9.9668 THz )
      4    404.7638 cm^-1  (     12.1345 THz )
      5    471.9790 cm^-1  (     14.1496 THz )
      6    481.9174 cm^-1  (     14.4475 THz )

 # Irred. k point   76 : (  0.0667,  0.2000, -0.4000)
   Mode, Frequency 
      1    129.4725 cm^-1  (      3.8815 THz )
      2    163.8510 cm^-1  (      4.9121 THz )
      3    345.2888 cm^-1  (     10.3515 THz )
      4    392.8650 cm^-1  (     11.7778 THz )
      5    471.7380 cm^-1  (     14.1424 THz )
      6    482.7972 cm^-1  (     14.4739 THz )

 # Irred. k point   77 : (  0.0667,  0.2000, -0.3333)
   Mode, Frequency 
      1    130.0598 cm^-1  (      3.8991 THz )
      2    163.5182 cm^-1  (      4.9022 THz )
      3    323.3548 cm^-1  (      9.6939 THz )
      4    406.9399 cm^-1  (     12.1998 THz )
      5    472.4286 cm^-1  (     14.1631 THz )
      6    483.4565 cm^-1  (     14.4937 THz )

 # Irred. k point   78 : (  0.0667,  0.2000, -0.2667)
   Mode, Frequency 
      1    128.0292 cm^-1  (      3.8382 THz )
      2    162.3010 cm^-1  (      4.8657 THz )
      3    288.0608 cm^-1  (      8.6358 THz )
      4    427.4241 cm^-1  (     12.8139 THz )
      5    475.2212 cm^-1  (     14.2468 THz )
      6    483.5708 cm^-1  (     14.4971 THz )

 # Irred. k point   79 : (  0.0667,  0.2000, -0.2000)
   Mode, Frequency 
      1    121.2036 cm^-1  (      3.6336 THz )
      2    156.0048 cm^-1  (      4.6769 THz )
      3    250.7147 cm^-1  (      7.5162 THz )
      4    447.0861 cm^-1  (     13.4033 THz )
      5    480.7856 cm^-1  (     14.4136 THz )
      6    483.6464 cm^-1  (     14.4994 THz )

 # Irred. k point   80 : (  0.0667,  0.2000, -0.1333)
   Mode, Frequency 
      1    108.7971 cm^-1  (      3.2617 THz )
      2    139.1598 cm^-1  (      4.1719 THz )
      3    217.4236 cm^-1  (      6.5182 THz )
      4    464.6756 cm^-1  (     13.9306 THz )
      5    484.2581 cm^-1  (     14.5177 THz )
      6    488.7800 cm^-1  (     14.6533 THz )

 # Irred. k point   81 : (  0.0667,  0.2667,  0.3333)
   Mode, Frequency 
      1    129.2453 cm^-1  (      3.8747 THz )
      2    134.9341 cm^-1  (      4.0452 THz )
      3    251.6873 cm^-1  (      7.5454 THz )
      4    462.6614 cm^-1  (     13.8702 THz )
      5    470.7280 cm^-1  (     14.1121 THz )
      6    483.6238 cm^-1  (     14.4987 THz )

 # Irred. k point   82 : (  0.0667,  0.2667,  0.4000)
   Mode, Frequency 
      1    135.4142 cm^-1  (      4.0596 THz )
      2    154.9293 cm^-1  (      4.6447 THz )
      3    275.1551 cm^-1  (      8.2489 THz )
      4    449.0138 cm^-1  (     13.4611 THz )
      5    468.9242 cm^-1  (     14.0580 THz )
      6    477.2545 cm^-1  (     14.3077 THz )

 # Irred. k point   83 : (  0.0667,  0.2667,  0.4667)
   Mode, Frequency 
      1    137.1843 cm^-1  (      4.1127 THz )
      2    174.6454 cm^-1  (      5.2357 THz )
      3    296.9065 cm^-1  (      8.9010 THz )
      4    429.6418 cm^-1  (     12.8803 THz )
      5    466.6833 cm^-1  (     13.9908 THz )
      6    475.9266 cm^-1  (     14.2679 THz )

 # Irred. k point   84 : (  0.0667,  0.2667, -0.4667)
   Mode, Frequency 
      1    138.6468 cm^-1  (      4.1565 THz )
      2    186.8501 cm^-1  (      5.6016 THz )
      3    318.4888 cm^-1  (      9.5481 THz )
      4    406.1457 cm^-1  (     12.1759 THz )
      5    465.1269 cm^-1  (     13.9442 THz )
      6    477.3304 cm^-1  (     14.3100 THz )

 # Irred. k point   85 : (  0.0667,  0.2667, -0.4000)
   Mode, Frequency 
      1    140.7787 cm^-1  (      4.2204 THz )
      2    191.5561 cm^-1  (      5.7427 THz )
      3    334.7333 cm^-1  (     10.0351 THz )
      4    385.2836 cm^-1  (     11.5505 THz )
      5    464.3655 cm^-1  (     13.9213 THz )
      6    479.4709 cm^-1  (     14.3742 THz )

 # Irred. k point   86 : (  0.0667,  0.2667, -0.3333)
   Mode, Frequency 
      1    142.1407 cm^-1  (      4.2613 THz )
      2    192.0199 cm^-1  (      5.7566 THz )
      3    324.8300 cm^-1  (      9.7382 THz )
      4    387.5465 cm^-1  (     11.6184 THz )
      5    464.7272 cm^-1  (     13.9322 THz )
      6    481.5922 cm^-1  (     14.4378 THz )

 # Irred. k point   87 : (  0.0667,  0.2667, -0.2667)
   Mode, Frequency 
      1    140.3365 cm^-1  (      4.2072 THz )
      2    189.0840 cm^-1  (      5.6686 THz )
      3    296.6111 cm^-1  (      8.8922 THz )
      4    406.6065 cm^-1  (     12.1898 THz )
      5    467.4797 cm^-1  (     14.0147 THz )
      6    482.9436 cm^-1  (     14.4783 THz )

 # Irred. k point   88 : (  0.0667,  0.2667, -0.2000)
   Mode, Frequency 
      1    133.4012 cm^-1  (      3.9993 THz )
      2    178.5415 cm^-1  (      5.3525 THz )
      3    269.6590 cm^-1  (      8.0842 THz )
      4    427.6299 cm^-1  (     12.8200 THz )
      5    473.3670 cm^-1  (     14.1912 THz )
      6    483.2162 cm^-1  (     14.4865 THz )

 # Irred. k point   89 : (  0.0667,  0.3333,  0.4000)
   Mode, Frequency 
      1    141.5097 cm^-1  (      4.2424 THz )
      2    143.1194 cm^-1  (      4.2906 THz )
      3    299.2330 cm^-1  (      8.9708 THz )
      4    451.1939 cm^-1  (     13.5265 THz )
      5    463.3665 cm^-1  (     13.8914 THz )
      6    470.8227 cm^-1  (     14.1149 THz )

 # Irred. k point   90 : (  0.0667,  0.3333,  0.4667)
   Mode, Frequency 
      1    143.0485 cm^-1  (      4.2885 THz )
      2    162.9035 cm^-1  (      4.8837 THz )
      3    315.2824 cm^-1  (      9.4519 THz )
      4    433.7711 cm^-1  (     13.0041 THz )
      5    462.5402 cm^-1  (     13.8666 THz )
      6    468.9010 cm^-1  (     14.0573 THz )

 # Irred. k point   91 : (  0.0667,  0.3333, -0.4667)
   Mode, Frequency 
      1    144.3008 cm^-1  (      4.3260 THz )
      2    184.9854 cm^-1  (      5.5457 THz )
      3    326.8193 cm^-1  (      9.7978 THz )
      4    409.7206 cm^-1  (     12.2831 THz )
      5    460.6918 cm^-1  (     13.8112 THz )
      6    471.4102 cm^-1  (     14.1325 THz )

 # Irred. k point   92 : (  0.0667,  0.3333, -0.4000)
   Mode, Frequency 
      1    146.7923 cm^-1  (      4.4007 THz )
      2    201.7179 cm^-1  (      6.0473 THz )
      3    335.9247 cm^-1  (     10.0708 THz )
      4    383.8883 cm^-1  (     11.5087 THz )
      5    459.4363 cm^-1  (     13.7736 THz )
      6    474.7946 cm^-1  (     14.2340 THz )

 # Irred. k point   93 : (  0.0667,  0.3333, -0.3333)
   Mode, Frequency 
      1    148.7261 cm^-1  (      4.4587 THz )
      2    209.2669 cm^-1  (      6.2737 THz )
      3    333.0645 cm^-1  (      9.9850 THz )
      4    372.4042 cm^-1  (     11.1644 THz )
      5    459.3299 cm^-1  (     13.7704 THz )
      6    478.3078 cm^-1  (     14.3393 THz )

 # Irred. k point   94 : (  0.0667,  0.3333, -0.2667)
   Mode, Frequency 
      1    147.2611 cm^-1  (      4.4148 THz )
      2    205.7017 cm^-1  (      6.1668 THz )
      3    312.7599 cm^-1  (      9.3763 THz )
      4    385.9493 cm^-1  (     11.5705 THz )
      5    461.7489 cm^-1  (     13.8429 THz )
      6    481.2539 cm^-1  (     14.4276 THz )

 # Irred. k point   95 : (  0.0667,  0.4000,  0.4667)
   Mode, Frequency 
      1    143.6917 cm^-1  (      4.3078 THz )
      2    144.4758 cm^-1  (      4.3313 THz )
      3    342.1746 cm^-1  (     10.2581 THz )
      4    435.9209 cm^-1  (     13.0686 THz )
      5    460.2337 cm^-1  (     13.7975 THz )
      6    462.0072 cm^-1  (     13.8506 THz )

 # Irred. k point   96 : (  0.0667,  0.4000, -0.4667)
   Mode, Frequency 
      1    144.7966 cm^-1  (      4.3409 THz )
      2    164.0793 cm^-1  (      4.9190 THz )
      3    352.5245 cm^-1  (     10.5684 THz )
      4    413.0043 cm^-1  (     12.3816 THz )
      5    459.2737 cm^-1  (     13.7687 THz )
      6    464.9984 cm^-1  (     13.9403 THz )

 # Irred. k point   97 : (  0.0667,  0.4000, -0.4000)
   Mode, Frequency 
      1    147.3503 cm^-1  (      4.4175 THz )
      2    187.7926 cm^-1  (      5.6299 THz )
      3    356.8708 cm^-1  (     10.6987 THz )
      4    385.4548 cm^-1  (     11.5556 THz )
      5    457.8202 cm^-1  (     13.7251 THz )
      6    469.4179 cm^-1  (     14.0728 THz )

 # Irred. k point   98 : (  0.0667,  0.4000, -0.3333)
   Mode, Frequency 
      1    149.7190 cm^-1  (      4.4885 THz )
      2    206.2643 cm^-1  (      6.1836 THz )
      3    351.6117 cm^-1  (     10.5411 THz )
      4    366.3245 cm^-1  (     10.9821 THz )
      5    457.3300 cm^-1  (     13.7104 THz )
      6    474.0155 cm^-1  (     14.2106 THz )

 # Irred. k point   99 : (  0.0667,  0.4667, -0.4667)
   Mode, Frequency 
      1    142.3934 cm^-1  (      4.2688 THz )
      2    143.0643 cm^-1  (      4.2890 THz )
      3    379.7941 cm^-1  (     11.3859 THz )
      4    411.4428 cm^-1  (     12.3347 THz )
      5    459.5577 cm^-1  (     13.7772 THz )
      6    459.7413 cm^-1  (     13.7827 THz )

 # Irred. k point  100 : (  0.0667,  0.4667, -0.4000)
   Mode, Frequency 
      1    144.8594 cm^-1  (      4.3428 THz )
      2    163.5547 cm^-1  (      4.9032 THz )
      3    384.9082 cm^-1  (     11.5393 THz )
      4    386.1758 cm^-1  (     11.5773 THz )
      5    458.4598 cm^-1  (     13.7443 THz )
      6    464.0876 cm^-1  (     13.9130 THz )

 # Irred. k point  101 : (  0.1333,  0.2667,  0.4000)
   Mode, Frequency 
      1    133.4006 cm^-1  (      3.9992 THz )
      2    155.7670 cm^-1  (      4.6698 THz )
      3    255.5823 cm^-1  (      7.6622 THz )
      4    448.1267 cm^-1  (     13.4345 THz )
      5    477.3094 cm^-1  (     14.3094 THz )
      6    479.3830 cm^-1  (     14.3715 THz )

 # Irred. k point  102 : (  0.1333,  0.2667,  0.4667)
   Mode, Frequency 
      1    142.1795 cm^-1  (      4.2624 THz )
      2    171.2057 cm^-1  (      5.1326 THz )
      3    280.4337 cm^-1  (      8.4072 THz )
      4    429.2914 cm^-1  (     12.8698 THz )
      5    472.1034 cm^-1  (     14.1533 THz )
      6    478.2909 cm^-1  (     14.3388 THz )

 # Irred. k point  103 : (  0.1333,  0.2667, -0.4667)
   Mode, Frequency 
      1    145.5048 cm^-1  (      4.3621 THz )
      2    180.4009 cm^-1  (      5.4083 THz )
      3    307.8469 cm^-1  (      9.2290 THz )
      4    407.8682 cm^-1  (     12.2276 THz )
      5    467.9921 cm^-1  (     14.0301 THz )
      6    478.9244 cm^-1  (     14.3578 THz )

 # Irred. k point  104 : (  0.1333,  0.2667, -0.4000)
   Mode, Frequency 
      1    146.6069 cm^-1  (      4.3952 THz )
      2    183.7248 cm^-1  (      5.5079 THz )
      3    331.6665 cm^-1  (      9.9431 THz )
      4    388.1197 cm^-1  (     11.6355 THz )
      5    466.4970 cm^-1  (     13.9852 THz )
      6    479.0706 cm^-1  (     14.3622 THz )

 # Irred. k point  105 : (  0.1333,  0.3333,  0.4667)
   Mode, Frequency 
      1    152.7591 cm^-1  (      4.5796 THz )
      2    162.9405 cm^-1  (      4.8848 THz )
      3    292.7517 cm^-1  (      8.7765 THz )
      4    432.1944 cm^-1  (     12.9569 THz )
      5    470.0240 cm^-1  (     14.0910 THz )
      6    470.6673 cm^-1  (     14.1102 THz )

 # Irred. k point  106 : (  0.1333,  0.3333, -0.4667)
   Mode, Frequency 
      1    157.8488 cm^-1  (      4.7322 THz )
      2    180.8188 cm^-1  (      5.4208 THz )
      3    308.9681 cm^-1  (      9.2626 THz )
      4    410.7732 cm^-1  (     12.3147 THz )
      5    465.0594 cm^-1  (     13.9421 THz )
      6    472.3909 cm^-1  (     14.1619 THz )

 # Irred. k point  107 : (  0.1333,  0.3333, -0.4000)
   Mode, Frequency 
      1    159.6883 cm^-1  (      4.7873 THz )
      2    194.9352 cm^-1  (      5.8440 THz )
      3    325.0076 cm^-1  (      9.7435 THz )
      4    387.5116 cm^-1  (     11.6173 THz )
      5    462.5567 cm^-1  (     13.8671 THz )
      6    473.8089 cm^-1  (     14.2044 THz )

 # Irred. k point  108 : (  0.1333,  0.3333, -0.3333)
   Mode, Frequency 
      1    160.9563 cm^-1  (      4.8253 THz )
      2    200.2336 cm^-1  (      6.0029 THz )
      3    332.2707 cm^-1  (      9.9612 THz )
      4    374.3621 cm^-1  (     11.2231 THz )
      5    461.7254 cm^-1  (     13.8422 THz )
      6    475.3074 cm^-1  (     14.2494 THz )

 # Irred. k point  109 : (  0.1333,  0.3333, -0.2667)
   Mode, Frequency 
      1    160.1846 cm^-1  (      4.8022 THz )
      2    197.1547 cm^-1  (      5.9106 THz )
      3    316.4524 cm^-1  (      9.4870 THz )
      4    387.1779 cm^-1  (     11.6073 THz )
      5    462.6814 cm^-1  (     13.8708 THz )
      6    476.8444 cm^-1  (     14.2954 THz )

 # Irred. k point  110 : (  0.1333,  0.3333, -0.2000)
   Mode, Frequency 
      1    154.9488 cm^-1  (      4.6452 THz )
      2    186.5104 cm^-1  (      5.5914 THz )
      3    296.2971 cm^-1  (      8.8828 THz )
      4    408.5124 cm^-1  (     12.2469 THz )
      5    466.3509 cm^-1  (     13.9808 THz )
      6    477.7307 cm^-1  (     14.3220 THz )

 # Irred. k point  111 : (  0.1333,  0.4000, -0.4667)
   Mode, Frequency 
      1    163.1049 cm^-1  (      4.8898 THz )
      2    164.3751 cm^-1  (      4.9278 THz )
      3    328.2458 cm^-1  (      9.8406 THz )
      4    413.8471 cm^-1  (     12.4068 THz )
      5    463.8432 cm^-1  (     13.9057 THz )
      6    465.6913 cm^-1  (     13.9611 THz )

 # Irred. k point  112 : (  0.1333,  0.4000, -0.4000)
   Mode, Frequency 
      1    165.2456 cm^-1  (      4.9539 THz )
      2    186.6582 cm^-1  (      5.5959 THz )
      3    337.0394 cm^-1  (     10.1042 THz )
      4    389.3805 cm^-1  (     11.6733 THz )
      5    461.1950 cm^-1  (     13.8263 THz )
      6    467.9547 cm^-1  (     14.0289 THz )

 # Irred. k point  113 : (  0.1333,  0.4000, -0.3333)
   Mode, Frequency 
      1    167.0474 cm^-1  (      5.0080 THz )
      2    203.3260 cm^-1  (      6.0956 THz )
      3    342.0301 cm^-1  (     10.2538 THz )
      4    367.4628 cm^-1  (     11.0163 THz )
      5    459.5245 cm^-1  (     13.7762 THz )
      6    470.8511 cm^-1  (     14.1158 THz )

 # Irred. k point  114 : (  0.1333,  0.4000, -0.2667)
   Mode, Frequency 
      1    166.4950 cm^-1  (      4.9914 THz )
      2    207.1126 cm^-1  (      6.2091 THz )
      3    330.8672 cm^-1  (      9.9191 THz )
      4    369.4833 cm^-1  (     11.0768 THz )
      5    459.7027 cm^-1  (     13.7815 THz )
      6    474.0378 cm^-1  (     14.2113 THz )

 # Irred. k point  115 : (  0.1333,  0.4667, -0.4000)
   Mode, Frequency 
      1    164.8838 cm^-1  (      4.9431 THz )
      2    165.6272 cm^-1  (      4.9654 THz )
      3    361.1559 cm^-1  (     10.8272 THz )
      4    390.1336 cm^-1  (     11.6959 THz )
      5    461.9014 cm^-1  (     13.8475 THz )
      6    462.7915 cm^-1  (     13.8741 THz )

 # Irred. k point  116 : (  0.1333,  0.4667, -0.3333)
   Mode, Frequency 
      1    167.2414 cm^-1  (      5.0138 THz )
      2    188.5055 cm^-1  (      5.6513 THz )
      3    362.5980 cm^-1  (     10.8704 THz )
      4    366.1448 cm^-1  (     10.9767 THz )
      5    460.0963 cm^-1  (     13.7933 THz )
      6    466.3515 cm^-1  (     13.9809 THz )

 # Irred. k point  117 : (  0.2000,  0.4000, -0.4000)
   Mode, Frequency 
      1    174.1349 cm^-1  (      5.2204 THz )
      2    189.2815 cm^-1  (      5.6745 THz )
      3    320.9066 cm^-1  (      9.6205 THz )
      4    388.7203 cm^-1  (     11.6535 THz )
      5    462.3989 cm^-1  (     13.8624 THz )
      6    470.9121 cm^-1  (     14.1176 THz )

 # Irred. k point  118 : (  0.2000,  0.4000, -0.3333)
   Mode, Frequency 
      1    178.3376 cm^-1  (      5.3464 THz )
      2    200.3879 cm^-1  (      6.0075 THz )
      3    333.0338 cm^-1  (      9.9841 THz )
      4    368.8860 cm^-1  (     11.0589 THz )
      5    461.0024 cm^-1  (     13.8205 THz )
      6    470.0226 cm^-1  (     14.0909 THz )

 # Irred. k point  119 : (  0.2000,  0.4667, -0.3333)
   Mode, Frequency 
      1    185.6263 cm^-1  (      5.5649 THz )
      2    189.4819 cm^-1  (      5.6805 THz )
      3    344.3143 cm^-1  (     10.3223 THz )
      4    367.1533 cm^-1  (     11.0070 THz )
      5    462.1755 cm^-1  (     13.8557 THz )
      6    465.2370 cm^-1  (     13.9475 THz )

 # Irred. k point  120 : (  0.2000,  0.4667, -0.2667)
   Mode, Frequency 
      1    186.2824 cm^-1  (      5.5846 THz )
      2    200.6382 cm^-1  (      6.0150 THz )
      3    344.4841 cm^-1  (     10.3274 THz )
      4    356.2006 cm^-1  (     10.6786 THz )
      5    461.3603 cm^-1  (     13.8312 THz )
      6    466.5108 cm^-1  (     13.9856 THz )



 -----------------------------------------------------------------

 The following files are created: 
  Si.dos         : Phonon DOS and atom projected DOS
  Si.thermo      : Thermodynamic quantities

 Job finished at Mon Apr  3 14:28:29 2023

