 +-----------------------------------------------------------------+
 +                         Program ANPHON                          +
 +                             Ver.  1.5.0                         +
 +-----------------------------------------------------------------+

 Job started at Sat Aug  2 10:06:43 2025

 The number of MPI processes: 2


 Input variables:
 -----------------------------------------------------------------
 General:
  PREFIX = PbS
  MODE = PHONONS
  FCSXML = ../force/PbS.xml

  NKD = 2; KD =   Pb   S
  MASS = 
  NSYM = 0; TOLERANCE = 1.88973e-05; PRINTSYM = 0

  NONANALYTIC = 2
  BORNINFO = BORNINFO; NA_SIGMA = 0.1

  TMIN = 0; TMAX = 1000; DT = 10
  EMIN = -53.0747; EMAX = 293.536; DELTA_E = 1.15537

  ISMEAR = -1; EPSILON = 10

  CLASSICAL = 0
  BCONNECT = 0


 Kpoint:
  KPMODE (1st entry for &kpoint) = 2


 Analysis:
  PRINTVEL = 0
  PRINTVEC = 0
  PRINTXSF = 0

  PDOS = 1; TDOS = 0
  PRINTMSD = 0
  SPS = 0

  GRUNEISEN = 0
  NEWFCS = 0


 -----------------------------------------------------------------

                      MODE = phonons                         
                                                             
      Phonon calculation within harmonic approximation       
      Harmonic force constants will be used.                 

 -----------------------------------------------------------------

 Crystal structure
 =================

 Lattice Vectors:

 * Supercell (from ../force/PbS.xml )

    2.222578e+01   0.000000e+00   0.000000e+00 : a1
    0.000000e+00   2.222578e+01  -0.000000e+00 : a2
   -0.000000e+00  -0.000000e+00   2.222578e+01 : a3

    2.826980e-01   0.000000e+00   0.000000e+00 : b1
   -0.000000e+00   2.826980e-01   0.000000e+00 : b2
   -0.000000e+00   0.000000e+00   2.826980e-01 : b3

 * Primitive cell 

    0.000000e+00   5.556446e+00   5.556446e+00 : a1
    5.556446e+00   0.000000e+00   5.556446e+00 : a2
    5.556446e+00   5.556446e+00   0.000000e+00 : a3

   -5.653960e-01   5.653960e-01   5.653960e-01 : b1
    5.653960e-01  -5.653960e-01   5.653960e-01 : b2
    5.653960e-01   5.653960e-01  -5.653960e-01 : b3


  Volume of the primitive cell : 3.431005e+02 (a.u.)^3

  Number of atoms in the supercell     : 64
  Number of atoms in the primitive cell: 2

  Atomic positions in the primitive cell (fractional):
   1:   5.000000e-01   5.000000e-01   5.000000e-01  Pb
   2:   0.000000e+00   0.000000e+00   0.000000e+00   S

  Mass of atomic species (u):
  Pb:  207.200000
   S:   32.065000


 Symmetry
 ========

  NSYM = 0 is given: Trying to find symmetry operations.

  Number of symmetry operations : 48
 k points
 ========

  KPMODE = 2: Uniform grid
  Gamma-centered uniform grid with the following mesh density: 
  nk1:  19
  nk2:  19
  nk3:  19

  Number of k points : 6859
  Number of irreducible k points : 220

  List of irreducible k points (reciprocal coordinate, weight) : 
      1:   0.00000e+00   0.00000e+00   0.00000e+00   0.000146
      2:   0.00000e+00   0.00000e+00   5.26316e-02   0.001166
      3:   0.00000e+00   0.00000e+00   1.05263e-01   0.001166
      4:   0.00000e+00   0.00000e+00   1.57895e-01   0.001166
      5:   0.00000e+00   0.00000e+00   2.10526e-01   0.001166
      6:   0.00000e+00   0.00000e+00   2.63158e-01   0.001166
      7:   0.00000e+00   0.00000e+00   3.15789e-01   0.001166
      8:   0.00000e+00   0.00000e+00   3.68421e-01   0.001166
      9:   0.00000e+00   0.00000e+00   4.21053e-01   0.001166
     10:   0.00000e+00   0.00000e+00   4.73684e-01   0.001166
     11:   0.00000e+00   5.26316e-02   5.26316e-02   0.000875
     12:   0.00000e+00   5.26316e-02   1.05263e-01   0.003499
     13:   0.00000e+00   5.26316e-02   1.57895e-01   0.003499
     14:   0.00000e+00   5.26316e-02   2.10526e-01   0.003499
     15:   0.00000e+00   5.26316e-02   2.63158e-01   0.003499
     16:   0.00000e+00   5.26316e-02   3.15789e-01   0.003499
     17:   0.00000e+00   5.26316e-02   3.68421e-01   0.003499
     18:   0.00000e+00   5.26316e-02   4.21053e-01   0.003499
     19:   0.00000e+00   5.26316e-02   4.73684e-01   0.003499
     20:   0.00000e+00   5.26316e-02  -4.73684e-01   0.003499
     21:   0.00000e+00   5.26316e-02  -4.21053e-01   0.003499
     22:   0.00000e+00   5.26316e-02  -3.68421e-01   0.003499
     23:   0.00000e+00   5.26316e-02  -3.15789e-01   0.003499
     24:   0.00000e+00   5.26316e-02  -2.63158e-01   0.003499
     25:   0.00000e+00   5.26316e-02  -2.10526e-01   0.003499
     26:   0.00000e+00   5.26316e-02  -1.57895e-01   0.003499
     27:   0.00000e+00   5.26316e-02  -1.05263e-01   0.003499
     28:   0.00000e+00   5.26316e-02  -5.26316e-02   0.001750
     29:   0.00000e+00   1.05263e-01   1.05263e-01   0.000875
     30:   0.00000e+00   1.05263e-01   1.57895e-01   0.003499
     31:   0.00000e+00   1.05263e-01   2.10526e-01   0.003499
     32:   0.00000e+00   1.05263e-01   2.63158e-01   0.003499
     33:   0.00000e+00   1.05263e-01   3.15789e-01   0.003499
     34:   0.00000e+00   1.05263e-01   3.68421e-01   0.003499
     35:   0.00000e+00   1.05263e-01   4.21053e-01   0.003499
     36:   0.00000e+00   1.05263e-01   4.73684e-01   0.003499
     37:   0.00000e+00   1.05263e-01  -4.73684e-01   0.003499
     38:   0.00000e+00   1.05263e-01  -4.21053e-01   0.003499
     39:   0.00000e+00   1.05263e-01  -3.68421e-01   0.003499
     40:   0.00000e+00   1.05263e-01  -3.15789e-01   0.003499
     41:   0.00000e+00   1.05263e-01  -2.63158e-01   0.003499
     42:   0.00000e+00   1.05263e-01  -2.10526e-01   0.003499
     43:   0.00000e+00   1.05263e-01  -1.57895e-01   0.003499
     44:   0.00000e+00   1.05263e-01  -1.05263e-01   0.001750
     45:   0.00000e+00   1.57895e-01   1.57895e-01   0.000875
     46:   0.00000e+00   1.57895e-01   2.10526e-01   0.003499
     47:   0.00000e+00   1.57895e-01   2.63158e-01   0.003499
     48:   0.00000e+00   1.57895e-01   3.15789e-01   0.003499
     49:   0.00000e+00   1.57895e-01   3.68421e-01   0.003499
     50:   0.00000e+00   1.57895e-01   4.21053e-01   0.003499
     51:   0.00000e+00   1.57895e-01   4.73684e-01   0.003499
     52:   0.00000e+00   1.57895e-01  -4.73684e-01   0.003499
     53:   0.00000e+00   1.57895e-01  -4.21053e-01   0.003499
     54:   0.00000e+00   1.57895e-01  -3.68421e-01   0.003499
     55:   0.00000e+00   1.57895e-01  -3.15789e-01   0.003499
     56:   0.00000e+00   1.57895e-01  -2.63158e-01   0.003499
     57:   0.00000e+00   1.57895e-01  -2.10526e-01   0.003499
     58:   0.00000e+00   1.57895e-01  -1.57895e-01   0.001750
     59:   0.00000e+00   2.10526e-01   2.10526e-01   0.000875
     60:   0.00000e+00   2.10526e-01   2.63158e-01   0.003499
     61:   0.00000e+00   2.10526e-01   3.15789e-01   0.003499
     62:   0.00000e+00   2.10526e-01   3.68421e-01   0.003499
     63:   0.00000e+00   2.10526e-01   4.21053e-01   0.003499
     64:   0.00000e+00   2.10526e-01   4.73684e-01   0.003499
     65:   0.00000e+00   2.10526e-01  -4.73684e-01   0.003499
     66:   0.00000e+00   2.10526e-01  -4.21053e-01   0.003499
     67:   0.00000e+00   2.10526e-01  -3.68421e-01   0.003499
     68:   0.00000e+00   2.10526e-01  -3.15789e-01   0.003499
     69:   0.00000e+00   2.10526e-01  -2.63158e-01   0.003499
     70:   0.00000e+00   2.10526e-01  -2.10526e-01   0.001750
     71:   0.00000e+00   2.63158e-01   2.63158e-01   0.000875
     72:   0.00000e+00   2.63158e-01   3.15789e-01   0.003499
     73:   0.00000e+00   2.63158e-01   3.68421e-01   0.003499
     74:   0.00000e+00   2.63158e-01   4.21053e-01   0.003499
     75:   0.00000e+00   2.63158e-01   4.73684e-01   0.003499
     76:   0.00000e+00   2.63158e-01  -4.73684e-01   0.003499
     77:   0.00000e+00   2.63158e-01  -4.21053e-01   0.003499
     78:   0.00000e+00   2.63158e-01  -3.68421e-01   0.003499
     79:   0.00000e+00   2.63158e-01  -3.15789e-01   0.003499
     80:   0.00000e+00   2.63158e-01  -2.63158e-01   0.001750
     81:   0.00000e+00   3.15789e-01   3.15789e-01   0.000875
     82:   0.00000e+00   3.15789e-01   3.68421e-01   0.003499
     83:   0.00000e+00   3.15789e-01   4.21053e-01   0.003499
     84:   0.00000e+00   3.15789e-01   4.73684e-01   0.003499
     85:   0.00000e+00   3.15789e-01  -4.73684e-01   0.003499
     86:   0.00000e+00   3.15789e-01  -4.21053e-01   0.003499
     87:   0.00000e+00   3.15789e-01  -3.68421e-01   0.003499
     88:   0.00000e+00   3.15789e-01  -3.15789e-01   0.001750
     89:   0.00000e+00   3.68421e-01   3.68421e-01   0.000875
     90:   0.00000e+00   3.68421e-01   4.21053e-01   0.003499
     91:   0.00000e+00   3.68421e-01   4.73684e-01   0.003499
     92:   0.00000e+00   3.68421e-01  -4.73684e-01   0.003499
     93:   0.00000e+00   3.68421e-01  -4.21053e-01   0.003499
     94:   0.00000e+00   3.68421e-01  -3.68421e-01   0.001750
     95:   0.00000e+00   4.21053e-01   4.21053e-01   0.000875
     96:   0.00000e+00   4.21053e-01   4.73684e-01   0.003499
     97:   0.00000e+00   4.21053e-01  -4.73684e-01   0.003499
     98:   0.00000e+00   4.21053e-01  -4.21053e-01   0.001750
     99:   0.00000e+00   4.73684e-01   4.73684e-01   0.000875
    100:   0.00000e+00   4.73684e-01  -4.73684e-01   0.001750
    101:   5.26316e-02   1.05263e-01   1.57895e-01   0.003499
    102:   5.26316e-02   1.05263e-01   2.10526e-01   0.006998
    103:   5.26316e-02   1.05263e-01   2.63158e-01   0.006998
    104:   5.26316e-02   1.05263e-01   3.15789e-01   0.006998
    105:   5.26316e-02   1.05263e-01   3.68421e-01   0.006998
    106:   5.26316e-02   1.05263e-01   4.21053e-01   0.006998
    107:   5.26316e-02   1.05263e-01   4.73684e-01   0.006998
    108:   5.26316e-02   1.05263e-01  -4.73684e-01   0.006998
    109:   5.26316e-02   1.57895e-01   2.10526e-01   0.003499
    110:   5.26316e-02   1.57895e-01   2.63158e-01   0.006998
    111:   5.26316e-02   1.57895e-01   3.15789e-01   0.006998
    112:   5.26316e-02   1.57895e-01   3.68421e-01   0.006998
    113:   5.26316e-02   1.57895e-01   4.21053e-01   0.006998
    114:   5.26316e-02   1.57895e-01   4.73684e-01   0.006998
    115:   5.26316e-02   1.57895e-01  -4.73684e-01   0.006998
    116:   5.26316e-02   1.57895e-01  -4.21053e-01   0.006998
    117:   5.26316e-02   1.57895e-01  -3.68421e-01   0.006998
    118:   5.26316e-02   1.57895e-01  -3.15789e-01   0.006998
    119:   5.26316e-02   1.57895e-01  -2.63158e-01   0.006998
    120:   5.26316e-02   1.57895e-01  -2.10526e-01   0.006998
    121:   5.26316e-02   1.57895e-01  -1.57895e-01   0.006998
    122:   5.26316e-02   1.57895e-01  -1.05263e-01   0.003499
    123:   5.26316e-02   2.10526e-01   2.63158e-01   0.003499
    124:   5.26316e-02   2.10526e-01   3.15789e-01   0.006998
    125:   5.26316e-02   2.10526e-01   3.68421e-01   0.006998
    126:   5.26316e-02   2.10526e-01   4.21053e-01   0.006998
    127:   5.26316e-02   2.10526e-01   4.73684e-01   0.006998
    128:   5.26316e-02   2.10526e-01  -4.73684e-01   0.006998
    129:   5.26316e-02   2.10526e-01  -4.21053e-01   0.006998
    130:   5.26316e-02   2.10526e-01  -3.68421e-01   0.006998
    131:   5.26316e-02   2.10526e-01  -3.15789e-01   0.006998
    132:   5.26316e-02   2.10526e-01  -2.63158e-01   0.006998
    133:   5.26316e-02   2.10526e-01  -2.10526e-01   0.006998
    134:   5.26316e-02   2.10526e-01  -1.57895e-01   0.003499
    135:   5.26316e-02   2.63158e-01   3.15789e-01   0.003499
    136:   5.26316e-02   2.63158e-01   3.68421e-01   0.006998
    137:   5.26316e-02   2.63158e-01   4.21053e-01   0.006998
    138:   5.26316e-02   2.63158e-01   4.73684e-01   0.006998
    139:   5.26316e-02   2.63158e-01  -4.73684e-01   0.006998
    140:   5.26316e-02   2.63158e-01  -4.21053e-01   0.006998
    141:   5.26316e-02   2.63158e-01  -3.68421e-01   0.006998
    142:   5.26316e-02   2.63158e-01  -3.15789e-01   0.006998
    143:   5.26316e-02   2.63158e-01  -2.63158e-01   0.006998
    144:   5.26316e-02   2.63158e-01  -2.10526e-01   0.003499
    145:   5.26316e-02   3.15789e-01   3.68421e-01   0.003499
    146:   5.26316e-02   3.15789e-01   4.21053e-01   0.006998
    147:   5.26316e-02   3.15789e-01   4.73684e-01   0.006998
    148:   5.26316e-02   3.15789e-01  -4.73684e-01   0.006998
    149:   5.26316e-02   3.15789e-01  -4.21053e-01   0.006998
    150:   5.26316e-02   3.15789e-01  -3.68421e-01   0.006998
    151:   5.26316e-02   3.15789e-01  -3.15789e-01   0.006998
    152:   5.26316e-02   3.15789e-01  -2.63158e-01   0.003499
    153:   5.26316e-02   3.68421e-01   4.21053e-01   0.003499
    154:   5.26316e-02   3.68421e-01   4.73684e-01   0.006998
    155:   5.26316e-02   3.68421e-01  -4.73684e-01   0.006998
    156:   5.26316e-02   3.68421e-01  -4.21053e-01   0.006998
    157:   5.26316e-02   3.68421e-01  -3.68421e-01   0.006998
    158:   5.26316e-02   3.68421e-01  -3.15789e-01   0.003499
    159:   5.26316e-02   4.21053e-01   4.73684e-01   0.003499
    160:   5.26316e-02   4.21053e-01  -4.73684e-01   0.006998
    161:   5.26316e-02   4.21053e-01  -4.21053e-01   0.006998
    162:   5.26316e-02   4.21053e-01  -3.68421e-01   0.003499
    163:   5.26316e-02   4.73684e-01  -4.73684e-01   0.003499
    164:   5.26316e-02   4.73684e-01  -4.21053e-01   0.003499
    165:   1.05263e-01   2.10526e-01   3.15789e-01   0.003499
    166:   1.05263e-01   2.10526e-01   3.68421e-01   0.006998
    167:   1.05263e-01   2.10526e-01   4.21053e-01   0.006998
    168:   1.05263e-01   2.10526e-01   4.73684e-01   0.006998
    169:   1.05263e-01   2.10526e-01  -4.73684e-01   0.006998
    170:   1.05263e-01   2.10526e-01  -4.21053e-01   0.006998
    171:   1.05263e-01   2.63158e-01   3.68421e-01   0.003499
    172:   1.05263e-01   2.63158e-01   4.21053e-01   0.006998
    173:   1.05263e-01   2.63158e-01   4.73684e-01   0.006998
    174:   1.05263e-01   2.63158e-01  -4.73684e-01   0.006998
    175:   1.05263e-01   2.63158e-01  -4.21053e-01   0.006998
    176:   1.05263e-01   2.63158e-01  -3.68421e-01   0.006998
    177:   1.05263e-01   2.63158e-01  -3.15789e-01   0.006998
    178:   1.05263e-01   2.63158e-01  -2.63158e-01   0.006998
    179:   1.05263e-01   2.63158e-01  -2.10526e-01   0.006998
    180:   1.05263e-01   2.63158e-01  -1.57895e-01   0.003499
    181:   1.05263e-01   3.15789e-01   4.21053e-01   0.003499
    182:   1.05263e-01   3.15789e-01   4.73684e-01   0.006998
    183:   1.05263e-01   3.15789e-01  -4.73684e-01   0.006998
    184:   1.05263e-01   3.15789e-01  -4.21053e-01   0.006998
    185:   1.05263e-01   3.15789e-01  -3.68421e-01   0.006998
    186:   1.05263e-01   3.15789e-01  -3.15789e-01   0.006998
    187:   1.05263e-01   3.15789e-01  -2.63158e-01   0.006998
    188:   1.05263e-01   3.15789e-01  -2.10526e-01   0.003499
    189:   1.05263e-01   3.68421e-01   4.73684e-01   0.003499
    190:   1.05263e-01   3.68421e-01  -4.73684e-01   0.006998
    191:   1.05263e-01   3.68421e-01  -4.21053e-01   0.006998
    192:   1.05263e-01   3.68421e-01  -3.68421e-01   0.006998
    193:   1.05263e-01   3.68421e-01  -3.15789e-01   0.006998
    194:   1.05263e-01   3.68421e-01  -2.63158e-01   0.003499
    195:   1.05263e-01   4.21053e-01  -4.73684e-01   0.003499
    196:   1.05263e-01   4.21053e-01  -4.21053e-01   0.006998
    197:   1.05263e-01   4.21053e-01  -3.68421e-01   0.006998
    198:   1.05263e-01   4.21053e-01  -3.15789e-01   0.003499
    199:   1.05263e-01   4.73684e-01  -4.21053e-01   0.003499
    200:   1.05263e-01   4.73684e-01  -3.68421e-01   0.003499
    201:   1.57895e-01   3.15789e-01   4.73684e-01   0.003499
    202:   1.57895e-01   3.15789e-01  -4.73684e-01   0.006998
    203:   1.57895e-01   3.15789e-01  -4.21053e-01   0.006998
    204:   1.57895e-01   3.15789e-01  -3.68421e-01   0.006998
    205:   1.57895e-01   3.68421e-01  -4.73684e-01   0.003499
    206:   1.57895e-01   3.68421e-01  -4.21053e-01   0.006998
    207:   1.57895e-01   3.68421e-01  -3.68421e-01   0.006998
    208:   1.57895e-01   3.68421e-01  -3.15789e-01   0.006998
    209:   1.57895e-01   3.68421e-01  -2.63158e-01   0.006998
    210:   1.57895e-01   3.68421e-01  -2.10526e-01   0.003499
    211:   1.57895e-01   4.21053e-01  -4.21053e-01   0.003499
    212:   1.57895e-01   4.21053e-01  -3.68421e-01   0.006998
    213:   1.57895e-01   4.21053e-01  -3.15789e-01   0.006998
    214:   1.57895e-01   4.21053e-01  -2.63158e-01   0.003499
    215:   1.57895e-01   4.73684e-01  -3.68421e-01   0.003499
    216:   1.57895e-01   4.73684e-01  -3.15789e-01   0.003499
    217:   2.10526e-01   4.21053e-01  -3.68421e-01   0.003499
    218:   2.10526e-01   4.21053e-01  -3.15789e-01   0.006998
    219:   2.10526e-01   4.73684e-01  -3.15789e-01   0.003499
    220:   2.10526e-01   4.73684e-01  -2.63158e-01   0.003499

 Force constant
 ==============

  Reading force constants from the XML file ... done !
  Number of non-zero IFCs for 2 order: 990

  Maximum deviation from the translational invariance: 
   Order 2 : 6.152847e-17


 Dynamical matrix
 ================

  NONANALYTIC = 2 : Non-analytic part of the dynamical matrix will be included 
                    by the mixed-space approach.

  Dielectric constants and Born effective charges are read from BORNINFO.

  Dielectric constant tensor in Cartesian coordinate : 
   2.223584e+02   0.000000e+00   0.000000e+00
   0.000000e+00   2.223584e+02   0.000000e+00
  -0.000000e+00  -0.000000e+00   2.223584e+02

  Born effective charge tensor in Cartesian coordinate
  Atom    1( Pb) :
       2.934980       0.000000      -0.000000
       0.000000       2.934980      -0.000000
      -0.000000       0.000000       2.934980
  Atom    2(  S) :
      -2.934980      -0.000000       0.000000
      -0.000000      -2.934980       0.000000
       0.000000       0.000000      -2.934980

 -----------------------------------------------------------------


 ISMEAR = -1: Tetrahedron method will be used.

 Now, move on to phonon calculations.

 Diagonalizing dynamical matrices for all k points ... done!
 PDOS = 1 : Calculating atom-projected phonon DOS ...  done!

 -----------------------------------------------------------------

 Phonon frequencies below:

 # Irred. k point    1 : (  0.0000,  0.0000,  0.0000)
   Mode, Frequency 
      1    -33.9763 cm^-1  (     -1.0186 THz )
      2    -33.9763 cm^-1  (     -1.0186 THz )
      3    -33.9763 cm^-1  (     -1.0186 THz )
      4      0.0000 cm^-1  (      0.0000 THz )
      5      0.0000 cm^-1  (      0.0000 THz )
      6      0.0000 cm^-1  (      0.0000 THz )

 # Irred. k point    2 : (  0.0000,  0.0000,  0.0526)
   Mode, Frequency 
      1     -8.5321 cm^-1  (     -0.2558 THz )
      2     -8.5321 cm^-1  (     -0.2558 THz )
      3     15.8813 cm^-1  (      0.4761 THz )
      4     15.8813 cm^-1  (      0.4761 THz )
      5     17.3459 cm^-1  (      0.5200 THz )
      6     54.6463 cm^-1  (      1.6383 THz )

 # Irred. k point    3 : (  0.0000,  0.0000,  0.1053)
   Mode, Frequency 
      1     26.2055 cm^-1  (      0.7856 THz )
      2     26.2055 cm^-1  (      0.7856 THz )
      3     33.3988 cm^-1  (      1.0013 THz )
      4     55.7737 cm^-1  (      1.6721 THz )
      5     55.7737 cm^-1  (      1.6721 THz )
      6    104.0424 cm^-1  (      3.1191 THz )

 # Irred. k point    4 : (  0.0000,  0.0000,  0.1579)
   Mode, Frequency 
      1     38.3155 cm^-1  (      1.1487 THz )
      2     38.3155 cm^-1  (      1.1487 THz )
      3     48.0344 cm^-1  (      1.4400 THz )
      4     85.1919 cm^-1  (      2.5540 THz )
      5     85.1919 cm^-1  (      2.5540 THz )
      6    149.0179 cm^-1  (      4.4674 THz )

 # Irred. k point    5 : (  0.0000,  0.0000,  0.2105)
   Mode, Frequency 
      1     48.8851 cm^-1  (      1.4655 THz )
      2     48.8851 cm^-1  (      1.4655 THz )
      3     60.7547 cm^-1  (      1.8214 THz )
      4    106.9217 cm^-1  (      3.2054 THz )
      5    106.9217 cm^-1  (      3.2054 THz )
      6    187.6035 cm^-1  (      5.6242 THz )

 # Irred. k point    6 : (  0.0000,  0.0000,  0.2632)
   Mode, Frequency 
      1     57.9439 cm^-1  (      1.7371 THz )
      2     57.9439 cm^-1  (      1.7371 THz )
      3     71.3581 cm^-1  (      2.1393 THz )
      4    121.8288 cm^-1  (      3.6523 THz )
      5    121.8288 cm^-1  (      3.6523 THz )
      6    218.9915 cm^-1  (      6.5652 THz )

 # Irred. k point    7 : (  0.0000,  0.0000,  0.3158)
   Mode, Frequency 
      1     65.4897 cm^-1  (      1.9633 THz )
      2     65.4897 cm^-1  (      1.9633 THz )
      3     79.8175 cm^-1  (      2.3929 THz )
      4    130.9700 cm^-1  (      3.9264 THz )
      5    130.9700 cm^-1  (      3.9264 THz )
      6    243.1487 cm^-1  (      7.2894 THz )

 # Irred. k point    8 : (  0.0000,  0.0000,  0.3684)
   Mode, Frequency 
      1     71.4385 cm^-1  (      2.1417 THz )
      2     71.4385 cm^-1  (      2.1417 THz )
      3     86.1652 cm^-1  (      2.5832 THz )
      4    135.8304 cm^-1  (      4.0721 THz )
      5    135.8304 cm^-1  (      4.0721 THz )
      6    260.5109 cm^-1  (      7.8099 THz )

 # Irred. k point    9 : (  0.0000,  0.0000,  0.4211)
   Mode, Frequency 
      1     75.6014 cm^-1  (      2.2665 THz )
      2     75.6014 cm^-1  (      2.2665 THz )
      3     90.4166 cm^-1  (      2.7106 THz )
      4    137.9880 cm^-1  (      4.1368 THz )
      5    137.9880 cm^-1  (      4.1368 THz )
      6    271.6655 cm^-1  (      8.1443 THz )

 # Irred. k point   10 : (  0.0000,  0.0000,  0.4737)
   Mode, Frequency 
      1     77.7565 cm^-1  (      2.3311 THz )
      2     77.7565 cm^-1  (      2.3311 THz )
      3     92.5541 cm^-1  (      2.7747 THz )
      4    138.7181 cm^-1  (      4.1587 THz )
      5    138.7181 cm^-1  (      4.1587 THz )
      6    277.1077 cm^-1  (      8.3075 THz )

 # Irred. k point   11 : (  0.0000,  0.0526,  0.0526)
   Mode, Frequency 
      1    -12.5459 cm^-1  (     -0.3761 THz )
      2    -12.5459 cm^-1  (     -0.3761 THz )
      3     11.5346 cm^-1  (      0.3458 THz )
      4     11.5346 cm^-1  (      0.3458 THz )
      5     26.3724 cm^-1  (      0.7906 THz )
      6     69.5451 cm^-1  (      2.0849 THz )

 # Irred. k point   12 : (  0.0000,  0.0526,  0.1053)
   Mode, Frequency 
      1     18.2026 cm^-1  (      0.5457 THz )
      2     19.6028 cm^-1  (      0.5877 THz )
      3     39.0489 cm^-1  (      1.1707 THz )
      4     43.8361 cm^-1  (      1.3142 THz )
      5     47.9024 cm^-1  (      1.4361 THz )
      6    106.2464 cm^-1  (      3.1852 THz )

 # Irred. k point   13 : (  0.0000,  0.0526,  0.1579)
   Mode, Frequency 
      1     30.1026 cm^-1  (      0.9025 THz )
      2     32.9491 cm^-1  (      0.9878 THz )
      3     51.2495 cm^-1  (      1.5364 THz )
      4     73.6377 cm^-1  (      2.2076 THz )
      5     79.9337 cm^-1  (      2.3964 THz )
      6    145.3070 cm^-1  (      4.3562 THz )

 # Irred. k point   14 : (  0.0000,  0.0526,  0.2105)
   Mode, Frequency 
      1     41.1501 cm^-1  (      1.2336 THz )
      2     44.9450 cm^-1  (      1.3474 THz )
      3     62.1385 cm^-1  (      1.8629 THz )
      4     97.2503 cm^-1  (      2.9155 THz )
      5    103.9376 cm^-1  (      3.1160 THz )
      6    181.3612 cm^-1  (      5.4371 THz )

 # Irred. k point   15 : (  0.0000,  0.0526,  0.2632)
   Mode, Frequency 
      1     50.9951 cm^-1  (      1.5288 THz )
      2     55.2397 cm^-1  (      1.6560 THz )
      3     71.3865 cm^-1  (      2.1401 THz )
      4    114.5827 cm^-1  (      3.4351 THz )
      5    120.5043 cm^-1  (      3.6126 THz )
      6    212.0048 cm^-1  (      6.3557 THz )

 # Irred. k point   16 : (  0.0000,  0.0526,  0.3158)
   Mode, Frequency 
      1     59.5186 cm^-1  (      1.7843 THz )
      2     63.7401 cm^-1  (      1.9109 THz )
      3     78.9108 cm^-1  (      2.3657 THz )
      4    126.0902 cm^-1  (      3.7801 THz )
      5    130.6834 cm^-1  (      3.9178 THz )
      6    236.3855 cm^-1  (      7.0867 THz )

 # Irred. k point   17 : (  0.0000,  0.0526,  0.3684)
   Mode, Frequency 
      1     66.6240 cm^-1  (      1.9973 THz )
      2     70.3533 cm^-1  (      2.1091 THz )
      3     84.7283 cm^-1  (      2.5401 THz )
      4    132.8563 cm^-1  (      3.9829 THz )
      5    136.0675 cm^-1  (      4.0792 THz )
      6    254.5177 cm^-1  (      7.6302 THz )

 # Irred. k point   18 : (  0.0000,  0.0526,  0.4211)
   Mode, Frequency 
      1     72.1468 cm^-1  (      2.1629 THz )
      2     74.8790 cm^-1  (      2.2448 THz )
      3     88.8646 cm^-1  (      2.6641 THz )
      4    136.2733 cm^-1  (      4.0854 THz )
      5    138.4275 cm^-1  (      4.1500 THz )
      6    266.7977 cm^-1  (      7.9984 THz )

 # Irred. k point   19 : (  0.0000,  0.0526,  0.4737)
   Mode, Frequency 
      1     75.8673 cm^-1  (      2.2744 THz )
      2     77.0745 cm^-1  (      2.3106 THz )
      3     91.3107 cm^-1  (      2.7374 THz )
      4    137.6757 cm^-1  (      4.1274 THz )
      5    139.2258 cm^-1  (      4.1739 THz )
      6    273.6635 cm^-1  (      8.2042 THz )

 # Irred. k point   20 : (  0.0000,  0.0526, -0.4737)
   Mode, Frequency 
      1     76.8169 cm^-1  (      2.3029 THz )
      2     77.5777 cm^-1  (      2.3257 THz )
      3     92.0114 cm^-1  (      2.7584 THz )
      4    138.0617 cm^-1  (      4.1390 THz )
      5    139.2472 cm^-1  (      4.1745 THz )
      6    275.4041 cm^-1  (      8.2564 THz )

 # Irred. k point   21 : (  0.0000,  0.0526, -0.4211)
   Mode, Frequency 
      1     74.1885 cm^-1  (      2.2241 THz )
      2     77.1591 cm^-1  (      2.3132 THz )
      3     90.8905 cm^-1  (      2.7248 THz )
      4    137.8997 cm^-1  (      4.1341 THz )
      5    138.4942 cm^-1  (      4.1520 THz )
      6    272.0856 cm^-1  (      8.1569 THz )

 # Irred. k point   22 : (  0.0000,  0.0526, -0.3684)
   Mode, Frequency 
      1     69.4234 cm^-1  (      2.0813 THz )
      2     74.6421 cm^-1  (      2.2377 THz )
      3     87.8942 cm^-1  (      2.6350 THz )
      4    136.2943 cm^-1  (      4.0860 THz )
      5    136.9687 cm^-1  (      4.1062 THz )
      6    263.5362 cm^-1  (      7.9006 THz )

 # Irred. k point   23 : (  0.0000,  0.0526, -0.3158)
   Mode, Frequency 
      1     62.8079 cm^-1  (      1.8829 THz )
      2     70.2050 cm^-1  (      2.1047 THz )
      3     82.9968 cm^-1  (      2.4882 THz )
      4    131.4836 cm^-1  (      3.9418 THz )
      5    134.3001 cm^-1  (      4.0262 THz )
      6    249.3695 cm^-1  (      7.4759 THz )

 # Irred. k point   24 : (  0.0000,  0.0526, -0.2632)
   Mode, Frequency 
      1     54.6012 cm^-1  (      1.6369 THz )
      2     64.0713 cm^-1  (      1.9208 THz )
      3     76.1689 cm^-1  (      2.2835 THz )
      4    122.6436 cm^-1  (      3.6768 THz )
      5    128.3697 cm^-1  (      3.8484 THz )
      6    229.0810 cm^-1  (      6.8677 THz )

 # Irred. k point   25 : (  0.0000,  0.0526, -0.2105)
   Mode, Frequency 
      1     44.9961 cm^-1  (      1.3489 THz )
      2     56.3843 cm^-1  (      1.6904 THz )
      3     67.3683 cm^-1  (      2.0197 THz )
      4    108.4330 cm^-1  (      3.2507 THz )
      5    117.5439 cm^-1  (      3.5239 THz )
      6    202.2684 cm^-1  (      6.0639 THz )

 # Irred. k point   26 : (  0.0000,  0.0526, -0.1579)
   Mode, Frequency 
      1     34.1735 cm^-1  (      1.0245 THz )
      2     47.1809 cm^-1  (      1.4144 THz )
      3     56.5970 cm^-1  (      1.6967 THz )
      4     87.9890 cm^-1  (      2.6378 THz )
      5    100.6059 cm^-1  (      3.0161 THz )
      6    168.9846 cm^-1  (      5.0660 THz )

 # Irred. k point   27 : (  0.0000,  0.0526, -0.1053)
   Mode, Frequency 
      1     22.5828 cm^-1  (      0.6770 THz )
      2     36.5004 cm^-1  (      1.0943 THz )
      3     44.0260 cm^-1  (      1.3199 THz )
      4     61.3170 cm^-1  (      1.8382 THz )
      5     77.1361 cm^-1  (      2.3125 THz )
      6    130.2125 cm^-1  (      3.9037 THz )

 # Irred. k point   28 : (  0.0000,  0.0526, -0.0526)
   Mode, Frequency 
      1     12.0961 cm^-1  (      0.3626 THz )
      2     24.4879 cm^-1  (      0.7341 THz )
      3     30.1130 cm^-1  (      0.9028 THz )
      4     30.1770 cm^-1  (      0.9047 THz )
      5     47.4838 cm^-1  (      1.4235 THz )
      6     88.7177 cm^-1  (      2.6597 THz )

 # Irred. k point   29 : (  0.0000,  0.1053,  0.1053)
   Mode, Frequency 
      1     17.7518 cm^-1  (      0.5322 THz )
      2     17.7518 cm^-1  (      0.5322 THz )
      3     49.5080 cm^-1  (      1.4842 THz )
      4     51.9382 cm^-1  (      1.5571 THz )
      5     51.9382 cm^-1  (      1.5571 THz )
      6    130.4148 cm^-1  (      3.9097 THz )

 # Irred. k point   30 : (  0.0000,  0.1053,  0.1579)
   Mode, Frequency 
      1     24.8909 cm^-1  (      0.7462 THz )
      2     25.9821 cm^-1  (      0.7789 THz )
      3     59.3468 cm^-1  (      1.7792 THz )
      4     71.6748 cm^-1  (      2.1488 THz )
      5     74.2251 cm^-1  (      2.2252 THz )
      6    159.1359 cm^-1  (      4.7708 THz )

 # Irred. k point   31 : (  0.0000,  0.1053,  0.2105)
   Mode, Frequency 
      1     34.4474 cm^-1  (      1.0327 THz )
      2     37.2037 cm^-1  (      1.1153 THz )
      3     67.8601 cm^-1  (      2.0344 THz )
      4     92.1000 cm^-1  (      2.7611 THz )
      5     97.9810 cm^-1  (      2.9374 THz )
      6    186.8088 cm^-1  (      5.6004 THz )

 # Irred. k point   32 : (  0.0000,  0.1053,  0.2632)
   Mode, Frequency 
      1     44.0101 cm^-1  (      1.3194 THz )
      2     48.1526 cm^-1  (      1.4436 THz )
      3     74.7220 cm^-1  (      2.2401 THz )
      4    108.9784 cm^-1  (      3.2671 THz )
      5    116.6912 cm^-1  (      3.4983 THz )
      6    211.1545 cm^-1  (      6.3303 THz )

 # Irred. k point   33 : (  0.0000,  0.1053,  0.3158)
   Mode, Frequency 
      1     52.8306 cm^-1  (      1.5838 THz )
      2     57.9025 cm^-1  (      1.7359 THz )
      3     79.9386 cm^-1  (      2.3965 THz )
      4    121.1730 cm^-1  (      3.6327 THz )
      5    129.0938 cm^-1  (      3.8701 THz )
      6    231.2517 cm^-1  (      6.9328 THz )

 # Irred. k point   34 : (  0.0000,  0.1053,  0.3684)
   Mode, Frequency 
      1     60.6065 cm^-1  (      1.8169 THz )
      2     65.9794 cm^-1  (      1.9780 THz )
      3     83.7095 cm^-1  (      2.5095 THz )
      4    128.9561 cm^-1  (      3.8660 THz )
      5    136.0523 cm^-1  (      4.0787 THz )
      6    246.8881 cm^-1  (      7.4015 THz )

 # Irred. k point   35 : (  0.0000,  0.1053,  0.4211)
   Mode, Frequency 
      1     67.1103 cm^-1  (      2.0119 THz )
      2     71.8244 cm^-1  (      2.1532 THz )
      3     86.3586 cm^-1  (      2.5890 THz )
      4    133.2678 cm^-1  (      3.9953 THz )
      5    139.2924 cm^-1  (      4.1759 THz )
      6    258.1859 cm^-1  (      7.7402 THz )

 # Irred. k point   36 : (  0.0000,  0.1053,  0.4737)
   Mode, Frequency 
      1     72.1072 cm^-1  (      2.1617 THz )
      2     74.7194 cm^-1  (      2.2400 THz )
      3     88.3055 cm^-1  (      2.6473 THz )
      4    135.2453 cm^-1  (      4.0546 THz )
      5    140.4958 cm^-1  (      4.2120 THz )
      6    265.3452 cm^-1  (      7.9548 THz )

 # Irred. k point   37 : (  0.0000,  0.1053, -0.4737)
   Mode, Frequency 
      1     74.3234 cm^-1  (      2.2282 THz )
      2     75.3689 cm^-1  (      2.2595 THz )
      3     89.6662 cm^-1  (      2.6881 THz )
      4    135.9329 cm^-1  (      4.0752 THz )
      5    140.6703 cm^-1  (      4.2172 THz )
      6    268.4905 cm^-1  (      8.0491 THz )

 # Irred. k point   38 : (  0.0000,  0.1053, -0.4211)
   Mode, Frequency 
      1     71.0631 cm^-1  (      2.1304 THz )
      2     76.7048 cm^-1  (      2.2996 THz )
      3     89.9923 cm^-1  (      2.6979 THz )
      4    136.0990 cm^-1  (      4.0801 THz )
      5    139.9462 cm^-1  (      4.1955 THz )
      6    267.6116 cm^-1  (      8.0228 THz )

 # Irred. k point   39 : (  0.0000,  0.1053, -0.3684)
   Mode, Frequency 
      1     65.5742 cm^-1  (      1.9659 THz )
      2     76.0120 cm^-1  (      2.2788 THz )
      3     88.8282 cm^-1  (      2.6630 THz )
      4    136.0214 cm^-1  (      4.0778 THz )
      5    137.7526 cm^-1  (      4.1297 THz )
      6    262.5452 cm^-1  (      7.8709 THz )

 # Irred. k point   40 : (  0.0000,  0.1053, -0.3158)
   Mode, Frequency 
      1     58.3781 cm^-1  (      1.7501 THz )
      2     73.3458 cm^-1  (      2.1989 THz )
      3     85.9588 cm^-1  (      2.5770 THz )
      4    133.1156 cm^-1  (      3.9907 THz )
      5    135.2320 cm^-1  (      4.0542 THz )
      6    252.9661 cm^-1  (      7.5837 THz )

 # Irred. k point   41 : (  0.0000,  0.1053, -0.2632)
   Mode, Frequency 
      1     49.9389 cm^-1  (      1.4971 THz )
      2     68.9056 cm^-1  (      2.0657 THz )
      3     81.2847 cm^-1  (      2.4369 THz )
      4    124.9558 cm^-1  (      3.7461 THz )
      5    132.4850 cm^-1  (      3.9718 THz )
      6    238.4162 cm^-1  (      7.1475 THz )

 # Irred. k point   42 : (  0.0000,  0.1053, -0.2105)
   Mode, Frequency 
      1     40.7707 cm^-1  (      1.2223 THz )
      2     62.8940 cm^-1  (      1.8855 THz )
      3     74.7218 cm^-1  (      2.2401 THz )
      4    112.4661 cm^-1  (      3.3716 THz )
      5    126.1455 cm^-1  (      3.7817 THz )
      6    218.4515 cm^-1  (      6.5490 THz )

 # Irred. k point   43 : (  0.0000,  0.1053, -0.1579)
   Mode, Frequency 
      1     31.6771 cm^-1  (      0.9497 THz )
      2     55.4104 cm^-1  (      1.6612 THz )
      3     66.2122 cm^-1  (      1.9850 THz )
      4     95.7120 cm^-1  (      2.8694 THz )
      5    114.8422 cm^-1  (      3.4429 THz )
      6    192.9612 cm^-1  (      5.7848 THz )

 # Irred. k point   44 : (  0.0000,  0.1053, -0.1053)
   Mode, Frequency 
      1     24.4537 cm^-1  (      0.7331 THz )
      2     46.5232 cm^-1  (      1.3947 THz )
      3     55.8305 cm^-1  (      1.6738 THz )
      4     76.7140 cm^-1  (      2.2998 THz )
      5     98.1293 cm^-1  (      2.9418 THz )
      6    162.6877 cm^-1  (      4.8773 THz )

 # Irred. k point   45 : (  0.0000,  0.1579,  0.1579)
   Mode, Frequency 
      1     25.1903 cm^-1  (      0.7552 THz )
      2     25.1903 cm^-1  (      0.7552 THz )
      3     67.1083 cm^-1  (      2.0119 THz )
      4     79.9910 cm^-1  (      2.3981 THz )
      5     79.9910 cm^-1  (      2.3981 THz )
      6    179.1323 cm^-1  (      5.3703 THz )

 # Irred. k point   46 : (  0.0000,  0.1579,  0.2105)
   Mode, Frequency 
      1     30.4686 cm^-1  (      0.9134 THz )
      2     31.4231 cm^-1  (      0.9420 THz )
      3     73.2419 cm^-1  (      2.1957 THz )
      4     93.3948 cm^-1  (      2.7999 THz )
      5     95.2171 cm^-1  (      2.8545 THz )
      6    198.7013 cm^-1  (      5.9569 THz )

 # Irred. k point   47 : (  0.0000,  0.1579,  0.2632)
   Mode, Frequency 
      1     38.0435 cm^-1  (      1.1405 THz )
      2     40.7987 cm^-1  (      1.2231 THz )
      3     77.6124 cm^-1  (      2.3268 THz )
      4    106.8097 cm^-1  (      3.2021 THz )
      5    111.9228 cm^-1  (      3.3554 THz )
      6    215.3193 cm^-1  (      6.4551 THz )

 # Irred. k point   48 : (  0.0000,  0.1579,  0.3158)
   Mode, Frequency 
      1     46.1373 cm^-1  (      1.3832 THz )
      2     50.5922 cm^-1  (      1.5167 THz )
      3     80.3559 cm^-1  (      2.4090 THz )
      4    117.6438 cm^-1  (      3.5269 THz )
      5    125.5036 cm^-1  (      3.7625 THz )
      6    228.4880 cm^-1  (      6.8499 THz )

 # Irred. k point   49 : (  0.0000,  0.1579,  0.3684)
   Mode, Frequency 
      1     53.9238 cm^-1  (      1.6166 THz )
      2     59.5578 cm^-1  (      1.7855 THz )
      3     81.7962 cm^-1  (      2.4522 THz )
      4    125.1807 cm^-1  (      3.7528 THz )
      5    134.5497 cm^-1  (      4.0337 THz )
      6    238.7028 cm^-1  (      7.1561 THz )

 # Irred. k point   50 : (  0.0000,  0.1579,  0.4211)
   Mode, Frequency 
      1     60.9441 cm^-1  (      1.8271 THz )
      2     66.7324 cm^-1  (      2.0006 THz )
      3     82.4706 cm^-1  (      2.4724 THz )
      4    129.7310 cm^-1  (      3.8892 THz )
      5    139.5514 cm^-1  (      4.1836 THz )
      6    246.6236 cm^-1  (      7.3936 THz )

 # Irred. k point   51 : (  0.0000,  0.1579,  0.4737)
   Mode, Frequency 
      1     66.8575 cm^-1  (      2.0043 THz )
      2     70.6677 cm^-1  (      2.1186 THz )
      3     83.4441 cm^-1  (      2.5016 THz )
      4    132.0373 cm^-1  (      3.9584 THz )
      5    141.8227 cm^-1  (      4.2517 THz )
      6    252.5792 cm^-1  (      7.5721 THz )

 # Irred. k point   52 : (  0.0000,  0.1579, -0.4737)
   Mode, Frequency 
      1     70.2107 cm^-1  (      2.1049 THz )
      2     71.3925 cm^-1  (      2.1403 THz )
      3     85.5526 cm^-1  (      2.5648 THz )
      4    132.9412 cm^-1  (      3.9855 THz )
      5    142.5039 cm^-1  (      4.2722 THz )
      6    256.5076 cm^-1  (      7.6899 THz )

 # Irred. k point   53 : (  0.0000,  0.1579, -0.4211)
   Mode, Frequency 
      1     66.4573 cm^-1  (      1.9923 THz )
      2     74.3336 cm^-1  (      2.2285 THz )
      3     87.5907 cm^-1  (      2.6259 THz )
      4    133.2403 cm^-1  (      3.9944 THz )
      5    141.9892 cm^-1  (      4.2567 THz )
      6    258.1158 cm^-1  (      7.7381 THz )

 # Irred. k point   54 : (  0.0000,  0.1579, -0.3684)
   Mode, Frequency 
      1     60.6980 cm^-1  (      1.8197 THz )
      2     75.4978 cm^-1  (      2.2634 THz )
      3     88.4079 cm^-1  (      2.6504 THz )
      4    133.5398 cm^-1  (      4.0034 THz )
      5    139.9737 cm^-1  (      4.1963 THz )
      6    257.0063 cm^-1  (      7.7049 THz )

 # Irred. k point   55 : (  0.0000,  0.1579, -0.3158)
   Mode, Frequency 
      1     53.6812 cm^-1  (      1.6093 THz )
      2     74.7778 cm^-1  (      2.2418 THz )
      3     87.6131 cm^-1  (      2.6266 THz )
      4    133.9291 cm^-1  (      4.0151 THz )
      5    135.8229 cm^-1  (      4.0719 THz )
      6    252.6942 cm^-1  (      7.5756 THz )

 # Irred. k point   56 : (  0.0000,  0.1579, -0.2632)
   Mode, Frequency 
      1     46.1049 cm^-1  (      1.3822 THz )
      2     72.2387 cm^-1  (      2.1657 THz )
      3     85.0772 cm^-1  (      2.5505 THz )
      4    128.9500 cm^-1  (      3.8658 THz )
      5    133.6612 cm^-1  (      4.0071 THz )
      6    244.5850 cm^-1  (      7.3325 THz )

 # Irred. k point   57 : (  0.0000,  0.1579, -0.2105)
   Mode, Frequency 
      1     38.9134 cm^-1  (      1.1666 THz )
      2     68.0733 cm^-1  (      2.0408 THz )
      3     80.7055 cm^-1  (      2.4195 THz )
      4    119.1992 cm^-1  (      3.5735 THz )
      5    131.2817 cm^-1  (      3.9357 THz )
      6    232.0477 cm^-1  (      6.9566 THz )

 # Irred. k point   58 : (  0.0000,  0.1579, -0.1579)
   Mode, Frequency 
      1     33.5164 cm^-1  (      1.0048 THz )
      2     62.4362 cm^-1  (      1.8718 THz )
      3     74.4073 cm^-1  (      2.2307 THz )
      4    107.3466 cm^-1  (      3.2182 THz )
      5    125.2728 cm^-1  (      3.7556 THz )
      6    214.7023 cm^-1  (      6.4366 THz )

 # Irred. k point   59 : (  0.0000,  0.2105,  0.2105)
   Mode, Frequency 
      1     30.5209 cm^-1  (      0.9150 THz )
      2     30.5209 cm^-1  (      0.9150 THz )
      3     77.0509 cm^-1  (      2.3099 THz )
      4     99.8092 cm^-1  (      2.9922 THz )
      5     99.8092 cm^-1  (      2.9922 THz )
      6    211.0055 cm^-1  (      6.3258 THz )

 # Irred. k point   60 : (  0.0000,  0.2105,  0.2632)
   Mode, Frequency 
      1     34.2752 cm^-1  (      1.0275 THz )
      2     35.2210 cm^-1  (      1.0559 THz )
      3     78.8525 cm^-1  (      2.3639 THz )
      4    108.2337 cm^-1  (      3.2448 THz )
      5    109.7539 cm^-1  (      3.2903 THz )
      6    220.5869 cm^-1  (      6.6130 THz )

 # Irred. k point   61 : (  0.0000,  0.2105,  0.3158)
   Mode, Frequency 
      1     40.2563 cm^-1  (      1.2069 THz )
      2     43.2139 cm^-1  (      1.2955 THz )
      3     78.9379 cm^-1  (      2.3665 THz )
      4    116.0989 cm^-1  (      3.4806 THz )
      5    121.0339 cm^-1  (      3.6285 THz )
      6    226.6904 cm^-1  (      6.7960 THz )

 # Irred. k point   62 : (  0.0000,  0.2105,  0.3684)
   Mode, Frequency 
      1     47.1608 cm^-1  (      1.4138 THz )
      2     52.0695 cm^-1  (      1.5610 THz )
      3     77.8700 cm^-1  (      2.3345 THz )
      4    122.1607 cm^-1  (      3.6623 THz )
      5    130.8644 cm^-1  (      3.9232 THz )
      6    230.2084 cm^-1  (      6.9015 THz )

 # Irred. k point   63 : (  0.0000,  0.2105,  0.4211)
   Mode, Frequency 
      1     54.1292 cm^-1  (      1.6228 THz )
      2     60.0548 cm^-1  (      1.8004 THz )
      3     76.4453 cm^-1  (      2.2918 THz )
      4    126.2049 cm^-1  (      3.7835 THz )
      5    137.9590 cm^-1  (      4.1359 THz )
      6    232.8205 cm^-1  (      6.9798 THz )

 # Irred. k point   64 : (  0.0000,  0.2105,  0.4737)
   Mode, Frequency 
      1     60.5682 cm^-1  (      1.8158 THz )
      2     64.8213 cm^-1  (      1.9433 THz )
      3     76.4560 cm^-1  (      2.2921 THz )
      4    128.5373 cm^-1  (      3.8535 THz )
      5    142.1661 cm^-1  (      4.2620 THz )
      6    235.9012 cm^-1  (      7.0721 THz )

 # Irred. k point   65 : (  0.0000,  0.2105, -0.4737)
   Mode, Frequency 
      1     64.0977 cm^-1  (      1.9216 THz )
      2     66.0604 cm^-1  (      1.9804 THz )
      3     79.7367 cm^-1  (      2.3904 THz )
      4    129.6455 cm^-1  (      3.8867 THz )
      5    144.0256 cm^-1  (      4.3178 THz )
      6    239.7558 cm^-1  (      7.1877 THz )

 # Irred. k point   66 : (  0.0000,  0.2105, -0.4211)
   Mode, Frequency 
      1     60.2405 cm^-1  (      1.8060 THz )
      2     70.3377 cm^-1  (      2.1087 THz )
      3     83.6757 cm^-1  (      2.5085 THz )
      4    130.0988 cm^-1  (      3.9003 THz )
      5    144.0889 cm^-1  (      4.3197 THz )
      6    243.7508 cm^-1  (      7.3075 THz )

 # Irred. k point   67 : (  0.0000,  0.2105, -0.3684)
   Mode, Frequency 
      1     55.0726 cm^-1  (      1.6510 THz )
      2     73.2063 cm^-1  (      2.1947 THz )
      3     86.4744 cm^-1  (      2.5924 THz )
      4    130.5235 cm^-1  (      3.9130 THz )
      5    142.4882 cm^-1  (      4.2717 THz )
      6    246.8960 cm^-1  (      7.4018 THz )

 # Irred. k point   68 : (  0.0000,  0.2105, -0.3158)
   Mode, Frequency 
      1     49.3967 cm^-1  (      1.4809 THz )
      2     74.4667 cm^-1  (      2.2325 THz )
      3     87.6825 cm^-1  (      2.6287 THz )
      4    131.3930 cm^-1  (      3.9391 THz )
      5    139.0790 cm^-1  (      4.1695 THz )
      6    248.1885 cm^-1  (      7.4405 THz )

 # Irred. k point   69 : (  0.0000,  0.2105, -0.2632)
   Mode, Frequency 
      1     44.0539 cm^-1  (      1.3207 THz )
      2     73.9833 cm^-1  (      2.2180 THz )
      3     87.1743 cm^-1  (      2.6134 THz )
      4    132.5694 cm^-1  (      3.9743 THz )
      5    133.7710 cm^-1  (      4.0104 THz )
      6    246.6806 cm^-1  (      7.3953 THz )

 # Irred. k point   70 : (  0.0000,  0.2105, -0.2105)
   Mode, Frequency 
      1     40.1704 cm^-1  (      1.2043 THz )
      2     71.8037 cm^-1  (      2.1526 THz )
      3     84.8724 cm^-1  (      2.5444 THz )
      4    126.8445 cm^-1  (      3.8027 THz )
      5    133.0341 cm^-1  (      3.9883 THz )
      6    241.4990 cm^-1  (      7.2400 THz )

 # Irred. k point   71 : (  0.0000,  0.2632,  0.2632)
   Mode, Frequency 
      1     33.6041 cm^-1  (      1.0074 THz )
      2     33.6041 cm^-1  (      1.0074 THz )
      3     77.9905 cm^-1  (      2.3381 THz )
      4    111.9085 cm^-1  (      3.3549 THz )
      5    111.9085 cm^-1  (      3.3549 THz )
      6    223.7684 cm^-1  (      6.7084 THz )

 # Irred. k point   72 : (  0.0000,  0.2632,  0.3158)
   Mode, Frequency 
      1     36.0881 cm^-1  (      1.0819 THz )
      2     37.1130 cm^-1  (      1.1126 THz )
      3     75.2245 cm^-1  (      2.2552 THz )
      4    116.1657 cm^-1  (      3.4826 THz )
      5    117.6850 cm^-1  (      3.5281 THz )
      6    223.6252 cm^-1  (      6.7041 THz )

 # Irred. k point   73 : (  0.0000,  0.2632,  0.3684)
   Mode, Frequency 
      1     40.9437 cm^-1  (      1.2275 THz )
      2     44.2001 cm^-1  (      1.3251 THz )
      3     71.3421 cm^-1  (      2.1388 THz )
      4    119.9248 cm^-1  (      3.5953 THz )
      5    125.4738 cm^-1  (      3.7616 THz )
      6    220.7964 cm^-1  (      6.6193 THz )

 # Irred. k point   74 : (  0.0000,  0.2632,  0.4211)
   Mode, Frequency 
      1     47.1071 cm^-1  (      1.4122 THz )
      2     52.1298 cm^-1  (      1.5628 THz )
      3     67.5860 cm^-1  (      2.0262 THz )
      4    122.8177 cm^-1  (      3.6820 THz )
      5    133.6168 cm^-1  (      4.0057 THz )
      6    217.3780 cm^-1  (      6.5168 THz )

 # Irred. k point   75 : (  0.0000,  0.2632,  0.4737)
   Mode, Frequency 
      1     53.6263 cm^-1  (      1.6077 THz )
      2     56.8001 cm^-1  (      1.7028 THz )
      3     67.1053 cm^-1  (      2.0118 THz )
      4    124.8726 cm^-1  (      3.7436 THz )
      5    140.3828 cm^-1  (      4.2086 THz )
      6    216.0906 cm^-1  (      6.4782 THz )

 # Irred. k point   76 : (  0.0000,  0.2632, -0.4737)
   Mode, Frequency 
      1     55.1924 cm^-1  (      1.6546 THz )
      2     59.7822 cm^-1  (      1.7922 THz )
      3     72.3401 cm^-1  (      2.1687 THz )
      4    126.2240 cm^-1  (      3.7841 THz )
      5    144.4437 cm^-1  (      4.3303 THz )
      6    218.7454 cm^-1  (      6.5578 THz )

 # Irred. k point   77 : (  0.0000,  0.2632, -0.4211)
   Mode, Frequency 
      1     51.9289 cm^-1  (      1.5568 THz )
      2     65.1242 cm^-1  (      1.9524 THz )
      3     78.2418 cm^-1  (      2.3456 THz )
      4    127.0665 cm^-1  (      3.8094 THz )
      5    145.7022 cm^-1  (      4.3680 THz )
      6    224.9099 cm^-1  (      6.7426 THz )

 # Irred. k point   78 : (  0.0000,  0.2632, -0.3684)
   Mode, Frequency 
      1     48.6302 cm^-1  (      1.4579 THz )
      2     69.4182 cm^-1  (      2.0811 THz )
      3     82.9644 cm^-1  (      2.4872 THz )
      4    127.7605 cm^-1  (      3.8302 THz )
      5    144.7962 cm^-1  (      4.3409 THz )
      6    232.6015 cm^-1  (      6.9732 THz )

 # Irred. k point   79 : (  0.0000,  0.2632, -0.3158)
   Mode, Frequency 
      1     45.8212 cm^-1  (      1.3737 THz )
      2     72.4797 cm^-1  (      2.1729 THz )
      3     86.0909 cm^-1  (      2.5809 THz )
      4    128.8189 cm^-1  (      3.8619 THz )
      5    142.2731 cm^-1  (      4.2652 THz )
      6    239.7553 cm^-1  (      7.1877 THz )

 # Irred. k point   80 : (  0.0000,  0.2632, -0.2632)
   Mode, Frequency 
      1     44.0775 cm^-1  (      1.3214 THz )
      2     74.0626 cm^-1  (      2.2203 THz )
      3     87.5070 cm^-1  (      2.6234 THz )
      4    130.5567 cm^-1  (      3.9140 THz )
      5    138.4516 cm^-1  (      4.1507 THz )
      6    244.8253 cm^-1  (      7.3397 THz )

 # Irred. k point   81 : (  0.0000,  0.3158,  0.3158)
   Mode, Frequency 
      1     34.5345 cm^-1  (      1.0353 THz )
      2     34.5345 cm^-1  (      1.0353 THz )
      3     69.3373 cm^-1  (      2.0787 THz )
      4    117.0582 cm^-1  (      3.5093 THz )
      5    117.0582 cm^-1  (      3.5093 THz )
      6    217.9199 cm^-1  (      6.5331 THz )

 # Irred. k point   82 : (  0.0000,  0.3158,  0.3684)
   Mode, Frequency 
      1     36.0948 cm^-1  (      1.0821 THz )
      2     37.2161 cm^-1  (      1.1157 THz )
      3     62.1196 cm^-1  (      1.8623 THz )
      4    118.2203 cm^-1  (      3.5442 THz )
      5    120.0283 cm^-1  (      3.5984 THz )
      6    209.7803 cm^-1  (      6.2891 THz )

 # Irred. k point   83 : (  0.0000,  0.3158,  0.4211)
   Mode, Frequency 
      1     40.3882 cm^-1  (      1.2108 THz )
      2     43.4328 cm^-1  (      1.3021 THz )
      3     55.4140 cm^-1  (      1.6613 THz )
      4    119.5155 cm^-1  (      3.5830 THz )
      5    126.6681 cm^-1  (      3.7974 THz )
      6    200.9857 cm^-1  (      6.0254 THz )

 # Irred. k point   84 : (  0.0000,  0.3158,  0.4737)
   Mode, Frequency 
      1     45.3249 cm^-1  (      1.3588 THz )
      2     46.3485 cm^-1  (      1.3895 THz )
      3     55.8946 cm^-1  (      1.6757 THz )
      4    120.9836 cm^-1  (      3.6270 THz )
      5    135.5374 cm^-1  (      4.0633 THz )
      6    194.6269 cm^-1  (      5.8348 THz )

 # Irred. k point   85 : (  0.0000,  0.3158, -0.4737)
   Mode, Frequency 
      1     42.2214 cm^-1  (      1.2658 THz )
      2     52.8392 cm^-1  (      1.5841 THz )
      3     63.5669 cm^-1  (      1.9057 THz )
      4    122.5572 cm^-1  (      3.6742 THz )
      5    143.1412 cm^-1  (      4.2913 THz )
      6    194.5179 cm^-1  (      5.8315 THz )

 # Irred. k point   86 : (  0.0000,  0.3158, -0.4211)
   Mode, Frequency 
      1     40.7490 cm^-1  (      1.2216 THz )
      2     59.0355 cm^-1  (      1.7698 THz )
      3     71.2721 cm^-1  (      2.1367 THz )
      4    124.0529 cm^-1  (      3.7190 THz )
      5    146.5287 cm^-1  (      4.3928 THz )
      6    202.3259 cm^-1  (      6.0656 THz )

 # Irred. k point   87 : (  0.0000,  0.3158, -0.3684)
   Mode, Frequency 
      1     41.1992 cm^-1  (      1.2351 THz )
      2     64.5043 cm^-1  (      1.9338 THz )
      3     77.8206 cm^-1  (      2.3330 THz )
      4    125.4054 cm^-1  (      3.7596 THz )
      5    146.5369 cm^-1  (      4.3931 THz )
      6    214.9131 cm^-1  (      6.4429 THz )

 # Irred. k point   88 : (  0.0000,  0.3158, -0.3158)
   Mode, Frequency 
      1     43.0390 cm^-1  (      1.2903 THz )
      2     69.0552 cm^-1  (      2.0702 THz )
      3     82.8023 cm^-1  (      2.4824 THz )
      4    126.8560 cm^-1  (      3.8030 THz )
      5    144.8925 cm^-1  (      4.3438 THz )
      6    228.2036 cm^-1  (      6.8414 THz )

 # Irred. k point   89 : (  0.0000,  0.3684,  0.3684)
   Mode, Frequency 
      1     33.7565 cm^-1  (      1.0120 THz )
      2     33.7565 cm^-1  (      1.0120 THz )
      3     50.7671 cm^-1  (      1.5220 THz )
      4    116.9818 cm^-1  (      3.5070 THz )
      5    116.9818 cm^-1  (      3.5070 THz )
      6    197.3073 cm^-1  (      5.9151 THz )

 # Irred. k point   90 : (  0.0000,  0.3684,  0.4211)
   Mode, Frequency 
      1     34.8815 cm^-1  (      1.0457 THz )
      2     35.0198 cm^-1  (      1.0499 THz )
      3     39.8486 cm^-1  (      1.1946 THz )
      4    116.4808 cm^-1  (      3.4920 THz )
      5    118.9573 cm^-1  (      3.5662 THz )
      6    184.7126 cm^-1  (      5.5375 THz )

 # Irred. k point   91 : (  0.0000,  0.3684,  0.4737)
   Mode, Frequency 
      1     26.8104 cm^-1  (      0.8038 THz )
      2     39.2318 cm^-1  (      1.1761 THz )
      3     44.6334 cm^-1  (      1.3381 THz )
      4    117.0406 cm^-1  (      3.5088 THz )
      5    127.3097 cm^-1  (      3.8166 THz )
      6    174.3089 cm^-1  (      5.2257 THz )

 # Irred. k point   92 : (  0.0000,  0.3684, -0.4737)
   Mode, Frequency 
      1     21.7686 cm^-1  (      0.6526 THz )
      2     45.4855 cm^-1  (      1.3636 THz )
      3     53.7180 cm^-1  (      1.6104 THz )
      4    118.6415 cm^-1  (      3.5568 THz )
      5    139.5382 cm^-1  (      4.1832 THz )
      6    169.6539 cm^-1  (      5.0861 THz )

 # Irred. k point   93 : (  0.0000,  0.3684, -0.4211)
   Mode, Frequency 
      1     25.1670 cm^-1  (      0.7545 THz )
      2     52.2714 cm^-1  (      1.5671 THz )
      3     62.8397 cm^-1  (      1.8839 THz )
      4    120.8543 cm^-1  (      3.6231 THz )
      5    146.8808 cm^-1  (      4.4034 THz )
      6    177.3425 cm^-1  (      5.3166 THz )

 # Irred. k point   94 : (  0.0000,  0.3684, -0.3684)
   Mode, Frequency 
      1     32.9351 cm^-1  (      0.9874 THz )
      2     58.7322 cm^-1  (      1.7607 THz )
      3     71.0494 cm^-1  (      2.1300 THz )
      4    123.1729 cm^-1  (      3.6926 THz )
      5    147.5491 cm^-1  (      4.4234 THz )
      6    195.3194 cm^-1  (      5.8555 THz )

 # Irred. k point   95 : (  0.0000,  0.4211,  0.4211)
   Mode, Frequency 
      1     16.3157 cm^-1  (      0.4891 THz )
      2     32.1136 cm^-1  (      0.9627 THz )
      3     32.1136 cm^-1  (      0.9627 THz )
      4    114.3091 cm^-1  (      3.4269 THz )
      5    114.3091 cm^-1  (      3.4269 THz )
      6    170.0875 cm^-1  (      5.0991 THz )

 # Irred. k point   96 : (  0.0000,  0.4211,  0.4737)
   Mode, Frequency 
      1    -21.9092 cm^-1  (     -0.6568 THz )
      2     33.4052 cm^-1  (      1.0015 THz )
      3     35.1725 cm^-1  (      1.0544 THz )
      4    113.7114 cm^-1  (      3.4090 THz )
      5    117.4391 cm^-1  (      3.5207 THz )
      6    158.7168 cm^-1  (      4.7582 THz )

 # Irred. k point   97 : (  0.0000,  0.4211, -0.4737)
   Mode, Frequency 
      1    -24.9574 cm^-1  (     -0.7482 THz )
      2     38.3221 cm^-1  (      1.1489 THz )
      3     43.4461 cm^-1  (      1.3025 THz )
      4    114.9570 cm^-1  (      3.4463 THz )
      5    130.7133 cm^-1  (      3.9187 THz )
      6    151.5451 cm^-1  (      4.5432 THz )

 # Irred. k point   98 : (  0.0000,  0.4211, -0.4211)
   Mode, Frequency 
      1    -14.0827 cm^-1  (     -0.4222 THz )
      2     45.1121 cm^-1  (      1.3524 THz )
      3     53.2869 cm^-1  (      1.5975 THz )
      4    117.6110 cm^-1  (      3.5259 THz )
      5    147.5559 cm^-1  (      4.4236 THz )
      6    152.6647 cm^-1  (      4.5768 THz )

 # Irred. k point   99 : (  0.0000,  0.4737,  0.4737)
   Mode, Frequency 
      1    -34.5544 cm^-1  (     -1.0359 THz )
      2     30.7858 cm^-1  (      0.9229 THz )
      3     30.7858 cm^-1  (      0.9229 THz )
      4    111.9620 cm^-1  (      3.3565 THz )
      5    111.9620 cm^-1  (      3.3565 THz )
      6    149.5938 cm^-1  (      4.4847 THz )

 # Irred. k point  100 : (  0.0000,  0.4737, -0.4737)
   Mode, Frequency 
      1    -35.1882 cm^-1  (     -1.0549 THz )
      2     32.7412 cm^-1  (      0.9816 THz )
      3     34.5016 cm^-1  (      1.0343 THz )
      4    112.4383 cm^-1  (      3.3708 THz )
      5    117.2743 cm^-1  (      3.5158 THz )
      6    146.7140 cm^-1  (      4.3984 THz )

 # Irred. k point  101 : (  0.0526,  0.1053,  0.1579)
   Mode, Frequency 
      1     19.7834 cm^-1  (      0.5931 THz )
      2     30.4889 cm^-1  (      0.9140 THz )
      3     50.3622 cm^-1  (      1.5098 THz )
      4     59.6658 cm^-1  (      1.7887 THz )
      5     72.4267 cm^-1  (      2.1713 THz )
      6    137.8038 cm^-1  (      4.1313 THz )

 # Irred. k point  102 : (  0.0526,  0.1053,  0.2105)
   Mode, Frequency 
      1     27.8088 cm^-1  (      0.8337 THz )
      2     41.9001 cm^-1  (      1.2561 THz )
      3     60.7575 cm^-1  (      1.8215 THz )
      4     81.7778 cm^-1  (      2.4516 THz )
      5     96.2977 cm^-1  (      2.8869 THz )
      6    170.2576 cm^-1  (      5.1042 THz )

 # Irred. k point  103 : (  0.0526,  0.1053,  0.2632)
   Mode, Frequency 
      1     37.7856 cm^-1  (      1.1328 THz )
      2     52.1032 cm^-1  (      1.5620 THz )
      3     69.6451 cm^-1  (      2.0879 THz )
      4    102.0190 cm^-1  (      3.0585 THz )
      5    114.5938 cm^-1  (      3.4354 THz )
      6    199.5683 cm^-1  (      5.9829 THz )

 # Irred. k point  104 : (  0.0526,  0.1053,  0.3158)
   Mode, Frequency 
      1     47.5789 cm^-1  (      1.4264 THz )
      2     60.7749 cm^-1  (      1.8220 THz )
      3     76.8523 cm^-1  (      2.3040 THz )
      4    117.4613 cm^-1  (      3.5214 THz )
      5    126.7833 cm^-1  (      3.8009 THz )
      6    224.0328 cm^-1  (      6.7163 THz )

 # Irred. k point  105 : (  0.0526,  0.1053,  0.3684)
   Mode, Frequency 
      1     56.4810 cm^-1  (      1.6933 THz )
      2     67.7760 cm^-1  (      2.0319 THz )
      3     82.4134 cm^-1  (      2.4707 THz )
      4    127.7563 cm^-1  (      3.8300 THz )
      5    133.7870 cm^-1  (      4.0108 THz )
      6    243.1332 cm^-1  (      7.2889 THz )

 # Irred. k point  106 : (  0.0526,  0.1053,  0.4211)
   Mode, Frequency 
      1     64.1202 cm^-1  (      1.9223 THz )
      2     72.9068 cm^-1  (      2.1857 THz )
      3     86.4427 cm^-1  (      2.5915 THz )
      4    133.5526 cm^-1  (      4.0038 THz )
      5    137.3455 cm^-1  (      4.1175 THz )
      6    256.9883 cm^-1  (      7.7043 THz )

 # Irred. k point  107 : (  0.0526,  0.1053,  0.4737)
   Mode, Frequency 
      1     70.1666 cm^-1  (      2.1035 THz )
      2     75.8652 cm^-1  (      2.2744 THz )
      3     89.0633 cm^-1  (      2.6701 THz )
      4    135.9686 cm^-1  (      4.0762 THz )
      5    139.2005 cm^-1  (      4.1731 THz )
      6    265.9502 cm^-1  (      7.9730 THz )

 # Irred. k point  108 : (  0.0526,  0.1053, -0.4737)
   Mode, Frequency 
      1     74.2332 cm^-1  (      2.2255 THz )
      2     76.4593 cm^-1  (      2.2922 THz )
      3     90.3612 cm^-1  (      2.7090 THz )
      4    136.6420 cm^-1  (      4.0964 THz )
      5    140.0421 cm^-1  (      4.1984 THz )
      6    270.3426 cm^-1  (      8.1047 THz )

 # Irred. k point  109 : (  0.0526,  0.1579,  0.2105)
   Mode, Frequency 
      1     26.4497 cm^-1  (      0.7929 THz )
      2     35.0461 cm^-1  (      1.0507 THz )
      3     67.4590 cm^-1  (      2.0224 THz )
      4     84.2406 cm^-1  (      2.5255 THz )
      5     92.1042 cm^-1  (      2.7612 THz )
      6    182.8517 cm^-1  (      5.4818 THz )

 # Irred. k point  110 : (  0.0526,  0.1579,  0.2632)
   Mode, Frequency 
      1     32.6735 cm^-1  (      0.9795 THz )
      2     45.1239 cm^-1  (      1.3528 THz )
      3     73.9709 cm^-1  (      2.2176 THz )
      4     99.7634 cm^-1  (      2.9908 THz )
      5    109.8843 cm^-1  (      3.2942 THz )
      6    204.5864 cm^-1  (      6.1333 THz )

 # Irred. k point  111 : (  0.0526,  0.1579,  0.3158)
   Mode, Frequency 
      1     41.0154 cm^-1  (      1.2296 THz )
      2     54.4674 cm^-1  (      1.6329 THz )
      3     78.7920 cm^-1  (      2.3621 THz )
      4    113.6935 cm^-1  (      3.4084 THz )
      5    123.5080 cm^-1  (      3.7027 THz )
      6    222.8021 cm^-1  (      6.6794 THz )

 # Irred. k point  112 : (  0.0526,  0.1579,  0.3684)
   Mode, Frequency 
      1     49.6484 cm^-1  (      1.4884 THz )
      2     62.5525 cm^-1  (      1.8753 THz )
      3     82.0956 cm^-1  (      2.4612 THz )
      4    123.8695 cm^-1  (      3.7135 THz )
      5    132.4097 cm^-1  (      3.9695 THz )
      6    237.2283 cm^-1  (      7.1119 THz )

 # Irred. k point  113 : (  0.0526,  0.1579,  0.4211)
   Mode, Frequency 
      1     57.6908 cm^-1  (      1.7295 THz )
      2     68.9180 cm^-1  (      2.0661 THz )
      3     84.2172 cm^-1  (      2.5248 THz )
      4    130.0526 cm^-1  (      3.8989 THz )
      5    137.5188 cm^-1  (      4.1227 THz )
      6    248.1152 cm^-1  (      7.4383 THz )

 # Irred. k point  114 : (  0.0526,  0.1579,  0.4737)
   Mode, Frequency 
      1     64.6024 cm^-1  (      1.9367 THz )
      2     72.8510 cm^-1  (      2.1840 THz )
      3     85.6806 cm^-1  (      2.5686 THz )
      4    133.0547 cm^-1  (      3.9889 THz )
      5    140.2018 cm^-1  (      4.2031 THz )
      6    255.7823 cm^-1  (      7.6682 THz )

 # Irred. k point  115 : (  0.0526,  0.1579, -0.4737)
   Mode, Frequency 
      1     69.8946 cm^-1  (      2.0954 THz )
      2     73.6805 cm^-1  (      2.2089 THz )
      3     87.0245 cm^-1  (      2.6089 THz )
      4    134.1723 cm^-1  (      4.0224 THz )
      5    141.3963 cm^-1  (      4.2390 THz )
      6    260.4144 cm^-1  (      7.8070 THz )

 # Irred. k point  116 : (  0.0526,  0.1579, -0.4211)
   Mode, Frequency 
      1     70.6986 cm^-1  (      2.1195 THz )
      2     74.0611 cm^-1  (      2.2203 THz )
      3     88.0699 cm^-1  (      2.6403 THz )
      4    134.4727 cm^-1  (      4.0314 THz )
      5    141.4866 cm^-1  (      4.2417 THz )
      6    262.0316 cm^-1  (      7.8555 THz )

 # Irred. k point  117 : (  0.0526,  0.1579, -0.3684)
   Mode, Frequency 
      1     66.1016 cm^-1  (      1.9817 THz )
      2     75.3632 cm^-1  (      2.2593 THz )
      3     88.2487 cm^-1  (      2.6456 THz )
      4    134.4789 cm^-1  (      4.0316 THz )
      5    140.3960 cm^-1  (      4.2090 THz )
      6    260.5276 cm^-1  (      7.8104 THz )

 # Irred. k point  118 : (  0.0526,  0.1579, -0.3158)
   Mode, Frequency 
      1     59.6120 cm^-1  (      1.7871 THz )
      2     74.5320 cm^-1  (      2.2344 THz )
      3     87.2742 cm^-1  (      2.6164 THz )
      4    133.9123 cm^-1  (      4.0146 THz )
      5    137.8670 cm^-1  (      4.1331 THz )
      6    255.6811 cm^-1  (      7.6651 THz )

 # Irred. k point  119 : (  0.0526,  0.1579, -0.2632)
   Mode, Frequency 
      1     51.9044 cm^-1  (      1.5561 THz )
      2     71.4909 cm^-1  (      2.1432 THz )
      3     85.0235 cm^-1  (      2.5489 THz )
      4    130.1993 cm^-1  (      3.9033 THz )
      5    134.9889 cm^-1  (      4.0469 THz )
      6    247.1363 cm^-1  (      7.4090 THz )

 # Irred. k point  120 : (  0.0526,  0.1579, -0.2105)
   Mode, Frequency 
      1     43.6171 cm^-1  (      1.3076 THz )
      2     66.4848 cm^-1  (      1.9932 THz )
      3     81.3631 cm^-1  (      2.4392 THz )
      4    121.6024 cm^-1  (      3.6455 THz )
      5    131.4355 cm^-1  (      3.9403 THz )
      6    234.4254 cm^-1  (      7.0279 THz )

 # Irred. k point  121 : (  0.0526,  0.1579, -0.1579)
   Mode, Frequency 
      1     35.6644 cm^-1  (      1.0692 THz )
      2     59.7585 cm^-1  (      1.7915 THz )
      3     76.1417 cm^-1  (      2.2827 THz )
      4    109.2748 cm^-1  (      3.2760 THz )
      5    124.4031 cm^-1  (      3.7295 THz )
      6    217.1498 cm^-1  (      6.5100 THz )

 # Irred. k point  122 : (  0.0526,  0.1579, -0.1053)
   Mode, Frequency 
      1     29.6200 cm^-1  (      0.8880 THz )
      2     51.4729 cm^-1  (      1.5431 THz )
      3     69.2500 cm^-1  (      2.0761 THz )
      4     94.7885 cm^-1  (      2.8417 THz )
      5    112.5894 cm^-1  (      3.3753 THz )
      6    195.3745 cm^-1  (      5.8572 THz )

 # Irred. k point  123 : (  0.0526,  0.2105,  0.2632)
   Mode, Frequency 
      1     31.5001 cm^-1  (      0.9444 THz )
      2     38.7606 cm^-1  (      1.1620 THz )
      3     77.3161 cm^-1  (      2.3179 THz )
      4    102.5239 cm^-1  (      3.0736 THz )
      5    107.2989 cm^-1  (      3.2167 THz )
      6    213.0331 cm^-1  (      6.3866 THz )

 # Irred. k point  124 : (  0.0526,  0.2105,  0.3158)
   Mode, Frequency 
      1     36.2764 cm^-1  (      1.0875 THz )
      2     47.4806 cm^-1  (      1.4234 THz )
      3     79.6091 cm^-1  (      2.3866 THz )
      4    112.6353 cm^-1  (      3.3767 THz )
      5    119.4461 cm^-1  (      3.5809 THz )
      6    224.1026 cm^-1  (      6.7184 THz )

 # Irred. k point  125 : (  0.0526,  0.2105,  0.3684)
   Mode, Frequency 
      1     43.2672 cm^-1  (      1.2971 THz )
      2     55.9047 cm^-1  (      1.6760 THz )
      3     80.4480 cm^-1  (      2.4118 THz )
      4    121.1023 cm^-1  (      3.6306 THz )
      5    129.2498 cm^-1  (      3.8748 THz )
      6    231.9883 cm^-1  (      6.9548 THz )

 # Irred. k point  126 : (  0.0526,  0.2105,  0.4211)
   Mode, Frequency 
      1     50.8741 cm^-1  (      1.5252 THz )
      2     63.1923 cm^-1  (      1.8945 THz )
      3     80.3795 cm^-1  (      2.4097 THz )
      4    126.7641 cm^-1  (      3.8003 THz )
      5    136.1768 cm^-1  (      4.0825 THz )
      6    237.6768 cm^-1  (      7.1254 THz )

 # Irred. k point  127 : (  0.0526,  0.2105,  0.4737)
   Mode, Frequency 
      1     58.0999 cm^-1  (      1.7418 THz )
      2     68.1475 cm^-1  (      2.0430 THz )
      3     80.3863 cm^-1  (      2.4099 THz )
      4    129.8812 cm^-1  (      3.8937 THz )
      5    140.4449 cm^-1  (      4.2104 THz )
      6    242.1806 cm^-1  (      7.2604 THz )

 # Irred. k point  128 : (  0.0526,  0.2105, -0.4737)
   Mode, Frequency 
      1     64.2240 cm^-1  (      1.9254 THz )
      2     69.1156 cm^-1  (      2.0720 THz )
      3     81.9492 cm^-1  (      2.4568 THz )
      4    131.2757 cm^-1  (      3.9355 THz )
      5    142.6284 cm^-1  (      4.2759 THz )
      6    245.9563 cm^-1  (      7.3736 THz )

 # Irred. k point  129 : (  0.0526,  0.2105, -0.4211)
   Mode, Frequency 
      1     65.5628 cm^-1  (      1.9655 THz )
      2     69.8075 cm^-1  (      2.0928 THz )
      3     84.4567 cm^-1  (      2.5319 THz )
      4    131.7685 cm^-1  (      3.9503 THz )
      5    143.2087 cm^-1  (      4.2933 THz )
      6    248.8670 cm^-1  (      7.4608 THz )

 # Irred. k point  130 : (  0.0526,  0.2105, -0.3684)
   Mode, Frequency 
      1     60.8278 cm^-1  (      1.8236 THz )
      2     72.8504 cm^-1  (      2.1840 THz )
      3     86.3276 cm^-1  (      2.5880 THz )
      4    132.0105 cm^-1  (      3.9576 THz )
      5    142.2779 cm^-1  (      4.2654 THz )
      6    250.4600 cm^-1  (      7.5086 THz )

 # Irred. k point  131 : (  0.0526,  0.2105, -0.3158)
   Mode, Frequency 
      1     54.6950 cm^-1  (      1.6397 THz )
      2     74.1728 cm^-1  (      2.2236 THz )
      3     87.0151 cm^-1  (      2.6086 THz )
      4    132.4042 cm^-1  (      3.9694 THz )
      5    139.6064 cm^-1  (      4.1853 THz )
      6    250.1694 cm^-1  (      7.4999 THz )

 # Irred. k point  132 : (  0.0526,  0.2105, -0.2632)
   Mode, Frequency 
      1     48.0226 cm^-1  (      1.4397 THz )
      2     73.4289 cm^-1  (      2.2013 THz )
      3     86.4216 cm^-1  (      2.5909 THz )
      4    132.5038 cm^-1  (      3.9724 THz )
      5    135.2032 cm^-1  (      4.0533 THz )
      6    247.3565 cm^-1  (      7.4156 THz )

 # Irred. k point  133 : (  0.0526,  0.2105, -0.2105)
   Mode, Frequency 
      1     41.7488 cm^-1  (      1.2516 THz )
      2     70.6461 cm^-1  (      2.1179 THz )
      3     84.4933 cm^-1  (      2.5330 THz )
      4    127.2216 cm^-1  (      3.8140 THz )
      5    133.1429 cm^-1  (      3.9915 THz )
      6    241.2975 cm^-1  (      7.2339 THz )

 # Irred. k point  134 : (  0.0526,  0.2105, -0.1579)
   Mode, Frequency 
      1     37.1648 cm^-1  (      1.1142 THz )
      2     66.0254 cm^-1  (      1.9794 THz )
      3     81.1078 cm^-1  (      2.4316 THz )
      4    118.4762 cm^-1  (      3.5518 THz )
      5    130.5028 cm^-1  (      3.9124 THz )
      6    231.3152 cm^-1  (      6.9347 THz )

 # Irred. k point  135 : (  0.0526,  0.2632,  0.3158)
   Mode, Frequency 
      1     34.5837 cm^-1  (      1.0368 THz )
      2     41.0575 cm^-1  (      1.2309 THz )
      3     78.4679 cm^-1  (      2.3524 THz )
      4    113.9439 cm^-1  (      3.4160 THz )
      5    116.9324 cm^-1  (      3.5055 THz )
      6    225.0923 cm^-1  (      6.7481 THz )

 # Irred. k point  136 : (  0.0526,  0.2632,  0.3684)
   Mode, Frequency 
      1     38.2782 cm^-1  (      1.1476 THz )
      2     48.6726 cm^-1  (      1.4592 THz )
      3     76.6218 cm^-1  (      2.2971 THz )
      4    119.6550 cm^-1  (      3.5872 THz )
      5    124.9356 cm^-1  (      3.7455 THz )
      6    226.4319 cm^-1  (      6.7883 THz )

 # Irred. k point  137 : (  0.0526,  0.2632,  0.4211)
   Mode, Frequency 
      1     44.3225 cm^-1  (      1.3288 THz )
      2     56.2235 cm^-1  (      1.6855 THz )
      3     74.1550 cm^-1  (      2.2231 THz )
      4    123.9764 cm^-1  (      3.7167 THz )
      5    132.5950 cm^-1  (      3.9751 THz )
      6    225.9837 cm^-1  (      6.7748 THz )

 # Irred. k point  138 : (  0.0526,  0.2632,  0.4737)
   Mode, Frequency 
      1     51.1842 cm^-1  (      1.5345 THz )
      2     61.7665 cm^-1  (      1.8517 THz )
      3     72.7107 cm^-1  (      2.1798 THz )
      4    126.7207 cm^-1  (      3.7990 THz )
      5    138.8312 cm^-1  (      4.1621 THz )
      6    225.7974 cm^-1  (      6.7692 THz )

 # Irred. k point  139 : (  0.0526,  0.2632, -0.4737)
   Mode, Frequency 
      1     57.6612 cm^-1  (      1.7286 THz )
      2     62.2639 cm^-1  (      1.8666 THz )
      3     75.1725 cm^-1  (      2.2536 THz )
      4    128.2604 cm^-1  (      3.8452 THz )
      5    142.8753 cm^-1  (      4.2833 THz )
      6    227.4515 cm^-1  (      6.8188 THz )

 # Irred. k point  140 : (  0.0526,  0.2632, -0.4211)
   Mode, Frequency 
      1     58.4276 cm^-1  (      1.7516 THz )
      2     64.1433 cm^-1  (      1.9230 THz )
      3     79.5138 cm^-1  (      2.3838 THz )
      4    129.0299 cm^-1  (      3.8682 THz )
      5    144.6019 cm^-1  (      4.3351 THz )
      6    231.1720 cm^-1  (      6.9304 THz )

 # Irred. k point  141 : (  0.0526,  0.2632, -0.3684)
   Mode, Frequency 
      1     54.2985 cm^-1  (      1.6278 THz )
      2     68.6607 cm^-1  (      2.0584 THz )
      3     83.1783 cm^-1  (      2.4936 THz )
      4    129.4771 cm^-1  (      3.8816 THz )
      5    144.2645 cm^-1  (      4.3249 THz )
      6    236.0077 cm^-1  (      7.0753 THz )

 # Irred. k point  142 : (  0.0526,  0.2632, -0.3158)
   Mode, Frequency 
      1     49.7323 cm^-1  (      1.4909 THz )
      2     71.8765 cm^-1  (      2.1548 THz )
      3     85.5614 cm^-1  (      2.5651 THz )
      4    130.1019 cm^-1  (      3.9004 THz )
      5    142.1044 cm^-1  (      4.2602 THz )
      6    240.6092 cm^-1  (      7.2133 THz )

 # Irred. k point  143 : (  0.0526,  0.2632, -0.2632)
   Mode, Frequency 
      1     45.5010 cm^-1  (      1.3641 THz )
      2     73.4034 cm^-1  (      2.2006 THz )
      3     86.5620 cm^-1  (      2.5951 THz )
      4    131.2459 cm^-1  (      3.9347 THz )
      5    138.2924 cm^-1  (      4.1459 THz )
      6    243.7171 cm^-1  (      7.3065 THz )

 # Irred. k point  144 : (  0.0526,  0.2632, -0.2105)
   Mode, Frequency 
      1     42.5197 cm^-1  (      1.2747 THz )
      2     72.9998 cm^-1  (      2.1885 THz )
      3     86.2080 cm^-1  (      2.5845 THz )
      4    132.6184 cm^-1  (      3.9758 THz )
      5    133.1308 cm^-1  (      3.9912 THz )
      6    244.2419 cm^-1  (      7.3222 THz )

 # Irred. k point  145 : (  0.0526,  0.3158,  0.3684)
   Mode, Frequency 
      1     35.7207 cm^-1  (      1.0709 THz )
      2     41.7598 cm^-1  (      1.2519 THz )
      3     70.3777 cm^-1  (      2.1099 THz )
      4    118.9430 cm^-1  (      3.5658 THz )
      5    121.1678 cm^-1  (      3.6325 THz )
      6    219.2089 cm^-1  (      6.5717 THz )

 # Irred. k point  146 : (  0.0526,  0.3158,  0.4211)
   Mode, Frequency 
      1     38.7600 cm^-1  (      1.1620 THz )
      2     48.4730 cm^-1  (      1.4532 THz )
      3     65.1004 cm^-1  (      1.9517 THz )
      4    121.5359 cm^-1  (      3.6436 THz )
      5    127.0713 cm^-1  (      3.8095 THz )
      6    213.0195 cm^-1  (      6.3862 THz )

 # Irred. k point  147 : (  0.0526,  0.3158,  0.4737)
   Mode, Frequency 
      1     44.3076 cm^-1  (      1.3283 THz )
      2     53.4686 cm^-1  (      1.6029 THz )
      3     62.4305 cm^-1  (      1.8716 THz )
      4    123.5085 cm^-1  (      3.7027 THz )
      5    134.5422 cm^-1  (      4.0335 THz )
      6    207.5341 cm^-1  (      6.2217 THz )

 # Irred. k point  148 : (  0.0526,  0.3158, -0.4737)
   Mode, Frequency 
      1     50.1635 cm^-1  (      1.5039 THz )
      2     52.5007 cm^-1  (      1.5739 THz )
      3     66.9842 cm^-1  (      2.0081 THz )
      4    125.0609 cm^-1  (      3.7492 THz )
      5    141.2851 cm^-1  (      4.2356 THz )
      6    205.7616 cm^-1  (      6.1686 THz )

 # Irred. k point  149 : (  0.0526,  0.3158, -0.4211)
   Mode, Frequency 
      1     48.4346 cm^-1  (      1.4520 THz )
      2     57.6100 cm^-1  (      1.7271 THz )
      3     73.2258 cm^-1  (      2.1953 THz )
      4    126.2664 cm^-1  (      3.7854 THz )
      5    145.1577 cm^-1  (      4.3517 THz )
      6    209.5235 cm^-1  (      6.2814 THz )

 # Irred. k point  150 : (  0.0526,  0.3158, -0.3684)
   Mode, Frequency 
      1     46.1594 cm^-1  (      1.3838 THz )
      2     63.2903 cm^-1  (      1.8974 THz )
      3     78.6502 cm^-1  (      2.3579 THz )
      4    127.1953 cm^-1  (      3.8132 THz )
      5    145.8959 cm^-1  (      4.3739 THz )
      6    217.7318 cm^-1  (      6.5274 THz )

 # Irred. k point  151 : (  0.0526,  0.3158, -0.3158)
   Mode, Frequency 
      1     44.7925 cm^-1  (      1.3428 THz )
      2     68.0084 cm^-1  (      2.0388 THz )
      3     82.7482 cm^-1  (      2.4807 THz )
      4    128.1019 cm^-1  (      3.8404 THz )
      5    144.5021 cm^-1  (      4.3321 THz )
      6    227.6085 cm^-1  (      6.8235 THz )

 # Irred. k point  152 : (  0.0526,  0.3158, -0.2632)
   Mode, Frequency 
      1     44.4905 cm^-1  (      1.3338 THz )
      2     71.4944 cm^-1  (      2.1433 THz )
      3     85.3736 cm^-1  (      2.5594 THz )
      4    129.4028 cm^-1  (      3.8794 THz )
      5    141.7795 cm^-1  (      4.2504 THz )
      6    236.7905 cm^-1  (      7.0988 THz )

 # Irred. k point  153 : (  0.0526,  0.3684,  0.4211)
   Mode, Frequency 
      1     35.2941 cm^-1  (      1.0581 THz )
      2     40.8552 cm^-1  (      1.2248 THz )
      3     53.2332 cm^-1  (      1.5959 THz )
      4    119.0545 cm^-1  (      3.5692 THz )
      5    121.4745 cm^-1  (      3.6417 THz )
      6    198.9636 cm^-1  (      5.9648 THz )

 # Irred. k point  154 : (  0.0526,  0.3684,  0.4737)
   Mode, Frequency 
      1     38.0952 cm^-1  (      1.1421 THz )
      2     41.8189 cm^-1  (      1.2537 THz )
      3     50.7231 cm^-1  (      1.5206 THz )
      4    120.1669 cm^-1  (      3.6025 THz )
      5    127.6990 cm^-1  (      3.8283 THz )
      6    188.8733 cm^-1  (      5.6623 THz )

 # Irred. k point  155 : (  0.0526,  0.3684, -0.4737)
   Mode, Frequency 
      1     36.2887 cm^-1  (      1.0879 THz )
      2     43.9762 cm^-1  (      1.3184 THz )
      3     57.8543 cm^-1  (      1.7344 THz )
      4    121.5535 cm^-1  (      3.6441 THz )
      5    137.1928 cm^-1  (      4.1129 THz )
      6    182.7799 cm^-1  (      5.4796 THz )

 # Irred. k point  156 : (  0.0526,  0.3684, -0.4211)
   Mode, Frequency 
      1     34.2835 cm^-1  (      1.0278 THz )
      2     50.5791 cm^-1  (      1.5163 THz )
      3     65.6259 cm^-1  (      1.9674 THz )
      4    123.2492 cm^-1  (      3.6949 THz )
      5    144.7711 cm^-1  (      4.3401 THz )
      6    185.0475 cm^-1  (      5.5476 THz )

 # Irred. k point  157 : (  0.0526,  0.3684, -0.3684)
   Mode, Frequency 
      1     36.0332 cm^-1  (      1.0802 THz )
      2     57.1024 cm^-1  (      1.7119 THz )
      3     72.6536 cm^-1  (      2.1781 THz )
      4    124.9480 cm^-1  (      3.7458 THz )
      5    147.0503 cm^-1  (      4.4085 THz )
      6    196.6328 cm^-1  (      5.8949 THz )

 # Irred. k point  158 : (  0.0526,  0.3684, -0.3158)
   Mode, Frequency 
      1     40.0033 cm^-1  (      1.1993 THz )
      2     62.9932 cm^-1  (      1.8885 THz )
      3     78.4442 cm^-1  (      2.3517 THz )
      4    126.4985 cm^-1  (      3.7923 THz )
      5    146.3259 cm^-1  (      4.3867 THz )
      6    212.2655 cm^-1  (      6.3636 THz )

 # Irred. k point  159 : (  0.0526,  0.4211,  0.4737)
   Mode, Frequency 
      1     22.3373 cm^-1  (      0.6697 THz )
      2     34.0516 cm^-1  (      1.0208 THz )
      3     40.8192 cm^-1  (      1.2237 THz )
      4    116.7127 cm^-1  (      3.4990 THz )
      5    120.4905 cm^-1  (      3.6122 THz )
      6    171.9216 cm^-1  (      5.1541 THz )

 # Irred. k point  160 : (  0.0526,  0.4211, -0.4737)
   Mode, Frequency 
      1      6.0889 cm^-1  (      0.1825 THz )
      2     37.3230 cm^-1  (      1.1189 THz )
      3     48.3289 cm^-1  (      1.4489 THz )
      4    117.9362 cm^-1  (      3.5356 THz )
      5    130.0120 cm^-1  (      3.8977 THz )
      6    162.5619 cm^-1  (      4.8735 THz )

 # Irred. k point  161 : (  0.0526,  0.4211, -0.4211)
   Mode, Frequency 
      1      9.4017 cm^-1  (      0.2819 THz )
      2     43.3820 cm^-1  (      1.3006 THz )
      3     56.9395 cm^-1  (      1.7070 THz )
      4    119.9759 cm^-1  (      3.5968 THz )
      5    143.7657 cm^-1  (      4.3100 THz )
      6    160.1946 cm^-1  (      4.8025 THz )

 # Irred. k point  162 : (  0.0526,  0.4211, -0.3684)
   Mode, Frequency 
      1     23.7237 cm^-1  (      0.7112 THz )
      2     50.3279 cm^-1  (      1.5088 THz )
      3     65.2931 cm^-1  (      1.9574 THz )
      4    122.4923 cm^-1  (      3.6722 THz )
      5    147.7032 cm^-1  (      4.4280 THz )
      6    174.8607 cm^-1  (      5.2422 THz )

 # Irred. k point  163 : (  0.0526,  0.4737, -0.4737)
   Mode, Frequency 
      1    -29.9400 cm^-1  (     -0.8976 THz )
      2     33.0102 cm^-1  (      0.9896 THz )
      3     39.5558 cm^-1  (      1.1859 THz )
      4    114.6164 cm^-1  (      3.4361 THz )
      5    121.0295 cm^-1  (      3.6284 THz )
      6    150.3503 cm^-1  (      4.5074 THz )

 # Irred. k point  164 : (  0.0526,  0.4737, -0.4211)
   Mode, Frequency 
      1    -25.9514 cm^-1  (     -0.7780 THz )
      2     36.8929 cm^-1  (      1.1060 THz )
      3     47.8000 cm^-1  (      1.4330 THz )
      4    116.9135 cm^-1  (      3.5050 THz )
      5    135.0002 cm^-1  (      4.0472 THz )
      6    147.1900 cm^-1  (      4.4126 THz )

 # Irred. k point  165 : (  0.1053,  0.2105,  0.3158)
   Mode, Frequency 
      1     34.0103 cm^-1  (      1.0196 THz )
      2     53.8280 cm^-1  (      1.6137 THz )
      3     78.4917 cm^-1  (      2.3531 THz )
      4    109.5687 cm^-1  (      3.2848 THz )
      5    121.3534 cm^-1  (      3.6381 THz )
      6    219.9770 cm^-1  (      6.5947 THz )

 # Irred. k point  166 : (  0.1053,  0.2105,  0.3684)
   Mode, Frequency 
      1     38.9399 cm^-1  (      1.1674 THz )
      2     61.4529 cm^-1  (      1.8423 THz )
      3     81.4276 cm^-1  (      2.4411 THz )
      4    119.6099 cm^-1  (      3.5858 THz )
      5    129.2889 cm^-1  (      3.8760 THz )
      6    231.8427 cm^-1  (      6.9505 THz )

 # Irred. k point  167 : (  0.1053,  0.2105,  0.4211)
   Mode, Frequency 
      1     45.8115 cm^-1  (      1.3734 THz )
      2     67.5054 cm^-1  (      2.0238 THz )
      3     83.1098 cm^-1  (      2.4916 THz )
      4    127.4136 cm^-1  (      3.8198 THz )
      5    134.1530 cm^-1  (      4.0218 THz )
      6    240.3013 cm^-1  (      7.2041 THz )

 # Irred. k point  168 : (  0.1053,  0.2105,  0.4737)
   Mode, Frequency 
      1     53.1824 cm^-1  (      1.5944 THz )
      2     71.3906 cm^-1  (      2.1402 THz )
      3     84.0657 cm^-1  (      2.5202 THz )
      4    131.4166 cm^-1  (      3.9398 THz )
      5    137.8602 cm^-1  (      4.1329 THz )
      6    245.9717 cm^-1  (      7.3740 THz )

 # Irred. k point  169 : (  0.1053,  0.2105, -0.4737)
   Mode, Frequency 
      1     60.0620 cm^-1  (      1.8006 THz )
      2     72.4248 cm^-1  (      2.1712 THz )
      3     84.8651 cm^-1  (      2.5442 THz )
      4    132.5655 cm^-1  (      3.9742 THz )
      5    140.8188 cm^-1  (      4.2216 THz )
      6    249.4613 cm^-1  (      7.4787 THz )

 # Irred. k point  170 : (  0.1053,  0.2105, -0.4211)
   Mode, Frequency 
      1     65.6110 cm^-1  (      1.9670 THz )
      2     70.7607 cm^-1  (      2.1214 THz )
      3     85.4920 cm^-1  (      2.5630 THz )
      4    132.7954 cm^-1  (      3.9811 THz )
      5    142.3306 cm^-1  (      4.2670 THz )
      6    251.1358 cm^-1  (      7.5289 THz )

 # Irred. k point  171 : (  0.1053,  0.2632,  0.3684)
   Mode, Frequency 
      1     37.0470 cm^-1  (      1.1106 THz )
      2     55.1956 cm^-1  (      1.6547 THz )
      3     80.0310 cm^-1  (      2.3993 THz )
      4    119.3245 cm^-1  (      3.5773 THz )
      5    126.5387 cm^-1  (      3.7935 THz )
      6    229.7428 cm^-1  (      6.8875 THz )

 # Irred. k point  172 : (  0.1053,  0.2632,  0.4211)
   Mode, Frequency 
      1     41.1058 cm^-1  (      1.2323 THz )
      2     61.9688 cm^-1  (      1.8578 THz )
      3     79.4055 cm^-1  (      2.3805 THz )
      4    125.5126 cm^-1  (      3.7628 THz )
      5    131.9316 cm^-1  (      3.9552 THz )
      6    232.6229 cm^-1  (      6.9739 THz )

 # Irred. k point  173 : (  0.1053,  0.2632,  0.4737)
   Mode, Frequency 
      1     47.1133 cm^-1  (      1.4124 THz )
      2     66.6576 cm^-1  (      1.9983 THz )
      3     78.7757 cm^-1  (      2.3616 THz )
      4    129.2877 cm^-1  (      3.8759 THz )
      5    136.6043 cm^-1  (      4.0953 THz )
      6    233.9262 cm^-1  (      7.0129 THz )

 # Irred. k point  174 : (  0.1053,  0.2632, -0.4737)
   Mode, Frequency 
      1     53.6778 cm^-1  (      1.6092 THz )
      2     67.6120 cm^-1  (      2.0270 THz )
      3     79.7085 cm^-1  (      2.3896 THz )
      4    130.7924 cm^-1  (      3.9211 THz )
      5    140.5458 cm^-1  (      4.2135 THz )
      6    234.8617 cm^-1  (      7.0410 THz )

 # Irred. k point  175 : (  0.1053,  0.2632, -0.4211)
   Mode, Frequency 
      1     59.6511 cm^-1  (      1.7883 THz )
      2     65.3227 cm^-1  (      1.9583 THz )
      3     81.7911 cm^-1  (      2.4520 THz )
      4    131.2980 cm^-1  (      3.9362 THz )
      5    142.9213 cm^-1  (      4.2847 THz )
      6    236.1141 cm^-1  (      7.0785 THz )

 # Irred. k point  176 : (  0.1053,  0.2632, -0.3684)
   Mode, Frequency 
      1     59.9964 cm^-1  (      1.7986 THz )
      2     65.8843 cm^-1  (      1.9752 THz )
      3     83.3943 cm^-1  (      2.5001 THz )
      4    131.4980 cm^-1  (      3.9422 THz )
      5    143.3950 cm^-1  (      4.2989 THz )
      6    237.7341 cm^-1  (      7.1271 THz )

 # Irred. k point  177 : (  0.1053,  0.2632, -0.3158)
   Mode, Frequency 
      1     54.8785 cm^-1  (      1.6452 THz )
      2     69.4985 cm^-1  (      2.0835 THz )
      3     84.0016 cm^-1  (      2.5183 THz )
      4    131.7169 cm^-1  (      3.9488 THz )
      5    141.9166 cm^-1  (      4.2546 THz )
      6    239.3529 cm^-1  (      7.1756 THz )

 # Irred. k point  178 : (  0.1053,  0.2632, -0.2632)
   Mode, Frequency 
      1     49.1458 cm^-1  (      1.4734 THz )
      2     71.3231 cm^-1  (      2.1382 THz )
      3     83.8298 cm^-1  (      2.5132 THz )
      4    132.0548 cm^-1  (      3.9589 THz )
      5    138.5870 cm^-1  (      4.1547 THz )
      6    240.3794 cm^-1  (      7.2064 THz )

 # Irred. k point  179 : (  0.1053,  0.2632, -0.2105)
   Mode, Frequency 
      1     43.7910 cm^-1  (      1.3128 THz )
      2     70.5160 cm^-1  (      2.1140 THz )
      3     83.4113 cm^-1  (      2.5006 THz )
      4    131.5455 cm^-1  (      3.9436 THz )
      5    134.2697 cm^-1  (      4.0253 THz )
      6    240.0555 cm^-1  (      7.1967 THz )

 # Irred. k point  180 : (  0.1053,  0.2632, -0.1579)
   Mode, Frequency 
      1     39.9924 cm^-1  (      1.1989 THz )
      2     67.0231 cm^-1  (      2.0093 THz )
      3     82.7964 cm^-1  (      2.4822 THz )
      4    126.3283 cm^-1  (      3.7872 THz )
      5    132.3472 cm^-1  (      3.9677 THz )
      6    237.4856 cm^-1  (      7.1196 THz )

 # Irred. k point  181 : (  0.1053,  0.3158,  0.4211)
   Mode, Frequency 
      1     38.6049 cm^-1  (      1.1573 THz )
      2     55.3870 cm^-1  (      1.6605 THz )
      3     73.3975 cm^-1  (      2.2004 THz )
      4    123.9369 cm^-1  (      3.7155 THz )
      5    128.9616 cm^-1  (      3.8662 THz )
      6    223.6673 cm^-1  (      6.7054 THz )

 # Irred. k point  182 : (  0.1053,  0.3158,  0.4737)
   Mode, Frequency 
      1     42.1243 cm^-1  (      1.2629 THz )
      2     60.3622 cm^-1  (      1.8096 THz )
      3     71.0601 cm^-1  (      2.1303 THz )
      4    127.3133 cm^-1  (      3.8168 THz )
      5    133.6798 cm^-1  (      4.0076 THz )
      6    219.9527 cm^-1  (      6.5940 THz )

 # Irred. k point  183 : (  0.1053,  0.3158, -0.4737)
   Mode, Frequency 
      1     47.5593 cm^-1  (      1.4258 THz )
      2     60.2589 cm^-1  (      1.8065 THz )
      3     72.9123 cm^-1  (      2.1859 THz )
      4    129.0328 cm^-1  (      3.8683 THz )
      5    138.9254 cm^-1  (      4.1649 THz )
      6    217.3413 cm^-1  (      6.5157 THz )

 # Irred. k point  184 : (  0.1053,  0.3158, -0.4211)
   Mode, Frequency 
      1     53.3062 cm^-1  (      1.5981 THz )
      2     57.3283 cm^-1  (      1.7187 THz )
      3     76.8898 cm^-1  (      2.3051 THz )
      4    129.9139 cm^-1  (      3.8947 THz )
      5    142.8754 cm^-1  (      4.2833 THz )
      6    217.4532 cm^-1  (      6.5191 THz )

 # Irred. k point  185 : (  0.1053,  0.3158, -0.3684)
   Mode, Frequency 
      1     52.7504 cm^-1  (      1.5814 THz )
      2     59.9167 cm^-1  (      1.7963 THz )
      3     80.2765 cm^-1  (      2.4066 THz )
      4    130.4411 cm^-1  (      3.9105 THz )
      5    144.4192 cm^-1  (      4.3296 THz )
      6    220.6372 cm^-1  (      6.6145 THz )

 # Irred. k point  186 : (  0.1053,  0.3158, -0.3158)
   Mode, Frequency 
      1     49.1854 cm^-1  (      1.4745 THz )
      2     64.8651 cm^-1  (      1.9446 THz )
      3     82.4677 cm^-1  (      2.4723 THz )
      4    130.8831 cm^-1  (      3.9238 THz )
      5    143.5091 cm^-1  (      4.3023 THz )
      6    225.9325 cm^-1  (      6.7733 THz )

 # Irred. k point  187 : (  0.1053,  0.3158, -0.2632)
   Mode, Frequency 
      1     46.0394 cm^-1  (      1.3802 THz )
      2     68.7484 cm^-1  (      2.0610 THz )
      3     83.4426 cm^-1  (      2.5015 THz )
      4    131.5317 cm^-1  (      3.9432 THz )
      5    140.7197 cm^-1  (      4.2187 THz )
      6    231.8302 cm^-1  (      6.9501 THz )

 # Irred. k point  188 : (  0.1053,  0.3158, -0.2105)
   Mode, Frequency 
      1     43.9966 cm^-1  (      1.3190 THz )
      2     70.8854 cm^-1  (      2.1251 THz )
      3     83.5572 cm^-1  (      2.5050 THz )
      4    132.4811 cm^-1  (      3.9717 THz )
      5    136.8072 cm^-1  (      4.1014 THz )
      6    236.9285 cm^-1  (      7.1029 THz )

 # Irred. k point  189 : (  0.1053,  0.3684,  0.4737)
   Mode, Frequency 
      1     38.9090 cm^-1  (      1.1665 THz )
      2     52.3778 cm^-1  (      1.5702 THz )
      3     61.0867 cm^-1  (      1.8313 THz )
      4    124.5037 cm^-1  (      3.7325 THz )
      5    130.0027 cm^-1  (      3.8974 THz )
      6    204.5994 cm^-1  (      6.1337 THz )

 # Irred. k point  190 : (  0.1053,  0.3684, -0.4737)
   Mode, Frequency 
      1     42.2372 cm^-1  (      1.2662 THz )
      2     49.3871 cm^-1  (      1.4806 THz )
      3     64.9643 cm^-1  (      1.9476 THz )
      4    126.7123 cm^-1  (      3.7987 THz )
      5    135.7612 cm^-1  (      4.0700 THz )
      6    197.9953 cm^-1  (      5.9357 THz )

 # Irred. k point  191 : (  0.1053,  0.3684, -0.4211)
   Mode, Frequency 
      1     45.1395 cm^-1  (      1.3532 THz )
      2     47.9402 cm^-1  (      1.4372 THz )
      3     70.7604 cm^-1  (      2.1213 THz )
      4    128.1463 cm^-1  (      3.8417 THz )
      5    141.9806 cm^-1  (      4.2565 THz )
      6    196.0719 cm^-1  (      5.8781 THz )

 # Irred. k point  192 : (  0.1053,  0.3684, -0.3684)
   Mode, Frequency 
      1     43.2560 cm^-1  (      1.2968 THz )
      2     53.6252 cm^-1  (      1.6076 THz )
      3     75.8592 cm^-1  (      2.2742 THz )
      4    129.2671 cm^-1  (      3.8753 THz )
      5    145.3024 cm^-1  (      4.3561 THz )
      6    200.5774 cm^-1  (      6.0132 THz )

 # Irred. k point  193 : (  0.1053,  0.3684, -0.3158)
   Mode, Frequency 
      1     42.9275 cm^-1  (      1.2869 THz )
      2     59.3538 cm^-1  (      1.7794 THz )
      3     79.7349 cm^-1  (      2.3904 THz )
      4    130.1145 cm^-1  (      3.9007 THz )
      5    145.2508 cm^-1  (      4.3545 THz )
      6    210.0281 cm^-1  (      6.2965 THz )

 # Irred. k point  194 : (  0.1053,  0.3684, -0.2632)
   Mode, Frequency 
      1     43.9476 cm^-1  (      1.3175 THz )
      2     64.5276 cm^-1  (      1.9345 THz )
      3     82.2262 cm^-1  (      2.4651 THz )
      4    130.7977 cm^-1  (      3.9212 THz )
      5    143.3035 cm^-1  (      4.2961 THz )
      6    221.2355 cm^-1  (      6.6325 THz )

 # Irred. k point  195 : (  0.1053,  0.4211, -0.4737)
   Mode, Frequency 
      1     33.8759 cm^-1  (      1.0156 THz )
      2     38.4763 cm^-1  (      1.1535 THz )
      3     56.4740 cm^-1  (      1.6930 THz )
      4    122.9676 cm^-1  (      3.6865 THz )
      5    132.1080 cm^-1  (      3.9605 THz )
      6    178.8127 cm^-1  (      5.3607 THz )

 # Irred. k point  196 : (  0.1053,  0.4211, -0.4211)
   Mode, Frequency 
      1     29.5244 cm^-1  (      0.8851 THz )
      2     42.0470 cm^-1  (      1.2605 THz )
      3     63.4913 cm^-1  (      1.9034 THz )
      4    125.4313 cm^-1  (      3.7603 THz )
      5    140.5112 cm^-1  (      4.2124 THz )
      6    173.8905 cm^-1  (      5.2131 THz )

 # Irred. k point  197 : (  0.1053,  0.4211, -0.3684)
   Mode, Frequency 
      1     31.0264 cm^-1  (      0.9301 THz )
      2     47.4480 cm^-1  (      1.4225 THz )
      3     70.0682 cm^-1  (      2.1006 THz )
      4    127.4577 cm^-1  (      3.8211 THz )
      5    146.2998 cm^-1  (      4.3860 THz )
      6    178.9217 cm^-1  (      5.3639 THz )

 # Irred. k point  198 : (  0.1053,  0.4211, -0.3158)
   Mode, Frequency 
      1     36.4140 cm^-1  (      1.0917 THz )
      2     53.4358 cm^-1  (      1.6020 THz )
      3     75.5881 cm^-1  (      2.2661 THz )
      4    129.0539 cm^-1  (      3.8689 THz )
      5    146.6789 cm^-1  (      4.3973 THz )
      6    193.1794 cm^-1  (      5.7914 THz )

 # Irred. k point  199 : (  0.1053,  0.4737, -0.4211)
   Mode, Frequency 
      1    -11.0345 cm^-1  (     -0.3308 THz )
      2     37.9921 cm^-1  (      1.1390 THz )
      3     55.4933 cm^-1  (      1.6636 THz )
      4    121.4771 cm^-1  (      3.6418 THz )
      5    138.9203 cm^-1  (      4.1647 THz )
      6    154.9063 cm^-1  (      4.6440 THz )

 # Irred. k point  200 : (  0.1053,  0.4737, -0.3684)
   Mode, Frequency 
      1     15.2735 cm^-1  (      0.4579 THz )
      2     41.8737 cm^-1  (      1.2553 THz )
      3     63.0958 cm^-1  (      1.8916 THz )
      4    124.8181 cm^-1  (      3.7420 THz )
      5    147.5051 cm^-1  (      4.4221 THz )
      6    158.7561 cm^-1  (      4.7594 THz )

 # Irred. k point  201 : (  0.1579,  0.3158,  0.4737)
   Mode, Frequency 
      1     41.7808 cm^-1  (      1.2526 THz )
      2     66.1183 cm^-1  (      1.9822 THz )
      3     78.2997 cm^-1  (      2.3474 THz )
      4    130.4579 cm^-1  (      3.9110 THz )
      5    133.2535 cm^-1  (      3.9948 THz )
      6    230.9097 cm^-1  (      6.9225 THz )

 # Irred. k point  202 : (  0.1579,  0.3158, -0.4737)
   Mode, Frequency 
      1     44.9432 cm^-1  (      1.3474 THz )
      2     66.6111 cm^-1  (      1.9970 THz )
      3     78.8183 cm^-1  (      2.3629 THz )
      4    132.5264 cm^-1  (      3.9730 THz )
      5    136.4832 cm^-1  (      4.0917 THz )
      6    228.0048 cm^-1  (      6.8354 THz )

 # Irred. k point  203 : (  0.1579,  0.3158, -0.4211)
   Mode, Frequency 
      1     49.5112 cm^-1  (      1.4843 THz )
      2     63.9183 cm^-1  (      1.9162 THz )
      3     80.5135 cm^-1  (      2.4137 THz )
      4    132.4827 cm^-1  (      3.9717 THz )
      5    140.6463 cm^-1  (      4.2165 THz )
      6    225.1824 cm^-1  (      6.7508 THz )

 # Irred. k point  204 : (  0.1579,  0.3158, -0.3684)
   Mode, Frequency 
      1     54.3442 cm^-1  (      1.6292 THz )
      2     59.9414 cm^-1  (      1.7970 THz )
      3     81.6834 cm^-1  (      2.4488 THz )
      4    132.3978 cm^-1  (      3.9692 THz )
      5    143.0835 cm^-1  (      4.2895 THz )
      6    223.4782 cm^-1  (      6.6997 THz )

 # Irred. k point  205 : (  0.1579,  0.3684, -0.4737)
   Mode, Frequency 
      1     42.6018 cm^-1  (      1.2772 THz )
      2     59.4553 cm^-1  (      1.7824 THz )
      3     72.2944 cm^-1  (      2.1673 THz )
      4    131.5196 cm^-1  (      3.9429 THz )
      5    134.8275 cm^-1  (      4.0420 THz )
      6    213.5643 cm^-1  (      6.4025 THz )

 # Irred. k point  206 : (  0.1579,  0.3684, -0.4211)
   Mode, Frequency 
      1     45.3516 cm^-1  (      1.3596 THz )
      2     55.6001 cm^-1  (      1.6668 THz )
      3     75.8597 cm^-1  (      2.2742 THz )
      4    133.2636 cm^-1  (      3.9951 THz )
      5    138.7144 cm^-1  (      4.1586 THz )
      6    208.5918 cm^-1  (      6.2534 THz )

 # Irred. k point  207 : (  0.1579,  0.3684, -0.3684)
   Mode, Frequency 
      1     49.2022 cm^-1  (      1.4750 THz )
      2     51.9575 cm^-1  (      1.5576 THz )
      3     78.8774 cm^-1  (      2.3647 THz )
      4    133.7025 cm^-1  (      4.0083 THz )
      5    142.5483 cm^-1  (      4.2735 THz )
      6    206.6818 cm^-1  (      6.1962 THz )

 # Irred. k point  208 : (  0.1579,  0.3684, -0.3158)
   Mode, Frequency 
      1     48.2176 cm^-1  (      1.4455 THz )
      2     54.3511 cm^-1  (      1.6294 THz )
      3     80.6490 cm^-1  (      2.4178 THz )
      4    134.0036 cm^-1  (      4.0173 THz )
      5    143.5628 cm^-1  (      4.3039 THz )
      6    208.6827 cm^-1  (      6.2561 THz )

 # Irred. k point  209 : (  0.1579,  0.3684, -0.2632)
   Mode, Frequency 
      1     45.8988 cm^-1  (      1.3760 THz )
      2     59.0148 cm^-1  (      1.7692 THz )
      3     81.0238 cm^-1  (      2.4290 THz )
      4    134.2499 cm^-1  (      4.0247 THz )
      5    141.6208 cm^-1  (      4.2457 THz )
      6    213.9616 cm^-1  (      6.4144 THz )

 # Irred. k point  210 : (  0.1579,  0.3684, -0.2105)
   Mode, Frequency 
      1     44.6481 cm^-1  (      1.3385 THz )
      2     63.4124 cm^-1  (      1.9011 THz )
      3     80.1680 cm^-1  (      2.4034 THz )
      4    134.3240 cm^-1  (      4.0269 THz )
      5    138.2146 cm^-1  (      4.1436 THz )
      6    220.9229 cm^-1  (      6.6231 THz )

 # Irred. k point  211 : (  0.1579,  0.4211, -0.4211)
   Mode, Frequency 
      1     42.7584 cm^-1  (      1.2819 THz )
      2     44.1984 cm^-1  (      1.3250 THz )
      3     70.0918 cm^-1  (      2.1013 THz )
      4    130.8796 cm^-1  (      3.9237 THz )
      5    138.5752 cm^-1  (      4.1544 THz )
      6    190.8129 cm^-1  (      5.7204 THz )

 # Irred. k point  212 : (  0.1579,  0.4211, -0.3684)
   Mode, Frequency 
      1     41.3077 cm^-1  (      1.2384 THz )
      2     45.4336 cm^-1  (      1.3621 THz )
      3     74.7578 cm^-1  (      2.2412 THz )
      4    133.3643 cm^-1  (      3.9982 THz )
      5    142.9925 cm^-1  (      4.2868 THz )
      6    188.4581 cm^-1  (      5.6498 THz )

 # Irred. k point  213 : (  0.1579,  0.4211, -0.3158)
   Mode, Frequency 
      1     41.1440 cm^-1  (      1.2335 THz )
      2     49.3740 cm^-1  (      1.4802 THz )
      3     78.2777 cm^-1  (      2.3467 THz )
      4    134.5954 cm^-1  (      4.0351 THz )
      5    144.9618 cm^-1  (      4.3458 THz )
      6    192.8334 cm^-1  (      5.7810 THz )

 # Irred. k point  214 : (  0.1579,  0.4211, -0.2632)
   Mode, Frequency 
      1     42.9620 cm^-1  (      1.2880 THz )
      2     54.0149 cm^-1  (      1.6193 THz )
      3     80.3713 cm^-1  (      2.4095 THz )
      4    134.9844 cm^-1  (      4.0467 THz )
      5    143.6647 cm^-1  (      4.3070 THz )
      6    202.4416 cm^-1  (      6.0690 THz )

 # Irred. k point  215 : (  0.1579,  0.4737, -0.3684)
   Mode, Frequency 
      1     28.8497 cm^-1  (      0.8649 THz )
      2     42.6739 cm^-1  (      1.2793 THz )
      3     69.3612 cm^-1  (      2.0794 THz )
      4    130.0576 cm^-1  (      3.8990 THz )
      5    145.2355 cm^-1  (      4.3541 THz )
      6    170.9972 cm^-1  (      5.1264 THz )

 # Irred. k point  216 : (  0.1579,  0.4737, -0.3158)
   Mode, Frequency 
      1     33.8948 cm^-1  (      1.0161 THz )
      2     45.3549 cm^-1  (      1.3597 THz )
      3     74.4563 cm^-1  (      2.2321 THz )
      4    133.2318 cm^-1  (      3.9942 THz )
      5    146.6374 cm^-1  (      4.3961 THz )
      6    178.4109 cm^-1  (      5.3486 THz )

 # Irred. k point  217 : (  0.2105,  0.4211, -0.3684)
   Mode, Frequency 
      1     44.7385 cm^-1  (      1.3412 THz )
      2     51.0773 cm^-1  (      1.5313 THz )
      3     78.4939 cm^-1  (      2.3532 THz )
      4    138.2517 cm^-1  (      4.1447 THz )
      5    138.7011 cm^-1  (      4.1582 THz )
      6    200.9374 cm^-1  (      6.0240 THz )

 # Irred. k point  218 : (  0.2105,  0.4211, -0.3158)
   Mode, Frequency 
      1     45.4847 cm^-1  (      1.3636 THz )
      2     47.7232 cm^-1  (      1.4307 THz )
      3     79.9504 cm^-1  (      2.3969 THz )
      4    138.4816 cm^-1  (      4.1516 THz )
      5    142.1988 cm^-1  (      4.2630 THz )
      6    196.1835 cm^-1  (      5.8814 THz )

 # Irred. k point  219 : (  0.2105,  0.4737, -0.3158)
   Mode, Frequency 
      1     40.4150 cm^-1  (      1.2116 THz )
      2     44.6421 cm^-1  (      1.3383 THz )
      3     77.8800 cm^-1  (      2.3348 THz )
      4    137.9366 cm^-1  (      4.1352 THz )
      5    144.2566 cm^-1  (      4.3247 THz )
      6    184.9894 cm^-1  (      5.5458 THz )

 # Irred. k point  220 : (  0.2105,  0.4737, -0.2632)
   Mode, Frequency 
      1     42.2140 cm^-1  (      1.2655 THz )
      2     45.3548 cm^-1  (      1.3597 THz )
      3     79.6630 cm^-1  (      2.3882 THz )
      4    140.0744 cm^-1  (      4.1993 THz )
      5    143.6035 cm^-1  (      4.3051 THz )
      6    187.9146 cm^-1  (      5.6335 THz )



 -----------------------------------------------------------------

 The following files are created: 
  PbS.dos         : Phonon DOS and atom projected DOS
  PbS.thermo      : Thermodynamic quantities

 Job finished at Sat Aug  2 10:06:46 2025

