 +-----------------------------------------------------------------+
 +                         Program ALM                             +
 +                             Ver.  1.4.2                         +
 +-----------------------------------------------------------------+

 Number of OpenMP threads = 32

 Job started at Mon Apr  3 14:54:35 2023


 Input variables:
 -------------------------------------------------------------------
 General:
  PREFIX = Si
  MODE = optimize
  NAT = 64; NKD = 1
  PRINTSYM = 0; TOLERANCE = 0.001
  KD =   Si
  FCSYM_BASIS = Lattice
  PERIODIC =   1  1  1
  MAGMOM = 
  FCS_ALAMODE = 1;  NMAXSAVE = 5
  FC3_SHENGBTE = 0
  FC2_QEFC = 0
  HESSIAN = 0
  FC_ZERO_THR = 0

 Interaction:
  NORDER = 2
  NBODY =   2  3

 Optimize:
  LMODEL = least-squares
  DFSET = ../../result/DFSET.cube_fd
  NDATA = 16; NSTART = 1; NEND = 16   SKIP = 

  ICONST = 11
  ROTAXIS = 
  FC2XML = ../../result/FC2.xml
  FC3XML = 

  SPARSE = 0
  SPARSESOLVER = SimplicialLDLT
  CONV_TOL = 1e-08
  MAXITER = 10000
  MIRROR_IMAGE_CONV = 0

 -------------------------------------------------------------------

 SYSTEM
 ======

  Lattice Vector
    2.053971e+01  -0.000000e+00  -0.000000e+00 : a1
   -0.000000e+00   2.053971e+01   0.000000e+00 : a2
    0.000000e+00   0.000000e+00   2.053971e+01 : a3

  Cell volume = 8.665281e+03

  Reciprocal Lattice Vector
    3.059043e-01   0.000000e+00  -0.000000e+00 : b1
    0.000000e+00   3.059043e-01  -0.000000e+00 : b2
    0.000000e+00   0.000000e+00   3.059043e-01 : b3

  Atomic species:
     1   Si

  Atomic positions in fractional basis and atomic species
     1   2.500000e-01   2.500000e-01   2.500000e-01    1
     2   7.500000e-01   2.500000e-01   2.500000e-01    1
     3   2.500000e-01   7.500000e-01   2.500000e-01    1
     4   7.500000e-01   7.500000e-01   2.500000e-01    1
     5   2.500000e-01   2.500000e-01   7.500000e-01    1
     6   7.500000e-01   2.500000e-01   7.500000e-01    1
     7   2.500000e-01   7.500000e-01   7.500000e-01    1
     8   7.500000e-01   7.500000e-01   7.500000e-01    1
     9   2.500000e-01   0.000000e+00   0.000000e+00    1
    10   7.500000e-01   0.000000e+00   0.000000e+00    1
    11   2.500000e-01   5.000000e-01   0.000000e+00    1
    12   7.500000e-01   5.000000e-01   0.000000e+00    1
    13   2.500000e-01   0.000000e+00   5.000000e-01    1
    14   7.500000e-01   0.000000e+00   5.000000e-01    1
    15   2.500000e-01   5.000000e-01   5.000000e-01    1
    16   7.500000e-01   5.000000e-01   5.000000e-01    1
    17   0.000000e+00   2.500000e-01   0.000000e+00    1
    18   5.000000e-01   2.500000e-01   0.000000e+00    1
    19   0.000000e+00   7.500000e-01   0.000000e+00    1
    20   5.000000e-01   7.500000e-01   0.000000e+00    1
    21   0.000000e+00   2.500000e-01   5.000000e-01    1
    22   5.000000e-01   2.500000e-01   5.000000e-01    1
    23   0.000000e+00   7.500000e-01   5.000000e-01    1
    24   5.000000e-01   7.500000e-01   5.000000e-01    1
    25   0.000000e+00   0.000000e+00   2.500000e-01    1
    26   5.000000e-01   0.000000e+00   2.500000e-01    1
    27   0.000000e+00   5.000000e-01   2.500000e-01    1
    28   5.000000e-01   5.000000e-01   2.500000e-01    1
    29   0.000000e+00   0.000000e+00   7.500000e-01    1
    30   5.000000e-01   0.000000e+00   7.500000e-01    1
    31   0.000000e+00   5.000000e-01   7.500000e-01    1
    32   5.000000e-01   5.000000e-01   7.500000e-01    1
    33   3.750000e-01   3.750000e-01   3.750000e-01    1
    34   8.750000e-01   3.750000e-01   3.750000e-01    1
    35   3.750000e-01   8.750000e-01   3.750000e-01    1
    36   8.750000e-01   8.750000e-01   3.750000e-01    1
    37   3.750000e-01   3.750000e-01   8.750000e-01    1
    38   8.750000e-01   3.750000e-01   8.750000e-01    1
    39   3.750000e-01   8.750000e-01   8.750000e-01    1
    40   8.750000e-01   8.750000e-01   8.750000e-01    1
    41   3.750000e-01   1.250000e-01   1.250000e-01    1
    42   8.750000e-01   1.250000e-01   1.250000e-01    1
    43   3.750000e-01   6.250000e-01   1.250000e-01    1
    44   8.750000e-01   6.250000e-01   1.250000e-01    1
    45   3.750000e-01   1.250000e-01   6.250000e-01    1
    46   8.750000e-01   1.250000e-01   6.250000e-01    1
    47   3.750000e-01   6.250000e-01   6.250000e-01    1
    48   8.750000e-01   6.250000e-01   6.250000e-01    1
    49   1.250000e-01   3.750000e-01   1.250000e-01    1
    50   6.250000e-01   3.750000e-01   1.250000e-01    1
    51   1.250000e-01   8.750000e-01   1.250000e-01    1
    52   6.250000e-01   8.750000e-01   1.250000e-01    1
    53   1.250000e-01   3.750000e-01   6.250000e-01    1
    54   6.250000e-01   3.750000e-01   6.250000e-01    1
    55   1.250000e-01   8.750000e-01   6.250000e-01    1
    56   6.250000e-01   8.750000e-01   6.250000e-01    1
    57   1.250000e-01   1.250000e-01   3.750000e-01    1
    58   6.250000e-01   1.250000e-01   3.750000e-01    1
    59   1.250000e-01   6.250000e-01   3.750000e-01    1
    60   6.250000e-01   6.250000e-01   3.750000e-01    1
    61   1.250000e-01   1.250000e-01   8.750000e-01    1
    62   6.250000e-01   1.250000e-01   8.750000e-01    1
    63   1.250000e-01   6.250000e-01   8.750000e-01    1
    64   6.250000e-01   6.250000e-01   8.750000e-01    1


  Time Elapsed: 0.008623 sec.

 -------------------------------------------------------------------

 SYMMETRY
 ========

  Space group: Fd-3m (227)
  Number of symmetry operations = 1536

  Given system is not a primitive cell.
  There are    32 translation operations.
  Primitive cell contains 2 atoms

  **Cell-Atom Correspondens Below**
  CELL |  ATOM
     1 |     1   33
     2 |     5   37
     3 |    15   47
     4 |    11   43
     5 |     3   35
     6 |     7   39
     7 |    13   45
     8 |     9   41
     9 |    22   54
    10 |    18   50
    11 |    28   60
    12 |    32   64
    13 |    24   56
    14 |    20   52
    15 |    26   58
    16 |    30   62
    17 |     2   34
    18 |     6   38
    19 |    16   48
    20 |    12   44
    21 |     4   36
    22 |     8   40
    23 |    14   46
    24 |    10   42
    25 |    21   53
    26 |    17   49
    27 |    27   59
    28 |    31   63
    29 |    23   55
    30 |    19   51
    31 |    25   57
    32 |    29   61

  Time Elapsed: 0.04338 sec.

 -------------------------------------------------------------------

 INTERACTION
 ===========

  +++ Cutoff Radii Matrix (NKD x NKD matrix) +++
   HARMONIC
     None

    ANHARM3
  8.12582


  List of neighboring atoms below.
  Format [N th-nearest shell, distance (Number of atoms on the shell)]

    1 ( Si):   1   4.44698 (  4) -  33( Si)  41( Si)  49( Si)  57( Si)
               2   7.26188 ( 12) -   9( Si)  11( Si)  13( Si)  15( Si)
                                    17( Si)  18( Si)  21( Si)  22( Si)
                                    25( Si)  26( Si)  27( Si)  28( Si)
               3   8.51531 ( 12) -  34( Si)  35( Si)  37( Si)  42( Si)
                                    43( Si)  45( Si)  50( Si)  51( Si)
                                    53( Si)  58( Si)  59( Si)  61( Si)
               4   10.2699 (  3) -   2( Si)   3( Si)   5( Si)
               5   11.1913 ( 12) -  36( Si)  38( Si)  39( Si)  44( Si)
                                    46( Si)  47( Si)  52( Si)  54( Si)
                                    55( Si)  60( Si)  62( Si)  63( Si)
               6   12.5779 ( 12) -  10( Si)  12( Si)  14( Si)  16( Si)
                                    19( Si)  20( Si)  23( Si)  24( Si)
                                    29( Si)  30( Si)  31( Si)  32( Si)
               7   13.3409 (  4) -  40( Si)  48( Si)  56( Si)  64( Si)
               8   14.5238 (  3) -   4( Si)   6( Si)   7( Si)
               9   17.7879 (  1) -   8( Si)

   33 ( Si):   1   4.44698 (  4) -   1( Si)  15( Si)  22( Si)  28( Si)
               2   7.26188 ( 12) -  41( Si)  43( Si)  45( Si)  47( Si)
                                    49( Si)  50( Si)  53( Si)  54( Si)
                                    57( Si)  58( Si)  59( Si)  60( Si)
               3   8.51531 ( 12) -   2( Si)   3( Si)   5( Si)  11( Si)
                                    13( Si)  16( Si)  18( Si)  21( Si)
                                    24( Si)  26( Si)  27( Si)  32( Si)
               4   10.2699 (  3) -  34( Si)  35( Si)  37( Si)
               5   11.1913 ( 12) -   4( Si)   6( Si)   7( Si)   9( Si)
                                    12( Si)  14( Si)  17( Si)  20( Si)
                                    23( Si)  25( Si)  30( Si)  31( Si)
               6   12.5779 ( 12) -  42( Si)  44( Si)  46( Si)  48( Si)
                                    51( Si)  52( Si)  55( Si)  56( Si)
                                    61( Si)  62( Si)  63( Si)  64( Si)
               7   13.3409 (  4) -   8( Si)  10( Si)  19( Si)  29( Si)
               8   14.5238 (  3) -  36( Si)  38( Si)  39( Si)
               9   17.7879 (  1) -  40( Si)

  Time Elapsed: 0.049412 sec.

 -------------------------------------------------------------------

 FORCE CONSTANT
 ==============

  Symmetry is handled in crystallographic (fractional) coordinates.

  Number of  HARMONIC FCs : 26
  Number of   ANHARM3 FCs : 36

  Time Elapsed: 0.056808 sec.

 -------------------------------------------------------------------

 CONSTRAINT
 ==========

  ICONST = 1: Constraints for translational invariance
              will be considered.

  FC2XML is given : Harmonic force constants will be 
                    fixed to the values given in ../../result/FC2.xml

  Generating constraints for translational invariance ...
   HARMONIC ... done.
    ANHARM3 ... done.
  Finished !

  Number of constraints [T-inv, R-inv (self), R-inv (cross)]:
   HARMONIC      1    0    0
    ANHARM3      9    0    0

  Constraints of T-inv and R-inv (self) are merged.
  If there are redundant constraints, they are removed in this process.

  Number of inequivalent constraints (self, cross) : 
   HARMONIC      1    0
    ANHARM3      9    0

  ICONST >= 10 : Constraints will be considered algebraically.

  Number of free HARMONIC FCs : 0
  Number of free  ANHARM3 FCs : 27

  Time Elapsed: 0.066961 sec.

 -------------------------------------------------------------------

 OPTIMIZATION
 ============

  LMODEL = least-squares

  Training data file (DFSET) : ../../result/DFSET.cube_fd

  NSTART = 1; NEND = 16
  16 entries will be used for training.

  Total Number of Parameters : 62
  Total Number of Free Parameters : 27

  Entering fitting routine: SVD with constraints considered algebraically.
  SVD has started ... finished !

  RANK of the matrix = 27

  Residual sum of squares for the solution: 5.40362e-06
  Fitting error (%) : 0.0154756

  Time Elapsed: 0.119099 sec.

 -------------------------------------------------------------------

 The following files are created:

 Force constants in a human-readable format : Si.fcs
 Input data for the phonon code ANPHON      : Si.xml

 Job finished at Mon Apr  3 14:54:35 2023

