 +-----------------------------------------------------------------+
 +                         Program ANPHON                          +
 +                             Ver.  1.4.2                         +
 +-----------------------------------------------------------------+

 Job started at Mon Apr  3 14:58:11 2023

 The number of MPI processes: 1
 The number of OpenMP threads: 32


 Input variables:
 -----------------------------------------------------------------
 General:
  PREFIX = Si
  MODE = RTA
  FCSXML = ../../result/FC3_fd.xml

  NKD = 1; KD =   Si
  MASS = 
  NSYM = 0; TOLERANCE = 0.001; PRINTSYM = 0

  NONANALYTIC = 1
  BORNINFO = BORNINFO; NA_SIGMA = 0.1

  TMIN = 50; TMAX = 1000; DT = 50
  EMIN = 0; EMAX = 1000; DELTA_E = 10

  ISMEAR = -1; EPSILON = 10

  CLASSICAL = 0
  BCONNECT = 0

  RESTART = 0
  TRISYM = 1


 Kpoint:
  KPMODE (1st entry for &kpoint) = 2


 Analysis:
  ISOTOPE = 2
  ISOFACT = 
  KAPPA_SPEC = 0


 -----------------------------------------------------------------

                        MODE = RTA                           
                                                             
      Calculation of phonon line width (lifetime) and        
      lattice thermal conductivity within the RTA            
      (relaxation time approximation).                       
      Harmonic and anharmonic force constants will be used.  

 -----------------------------------------------------------------

 Crystal structure
 =================

 Lattice Vectors:

 * Supercell (from ../../result/FC3_fd.xml )

    2.053971e+01  -0.000000e+00  -0.000000e+00 : a1
   -0.000000e+00   2.053971e+01   0.000000e+00 : a2
    0.000000e+00   0.000000e+00   2.053971e+01 : a3

    3.059043e-01   0.000000e+00  -0.000000e+00 : b1
    0.000000e+00   3.059043e-01  -0.000000e+00 : b2
    0.000000e+00   0.000000e+00   3.059043e-01 : b3

 * Primitive cell 

    0.000000e+00   5.134927e+00   5.134927e+00 : a1
    5.134927e+00   0.000000e+00   5.134927e+00 : a2
    5.134927e+00   5.134927e+00   0.000000e+00 : a3

   -6.118087e-01   6.118087e-01   6.118087e-01 : b1
    6.118087e-01  -6.118087e-01   6.118087e-01 : b2
    6.118087e-01   6.118087e-01  -6.118087e-01 : b3


  Volume of the primitive cell : 2.707900e+02 (a.u.)^3

  Number of atoms in the supercell     : 64
  Number of atoms in the primitive cell: 2

  Atomic positions in the primitive cell (fractional):
   1:   5.000000e-01   5.000000e-01   5.000000e-01  Si
   2:   7.500000e-01   7.500000e-01   7.500000e-01  Si

  Mass of atomic species (u):
  Si:   28.085500


 Symmetry
 ========

  NSYM = 0 is given: Trying to find symmetry operations.
  Number of symmetry operations : 48

 k points
 ========

  KPMODE = 2: Uniform grid
  Gamma-centered uniform grid with the following mesh density: 
  nk1:  21
  nk2:  21
  nk3:  21

  Number of k points : 9261
  Number of irreducible k points : 286

  List of irreducible k points (reciprocal coordinate, weight) : 
      1:   0.00000e+00   0.00000e+00   0.00000e+00   0.000108
      2:   0.00000e+00   0.00000e+00   4.76190e-02   0.000864
      3:   0.00000e+00   0.00000e+00   9.52381e-02   0.000864
      4:   0.00000e+00   0.00000e+00   1.42857e-01   0.000864
      5:   0.00000e+00   0.00000e+00   1.90476e-01   0.000864
      6:   0.00000e+00   0.00000e+00   2.38095e-01   0.000864
      7:   0.00000e+00   0.00000e+00   2.85714e-01   0.000864
      8:   0.00000e+00   0.00000e+00   3.33333e-01   0.000864
      9:   0.00000e+00   0.00000e+00   3.80952e-01   0.000864
     10:   0.00000e+00   0.00000e+00   4.28571e-01   0.000864
     11:   0.00000e+00   0.00000e+00   4.76190e-01   0.000864
     12:   0.00000e+00   4.76190e-02   4.76190e-02   0.000648
     13:   0.00000e+00   4.76190e-02   9.52381e-02   0.002592
     14:   0.00000e+00   4.76190e-02   1.42857e-01   0.002592
     15:   0.00000e+00   4.76190e-02   1.90476e-01   0.002592
     16:   0.00000e+00   4.76190e-02   2.38095e-01   0.002592
     17:   0.00000e+00   4.76190e-02   2.85714e-01   0.002592
     18:   0.00000e+00   4.76190e-02   3.33333e-01   0.002592
     19:   0.00000e+00   4.76190e-02   3.80952e-01   0.002592
     20:   0.00000e+00   4.76190e-02   4.28571e-01   0.002592
     21:   0.00000e+00   4.76190e-02   4.76190e-01   0.002592
     22:   0.00000e+00   4.76190e-02  -4.76190e-01   0.002592
     23:   0.00000e+00   4.76190e-02  -4.28571e-01   0.002592
     24:   0.00000e+00   4.76190e-02  -3.80952e-01   0.002592
     25:   0.00000e+00   4.76190e-02  -3.33333e-01   0.002592
     26:   0.00000e+00   4.76190e-02  -2.85714e-01   0.002592
     27:   0.00000e+00   4.76190e-02  -2.38095e-01   0.002592
     28:   0.00000e+00   4.76190e-02  -1.90476e-01   0.002592
     29:   0.00000e+00   4.76190e-02  -1.42857e-01   0.002592
     30:   0.00000e+00   4.76190e-02  -9.52381e-02   0.002592
     31:   0.00000e+00   4.76190e-02  -4.76190e-02   0.001296
     32:   0.00000e+00   9.52381e-02   9.52381e-02   0.000648
     33:   0.00000e+00   9.52381e-02   1.42857e-01   0.002592
     34:   0.00000e+00   9.52381e-02   1.90476e-01   0.002592
     35:   0.00000e+00   9.52381e-02   2.38095e-01   0.002592
     36:   0.00000e+00   9.52381e-02   2.85714e-01   0.002592
     37:   0.00000e+00   9.52381e-02   3.33333e-01   0.002592
     38:   0.00000e+00   9.52381e-02   3.80952e-01   0.002592
     39:   0.00000e+00   9.52381e-02   4.28571e-01   0.002592
     40:   0.00000e+00   9.52381e-02   4.76190e-01   0.002592
     41:   0.00000e+00   9.52381e-02  -4.76190e-01   0.002592
     42:   0.00000e+00   9.52381e-02  -4.28571e-01   0.002592
     43:   0.00000e+00   9.52381e-02  -3.80952e-01   0.002592
     44:   0.00000e+00   9.52381e-02  -3.33333e-01   0.002592
     45:   0.00000e+00   9.52381e-02  -2.85714e-01   0.002592
     46:   0.00000e+00   9.52381e-02  -2.38095e-01   0.002592
     47:   0.00000e+00   9.52381e-02  -1.90476e-01   0.002592
     48:   0.00000e+00   9.52381e-02  -1.42857e-01   0.002592
     49:   0.00000e+00   9.52381e-02  -9.52381e-02   0.001296
     50:   0.00000e+00   1.42857e-01   1.42857e-01   0.000648
     51:   0.00000e+00   1.42857e-01   1.90476e-01   0.002592
     52:   0.00000e+00   1.42857e-01   2.38095e-01   0.002592
     53:   0.00000e+00   1.42857e-01   2.85714e-01   0.002592
     54:   0.00000e+00   1.42857e-01   3.33333e-01   0.002592
     55:   0.00000e+00   1.42857e-01   3.80952e-01   0.002592
     56:   0.00000e+00   1.42857e-01   4.28571e-01   0.002592
     57:   0.00000e+00   1.42857e-01   4.76190e-01   0.002592
     58:   0.00000e+00   1.42857e-01  -4.76190e-01   0.002592
     59:   0.00000e+00   1.42857e-01  -4.28571e-01   0.002592
     60:   0.00000e+00   1.42857e-01  -3.80952e-01   0.002592
     61:   0.00000e+00   1.42857e-01  -3.33333e-01   0.002592
     62:   0.00000e+00   1.42857e-01  -2.85714e-01   0.002592
     63:   0.00000e+00   1.42857e-01  -2.38095e-01   0.002592
     64:   0.00000e+00   1.42857e-01  -1.90476e-01   0.002592
     65:   0.00000e+00   1.42857e-01  -1.42857e-01   0.001296
     66:   0.00000e+00   1.90476e-01   1.90476e-01   0.000648
     67:   0.00000e+00   1.90476e-01   2.38095e-01   0.002592
     68:   0.00000e+00   1.90476e-01   2.85714e-01   0.002592
     69:   0.00000e+00   1.90476e-01   3.33333e-01   0.002592
     70:   0.00000e+00   1.90476e-01   3.80952e-01   0.002592
     71:   0.00000e+00   1.90476e-01   4.28571e-01   0.002592
     72:   0.00000e+00   1.90476e-01   4.76190e-01   0.002592
     73:   0.00000e+00   1.90476e-01  -4.76190e-01   0.002592
     74:   0.00000e+00   1.90476e-01  -4.28571e-01   0.002592
     75:   0.00000e+00   1.90476e-01  -3.80952e-01   0.002592
     76:   0.00000e+00   1.90476e-01  -3.33333e-01   0.002592
     77:   0.00000e+00   1.90476e-01  -2.85714e-01   0.002592
     78:   0.00000e+00   1.90476e-01  -2.38095e-01   0.002592
     79:   0.00000e+00   1.90476e-01  -1.90476e-01   0.001296
     80:   0.00000e+00   2.38095e-01   2.38095e-01   0.000648
     81:   0.00000e+00   2.38095e-01   2.85714e-01   0.002592
     82:   0.00000e+00   2.38095e-01   3.33333e-01   0.002592
     83:   0.00000e+00   2.38095e-01   3.80952e-01   0.002592
     84:   0.00000e+00   2.38095e-01   4.28571e-01   0.002592
     85:   0.00000e+00   2.38095e-01   4.76190e-01   0.002592
     86:   0.00000e+00   2.38095e-01  -4.76190e-01   0.002592
     87:   0.00000e+00   2.38095e-01  -4.28571e-01   0.002592
     88:   0.00000e+00   2.38095e-01  -3.80952e-01   0.002592
     89:   0.00000e+00   2.38095e-01  -3.33333e-01   0.002592
     90:   0.00000e+00   2.38095e-01  -2.85714e-01   0.002592
     91:   0.00000e+00   2.38095e-01  -2.38095e-01   0.001296
     92:   0.00000e+00   2.85714e-01   2.85714e-01   0.000648
     93:   0.00000e+00   2.85714e-01   3.33333e-01   0.002592
     94:   0.00000e+00   2.85714e-01   3.80952e-01   0.002592
     95:   0.00000e+00   2.85714e-01   4.28571e-01   0.002592
     96:   0.00000e+00   2.85714e-01   4.76190e-01   0.002592
     97:   0.00000e+00   2.85714e-01  -4.76190e-01   0.002592
     98:   0.00000e+00   2.85714e-01  -4.28571e-01   0.002592
     99:   0.00000e+00   2.85714e-01  -3.80952e-01   0.002592
    100:   0.00000e+00   2.85714e-01  -3.33333e-01   0.002592
    101:   0.00000e+00   2.85714e-01  -2.85714e-01   0.001296
    102:   0.00000e+00   3.33333e-01   3.33333e-01   0.000648
    103:   0.00000e+00   3.33333e-01   3.80952e-01   0.002592
    104:   0.00000e+00   3.33333e-01   4.28571e-01   0.002592
    105:   0.00000e+00   3.33333e-01   4.76190e-01   0.002592
    106:   0.00000e+00   3.33333e-01  -4.76190e-01   0.002592
    107:   0.00000e+00   3.33333e-01  -4.28571e-01   0.002592
    108:   0.00000e+00   3.33333e-01  -3.80952e-01   0.002592
    109:   0.00000e+00   3.33333e-01  -3.33333e-01   0.001296
    110:   0.00000e+00   3.80952e-01   3.80952e-01   0.000648
    111:   0.00000e+00   3.80952e-01   4.28571e-01   0.002592
    112:   0.00000e+00   3.80952e-01   4.76190e-01   0.002592
    113:   0.00000e+00   3.80952e-01  -4.76190e-01   0.002592
    114:   0.00000e+00   3.80952e-01  -4.28571e-01   0.002592
    115:   0.00000e+00   3.80952e-01  -3.80952e-01   0.001296
    116:   0.00000e+00   4.28571e-01   4.28571e-01   0.000648
    117:   0.00000e+00   4.28571e-01   4.76190e-01   0.002592
    118:   0.00000e+00   4.28571e-01  -4.76190e-01   0.002592
    119:   0.00000e+00   4.28571e-01  -4.28571e-01   0.001296
    120:   0.00000e+00   4.76190e-01   4.76190e-01   0.000648
    121:   0.00000e+00   4.76190e-01  -4.76190e-01   0.001296
    122:   4.76190e-02   9.52381e-02   1.42857e-01   0.002592
    123:   4.76190e-02   9.52381e-02   1.90476e-01   0.005183
    124:   4.76190e-02   9.52381e-02   2.38095e-01   0.005183
    125:   4.76190e-02   9.52381e-02   2.85714e-01   0.005183
    126:   4.76190e-02   9.52381e-02   3.33333e-01   0.005183
    127:   4.76190e-02   9.52381e-02   3.80952e-01   0.005183
    128:   4.76190e-02   9.52381e-02   4.28571e-01   0.005183
    129:   4.76190e-02   9.52381e-02   4.76190e-01   0.005183
    130:   4.76190e-02   9.52381e-02  -4.76190e-01   0.005183
    131:   4.76190e-02   1.42857e-01   1.90476e-01   0.002592
    132:   4.76190e-02   1.42857e-01   2.38095e-01   0.005183
    133:   4.76190e-02   1.42857e-01   2.85714e-01   0.005183
    134:   4.76190e-02   1.42857e-01   3.33333e-01   0.005183
    135:   4.76190e-02   1.42857e-01   3.80952e-01   0.005183
    136:   4.76190e-02   1.42857e-01   4.28571e-01   0.005183
    137:   4.76190e-02   1.42857e-01   4.76190e-01   0.005183
    138:   4.76190e-02   1.42857e-01  -4.76190e-01   0.005183
    139:   4.76190e-02   1.42857e-01  -4.28571e-01   0.005183
    140:   4.76190e-02   1.42857e-01  -3.80952e-01   0.005183
    141:   4.76190e-02   1.42857e-01  -3.33333e-01   0.005183
    142:   4.76190e-02   1.42857e-01  -2.85714e-01   0.005183
    143:   4.76190e-02   1.42857e-01  -2.38095e-01   0.005183
    144:   4.76190e-02   1.42857e-01  -1.90476e-01   0.005183
    145:   4.76190e-02   1.42857e-01  -1.42857e-01   0.005183
    146:   4.76190e-02   1.42857e-01  -9.52381e-02   0.002592
    147:   4.76190e-02   1.90476e-01   2.38095e-01   0.002592
    148:   4.76190e-02   1.90476e-01   2.85714e-01   0.005183
    149:   4.76190e-02   1.90476e-01   3.33333e-01   0.005183
    150:   4.76190e-02   1.90476e-01   3.80952e-01   0.005183
    151:   4.76190e-02   1.90476e-01   4.28571e-01   0.005183
    152:   4.76190e-02   1.90476e-01   4.76190e-01   0.005183
    153:   4.76190e-02   1.90476e-01  -4.76190e-01   0.005183
    154:   4.76190e-02   1.90476e-01  -4.28571e-01   0.005183
    155:   4.76190e-02   1.90476e-01  -3.80952e-01   0.005183
    156:   4.76190e-02   1.90476e-01  -3.33333e-01   0.005183
    157:   4.76190e-02   1.90476e-01  -2.85714e-01   0.005183
    158:   4.76190e-02   1.90476e-01  -2.38095e-01   0.005183
    159:   4.76190e-02   1.90476e-01  -1.90476e-01   0.005183
    160:   4.76190e-02   1.90476e-01  -1.42857e-01   0.002592
    161:   4.76190e-02   2.38095e-01   2.85714e-01   0.002592
    162:   4.76190e-02   2.38095e-01   3.33333e-01   0.005183
    163:   4.76190e-02   2.38095e-01   3.80952e-01   0.005183
    164:   4.76190e-02   2.38095e-01   4.28571e-01   0.005183
    165:   4.76190e-02   2.38095e-01   4.76190e-01   0.005183
    166:   4.76190e-02   2.38095e-01  -4.76190e-01   0.005183
    167:   4.76190e-02   2.38095e-01  -4.28571e-01   0.005183
    168:   4.76190e-02   2.38095e-01  -3.80952e-01   0.005183
    169:   4.76190e-02   2.38095e-01  -3.33333e-01   0.005183
    170:   4.76190e-02   2.38095e-01  -2.85714e-01   0.005183
    171:   4.76190e-02   2.38095e-01  -2.38095e-01   0.005183
    172:   4.76190e-02   2.38095e-01  -1.90476e-01   0.002592
    173:   4.76190e-02   2.85714e-01   3.33333e-01   0.002592
    174:   4.76190e-02   2.85714e-01   3.80952e-01   0.005183
    175:   4.76190e-02   2.85714e-01   4.28571e-01   0.005183
    176:   4.76190e-02   2.85714e-01   4.76190e-01   0.005183
    177:   4.76190e-02   2.85714e-01  -4.76190e-01   0.005183
    178:   4.76190e-02   2.85714e-01  -4.28571e-01   0.005183
    179:   4.76190e-02   2.85714e-01  -3.80952e-01   0.005183
    180:   4.76190e-02   2.85714e-01  -3.33333e-01   0.005183
    181:   4.76190e-02   2.85714e-01  -2.85714e-01   0.005183
    182:   4.76190e-02   2.85714e-01  -2.38095e-01   0.002592
    183:   4.76190e-02   3.33333e-01   3.80952e-01   0.002592
    184:   4.76190e-02   3.33333e-01   4.28571e-01   0.005183
    185:   4.76190e-02   3.33333e-01   4.76190e-01   0.005183
    186:   4.76190e-02   3.33333e-01  -4.76190e-01   0.005183
    187:   4.76190e-02   3.33333e-01  -4.28571e-01   0.005183
    188:   4.76190e-02   3.33333e-01  -3.80952e-01   0.005183
    189:   4.76190e-02   3.33333e-01  -3.33333e-01   0.005183
    190:   4.76190e-02   3.33333e-01  -2.85714e-01   0.002592
    191:   4.76190e-02   3.80952e-01   4.28571e-01   0.002592
    192:   4.76190e-02   3.80952e-01   4.76190e-01   0.005183
    193:   4.76190e-02   3.80952e-01  -4.76190e-01   0.005183
    194:   4.76190e-02   3.80952e-01  -4.28571e-01   0.005183
    195:   4.76190e-02   3.80952e-01  -3.80952e-01   0.005183
    196:   4.76190e-02   3.80952e-01  -3.33333e-01   0.002592
    197:   4.76190e-02   4.28571e-01   4.76190e-01   0.002592
    198:   4.76190e-02   4.28571e-01  -4.76190e-01   0.005183
    199:   4.76190e-02   4.28571e-01  -4.28571e-01   0.005183
    200:   4.76190e-02   4.28571e-01  -3.80952e-01   0.002592
    201:   4.76190e-02   4.76190e-01  -4.76190e-01   0.002592
    202:   4.76190e-02   4.76190e-01  -4.28571e-01   0.002592
    203:   9.52381e-02   1.90476e-01   2.85714e-01   0.002592
    204:   9.52381e-02   1.90476e-01   3.33333e-01   0.005183
    205:   9.52381e-02   1.90476e-01   3.80952e-01   0.005183
    206:   9.52381e-02   1.90476e-01   4.28571e-01   0.005183
    207:   9.52381e-02   1.90476e-01   4.76190e-01   0.005183
    208:   9.52381e-02   1.90476e-01  -4.76190e-01   0.005183
    209:   9.52381e-02   1.90476e-01  -4.28571e-01   0.005183
    210:   9.52381e-02   2.38095e-01   3.33333e-01   0.002592
    211:   9.52381e-02   2.38095e-01   3.80952e-01   0.005183
    212:   9.52381e-02   2.38095e-01   4.28571e-01   0.005183
    213:   9.52381e-02   2.38095e-01   4.76190e-01   0.005183
    214:   9.52381e-02   2.38095e-01  -4.76190e-01   0.005183
    215:   9.52381e-02   2.38095e-01  -4.28571e-01   0.005183
    216:   9.52381e-02   2.38095e-01  -3.80952e-01   0.005183
    217:   9.52381e-02   2.38095e-01  -3.33333e-01   0.005183
    218:   9.52381e-02   2.38095e-01  -2.85714e-01   0.005183
    219:   9.52381e-02   2.38095e-01  -2.38095e-01   0.005183
    220:   9.52381e-02   2.38095e-01  -1.90476e-01   0.005183
    221:   9.52381e-02   2.38095e-01  -1.42857e-01   0.002592
    222:   9.52381e-02   2.85714e-01   3.80952e-01   0.002592
    223:   9.52381e-02   2.85714e-01   4.28571e-01   0.005183
    224:   9.52381e-02   2.85714e-01   4.76190e-01   0.005183
    225:   9.52381e-02   2.85714e-01  -4.76190e-01   0.005183
    226:   9.52381e-02   2.85714e-01  -4.28571e-01   0.005183
    227:   9.52381e-02   2.85714e-01  -3.80952e-01   0.005183
    228:   9.52381e-02   2.85714e-01  -3.33333e-01   0.005183
    229:   9.52381e-02   2.85714e-01  -2.85714e-01   0.005183
    230:   9.52381e-02   2.85714e-01  -2.38095e-01   0.005183
    231:   9.52381e-02   2.85714e-01  -1.90476e-01   0.002592
    232:   9.52381e-02   3.33333e-01   4.28571e-01   0.002592
    233:   9.52381e-02   3.33333e-01   4.76190e-01   0.005183
    234:   9.52381e-02   3.33333e-01  -4.76190e-01   0.005183
    235:   9.52381e-02   3.33333e-01  -4.28571e-01   0.005183
    236:   9.52381e-02   3.33333e-01  -3.80952e-01   0.005183
    237:   9.52381e-02   3.33333e-01  -3.33333e-01   0.005183
    238:   9.52381e-02   3.33333e-01  -2.85714e-01   0.005183
    239:   9.52381e-02   3.33333e-01  -2.38095e-01   0.002592
    240:   9.52381e-02   3.80952e-01   4.76190e-01   0.002592
    241:   9.52381e-02   3.80952e-01  -4.76190e-01   0.005183
    242:   9.52381e-02   3.80952e-01  -4.28571e-01   0.005183
    243:   9.52381e-02   3.80952e-01  -3.80952e-01   0.005183
    244:   9.52381e-02   3.80952e-01  -3.33333e-01   0.005183
    245:   9.52381e-02   3.80952e-01  -2.85714e-01   0.002592
    246:   9.52381e-02   4.28571e-01  -4.76190e-01   0.002592
    247:   9.52381e-02   4.28571e-01  -4.28571e-01   0.005183
    248:   9.52381e-02   4.28571e-01  -3.80952e-01   0.005183
    249:   9.52381e-02   4.28571e-01  -3.33333e-01   0.002592
    250:   9.52381e-02   4.76190e-01  -4.28571e-01   0.002592
    251:   9.52381e-02   4.76190e-01  -3.80952e-01   0.002592
    252:   1.42857e-01   2.85714e-01   4.28571e-01   0.002592
    253:   1.42857e-01   2.85714e-01   4.76190e-01   0.005183
    254:   1.42857e-01   2.85714e-01  -4.76190e-01   0.005183
    255:   1.42857e-01   2.85714e-01  -4.28571e-01   0.005183
    256:   1.42857e-01   2.85714e-01  -3.80952e-01   0.005183
    257:   1.42857e-01   3.33333e-01   4.76190e-01   0.002592
    258:   1.42857e-01   3.33333e-01  -4.76190e-01   0.005183
    259:   1.42857e-01   3.33333e-01  -4.28571e-01   0.005183
    260:   1.42857e-01   3.33333e-01  -3.80952e-01   0.005183
    261:   1.42857e-01   3.33333e-01  -3.33333e-01   0.005183
    262:   1.42857e-01   3.33333e-01  -2.85714e-01   0.005183
    263:   1.42857e-01   3.33333e-01  -2.38095e-01   0.005183
    264:   1.42857e-01   3.33333e-01  -1.90476e-01   0.002592
    265:   1.42857e-01   3.80952e-01  -4.76190e-01   0.002592
    266:   1.42857e-01   3.80952e-01  -4.28571e-01   0.005183
    267:   1.42857e-01   3.80952e-01  -3.80952e-01   0.005183
    268:   1.42857e-01   3.80952e-01  -3.33333e-01   0.005183
    269:   1.42857e-01   3.80952e-01  -2.85714e-01   0.005183
    270:   1.42857e-01   3.80952e-01  -2.38095e-01   0.002592
    271:   1.42857e-01   4.28571e-01  -4.28571e-01   0.002592
    272:   1.42857e-01   4.28571e-01  -3.80952e-01   0.005183
    273:   1.42857e-01   4.28571e-01  -3.33333e-01   0.005183
    274:   1.42857e-01   4.28571e-01  -2.85714e-01   0.002592
    275:   1.42857e-01   4.76190e-01  -3.80952e-01   0.002592
    276:   1.42857e-01   4.76190e-01  -3.33333e-01   0.002592
    277:   1.90476e-01   3.80952e-01  -4.28571e-01   0.002592
    278:   1.90476e-01   3.80952e-01  -3.80952e-01   0.005183
    279:   1.90476e-01   3.80952e-01  -3.33333e-01   0.005183
    280:   1.90476e-01   4.28571e-01  -3.80952e-01   0.002592
    281:   1.90476e-01   4.28571e-01  -3.33333e-01   0.005183
    282:   1.90476e-01   4.28571e-01  -2.85714e-01   0.005183
    283:   1.90476e-01   4.28571e-01  -2.38095e-01   0.002592
    284:   1.90476e-01   4.76190e-01  -3.33333e-01   0.002592
    285:   1.90476e-01   4.76190e-01  -2.85714e-01   0.002592
    286:   2.38095e-01   4.76190e-01  -2.85714e-01   0.002592

 Force constant
 ==============

  Reading force constants from the XML file ... done !
  Number of non-zero IFCs for 2 order: 1710
  Number of non-zero IFCs for 3 order: 6708

  Maximum deviation from the translational invariance: 
   Order 2 : 1.146002e-16
   Order 3 : 5.491484e-17


 Dynamical matrix
 ================

  NONANALYTIC = 1 : Non-analytic part of the dynamical matrix will be included 
                    by the Parlinski's method.
                    The damping factor for the non-analytic term : 1.000000e-01

  Dielectric constants and Born effective charges are read from BORNINFO.

  Dielectric constant tensor in Cartesian coordinate : 
   1.702739e+01   0.000000e+00  -0.000000e+00
   0.000000e+00   1.702739e+01   0.000000e+00
  -0.000000e+00   0.000000e+00   1.702739e+01

  Born effective charge tensor in Cartesian coordinate
  Atom    1( Si) :
       0.000000      -0.000000       0.000000
      -0.000000      -0.000000      -0.000000
       0.000000       0.000000      -0.000000
  Atom    2( Si) :
      -0.000000       0.000000      -0.000000
       0.000000       0.000000       0.000000
      -0.000000      -0.000000       0.000000

 -----------------------------------------------------------------


 ISMEAR = -1: Tetrahedron method will be used.

 Now, move on to phonon calculations.

 Diagonalizing dynamical matrices for all k points ... done!
 ISOTOPE >= 1: Isotope scattering effects will be considered
               with the following scattering factors.
   Si:     2.007004e-04

 Calculating self-energies from isotope scatterings ... done!
 Calculating group velocity matrix of phonons on uniform grid ... done!

 Start calculating anharmonic phonon self-energies ... 
 Total Number of phonon modes to be calculated : 1716
 All modes are distributed to MPI threads as the following :
 RANK:     1 MODES:  1716

 MODE     1 done.
 MODE     2 done.
 MODE     3 done.
 MODE     4 done.
 MODE     5 done.
 MODE     6 done.
 MODE     7 done.
 MODE     8 done.
 MODE     9 done.
 MODE    10 done.
 MODE    11 done.
 MODE    12 done.
 MODE    13 done.
 MODE    14 done.
 MODE    15 done.
 MODE    16 done.
 MODE    17 done.
 MODE    18 done.
 MODE    19 done.
 MODE    20 done.
 MODE    21 done.
 MODE    22 done.
 MODE    23 done.
 MODE    24 done.
 MODE    25 done.
 MODE    26 done.
 MODE    27 done.
 MODE    28 done.
 MODE    29 done.
 MODE    30 done.
 MODE    31 done.
 MODE    32 done.
 MODE    33 done.
 MODE    34 done.
 MODE    35 done.
 MODE    36 done.
 MODE    37 done.
 MODE    38 done.
 MODE    39 done.
 MODE    40 done.
 MODE    41 done.
 MODE    42 done.
 MODE    43 done.
 MODE    44 done.
 MODE    45 done.
 MODE    46 done.
 MODE    47 done.
 MODE    48 done.
 MODE    49 done.
 MODE    50 done.
 MODE    51 done.
 MODE    52 done.
 MODE    53 done.
 MODE    54 done.
 MODE    55 done.
 MODE    56 done.
 MODE    57 done.
 MODE    58 done.
 MODE    59 done.
 MODE    60 done.
 MODE    61 done.
 MODE    62 done.
 MODE    63 done.
 MODE    64 done.
 MODE    65 done.
 MODE    66 done.
 MODE    67 done.
 MODE    68 done.
 MODE    69 done.
 MODE    70 done.
 MODE    71 done.
 MODE    72 done.
 MODE    73 done.
 MODE    74 done.
 MODE    75 done.
 MODE    76 done.
 MODE    77 done.
 MODE    78 done.
 MODE    79 done.
 MODE    80 done.
 MODE    81 done.
 MODE    82 done.
 MODE    83 done.
 MODE    84 done.
 MODE    85 done.
 MODE    86 done.
 MODE    87 done.
 MODE    88 done.
 MODE    89 done.
 MODE    90 done.
 MODE    91 done.
 MODE    92 done.
 MODE    93 done.
 MODE    94 done.
 MODE    95 done.
 MODE    96 done.
 MODE    97 done.
 MODE    98 done.
 MODE    99 done.
 MODE   100 done.
 MODE   101 done.
 MODE   102 done.
 MODE   103 done.
 MODE   104 done.
 MODE   105 done.
 MODE   106 done.
 MODE   107 done.
 MODE   108 done.
 MODE   109 done.
 MODE   110 done.
 MODE   111 done.
 MODE   112 done.
 MODE   113 done.
 MODE   114 done.
 MODE   115 done.
 MODE   116 done.
 MODE   117 done.
 MODE   118 done.
 MODE   119 done.
 MODE   120 done.
 MODE   121 done.
 MODE   122 done.
 MODE   123 done.
 MODE   124 done.
 MODE   125 done.
 MODE   126 done.
 MODE   127 done.
 MODE   128 done.
 MODE   129 done.
 MODE   130 done.
 MODE   131 done.
 MODE   132 done.
 MODE   133 done.
 MODE   134 done.
 MODE   135 done.
 MODE   136 done.
 MODE   137 done.
 MODE   138 done.
 MODE   139 done.
 MODE   140 done.
 MODE   141 done.
 MODE   142 done.
 MODE   143 done.
 MODE   144 done.
 MODE   145 done.
 MODE   146 done.
 MODE   147 done.
 MODE   148 done.
 MODE   149 done.
 MODE   150 done.
 MODE   151 done.
 MODE   152 done.
 MODE   153 done.
 MODE   154 done.
 MODE   155 done.
 MODE   156 done.
 MODE   157 done.
 MODE   158 done.
 MODE   159 done.
 MODE   160 done.
 MODE   161 done.
 MODE   162 done.
 MODE   163 done.
 MODE   164 done.
 MODE   165 done.
 MODE   166 done.
 MODE   167 done.
 MODE   168 done.
 MODE   169 done.
 MODE   170 done.
 MODE   171 done.
 MODE   172 done.
 MODE   173 done.
 MODE   174 done.
 MODE   175 done.
 MODE   176 done.
 MODE   177 done.
 MODE   178 done.
 MODE   179 done.
 MODE   180 done.
 MODE   181 done.
 MODE   182 done.
 MODE   183 done.
 MODE   184 done.
 MODE   185 done.
 MODE   186 done.
 MODE   187 done.
 MODE   188 done.
 MODE   189 done.
 MODE   190 done.
 MODE   191 done.
 MODE   192 done.
 MODE   193 done.
 MODE   194 done.
 MODE   195 done.
 MODE   196 done.
 MODE   197 done.
 MODE   198 done.
 MODE   199 done.
 MODE   200 done.
 MODE   201 done.
 MODE   202 done.
 MODE   203 done.
 MODE   204 done.
 MODE   205 done.
 MODE   206 done.
 MODE   207 done.
 MODE   208 done.
 MODE   209 done.
 MODE   210 done.
 MODE   211 done.
 MODE   212 done.
 MODE   213 done.
 MODE   214 done.
 MODE   215 done.
 MODE   216 done.
 MODE   217 done.
 MODE   218 done.
 MODE   219 done.
 MODE   220 done.
 MODE   221 done.
 MODE   222 done.
 MODE   223 done.
 MODE   224 done.
 MODE   225 done.
 MODE   226 done.
 MODE   227 done.
 MODE   228 done.
 MODE   229 done.
 MODE   230 done.
 MODE   231 done.
 MODE   232 done.
 MODE   233 done.
 MODE   234 done.
 MODE   235 done.
 MODE   236 done.
 MODE   237 done.
 MODE   238 done.
 MODE   239 done.
 MODE   240 done.
 MODE   241 done.
 MODE   242 done.
 MODE   243 done.
 MODE   244 done.
 MODE   245 done.
 MODE   246 done.
 MODE   247 done.
 MODE   248 done.
 MODE   249 done.
 MODE   250 done.
 MODE   251 done.
 MODE   252 done.
 MODE   253 done.
 MODE   254 done.
 MODE   255 done.
 MODE   256 done.
 MODE   257 done.
 MODE   258 done.
 MODE   259 done.
 MODE   260 done.
 MODE   261 done.
 MODE   262 done.
 MODE   263 done.
 MODE   264 done.
 MODE   265 done.
 MODE   266 done.
 MODE   267 done.
 MODE   268 done.
 MODE   269 done.
 MODE   270 done.
 MODE   271 done.
 MODE   272 done.
 MODE   273 done.
 MODE   274 done.
 MODE   275 done.
 MODE   276 done.
 MODE   277 done.
 MODE   278 done.
 MODE   279 done.
 MODE   280 done.
 MODE   281 done.
 MODE   282 done.
 MODE   283 done.
 MODE   284 done.
 MODE   285 done.
 MODE   286 done.
 MODE   287 done.
 MODE   288 done.
 MODE   289 done.
 MODE   290 done.
 MODE   291 done.
 MODE   292 done.
 MODE   293 done.
 MODE   294 done.
 MODE   295 done.
 MODE   296 done.
 MODE   297 done.
 MODE   298 done.
 MODE   299 done.
 MODE   300 done.
 MODE   301 done.
 MODE   302 done.
 MODE   303 done.
 MODE   304 done.
 MODE   305 done.
 MODE   306 done.
 MODE   307 done.
 MODE   308 done.
 MODE   309 done.
 MODE   310 done.
 MODE   311 done.
 MODE   312 done.
 MODE   313 done.
 MODE   314 done.
 MODE   315 done.
 MODE   316 done.
 MODE   317 done.
 MODE   318 done.
 MODE   319 done.
 MODE   320 done.
 MODE   321 done.
 MODE   322 done.
 MODE   323 done.
 MODE   324 done.
 MODE   325 done.
 MODE   326 done.
 MODE   327 done.
 MODE   328 done.
 MODE   329 done.
 MODE   330 done.
 MODE   331 done.
 MODE   332 done.
 MODE   333 done.
 MODE   334 done.
 MODE   335 done.
 MODE   336 done.
 MODE   337 done.
 MODE   338 done.
 MODE   339 done.
 MODE   340 done.
 MODE   341 done.
 MODE   342 done.
 MODE   343 done.
 MODE   344 done.
 MODE   345 done.
 MODE   346 done.
 MODE   347 done.
 MODE   348 done.
 MODE   349 done.
 MODE   350 done.
 MODE   351 done.
 MODE   352 done.
 MODE   353 done.
 MODE   354 done.
 MODE   355 done.
 MODE   356 done.
 MODE   357 done.
 MODE   358 done.
 MODE   359 done.
 MODE   360 done.
 MODE   361 done.
 MODE   362 done.
 MODE   363 done.
 MODE   364 done.
 MODE   365 done.
 MODE   366 done.
 MODE   367 done.
 MODE   368 done.
 MODE   369 done.
 MODE   370 done.
 MODE   371 done.
 MODE   372 done.
 MODE   373 done.
 MODE   374 done.
 MODE   375 done.
 MODE   376 done.
 MODE   377 done.
 MODE   378 done.
 MODE   379 done.
 MODE   380 done.
 MODE   381 done.
 MODE   382 done.
 MODE   383 done.
 MODE   384 done.
 MODE   385 done.
 MODE   386 done.
 MODE   387 done.
 MODE   388 done.
 MODE   389 done.
 MODE   390 done.
 MODE   391 done.
 MODE   392 done.
 MODE   393 done.
 MODE   394 done.
 MODE   395 done.
 MODE   396 done.
 MODE   397 done.
 MODE   398 done.
 MODE   399 done.
 MODE   400 done.
 MODE   401 done.
 MODE   402 done.
 MODE   403 done.
 MODE   404 done.
 MODE   405 done.
 MODE   406 done.
 MODE   407 done.
 MODE   408 done.
 MODE   409 done.
 MODE   410 done.
 MODE   411 done.
 MODE   412 done.
 MODE   413 done.
 MODE   414 done.
 MODE   415 done.
 MODE   416 done.
 MODE   417 done.
 MODE   418 done.
 MODE   419 done.
 MODE   420 done.
 MODE   421 done.
 MODE   422 done.
 MODE   423 done.
 MODE   424 done.
 MODE   425 done.
 MODE   426 done.
 MODE   427 done.
 MODE   428 done.
 MODE   429 done.
 MODE   430 done.
 MODE   431 done.
 MODE   432 done.
 MODE   433 done.
 MODE   434 done.
 MODE   435 done.
 MODE   436 done.
 MODE   437 done.
 MODE   438 done.
 MODE   439 done.
 MODE   440 done.
 MODE   441 done.
 MODE   442 done.
 MODE   443 done.
 MODE   444 done.
 MODE   445 done.
 MODE   446 done.
 MODE   447 done.
 MODE   448 done.
 MODE   449 done.
 MODE   450 done.
 MODE   451 done.
 MODE   452 done.
 MODE   453 done.
 MODE   454 done.
 MODE   455 done.
 MODE   456 done.
 MODE   457 done.
 MODE   458 done.
 MODE   459 done.
 MODE   460 done.
 MODE   461 done.
 MODE   462 done.
 MODE   463 done.
 MODE   464 done.
 MODE   465 done.
 MODE   466 done.
 MODE   467 done.
 MODE   468 done.
 MODE   469 done.
 MODE   470 done.
 MODE   471 done.
 MODE   472 done.
 MODE   473 done.
 MODE   474 done.
 MODE   475 done.
 MODE   476 done.
 MODE   477 done.
 MODE   478 done.
 MODE   479 done.
 MODE   480 done.
 MODE   481 done.
 MODE   482 done.
 MODE   483 done.
 MODE   484 done.
 MODE   485 done.
 MODE   486 done.
 MODE   487 done.
 MODE   488 done.
 MODE   489 done.
 MODE   490 done.
 MODE   491 done.
 MODE   492 done.
 MODE   493 done.
 MODE   494 done.
 MODE   495 done.
 MODE   496 done.
 MODE   497 done.
 MODE   498 done.
 MODE   499 done.
 MODE   500 done.
 MODE   501 done.
 MODE   502 done.
 MODE   503 done.
 MODE   504 done.
 MODE   505 done.
 MODE   506 done.
 MODE   507 done.
 MODE   508 done.
 MODE   509 done.
 MODE   510 done.
 MODE   511 done.
 MODE   512 done.
 MODE   513 done.
 MODE   514 done.
 MODE   515 done.
 MODE   516 done.
 MODE   517 done.
 MODE   518 done.
 MODE   519 done.
 MODE   520 done.
 MODE   521 done.
 MODE   522 done.
 MODE   523 done.
 MODE   524 done.
 MODE   525 done.
 MODE   526 done.
 MODE   527 done.
 MODE   528 done.
 MODE   529 done.
 MODE   530 done.
 MODE   531 done.
 MODE   532 done.
 MODE   533 done.
 MODE   534 done.
 MODE   535 done.
 MODE   536 done.
 MODE   537 done.
 MODE   538 done.
 MODE   539 done.
 MODE   540 done.
 MODE   541 done.
 MODE   542 done.
 MODE   543 done.
 MODE   544 done.
 MODE   545 done.
 MODE   546 done.
 MODE   547 done.
 MODE   548 done.
 MODE   549 done.
 MODE   550 done.
 MODE   551 done.
 MODE   552 done.
 MODE   553 done.
 MODE   554 done.
 MODE   555 done.
 MODE   556 done.
 MODE   557 done.
 MODE   558 done.
 MODE   559 done.
 MODE   560 done.
 MODE   561 done.
 MODE   562 done.
 MODE   563 done.
 MODE   564 done.
 MODE   565 done.
 MODE   566 done.
 MODE   567 done.
 MODE   568 done.
 MODE   569 done.
 MODE   570 done.
 MODE   571 done.
 MODE   572 done.
 MODE   573 done.
 MODE   574 done.
 MODE   575 done.
 MODE   576 done.
 MODE   577 done.
 MODE   578 done.
 MODE   579 done.
 MODE   580 done.
 MODE   581 done.
 MODE   582 done.
 MODE   583 done.
 MODE   584 done.
 MODE   585 done.
 MODE   586 done.
 MODE   587 done.
 MODE   588 done.
 MODE   589 done.
 MODE   590 done.
 MODE   591 done.
 MODE   592 done.
 MODE   593 done.
 MODE   594 done.
 MODE   595 done.
 MODE   596 done.
 MODE   597 done.
 MODE   598 done.
 MODE   599 done.
 MODE   600 done.
 MODE   601 done.
 MODE   602 done.
 MODE   603 done.
 MODE   604 done.
 MODE   605 done.
 MODE   606 done.
 MODE   607 done.
 MODE   608 done.
 MODE   609 done.
 MODE   610 done.
 MODE   611 done.
 MODE   612 done.
 MODE   613 done.
 MODE   614 done.
 MODE   615 done.
 MODE   616 done.
 MODE   617 done.
 MODE   618 done.
 MODE   619 done.
 MODE   620 done.
 MODE   621 done.
 MODE   622 done.
 MODE   623 done.
 MODE   624 done.
 MODE   625 done.
 MODE   626 done.
 MODE   627 done.
 MODE   628 done.
 MODE   629 done.
 MODE   630 done.
 MODE   631 done.
 MODE   632 done.
 MODE   633 done.
 MODE   634 done.
 MODE   635 done.
 MODE   636 done.
 MODE   637 done.
 MODE   638 done.
 MODE   639 done.
 MODE   640 done.
 MODE   641 done.
 MODE   642 done.
 MODE   643 done.
 MODE   644 done.
 MODE   645 done.
 MODE   646 done.
 MODE   647 done.
 MODE   648 done.
 MODE   649 done.
 MODE   650 done.
 MODE   651 done.
 MODE   652 done.
 MODE   653 done.
 MODE   654 done.
 MODE   655 done.
 MODE   656 done.
 MODE   657 done.
 MODE   658 done.
 MODE   659 done.
 MODE   660 done.
 MODE   661 done.
 MODE   662 done.
 MODE   663 done.
 MODE   664 done.
 MODE   665 done.
 MODE   666 done.
 MODE   667 done.
 MODE   668 done.
 MODE   669 done.
 MODE   670 done.
 MODE   671 done.
 MODE   672 done.
 MODE   673 done.
 MODE   674 done.
 MODE   675 done.
 MODE   676 done.
 MODE   677 done.
 MODE   678 done.
 MODE   679 done.
 MODE   680 done.
 MODE   681 done.
 MODE   682 done.
 MODE   683 done.
 MODE   684 done.
 MODE   685 done.
 MODE   686 done.
 MODE   687 done.
 MODE   688 done.
 MODE   689 done.
 MODE   690 done.
 MODE   691 done.
 MODE   692 done.
 MODE   693 done.
 MODE   694 done.
 MODE   695 done.
 MODE   696 done.
 MODE   697 done.
 MODE   698 done.
 MODE   699 done.
 MODE   700 done.
 MODE   701 done.
 MODE   702 done.
 MODE   703 done.
 MODE   704 done.
 MODE   705 done.
 MODE   706 done.
 MODE   707 done.
 MODE   708 done.
 MODE   709 done.
 MODE   710 done.
 MODE   711 done.
 MODE   712 done.
 MODE   713 done.
 MODE   714 done.
 MODE   715 done.
 MODE   716 done.
 MODE   717 done.
 MODE   718 done.
 MODE   719 done.
 MODE   720 done.
 MODE   721 done.
 MODE   722 done.
 MODE   723 done.
 MODE   724 done.
 MODE   725 done.
 MODE   726 done.
 MODE   727 done.
 MODE   728 done.
 MODE   729 done.
 MODE   730 done.
 MODE   731 done.
 MODE   732 done.
 MODE   733 done.
 MODE   734 done.
 MODE   735 done.
 MODE   736 done.
 MODE   737 done.
 MODE   738 done.
 MODE   739 done.
 MODE   740 done.
 MODE   741 done.
 MODE   742 done.
 MODE   743 done.
 MODE   744 done.
 MODE   745 done.
 MODE   746 done.
 MODE   747 done.
 MODE   748 done.
 MODE   749 done.
 MODE   750 done.
 MODE   751 done.
 MODE   752 done.
 MODE   753 done.
 MODE   754 done.
 MODE   755 done.
 MODE   756 done.
 MODE   757 done.
 MODE   758 done.
 MODE   759 done.
 MODE   760 done.
 MODE   761 done.
 MODE   762 done.
 MODE   763 done.
 MODE   764 done.
 MODE   765 done.
 MODE   766 done.
 MODE   767 done.
 MODE   768 done.
 MODE   769 done.
 MODE   770 done.
 MODE   771 done.
 MODE   772 done.
 MODE   773 done.
 MODE   774 done.
 MODE   775 done.
 MODE   776 done.
 MODE   777 done.
 MODE   778 done.
 MODE   779 done.
 MODE   780 done.
 MODE   781 done.
 MODE   782 done.
 MODE   783 done.
 MODE   784 done.
 MODE   785 done.
 MODE   786 done.
 MODE   787 done.
 MODE   788 done.
 MODE   789 done.
 MODE   790 done.
 MODE   791 done.
 MODE   792 done.
 MODE   793 done.
 MODE   794 done.
 MODE   795 done.
 MODE   796 done.
 MODE   797 done.
 MODE   798 done.
 MODE   799 done.
 MODE   800 done.
 MODE   801 done.
 MODE   802 done.
 MODE   803 done.
 MODE   804 done.
 MODE   805 done.
 MODE   806 done.
 MODE   807 done.
 MODE   808 done.
 MODE   809 done.
 MODE   810 done.
 MODE   811 done.
 MODE   812 done.
 MODE   813 done.
 MODE   814 done.
 MODE   815 done.
 MODE   816 done.
 MODE   817 done.
 MODE   818 done.
 MODE   819 done.
 MODE   820 done.
 MODE   821 done.
 MODE   822 done.
 MODE   823 done.
 MODE   824 done.
 MODE   825 done.
 MODE   826 done.
 MODE   827 done.
 MODE   828 done.
 MODE   829 done.
 MODE   830 done.
 MODE   831 done.
 MODE   832 done.
 MODE   833 done.
 MODE   834 done.
 MODE   835 done.
 MODE   836 done.
 MODE   837 done.
 MODE   838 done.
 MODE   839 done.
 MODE   840 done.
 MODE   841 done.
 MODE   842 done.
 MODE   843 done.
 MODE   844 done.
 MODE   845 done.
 MODE   846 done.
 MODE   847 done.
 MODE   848 done.
 MODE   849 done.
 MODE   850 done.
 MODE   851 done.
 MODE   852 done.
 MODE   853 done.
 MODE   854 done.
 MODE   855 done.
 MODE   856 done.
 MODE   857 done.
 MODE   858 done.
 MODE   859 done.
 MODE   860 done.
 MODE   861 done.
 MODE   862 done.
 MODE   863 done.
 MODE   864 done.
 MODE   865 done.
 MODE   866 done.
 MODE   867 done.
 MODE   868 done.
 MODE   869 done.
 MODE   870 done.
 MODE   871 done.
 MODE   872 done.
 MODE   873 done.
 MODE   874 done.
 MODE   875 done.
 MODE   876 done.
 MODE   877 done.
 MODE   878 done.
 MODE   879 done.
 MODE   880 done.
 MODE   881 done.
 MODE   882 done.
 MODE   883 done.
 MODE   884 done.
 MODE   885 done.
 MODE   886 done.
 MODE   887 done.
 MODE   888 done.
 MODE   889 done.
 MODE   890 done.
 MODE   891 done.
 MODE   892 done.
 MODE   893 done.
 MODE   894 done.
 MODE   895 done.
 MODE   896 done.
 MODE   897 done.
 MODE   898 done.
 MODE   899 done.
 MODE   900 done.
 MODE   901 done.
 MODE   902 done.
 MODE   903 done.
 MODE   904 done.
 MODE   905 done.
 MODE   906 done.
 MODE   907 done.
 MODE   908 done.
 MODE   909 done.
 MODE   910 done.
 MODE   911 done.
 MODE   912 done.
 MODE   913 done.
 MODE   914 done.
 MODE   915 done.
 MODE   916 done.
 MODE   917 done.
 MODE   918 done.
 MODE   919 done.
 MODE   920 done.
 MODE   921 done.
 MODE   922 done.
 MODE   923 done.
 MODE   924 done.
 MODE   925 done.
 MODE   926 done.
 MODE   927 done.
 MODE   928 done.
 MODE   929 done.
 MODE   930 done.
 MODE   931 done.
 MODE   932 done.
 MODE   933 done.
 MODE   934 done.
 MODE   935 done.
 MODE   936 done.
 MODE   937 done.
 MODE   938 done.
 MODE   939 done.
 MODE   940 done.
 MODE   941 done.
 MODE   942 done.
 MODE   943 done.
 MODE   944 done.
 MODE   945 done.
 MODE   946 done.
 MODE   947 done.
 MODE   948 done.
 MODE   949 done.
 MODE   950 done.
 MODE   951 done.
 MODE   952 done.
 MODE   953 done.
 MODE   954 done.
 MODE   955 done.
 MODE   956 done.
 MODE   957 done.
 MODE   958 done.
 MODE   959 done.
 MODE   960 done.
 MODE   961 done.
 MODE   962 done.
 MODE   963 done.
 MODE   964 done.
 MODE   965 done.
 MODE   966 done.
 MODE   967 done.
 MODE   968 done.
 MODE   969 done.
 MODE   970 done.
 MODE   971 done.
 MODE   972 done.
 MODE   973 done.
 MODE   974 done.
 MODE   975 done.
 MODE   976 done.
 MODE   977 done.
 MODE   978 done.
 MODE   979 done.
 MODE   980 done.
 MODE   981 done.
 MODE   982 done.
 MODE   983 done.
 MODE   984 done.
 MODE   985 done.
 MODE   986 done.
 MODE   987 done.
 MODE   988 done.
 MODE   989 done.
 MODE   990 done.
 MODE   991 done.
 MODE   992 done.
 MODE   993 done.
 MODE   994 done.
 MODE   995 done.
 MODE   996 done.
 MODE   997 done.
 MODE   998 done.
 MODE   999 done.
 MODE  1000 done.
 MODE  1001 done.
 MODE  1002 done.
 MODE  1003 done.
 MODE  1004 done.
 MODE  1005 done.
 MODE  1006 done.
 MODE  1007 done.
 MODE  1008 done.
 MODE  1009 done.
 MODE  1010 done.
 MODE  1011 done.
 MODE  1012 done.
 MODE  1013 done.
 MODE  1014 done.
 MODE  1015 done.
 MODE  1016 done.
 MODE  1017 done.
 MODE  1018 done.
 MODE  1019 done.
 MODE  1020 done.
 MODE  1021 done.
 MODE  1022 done.
 MODE  1023 done.
 MODE  1024 done.
 MODE  1025 done.
 MODE  1026 done.
 MODE  1027 done.
 MODE  1028 done.
 MODE  1029 done.
 MODE  1030 done.
 MODE  1031 done.
 MODE  1032 done.
 MODE  1033 done.
 MODE  1034 done.
 MODE  1035 done.
 MODE  1036 done.
 MODE  1037 done.
 MODE  1038 done.
 MODE  1039 done.
 MODE  1040 done.
 MODE  1041 done.
 MODE  1042 done.
 MODE  1043 done.
 MODE  1044 done.
 MODE  1045 done.
 MODE  1046 done.
 MODE  1047 done.
 MODE  1048 done.
 MODE  1049 done.
 MODE  1050 done.
 MODE  1051 done.
 MODE  1052 done.
 MODE  1053 done.
 MODE  1054 done.
 MODE  1055 done.
 MODE  1056 done.
 MODE  1057 done.
 MODE  1058 done.
 MODE  1059 done.
 MODE  1060 done.
 MODE  1061 done.
 MODE  1062 done.
 MODE  1063 done.
 MODE  1064 done.
 MODE  1065 done.
 MODE  1066 done.
 MODE  1067 done.
 MODE  1068 done.
 MODE  1069 done.
 MODE  1070 done.
 MODE  1071 done.
 MODE  1072 done.
 MODE  1073 done.
 MODE  1074 done.
 MODE  1075 done.
 MODE  1076 done.
 MODE  1077 done.
 MODE  1078 done.
 MODE  1079 done.
 MODE  1080 done.
 MODE  1081 done.
 MODE  1082 done.
 MODE  1083 done.
 MODE  1084 done.
 MODE  1085 done.
 MODE  1086 done.
 MODE  1087 done.
 MODE  1088 done.
 MODE  1089 done.
 MODE  1090 done.
 MODE  1091 done.
 MODE  1092 done.
 MODE  1093 done.
 MODE  1094 done.
 MODE  1095 done.
 MODE  1096 done.
 MODE  1097 done.
 MODE  1098 done.
 MODE  1099 done.
 MODE  1100 done.
 MODE  1101 done.
 MODE  1102 done.
 MODE  1103 done.
 MODE  1104 done.
 MODE  1105 done.
 MODE  1106 done.
 MODE  1107 done.
 MODE  1108 done.
 MODE  1109 done.
 MODE  1110 done.
 MODE  1111 done.
 MODE  1112 done.
 MODE  1113 done.
 MODE  1114 done.
 MODE  1115 done.
 MODE  1116 done.
 MODE  1117 done.
 MODE  1118 done.
 MODE  1119 done.
 MODE  1120 done.
 MODE  1121 done.
 MODE  1122 done.
 MODE  1123 done.
 MODE  1124 done.
 MODE  1125 done.
 MODE  1126 done.
 MODE  1127 done.
 MODE  1128 done.
 MODE  1129 done.
 MODE  1130 done.
 MODE  1131 done.
 MODE  1132 done.
 MODE  1133 done.
 MODE  1134 done.
 MODE  1135 done.
 MODE  1136 done.
 MODE  1137 done.
 MODE  1138 done.
 MODE  1139 done.
 MODE  1140 done.
 MODE  1141 done.
 MODE  1142 done.
 MODE  1143 done.
 MODE  1144 done.
 MODE  1145 done.
 MODE  1146 done.
 MODE  1147 done.
 MODE  1148 done.
 MODE  1149 done.
 MODE  1150 done.
 MODE  1151 done.
 MODE  1152 done.
 MODE  1153 done.
 MODE  1154 done.
 MODE  1155 done.
 MODE  1156 done.
 MODE  1157 done.
 MODE  1158 done.
 MODE  1159 done.
 MODE  1160 done.
 MODE  1161 done.
 MODE  1162 done.
 MODE  1163 done.
 MODE  1164 done.
 MODE  1165 done.
 MODE  1166 done.
 MODE  1167 done.
 MODE  1168 done.
 MODE  1169 done.
 MODE  1170 done.
 MODE  1171 done.
 MODE  1172 done.
 MODE  1173 done.
 MODE  1174 done.
 MODE  1175 done.
 MODE  1176 done.
 MODE  1177 done.
 MODE  1178 done.
 MODE  1179 done.
 MODE  1180 done.
 MODE  1181 done.
 MODE  1182 done.
 MODE  1183 done.
 MODE  1184 done.
 MODE  1185 done.
 MODE  1186 done.
 MODE  1187 done.
 MODE  1188 done.
 MODE  1189 done.
 MODE  1190 done.
 MODE  1191 done.
 MODE  1192 done.
 MODE  1193 done.
 MODE  1194 done.
 MODE  1195 done.
 MODE  1196 done.
 MODE  1197 done.
 MODE  1198 done.
 MODE  1199 done.
 MODE  1200 done.
 MODE  1201 done.
 MODE  1202 done.
 MODE  1203 done.
 MODE  1204 done.
 MODE  1205 done.
 MODE  1206 done.
 MODE  1207 done.
 MODE  1208 done.
 MODE  1209 done.
 MODE  1210 done.
 MODE  1211 done.
 MODE  1212 done.
 MODE  1213 done.
 MODE  1214 done.
 MODE  1215 done.
 MODE  1216 done.
 MODE  1217 done.
 MODE  1218 done.
 MODE  1219 done.
 MODE  1220 done.
 MODE  1221 done.
 MODE  1222 done.
 MODE  1223 done.
 MODE  1224 done.
 MODE  1225 done.
 MODE  1226 done.
 MODE  1227 done.
 MODE  1228 done.
 MODE  1229 done.
 MODE  1230 done.
 MODE  1231 done.
 MODE  1232 done.
 MODE  1233 done.
 MODE  1234 done.
 MODE  1235 done.
 MODE  1236 done.
 MODE  1237 done.
 MODE  1238 done.
 MODE  1239 done.
 MODE  1240 done.
 MODE  1241 done.
 MODE  1242 done.
 MODE  1243 done.
 MODE  1244 done.
 MODE  1245 done.
 MODE  1246 done.
 MODE  1247 done.
 MODE  1248 done.
 MODE  1249 done.
 MODE  1250 done.
 MODE  1251 done.
 MODE  1252 done.
 MODE  1253 done.
 MODE  1254 done.
 MODE  1255 done.
 MODE  1256 done.
 MODE  1257 done.
 MODE  1258 done.
 MODE  1259 done.
 MODE  1260 done.
 MODE  1261 done.
 MODE  1262 done.
 MODE  1263 done.
 MODE  1264 done.
 MODE  1265 done.
 MODE  1266 done.
 MODE  1267 done.
 MODE  1268 done.
 MODE  1269 done.
 MODE  1270 done.
 MODE  1271 done.
 MODE  1272 done.
 MODE  1273 done.
 MODE  1274 done.
 MODE  1275 done.
 MODE  1276 done.
 MODE  1277 done.
 MODE  1278 done.
 MODE  1279 done.
 MODE  1280 done.
 MODE  1281 done.
 MODE  1282 done.
 MODE  1283 done.
 MODE  1284 done.
 MODE  1285 done.
 MODE  1286 done.
 MODE  1287 done.
 MODE  1288 done.
 MODE  1289 done.
 MODE  1290 done.
 MODE  1291 done.
 MODE  1292 done.
 MODE  1293 done.
 MODE  1294 done.
 MODE  1295 done.
 MODE  1296 done.
 MODE  1297 done.
 MODE  1298 done.
 MODE  1299 done.
 MODE  1300 done.
 MODE  1301 done.
 MODE  1302 done.
 MODE  1303 done.
 MODE  1304 done.
 MODE  1305 done.
 MODE  1306 done.
 MODE  1307 done.
 MODE  1308 done.
 MODE  1309 done.
 MODE  1310 done.
 MODE  1311 done.
 MODE  1312 done.
 MODE  1313 done.
 MODE  1314 done.
 MODE  1315 done.
 MODE  1316 done.
 MODE  1317 done.
 MODE  1318 done.
 MODE  1319 done.
 MODE  1320 done.
 MODE  1321 done.
 MODE  1322 done.
 MODE  1323 done.
 MODE  1324 done.
 MODE  1325 done.
 MODE  1326 done.
 MODE  1327 done.
 MODE  1328 done.
 MODE  1329 done.
 MODE  1330 done.
 MODE  1331 done.
 MODE  1332 done.
 MODE  1333 done.
 MODE  1334 done.
 MODE  1335 done.
 MODE  1336 done.
 MODE  1337 done.
 MODE  1338 done.
 MODE  1339 done.
 MODE  1340 done.
 MODE  1341 done.
 MODE  1342 done.
 MODE  1343 done.
 MODE  1344 done.
 MODE  1345 done.
 MODE  1346 done.
 MODE  1347 done.
 MODE  1348 done.
 MODE  1349 done.
 MODE  1350 done.
 MODE  1351 done.
 MODE  1352 done.
 MODE  1353 done.
 MODE  1354 done.
 MODE  1355 done.
 MODE  1356 done.
 MODE  1357 done.
 MODE  1358 done.
 MODE  1359 done.
 MODE  1360 done.
 MODE  1361 done.
 MODE  1362 done.
 MODE  1363 done.
 MODE  1364 done.
 MODE  1365 done.
 MODE  1366 done.
 MODE  1367 done.
 MODE  1368 done.
 MODE  1369 done.
 MODE  1370 done.
 MODE  1371 done.
 MODE  1372 done.
 MODE  1373 done.
 MODE  1374 done.
 MODE  1375 done.
 MODE  1376 done.
 MODE  1377 done.
 MODE  1378 done.
 MODE  1379 done.
 MODE  1380 done.
 MODE  1381 done.
 MODE  1382 done.
 MODE  1383 done.
 MODE  1384 done.
 MODE  1385 done.
 MODE  1386 done.
 MODE  1387 done.
 MODE  1388 done.
 MODE  1389 done.
 MODE  1390 done.
 MODE  1391 done.
 MODE  1392 done.
 MODE  1393 done.
 MODE  1394 done.
 MODE  1395 done.
 MODE  1396 done.
 MODE  1397 done.
 MODE  1398 done.
 MODE  1399 done.
 MODE  1400 done.
 MODE  1401 done.
 MODE  1402 done.
 MODE  1403 done.
 MODE  1404 done.
 MODE  1405 done.
 MODE  1406 done.
 MODE  1407 done.
 MODE  1408 done.
 MODE  1409 done.
 MODE  1410 done.
 MODE  1411 done.
 MODE  1412 done.
 MODE  1413 done.
 MODE  1414 done.
 MODE  1415 done.
 MODE  1416 done.
 MODE  1417 done.
 MODE  1418 done.
 MODE  1419 done.
 MODE  1420 done.
 MODE  1421 done.
 MODE  1422 done.
 MODE  1423 done.
 MODE  1424 done.
 MODE  1425 done.
 MODE  1426 done.
 MODE  1427 done.
 MODE  1428 done.
 MODE  1429 done.
 MODE  1430 done.
 MODE  1431 done.
 MODE  1432 done.
 MODE  1433 done.
 MODE  1434 done.
 MODE  1435 done.
 MODE  1436 done.
 MODE  1437 done.
 MODE  1438 done.
 MODE  1439 done.
 MODE  1440 done.
 MODE  1441 done.
 MODE  1442 done.
 MODE  1443 done.
 MODE  1444 done.
 MODE  1445 done.
 MODE  1446 done.
 MODE  1447 done.
 MODE  1448 done.
 MODE  1449 done.
 MODE  1450 done.
 MODE  1451 done.
 MODE  1452 done.
 MODE  1453 done.
 MODE  1454 done.
 MODE  1455 done.
 MODE  1456 done.
 MODE  1457 done.
 MODE  1458 done.
 MODE  1459 done.
 MODE  1460 done.
 MODE  1461 done.
 MODE  1462 done.
 MODE  1463 done.
 MODE  1464 done.
 MODE  1465 done.
 MODE  1466 done.
 MODE  1467 done.
 MODE  1468 done.
 MODE  1469 done.
 MODE  1470 done.
 MODE  1471 done.
 MODE  1472 done.
 MODE  1473 done.
 MODE  1474 done.
 MODE  1475 done.
 MODE  1476 done.
 MODE  1477 done.
 MODE  1478 done.
 MODE  1479 done.
 MODE  1480 done.
 MODE  1481 done.
 MODE  1482 done.
 MODE  1483 done.
 MODE  1484 done.
 MODE  1485 done.
 MODE  1486 done.
 MODE  1487 done.
 MODE  1488 done.
 MODE  1489 done.
 MODE  1490 done.
 MODE  1491 done.
 MODE  1492 done.
 MODE  1493 done.
 MODE  1494 done.
 MODE  1495 done.
 MODE  1496 done.
 MODE  1497 done.
 MODE  1498 done.
 MODE  1499 done.
 MODE  1500 done.
 MODE  1501 done.
 MODE  1502 done.
 MODE  1503 done.
 MODE  1504 done.
 MODE  1505 done.
 MODE  1506 done.
 MODE  1507 done.
 MODE  1508 done.
 MODE  1509 done.
 MODE  1510 done.
 MODE  1511 done.
 MODE  1512 done.
 MODE  1513 done.
 MODE  1514 done.
 MODE  1515 done.
 MODE  1516 done.
 MODE  1517 done.
 MODE  1518 done.
 MODE  1519 done.
 MODE  1520 done.
 MODE  1521 done.
 MODE  1522 done.
 MODE  1523 done.
 MODE  1524 done.
 MODE  1525 done.
 MODE  1526 done.
 MODE  1527 done.
 MODE  1528 done.
 MODE  1529 done.
 MODE  1530 done.
 MODE  1531 done.
 MODE  1532 done.
 MODE  1533 done.
 MODE  1534 done.
 MODE  1535 done.
 MODE  1536 done.
 MODE  1537 done.
 MODE  1538 done.
 MODE  1539 done.
 MODE  1540 done.
 MODE  1541 done.
 MODE  1542 done.
 MODE  1543 done.
 MODE  1544 done.
 MODE  1545 done.
 MODE  1546 done.
 MODE  1547 done.
 MODE  1548 done.
 MODE  1549 done.
 MODE  1550 done.
 MODE  1551 done.
 MODE  1552 done.
 MODE  1553 done.
 MODE  1554 done.
 MODE  1555 done.
 MODE  1556 done.
 MODE  1557 done.
 MODE  1558 done.
 MODE  1559 done.
 MODE  1560 done.
 MODE  1561 done.
 MODE  1562 done.
 MODE  1563 done.
 MODE  1564 done.
 MODE  1565 done.
 MODE  1566 done.
 MODE  1567 done.
 MODE  1568 done.
 MODE  1569 done.
 MODE  1570 done.
 MODE  1571 done.
 MODE  1572 done.
 MODE  1573 done.
 MODE  1574 done.
 MODE  1575 done.
 MODE  1576 done.
 MODE  1577 done.
 MODE  1578 done.
 MODE  1579 done.
 MODE  1580 done.
 MODE  1581 done.
 MODE  1582 done.
 MODE  1583 done.
 MODE  1584 done.
 MODE  1585 done.
 MODE  1586 done.
 MODE  1587 done.
 MODE  1588 done.
 MODE  1589 done.
 MODE  1590 done.
 MODE  1591 done.
 MODE  1592 done.
 MODE  1593 done.
 MODE  1594 done.
 MODE  1595 done.
 MODE  1596 done.
 MODE  1597 done.
 MODE  1598 done.
 MODE  1599 done.
 MODE  1600 done.
 MODE  1601 done.
 MODE  1602 done.
 MODE  1603 done.
 MODE  1604 done.
 MODE  1605 done.
 MODE  1606 done.
 MODE  1607 done.
 MODE  1608 done.
 MODE  1609 done.
 MODE  1610 done.
 MODE  1611 done.
 MODE  1612 done.
 MODE  1613 done.
 MODE  1614 done.
 MODE  1615 done.
 MODE  1616 done.
 MODE  1617 done.
 MODE  1618 done.
 MODE  1619 done.
 MODE  1620 done.
 MODE  1621 done.
 MODE  1622 done.
 MODE  1623 done.
 MODE  1624 done.
 MODE  1625 done.
 MODE  1626 done.
 MODE  1627 done.
 MODE  1628 done.
 MODE  1629 done.
 MODE  1630 done.
 MODE  1631 done.
 MODE  1632 done.
 MODE  1633 done.
 MODE  1634 done.
 MODE  1635 done.
 MODE  1636 done.
 MODE  1637 done.
 MODE  1638 done.
 MODE  1639 done.
 MODE  1640 done.
 MODE  1641 done.
 MODE  1642 done.
 MODE  1643 done.
 MODE  1644 done.
 MODE  1645 done.
 MODE  1646 done.
 MODE  1647 done.
 MODE  1648 done.
 MODE  1649 done.
 MODE  1650 done.
 MODE  1651 done.
 MODE  1652 done.
 MODE  1653 done.
 MODE  1654 done.
 MODE  1655 done.
 MODE  1656 done.
 MODE  1657 done.
 MODE  1658 done.
 MODE  1659 done.
 MODE  1660 done.
 MODE  1661 done.
 MODE  1662 done.
 MODE  1663 done.
 MODE  1664 done.
 MODE  1665 done.
 MODE  1666 done.
 MODE  1667 done.
 MODE  1668 done.
 MODE  1669 done.
 MODE  1670 done.
 MODE  1671 done.
 MODE  1672 done.
 MODE  1673 done.
 MODE  1674 done.
 MODE  1675 done.
 MODE  1676 done.
 MODE  1677 done.
 MODE  1678 done.
 MODE  1679 done.
 MODE  1680 done.
 MODE  1681 done.
 MODE  1682 done.
 MODE  1683 done.
 MODE  1684 done.
 MODE  1685 done.
 MODE  1686 done.
 MODE  1687 done.
 MODE  1688 done.
 MODE  1689 done.
 MODE  1690 done.
 MODE  1691 done.
 MODE  1692 done.
 MODE  1693 done.
 MODE  1694 done.
 MODE  1695 done.
 MODE  1696 done.
 MODE  1697 done.
 MODE  1698 done.
 MODE  1699 done.
 MODE  1700 done.
 MODE  1701 done.
 MODE  1702 done.
 MODE  1703 done.
 MODE  1704 done.
 MODE  1705 done.
 MODE  1706 done.
 MODE  1707 done.
 MODE  1708 done.
 MODE  1709 done.
 MODE  1710 done.
 MODE  1711 done.
 MODE  1712 done.
 MODE  1713 done.
 MODE  1714 done.
 MODE  1715 done.
 MODE  1716 done.

 -----------------------------------------------------------------

 Lattice thermal conductivity is stored in the file Si.kl
 Coherent part is stored in the file Si.kl_coherent

 ISOTOPE = 2: Phonon selfenergy due to phonon-isotope 
              scatterings is stored in the file Si.self_isotope

 Job finished at Mon Apr  3 15:01:02 2023

