 +-----------------------------------------------------------------+
 +                         Program ANPHON                          +
 +                             Ver.  1.5.0                         +
 +-----------------------------------------------------------------+

 Job started at Wed Jul 30 00:47:10 2025

 The number of MPI processes: 32


 Input variables:
 -----------------------------------------------------------------
 General:
  PREFIX = PbS
  MODE = PHONONS
  FCSXML = ../force/PbS.xml

  NKD = 2; KD =    S  Pb
  MASS = 
  NSYM = 0; TOLERANCE = 1.88973e-05; PRINTSYM = 0

  NONANALYTIC = 2
  BORNINFO = BORNINFO; NA_SIGMA = 0.1

  TMIN = 0; TMAX = 1000; DT = 10
  EMIN = -12.3783; EMAX = 259.944; DELTA_E = 0.907742

  ISMEAR = -1; EPSILON = 10

  CLASSICAL = 0
  BCONNECT = 0


 Kpoint:
  KPMODE (1st entry for &kpoint) = 2


 Analysis:
  PRINTVEL = 0
  PRINTVEC = 0
  PRINTXSF = 0

  PDOS = 1; TDOS = 0
  PRINTMSD = 0
  SPS = 0

  GRUNEISEN = 0
  NEWFCS = 0


 -----------------------------------------------------------------

                      MODE = phonons                         
                                                             
      Phonon calculation within harmonic approximation       
      Harmonic force constants will be used.                 

 -----------------------------------------------------------------

 Crystal structure
 =================

 Lattice Vectors:

 * Supercell (from ../force/PbS.xml )

    3.333868e+01   0.000000e+00   0.000000e+00 : a1
    0.000000e+00   3.333868e+01  -0.000000e+00 : a2
   -0.000000e+00  -0.000000e+00   3.333868e+01 : a3

    1.884653e-01   0.000000e+00   0.000000e+00 : b1
   -0.000000e+00   1.884653e-01   0.000000e+00 : b2
   -0.000000e+00   0.000000e+00   1.884653e-01 : b3

 * Primitive cell 

    0.000000e+00   5.556446e+00   5.556446e+00 : a1
    5.556446e+00   0.000000e+00   5.556446e+00 : a2
    5.556446e+00   5.556446e+00   0.000000e+00 : a3

   -5.653960e-01   5.653960e-01   5.653960e-01 : b1
    5.653960e-01  -5.653960e-01   5.653960e-01 : b2
    5.653960e-01   5.653960e-01  -5.653960e-01 : b3


  Volume of the primitive cell : 3.431005e+02 (a.u.)^3

  Number of atoms in the supercell     : 216
  Number of atoms in the primitive cell: 2

  Atomic positions in the primitive cell (fractional):
   1:   5.000000e-01   5.000000e-01   5.000000e-01   S
   2:   0.000000e+00   0.000000e+00   0.000000e+00  Pb

  Mass of atomic species (u):
   S:   32.065000
  Pb:  207.200000


 Symmetry
 ========

  NSYM = 0 is given: Trying to find symmetry operations.

  Number of symmetry operations : 48
 k points
 ========

  KPMODE = 2: Uniform grid
  Gamma-centered uniform grid with the following mesh density: 
  nk1:  19
  nk2:  19
  nk3:  19

  Number of k points : 6859
  Number of irreducible k points : 220

  List of irreducible k points (reciprocal coordinate, weight) : 
      1:   0.00000e+00   0.00000e+00   0.00000e+00   0.000146
      2:   0.00000e+00   0.00000e+00   5.26316e-02   0.001166
      3:   0.00000e+00   0.00000e+00   1.05263e-01   0.001166
      4:   0.00000e+00   0.00000e+00   1.57895e-01   0.001166
      5:   0.00000e+00   0.00000e+00   2.10526e-01   0.001166
      6:   0.00000e+00   0.00000e+00   2.63158e-01   0.001166
      7:   0.00000e+00   0.00000e+00   3.15789e-01   0.001166
      8:   0.00000e+00   0.00000e+00   3.68421e-01   0.001166
      9:   0.00000e+00   0.00000e+00   4.21053e-01   0.001166
     10:   0.00000e+00   0.00000e+00   4.73684e-01   0.001166
     11:   0.00000e+00   5.26316e-02   5.26316e-02   0.000875
     12:   0.00000e+00   5.26316e-02   1.05263e-01   0.003499
     13:   0.00000e+00   5.26316e-02   1.57895e-01   0.003499
     14:   0.00000e+00   5.26316e-02   2.10526e-01   0.003499
     15:   0.00000e+00   5.26316e-02   2.63158e-01   0.003499
     16:   0.00000e+00   5.26316e-02   3.15789e-01   0.003499
     17:   0.00000e+00   5.26316e-02   3.68421e-01   0.003499
     18:   0.00000e+00   5.26316e-02   4.21053e-01   0.003499
     19:   0.00000e+00   5.26316e-02   4.73684e-01   0.003499
     20:   0.00000e+00   5.26316e-02  -4.73684e-01   0.003499
     21:   0.00000e+00   5.26316e-02  -4.21053e-01   0.003499
     22:   0.00000e+00   5.26316e-02  -3.68421e-01   0.003499
     23:   0.00000e+00   5.26316e-02  -3.15789e-01   0.003499
     24:   0.00000e+00   5.26316e-02  -2.63158e-01   0.003499
     25:   0.00000e+00   5.26316e-02  -2.10526e-01   0.003499
     26:   0.00000e+00   5.26316e-02  -1.57895e-01   0.003499
     27:   0.00000e+00   5.26316e-02  -1.05263e-01   0.003499
     28:   0.00000e+00   5.26316e-02  -5.26316e-02   0.001750
     29:   0.00000e+00   1.05263e-01   1.05263e-01   0.000875
     30:   0.00000e+00   1.05263e-01   1.57895e-01   0.003499
     31:   0.00000e+00   1.05263e-01   2.10526e-01   0.003499
     32:   0.00000e+00   1.05263e-01   2.63158e-01   0.003499
     33:   0.00000e+00   1.05263e-01   3.15789e-01   0.003499
     34:   0.00000e+00   1.05263e-01   3.68421e-01   0.003499
     35:   0.00000e+00   1.05263e-01   4.21053e-01   0.003499
     36:   0.00000e+00   1.05263e-01   4.73684e-01   0.003499
     37:   0.00000e+00   1.05263e-01  -4.73684e-01   0.003499
     38:   0.00000e+00   1.05263e-01  -4.21053e-01   0.003499
     39:   0.00000e+00   1.05263e-01  -3.68421e-01   0.003499
     40:   0.00000e+00   1.05263e-01  -3.15789e-01   0.003499
     41:   0.00000e+00   1.05263e-01  -2.63158e-01   0.003499
     42:   0.00000e+00   1.05263e-01  -2.10526e-01   0.003499
     43:   0.00000e+00   1.05263e-01  -1.57895e-01   0.003499
     44:   0.00000e+00   1.05263e-01  -1.05263e-01   0.001750
     45:   0.00000e+00   1.57895e-01   1.57895e-01   0.000875
     46:   0.00000e+00   1.57895e-01   2.10526e-01   0.003499
     47:   0.00000e+00   1.57895e-01   2.63158e-01   0.003499
     48:   0.00000e+00   1.57895e-01   3.15789e-01   0.003499
     49:   0.00000e+00   1.57895e-01   3.68421e-01   0.003499
     50:   0.00000e+00   1.57895e-01   4.21053e-01   0.003499
     51:   0.00000e+00   1.57895e-01   4.73684e-01   0.003499
     52:   0.00000e+00   1.57895e-01  -4.73684e-01   0.003499
     53:   0.00000e+00   1.57895e-01  -4.21053e-01   0.003499
     54:   0.00000e+00   1.57895e-01  -3.68421e-01   0.003499
     55:   0.00000e+00   1.57895e-01  -3.15789e-01   0.003499
     56:   0.00000e+00   1.57895e-01  -2.63158e-01   0.003499
     57:   0.00000e+00   1.57895e-01  -2.10526e-01   0.003499
     58:   0.00000e+00   1.57895e-01  -1.57895e-01   0.001750
     59:   0.00000e+00   2.10526e-01   2.10526e-01   0.000875
     60:   0.00000e+00   2.10526e-01   2.63158e-01   0.003499
     61:   0.00000e+00   2.10526e-01   3.15789e-01   0.003499
     62:   0.00000e+00   2.10526e-01   3.68421e-01   0.003499
     63:   0.00000e+00   2.10526e-01   4.21053e-01   0.003499
     64:   0.00000e+00   2.10526e-01   4.73684e-01   0.003499
     65:   0.00000e+00   2.10526e-01  -4.73684e-01   0.003499
     66:   0.00000e+00   2.10526e-01  -4.21053e-01   0.003499
     67:   0.00000e+00   2.10526e-01  -3.68421e-01   0.003499
     68:   0.00000e+00   2.10526e-01  -3.15789e-01   0.003499
     69:   0.00000e+00   2.10526e-01  -2.63158e-01   0.003499
     70:   0.00000e+00   2.10526e-01  -2.10526e-01   0.001750
     71:   0.00000e+00   2.63158e-01   2.63158e-01   0.000875
     72:   0.00000e+00   2.63158e-01   3.15789e-01   0.003499
     73:   0.00000e+00   2.63158e-01   3.68421e-01   0.003499
     74:   0.00000e+00   2.63158e-01   4.21053e-01   0.003499
     75:   0.00000e+00   2.63158e-01   4.73684e-01   0.003499
     76:   0.00000e+00   2.63158e-01  -4.73684e-01   0.003499
     77:   0.00000e+00   2.63158e-01  -4.21053e-01   0.003499
     78:   0.00000e+00   2.63158e-01  -3.68421e-01   0.003499
     79:   0.00000e+00   2.63158e-01  -3.15789e-01   0.003499
     80:   0.00000e+00   2.63158e-01  -2.63158e-01   0.001750
     81:   0.00000e+00   3.15789e-01   3.15789e-01   0.000875
     82:   0.00000e+00   3.15789e-01   3.68421e-01   0.003499
     83:   0.00000e+00   3.15789e-01   4.21053e-01   0.003499
     84:   0.00000e+00   3.15789e-01   4.73684e-01   0.003499
     85:   0.00000e+00   3.15789e-01  -4.73684e-01   0.003499
     86:   0.00000e+00   3.15789e-01  -4.21053e-01   0.003499
     87:   0.00000e+00   3.15789e-01  -3.68421e-01   0.003499
     88:   0.00000e+00   3.15789e-01  -3.15789e-01   0.001750
     89:   0.00000e+00   3.68421e-01   3.68421e-01   0.000875
     90:   0.00000e+00   3.68421e-01   4.21053e-01   0.003499
     91:   0.00000e+00   3.68421e-01   4.73684e-01   0.003499
     92:   0.00000e+00   3.68421e-01  -4.73684e-01   0.003499
     93:   0.00000e+00   3.68421e-01  -4.21053e-01   0.003499
     94:   0.00000e+00   3.68421e-01  -3.68421e-01   0.001750
     95:   0.00000e+00   4.21053e-01   4.21053e-01   0.000875
     96:   0.00000e+00   4.21053e-01   4.73684e-01   0.003499
     97:   0.00000e+00   4.21053e-01  -4.73684e-01   0.003499
     98:   0.00000e+00   4.21053e-01  -4.21053e-01   0.001750
     99:   0.00000e+00   4.73684e-01   4.73684e-01   0.000875
    100:   0.00000e+00   4.73684e-01  -4.73684e-01   0.001750
    101:   5.26316e-02   1.05263e-01   1.57895e-01   0.003499
    102:   5.26316e-02   1.05263e-01   2.10526e-01   0.006998
    103:   5.26316e-02   1.05263e-01   2.63158e-01   0.006998
    104:   5.26316e-02   1.05263e-01   3.15789e-01   0.006998
    105:   5.26316e-02   1.05263e-01   3.68421e-01   0.006998
    106:   5.26316e-02   1.05263e-01   4.21053e-01   0.006998
    107:   5.26316e-02   1.05263e-01   4.73684e-01   0.006998
    108:   5.26316e-02   1.05263e-01  -4.73684e-01   0.006998
    109:   5.26316e-02   1.57895e-01   2.10526e-01   0.003499
    110:   5.26316e-02   1.57895e-01   2.63158e-01   0.006998
    111:   5.26316e-02   1.57895e-01   3.15789e-01   0.006998
    112:   5.26316e-02   1.57895e-01   3.68421e-01   0.006998
    113:   5.26316e-02   1.57895e-01   4.21053e-01   0.006998
    114:   5.26316e-02   1.57895e-01   4.73684e-01   0.006998
    115:   5.26316e-02   1.57895e-01  -4.73684e-01   0.006998
    116:   5.26316e-02   1.57895e-01  -4.21053e-01   0.006998
    117:   5.26316e-02   1.57895e-01  -3.68421e-01   0.006998
    118:   5.26316e-02   1.57895e-01  -3.15789e-01   0.006998
    119:   5.26316e-02   1.57895e-01  -2.63158e-01   0.006998
    120:   5.26316e-02   1.57895e-01  -2.10526e-01   0.006998
    121:   5.26316e-02   1.57895e-01  -1.57895e-01   0.006998
    122:   5.26316e-02   1.57895e-01  -1.05263e-01   0.003499
    123:   5.26316e-02   2.10526e-01   2.63158e-01   0.003499
    124:   5.26316e-02   2.10526e-01   3.15789e-01   0.006998
    125:   5.26316e-02   2.10526e-01   3.68421e-01   0.006998
    126:   5.26316e-02   2.10526e-01   4.21053e-01   0.006998
    127:   5.26316e-02   2.10526e-01   4.73684e-01   0.006998
    128:   5.26316e-02   2.10526e-01  -4.73684e-01   0.006998
    129:   5.26316e-02   2.10526e-01  -4.21053e-01   0.006998
    130:   5.26316e-02   2.10526e-01  -3.68421e-01   0.006998
    131:   5.26316e-02   2.10526e-01  -3.15789e-01   0.006998
    132:   5.26316e-02   2.10526e-01  -2.63158e-01   0.006998
    133:   5.26316e-02   2.10526e-01  -2.10526e-01   0.006998
    134:   5.26316e-02   2.10526e-01  -1.57895e-01   0.003499
    135:   5.26316e-02   2.63158e-01   3.15789e-01   0.003499
    136:   5.26316e-02   2.63158e-01   3.68421e-01   0.006998
    137:   5.26316e-02   2.63158e-01   4.21053e-01   0.006998
    138:   5.26316e-02   2.63158e-01   4.73684e-01   0.006998
    139:   5.26316e-02   2.63158e-01  -4.73684e-01   0.006998
    140:   5.26316e-02   2.63158e-01  -4.21053e-01   0.006998
    141:   5.26316e-02   2.63158e-01  -3.68421e-01   0.006998
    142:   5.26316e-02   2.63158e-01  -3.15789e-01   0.006998
    143:   5.26316e-02   2.63158e-01  -2.63158e-01   0.006998
    144:   5.26316e-02   2.63158e-01  -2.10526e-01   0.003499
    145:   5.26316e-02   3.15789e-01   3.68421e-01   0.003499
    146:   5.26316e-02   3.15789e-01   4.21053e-01   0.006998
    147:   5.26316e-02   3.15789e-01   4.73684e-01   0.006998
    148:   5.26316e-02   3.15789e-01  -4.73684e-01   0.006998
    149:   5.26316e-02   3.15789e-01  -4.21053e-01   0.006998
    150:   5.26316e-02   3.15789e-01  -3.68421e-01   0.006998
    151:   5.26316e-02   3.15789e-01  -3.15789e-01   0.006998
    152:   5.26316e-02   3.15789e-01  -2.63158e-01   0.003499
    153:   5.26316e-02   3.68421e-01   4.21053e-01   0.003499
    154:   5.26316e-02   3.68421e-01   4.73684e-01   0.006998
    155:   5.26316e-02   3.68421e-01  -4.73684e-01   0.006998
    156:   5.26316e-02   3.68421e-01  -4.21053e-01   0.006998
    157:   5.26316e-02   3.68421e-01  -3.68421e-01   0.006998
    158:   5.26316e-02   3.68421e-01  -3.15789e-01   0.003499
    159:   5.26316e-02   4.21053e-01   4.73684e-01   0.003499
    160:   5.26316e-02   4.21053e-01  -4.73684e-01   0.006998
    161:   5.26316e-02   4.21053e-01  -4.21053e-01   0.006998
    162:   5.26316e-02   4.21053e-01  -3.68421e-01   0.003499
    163:   5.26316e-02   4.73684e-01  -4.73684e-01   0.003499
    164:   5.26316e-02   4.73684e-01  -4.21053e-01   0.003499
    165:   1.05263e-01   2.10526e-01   3.15789e-01   0.003499
    166:   1.05263e-01   2.10526e-01   3.68421e-01   0.006998
    167:   1.05263e-01   2.10526e-01   4.21053e-01   0.006998
    168:   1.05263e-01   2.10526e-01   4.73684e-01   0.006998
    169:   1.05263e-01   2.10526e-01  -4.73684e-01   0.006998
    170:   1.05263e-01   2.10526e-01  -4.21053e-01   0.006998
    171:   1.05263e-01   2.63158e-01   3.68421e-01   0.003499
    172:   1.05263e-01   2.63158e-01   4.21053e-01   0.006998
    173:   1.05263e-01   2.63158e-01   4.73684e-01   0.006998
    174:   1.05263e-01   2.63158e-01  -4.73684e-01   0.006998
    175:   1.05263e-01   2.63158e-01  -4.21053e-01   0.006998
    176:   1.05263e-01   2.63158e-01  -3.68421e-01   0.006998
    177:   1.05263e-01   2.63158e-01  -3.15789e-01   0.006998
    178:   1.05263e-01   2.63158e-01  -2.63158e-01   0.006998
    179:   1.05263e-01   2.63158e-01  -2.10526e-01   0.006998
    180:   1.05263e-01   2.63158e-01  -1.57895e-01   0.003499
    181:   1.05263e-01   3.15789e-01   4.21053e-01   0.003499
    182:   1.05263e-01   3.15789e-01   4.73684e-01   0.006998
    183:   1.05263e-01   3.15789e-01  -4.73684e-01   0.006998
    184:   1.05263e-01   3.15789e-01  -4.21053e-01   0.006998
    185:   1.05263e-01   3.15789e-01  -3.68421e-01   0.006998
    186:   1.05263e-01   3.15789e-01  -3.15789e-01   0.006998
    187:   1.05263e-01   3.15789e-01  -2.63158e-01   0.006998
    188:   1.05263e-01   3.15789e-01  -2.10526e-01   0.003499
    189:   1.05263e-01   3.68421e-01   4.73684e-01   0.003499
    190:   1.05263e-01   3.68421e-01  -4.73684e-01   0.006998
    191:   1.05263e-01   3.68421e-01  -4.21053e-01   0.006998
    192:   1.05263e-01   3.68421e-01  -3.68421e-01   0.006998
    193:   1.05263e-01   3.68421e-01  -3.15789e-01   0.006998
    194:   1.05263e-01   3.68421e-01  -2.63158e-01   0.003499
    195:   1.05263e-01   4.21053e-01  -4.73684e-01   0.003499
    196:   1.05263e-01   4.21053e-01  -4.21053e-01   0.006998
    197:   1.05263e-01   4.21053e-01  -3.68421e-01   0.006998
    198:   1.05263e-01   4.21053e-01  -3.15789e-01   0.003499
    199:   1.05263e-01   4.73684e-01  -4.21053e-01   0.003499
    200:   1.05263e-01   4.73684e-01  -3.68421e-01   0.003499
    201:   1.57895e-01   3.15789e-01   4.73684e-01   0.003499
    202:   1.57895e-01   3.15789e-01  -4.73684e-01   0.006998
    203:   1.57895e-01   3.15789e-01  -4.21053e-01   0.006998
    204:   1.57895e-01   3.15789e-01  -3.68421e-01   0.006998
    205:   1.57895e-01   3.68421e-01  -4.73684e-01   0.003499
    206:   1.57895e-01   3.68421e-01  -4.21053e-01   0.006998
    207:   1.57895e-01   3.68421e-01  -3.68421e-01   0.006998
    208:   1.57895e-01   3.68421e-01  -3.15789e-01   0.006998
    209:   1.57895e-01   3.68421e-01  -2.63158e-01   0.006998
    210:   1.57895e-01   3.68421e-01  -2.10526e-01   0.003499
    211:   1.57895e-01   4.21053e-01  -4.21053e-01   0.003499
    212:   1.57895e-01   4.21053e-01  -3.68421e-01   0.006998
    213:   1.57895e-01   4.21053e-01  -3.15789e-01   0.006998
    214:   1.57895e-01   4.21053e-01  -2.63158e-01   0.003499
    215:   1.57895e-01   4.73684e-01  -3.68421e-01   0.003499
    216:   1.57895e-01   4.73684e-01  -3.15789e-01   0.003499
    217:   2.10526e-01   4.21053e-01  -3.68421e-01   0.003499
    218:   2.10526e-01   4.21053e-01  -3.15789e-01   0.006998
    219:   2.10526e-01   4.73684e-01  -3.15789e-01   0.003499
    220:   2.10526e-01   4.73684e-01  -2.63158e-01   0.003499

 Force constant
 ==============

  Reading force constants from the XML file ... done !
  Number of non-zero IFCs for 2 order: 3402

  Maximum deviation from the translational invariance: 
   Order 2 : 1.040834e-16


 Dynamical matrix
 ================

  NONANALYTIC = 2 : Non-analytic part of the dynamical matrix will be included 
                    by the mixed-space approach.

  Dielectric constants and Born effective charges are read from BORNINFO.

  Dielectric constant tensor in Cartesian coordinate : 
   2.223584e+02   0.000000e+00   0.000000e+00
   0.000000e+00   2.223584e+02   0.000000e+00
  -0.000000e+00  -0.000000e+00   2.223584e+02

  Born effective charge tensor in Cartesian coordinate
  Atom    1(  S) :
       2.934980       0.000000      -0.000000
       0.000000       2.934980      -0.000000
      -0.000000       0.000000       2.934980
  Atom    2( Pb) :
      -2.934980      -0.000000       0.000000
      -0.000000      -2.934980       0.000000
       0.000000       0.000000      -2.934980

 -----------------------------------------------------------------


 ISMEAR = -1: Tetrahedron method will be used.

 Now, move on to phonon calculations.

 Diagonalizing dynamical matrices for all k points ... done!
 PDOS = 1 : Calculating atom-projected phonon DOS ...  done!

 -----------------------------------------------------------------

 Phonon frequencies below:

 # Irred. k point    1 : (  0.0000,  0.0000,  0.0000)
   Mode, Frequency 
      1      0.0000 cm^-1  (      0.0000 THz )
      2      0.0000 cm^-1  (      0.0000 THz )
      3      0.0000 cm^-1  (      0.0000 THz )
      4    105.2311 cm^-1  (      3.1547 THz )
      5    105.2311 cm^-1  (      3.1547 THz )
      6    105.2311 cm^-1  (      3.1547 THz )

 # Irred. k point    2 : (  0.0000,  0.0000,  0.0526)
   Mode, Frequency 
      1     12.5562 cm^-1  (      0.3764 THz )
      2     12.5562 cm^-1  (      0.3764 THz )
      3     16.0799 cm^-1  (      0.4821 THz )
      4    112.2328 cm^-1  (      3.3647 THz )
      5    112.2328 cm^-1  (      3.3647 THz )
      6    123.2245 cm^-1  (      3.6942 THz )

 # Irred. k point    3 : (  0.0000,  0.0000,  0.1053)
   Mode, Frequency 
      1     23.6636 cm^-1  (      0.7094 THz )
      2     23.6636 cm^-1  (      0.7094 THz )
      3     31.7873 cm^-1  (      0.9530 THz )
      4    129.0767 cm^-1  (      3.8696 THz )
      5    129.0767 cm^-1  (      3.8696 THz )
      6    149.9289 cm^-1  (      4.4948 THz )

 # Irred. k point    4 : (  0.0000,  0.0000,  0.1579)
   Mode, Frequency 
      1     32.7787 cm^-1  (      0.9827 THz )
      2     32.7787 cm^-1  (      0.9827 THz )
      3     46.8327 cm^-1  (      1.4040 THz )
      4    148.6484 cm^-1  (      4.4564 THz )
      5    148.6484 cm^-1  (      4.4564 THz )
      6    178.7811 cm^-1  (      5.3597 THz )

 # Irred. k point    5 : (  0.0000,  0.0000,  0.2105)
   Mode, Frequency 
      1     39.9375 cm^-1  (      1.1973 THz )
      2     39.9375 cm^-1  (      1.1973 THz )
      3     61.0345 cm^-1  (      1.8298 THz )
      4    166.7216 cm^-1  (      4.9982 THz )
      5    166.7216 cm^-1  (      4.9982 THz )
      6    203.0945 cm^-1  (      6.0886 THz )

 # Irred. k point    6 : (  0.0000,  0.0000,  0.2632)
   Mode, Frequency 
      1     45.5907 cm^-1  (      1.3668 THz )
      2     45.5907 cm^-1  (      1.3668 THz )
      3     74.2383 cm^-1  (      2.2256 THz )
      4    182.0092 cm^-1  (      5.4565 THz )
      5    182.0092 cm^-1  (      5.4565 THz )
      6    221.0690 cm^-1  (      6.6275 THz )

 # Irred. k point    7 : (  0.0000,  0.0000,  0.3158)
   Mode, Frequency 
      1     50.3075 cm^-1  (      1.5082 THz )
      2     50.3075 cm^-1  (      1.5082 THz )
      3     86.1495 cm^-1  (      2.5827 THz )
      4    194.3862 cm^-1  (      5.8276 THz )
      5    194.3862 cm^-1  (      5.8276 THz )
      6    233.2721 cm^-1  (      6.9933 THz )

 # Irred. k point    8 : (  0.0000,  0.0000,  0.3684)
   Mode, Frequency 
      1     54.2933 cm^-1  (      1.6277 THz )
      2     54.2933 cm^-1  (      1.6277 THz )
      3     96.2064 cm^-1  (      2.8842 THz )
      4    203.7765 cm^-1  (      6.1091 THz )
      5    203.7765 cm^-1  (      6.1091 THz )
      6    240.9758 cm^-1  (      7.2243 THz )

 # Irred. k point    9 : (  0.0000,  0.0000,  0.4211)
   Mode, Frequency 
      1     57.2926 cm^-1  (      1.7176 THz )
      2     57.2926 cm^-1  (      1.7176 THz )
      3    103.6174 cm^-1  (      3.1064 THz )
      4    210.0234 cm^-1  (      6.2963 THz )
      5    210.0234 cm^-1  (      6.2963 THz )
      6    245.3637 cm^-1  (      7.3558 THz )

 # Irred. k point   10 : (  0.0000,  0.0000,  0.4737)
   Mode, Frequency 
      1     58.9128 cm^-1  (      1.7662 THz )
      2     58.9128 cm^-1  (      1.7662 THz )
      3    107.5797 cm^-1  (      3.2252 THz )
      4    213.1037 cm^-1  (      6.3887 THz )
      5    213.1037 cm^-1  (      6.3887 THz )
      6    247.3128 cm^-1  (      7.4143 THz )

 # Irred. k point   11 : (  0.0000,  0.0526,  0.0526)
   Mode, Frequency 
      1      8.0875 cm^-1  (      0.2425 THz )
      2      8.0875 cm^-1  (      0.2425 THz )
      3     25.1405 cm^-1  (      0.7537 THz )
      4    108.3199 cm^-1  (      3.2473 THz )
      5    108.3199 cm^-1  (      3.2473 THz )
      6    136.6508 cm^-1  (      4.0967 THz )

 # Irred. k point   12 : (  0.0000,  0.0526,  0.1053)
   Mode, Frequency 
      1     16.5353 cm^-1  (      0.4957 THz )
      2     17.7251 cm^-1  (      0.5314 THz )
      3     37.4468 cm^-1  (      1.1226 THz )
      4    117.1197 cm^-1  (      3.5112 THz )
      5    119.6050 cm^-1  (      3.5857 THz )
      6    160.6637 cm^-1  (      4.8166 THz )

 # Irred. k point   13 : (  0.0000,  0.0526,  0.1579)
   Mode, Frequency 
      1     26.3335 cm^-1  (      0.7895 THz )
      2     28.7967 cm^-1  (      0.8633 THz )
      3     49.4392 cm^-1  (      1.4822 THz )
      4    133.4664 cm^-1  (      4.0012 THz )
      5    139.5302 cm^-1  (      4.1830 THz )
      6    185.4020 cm^-1  (      5.5582 THz )

 # Irred. k point   14 : (  0.0000,  0.0526,  0.2105)
   Mode, Frequency 
      1     34.7271 cm^-1  (      1.0411 THz )
      2     37.7335 cm^-1  (      1.1312 THz )
      3     61.1460 cm^-1  (      1.8331 THz )
      4    151.5290 cm^-1  (      4.5427 THz )
      5    159.8161 cm^-1  (      4.7912 THz )
      6    206.2936 cm^-1  (      6.1845 THz )

 # Irred. k point   15 : (  0.0000,  0.0526,  0.2632)
   Mode, Frequency 
      1     41.6214 cm^-1  (      1.2478 THz )
      2     44.3323 cm^-1  (      1.3290 THz )
      3     72.5967 cm^-1  (      2.1764 THz )
      4    168.3104 cm^-1  (      5.0458 THz )
      5    177.2953 cm^-1  (      5.3152 THz )
      6    221.7718 cm^-1  (      6.6486 THz )

 # Irred. k point   16 : (  0.0000,  0.0526,  0.3158)
   Mode, Frequency 
      1     47.3618 cm^-1  (      1.4199 THz )
      2     49.3471 cm^-1  (      1.4794 THz )
      3     83.4574 cm^-1  (      2.5020 THz )
      4    182.8206 cm^-1  (      5.4808 THz )
      5    191.3951 cm^-1  (      5.7379 THz )
      6    232.2243 cm^-1  (      6.9619 THz )

 # Irred. k point   17 : (  0.0000,  0.0526,  0.3684)
   Mode, Frequency 
      1     52.1592 cm^-1  (      1.5637 THz )
      2     53.4526 cm^-1  (      1.6025 THz )
      3     93.1060 cm^-1  (      2.7912 THz )
      4    194.6972 cm^-1  (      5.8369 THz )
      5    202.0135 cm^-1  (      6.0562 THz )
      6    238.7824 cm^-1  (      7.1585 THz )

 # Irred. k point   18 : (  0.0000,  0.0526,  0.4211)
   Mode, Frequency 
      1     55.8772 cm^-1  (      1.6752 THz )
      2     56.6802 cm^-1  (      1.6992 THz )
      3    100.7378 cm^-1  (      3.0200 THz )
      4    203.6883 cm^-1  (      6.1064 THz )
      5    208.8649 cm^-1  (      6.2616 THz )
      6    242.6017 cm^-1  (      7.2730 THz )

 # Irred. k point   19 : (  0.0000,  0.0526,  0.4737)
   Mode, Frequency 
      1     58.2090 cm^-1  (      1.7451 THz )
      2     58.6540 cm^-1  (      1.7584 THz )
      3    105.5190 cm^-1  (      3.1634 THz )
      4    209.6829 cm^-1  (      6.2861 THz )
      5    211.7329 cm^-1  (      6.3476 THz )
      6    244.5986 cm^-1  (      7.3329 THz )

 # Irred. k point   20 : (  0.0000,  0.0526, -0.4737)
   Mode, Frequency 
      1     58.9325 cm^-1  (      1.7668 THz )
      2     59.0278 cm^-1  (      1.7696 THz )
      3    106.8226 cm^-1  (      3.2025 THz )
      4    210.7429 cm^-1  (      6.3179 THz )
      5    212.6733 cm^-1  (      6.3758 THz )
      6    245.2975 cm^-1  (      7.3538 THz )

 # Irred. k point   21 : (  0.0000,  0.0526, -0.4211)
   Mode, Frequency 
      1     57.6696 cm^-1  (      1.7289 THz )
      2     58.0288 cm^-1  (      1.7397 THz )
      3    104.4530 cm^-1  (      3.1314 THz )
      4    206.2217 cm^-1  (      6.1824 THz )
      5    212.5689 cm^-1  (      6.3727 THz )
      6    244.7005 cm^-1  (      7.3359 THz )

 # Irred. k point   22 : (  0.0000,  0.0526, -0.3684)
   Mode, Frequency 
      1     54.6652 cm^-1  (      1.6388 THz )
      2     55.7276 cm^-1  (      1.6707 THz )
      3     98.7182 cm^-1  (      2.9595 THz )
      4    198.4190 cm^-1  (      5.9485 THz )
      5    209.1963 cm^-1  (      6.2715 THz )
      6    242.3290 cm^-1  (      7.2648 THz )

 # Irred. k point   23 : (  0.0000,  0.0526, -0.3158)
   Mode, Frequency 
      1     50.2551 cm^-1  (      1.5066 THz )
      2     52.4938 cm^-1  (      1.5737 THz )
      3     90.2929 cm^-1  (      2.7069 THz )
      4    187.5144 cm^-1  (      5.6215 THz )
      5    202.5431 cm^-1  (      6.0721 THz )
      6    237.3728 cm^-1  (      7.1163 THz )

 # Irred. k point   24 : (  0.0000,  0.0526, -0.2632)
   Mode, Frequency 
      1     44.6636 cm^-1  (      1.3390 THz )
      2     48.7772 cm^-1  (      1.4623 THz )
      3     79.9571 cm^-1  (      2.3971 THz )
      4    173.7717 cm^-1  (      5.2095 THz )
      5    192.8490 cm^-1  (      5.7815 THz )
      6    228.7679 cm^-1  (      6.8583 THz )

 # Irred. k point   25 : (  0.0000,  0.0526, -0.2105)
   Mode, Frequency 
      1     37.8692 cm^-1  (      1.1353 THz )
      2     44.5338 cm^-1  (      1.3351 THz )
      3     68.3478 cm^-1  (      2.0490 THz )
      4    157.5789 cm^-1  (      4.7241 THz )
      5    180.3012 cm^-1  (      5.4053 THz )
      6    215.2620 cm^-1  (      6.4534 THz )

 # Irred. k point   26 : (  0.0000,  0.0526, -0.1579)
   Mode, Frequency 
      1     29.6282 cm^-1  (      0.8882 THz )
      2     39.1177 cm^-1  (      1.1727 THz )
      3     55.8369 cm^-1  (      1.6739 THz )
      4    139.6974 cm^-1  (      4.1880 THz )
      5    164.7742 cm^-1  (      4.9398 THz )
      6    195.8484 cm^-1  (      5.8714 THz )

 # Irred. k point   27 : (  0.0000,  0.0526, -0.1053)
   Mode, Frequency 
      1     20.0254 cm^-1  (      0.6003 THz )
      2     31.8648 cm^-1  (      0.9553 THz )
      3     42.5748 cm^-1  (      1.2764 THz )
      4    122.4074 cm^-1  (      3.6697 THz )
      5    146.4021 cm^-1  (      4.3890 THz )
      6    170.8796 cm^-1  (      5.1228 THz )

 # Irred. k point   28 : (  0.0000,  0.0526, -0.0526)
   Mode, Frequency 
      1     11.3591 cm^-1  (      0.3405 THz )
      2     22.6962 cm^-1  (      0.6804 THz )
      3     28.7194 cm^-1  (      0.8610 THz )
      4    111.2444 cm^-1  (      3.3350 THz )
      5    127.1527 cm^-1  (      3.8119 THz )
      6    143.7048 cm^-1  (      4.3082 THz )

 # Irred. k point   29 : (  0.0000,  0.1053,  0.1053)
   Mode, Frequency 
      1     15.7339 cm^-1  (      0.4717 THz )
      2     15.7339 cm^-1  (      0.4717 THz )
      3     48.5598 cm^-1  (      1.4558 THz )
      4    115.3173 cm^-1  (      3.4571 THz )
      5    115.3173 cm^-1  (      3.4571 THz )
      6    183.4972 cm^-1  (      5.5011 THz )

 # Irred. k point   30 : (  0.0000,  0.1053,  0.1579)
   Mode, Frequency 
      1     22.1194 cm^-1  (      0.6631 THz )
      2     22.8789 cm^-1  (      0.6859 THz )
      3     58.9983 cm^-1  (      1.7687 THz )
      4    123.5357 cm^-1  (      3.7035 THz )
      5    125.4727 cm^-1  (      3.7616 THz )
      6    204.2543 cm^-1  (      6.1234 THz )

 # Irred. k point   31 : (  0.0000,  0.1053,  0.2105)
   Mode, Frequency 
      1     30.2263 cm^-1  (      0.9062 THz )
      2     32.1023 cm^-1  (      0.9624 THz )
      3     67.9826 cm^-1  (      2.0381 THz )
      4    137.5134 cm^-1  (      4.1225 THz )
      5    142.9778 cm^-1  (      4.2864 THz )
      6    219.7018 cm^-1  (      6.5865 THz )

 # Irred. k point   32 : (  0.0000,  0.1053,  0.2632)
   Mode, Frequency 
      1     37.6879 cm^-1  (      1.1299 THz )
      2     40.2850 cm^-1  (      1.2077 THz )
      3     75.9103 cm^-1  (      2.2757 THz )
      4    153.2571 cm^-1  (      4.5945 THz )
      5    161.7157 cm^-1  (      4.8481 THz )
      6    229.2814 cm^-1  (      6.8737 THz )

 # Irred. k point   33 : (  0.0000,  0.1053,  0.3158)
   Mode, Frequency 
      1     44.1253 cm^-1  (      1.3228 THz )
      2     46.8408 cm^-1  (      1.4043 THz )
      3     83.3010 cm^-1  (      2.4973 THz )
      4    168.5709 cm^-1  (      5.0536 THz )
      5    178.8659 cm^-1  (      5.3623 THz )
      6    234.1294 cm^-1  (      7.0190 THz )

 # Irred. k point   34 : (  0.0000,  0.1053,  0.3684)
   Mode, Frequency 
      1     49.5687 cm^-1  (      1.4860 THz )
      2     51.9908 cm^-1  (      1.5586 THz )
      3     90.2695 cm^-1  (      2.7062 THz )
      4    182.3220 cm^-1  (      5.4659 THz )
      5    193.0368 cm^-1  (      5.7871 THz )
      6    235.9323 cm^-1  (      7.0731 THz )

 # Irred. k point   35 : (  0.0000,  0.1053,  0.4211)
   Mode, Frequency 
      1     53.9124 cm^-1  (      1.6163 THz )
      2     55.8940 cm^-1  (      1.6757 THz )
      3     96.3915 cm^-1  (      2.8897 THz )
      4    193.8055 cm^-1  (      5.8101 THz )
      5    202.8858 cm^-1  (      6.0824 THz )
      6    236.3639 cm^-1  (      7.0860 THz )

 # Irred. k point   36 : (  0.0000,  0.1053,  0.4737)
   Mode, Frequency 
      1     56.9126 cm^-1  (      1.7062 THz )
      2     58.3522 cm^-1  (      1.7494 THz )
      3    100.9580 cm^-1  (      3.0266 THz )
      4    202.6261 cm^-1  (      6.0746 THz )
      5    206.9031 cm^-1  (      6.2028 THz )
      6    237.1186 cm^-1  (      7.1086 THz )

 # Irred. k point   37 : (  0.0000,  0.1053, -0.4737)
   Mode, Frequency 
      1     58.3647 cm^-1  (      1.7497 THz )
      2     59.0664 cm^-1  (      1.7708 THz )
      3    103.2840 cm^-1  (      3.0964 THz )
      4    204.7385 cm^-1  (      6.1379 THz )
      5    208.6066 cm^-1  (      6.2539 THz )
      6    238.9416 cm^-1  (      7.1633 THz )

 # Irred. k point   38 : (  0.0000,  0.1053, -0.4211)
   Mode, Frequency 
      1     57.8849 cm^-1  (      1.7353 THz )
      2     58.2072 cm^-1  (      1.7450 THz )
      3    102.9277 cm^-1  (      3.0857 THz )
      4    197.8944 cm^-1  (      5.9327 THz )
      5    211.5532 cm^-1  (      6.3422 THz )
      6    240.8554 cm^-1  (      7.2207 THz )

 # Irred. k point   39 : (  0.0000,  0.1053, -0.3684)
   Mode, Frequency 
      1     54.8443 cm^-1  (      1.6442 THz )
      2     56.5870 cm^-1  (      1.6964 THz )
      3     99.8162 cm^-1  (      2.9924 THz )
      4    187.8566 cm^-1  (      5.6318 THz )
      5    211.1921 cm^-1  (      6.3314 THz )
      6    241.6480 cm^-1  (      7.2444 THz )

 # Irred. k point   40 : (  0.0000,  0.1053, -0.3158)
   Mode, Frequency 
      1     50.1248 cm^-1  (      1.5027 THz )
      2     53.9487 cm^-1  (      1.6173 THz )
      3     94.2356 cm^-1  (      2.8251 THz )
      4    175.4759 cm^-1  (      5.2606 THz )
      5    207.4297 cm^-1  (      6.2186 THz )
      6    240.3992 cm^-1  (      7.2070 THz )

 # Irred. k point   41 : (  0.0000,  0.1053, -0.2632)
   Mode, Frequency 
      1     43.9807 cm^-1  (      1.3185 THz )
      2     50.9299 cm^-1  (      1.5268 THz )
      3     86.6694 cm^-1  (      2.5983 THz )
      4    161.4761 cm^-1  (      4.8409 THz )
      5    200.5651 cm^-1  (      6.0128 THz )
      6    236.1891 cm^-1  (      7.0808 THz )

 # Irred. k point   42 : (  0.0000,  0.1053, -0.2105)
   Mode, Frequency 
      1     36.7002 cm^-1  (      1.1002 THz )
      2     47.8213 cm^-1  (      1.4336 THz )
      3     77.5440 cm^-1  (      2.3247 THz )
      4    146.8611 cm^-1  (      4.4028 THz )
      5    191.0380 cm^-1  (      5.7272 THz )
      6    227.8985 cm^-1  (      6.8322 THz )

 # Irred. k point   43 : (  0.0000,  0.1053, -0.1579)
   Mode, Frequency 
      1     28.8220 cm^-1  (      0.8641 THz )
      2     44.1035 cm^-1  (      1.3222 THz )
      3     67.0508 cm^-1  (      2.0101 THz )
      4    133.2726 cm^-1  (      3.9954 THz )
      5    178.9141 cm^-1  (      5.3637 THz )
      6    214.3203 cm^-1  (      6.4252 THz )

 # Irred. k point   44 : (  0.0000,  0.1053, -0.1053)
   Mode, Frequency 
      1     21.9922 cm^-1  (      0.6593 THz )
      2     38.8968 cm^-1  (      1.1661 THz )
      3     55.2482 cm^-1  (      1.6563 THz )
      4    123.6775 cm^-1  (      3.7078 THz )
      5    163.8981 cm^-1  (      4.9135 THz )
      6    194.8614 cm^-1  (      5.8418 THz )

 # Irred. k point   45 : (  0.0000,  0.1579,  0.1579)
   Mode, Frequency 
      1     22.8527 cm^-1  (      0.6851 THz )
      2     22.8527 cm^-1  (      0.6851 THz )
      3     68.7670 cm^-1  (      2.0616 THz )
      4    121.8559 cm^-1  (      3.6531 THz )
      5    121.8559 cm^-1  (      3.6531 THz )
      6    220.7276 cm^-1  (      6.6172 THz )

 # Irred. k point   46 : (  0.0000,  0.1579,  0.2105)
   Mode, Frequency 
      1     28.0529 cm^-1  (      0.8410 THz )
      2     28.5278 cm^-1  (      0.8552 THz )
      3     76.3142 cm^-1  (      2.2878 THz )
      4    128.0020 cm^-1  (      3.8374 THz )
      5    129.6629 cm^-1  (      3.8872 THz )
      6    231.2121 cm^-1  (      6.9316 THz )

 # Irred. k point   47 : (  0.0000,  0.1579,  0.2632)
   Mode, Frequency 
      1     34.7624 cm^-1  (      1.0421 THz )
      2     36.1095 cm^-1  (      1.0825 THz )
      3     81.4045 cm^-1  (      2.4404 THz )
      4    139.3573 cm^-1  (      4.1778 THz )
      5    144.5075 cm^-1  (      4.3322 THz )
      6    235.3592 cm^-1  (      7.0559 THz )

 # Irred. k point   48 : (  0.0000,  0.1579,  0.3158)
   Mode, Frequency 
      1     41.2345 cm^-1  (      1.2362 THz )
      2     43.4359 cm^-1  (      1.3022 THz )
      3     85.0179 cm^-1  (      2.5488 THz )
      4    153.2772 cm^-1  (      4.5951 THz )
      5    161.8956 cm^-1  (      4.8535 THz )
      6    234.6596 cm^-1  (      7.0349 THz )

 # Irred. k point   49 : (  0.0000,  0.1579,  0.3684)
   Mode, Frequency 
      1     46.9389 cm^-1  (      1.4072 THz )
      2     49.7901 cm^-1  (      1.4927 THz )
      3     88.1162 cm^-1  (      2.6417 THz )
      4    167.7121 cm^-1  (      5.0279 THz )
      5    178.7769 cm^-1  (      5.3596 THz )
      6    231.1871 cm^-1  (      6.9308 THz )

 # Irred. k point   50 : (  0.0000,  0.1579,  0.4211)
   Mode, Frequency 
      1     51.6660 cm^-1  (      1.5489 THz )
      2     54.7936 cm^-1  (      1.6427 THz )
      3     91.2742 cm^-1  (      2.7363 THz )
      4    181.1299 cm^-1  (      5.4301 THz )
      5    192.4871 cm^-1  (      5.7706 THz )
      6    226.9729 cm^-1  (      6.8045 THz )

 # Irred. k point   51 : (  0.0000,  0.1579,  0.4737)
   Mode, Frequency 
      1     55.2000 cm^-1  (      1.6549 THz )
      2     58.0297 cm^-1  (      1.7397 THz )
      3     94.5049 cm^-1  (      2.8332 THz )
      4    192.5394 cm^-1  (      5.7722 THz )
      5    199.0929 cm^-1  (      5.9687 THz )
      6    225.2670 cm^-1  (      6.7533 THz )

 # Irred. k point   52 : (  0.0000,  0.1579, -0.4737)
   Mode, Frequency 
      1     57.3534 cm^-1  (      1.7194 THz )
      2     59.1830 cm^-1  (      1.7743 THz )
      3     97.3290 cm^-1  (      2.9178 THz )
      4    195.6415 cm^-1  (      5.8652 THz )
      5    201.4243 cm^-1  (      6.0385 THz )
      6    228.8321 cm^-1  (      6.8602 THz )

 # Irred. k point   53 : (  0.0000,  0.1579, -0.4211)
   Mode, Frequency 
      1     58.0118 cm^-1  (      1.7391 THz )
      2     58.2082 cm^-1  (      1.7450 THz )
      3     99.0303 cm^-1  (      2.9689 THz )
      4    186.2430 cm^-1  (      5.5834 THz )
      5    207.4445 cm^-1  (      6.2190 THz )
      6    234.0630 cm^-1  (      7.0170 THz )

 # Irred. k point   54 : (  0.0000,  0.1579, -0.3684)
   Mode, Frequency 
      1     55.2799 cm^-1  (      1.6572 THz )
      2     57.1765 cm^-1  (      1.7141 THz )
      3     98.9650 cm^-1  (      2.9669 THz )
      4    174.4207 cm^-1  (      5.2290 THz )
      5    210.2293 cm^-1  (      6.3025 THz )
      6    238.2369 cm^-1  (      7.1422 THz )

 # Irred. k point   55 : (  0.0000,  0.1579, -0.3158)
   Mode, Frequency 
      1     50.6698 cm^-1  (      1.5190 THz )
      2     55.1258 cm^-1  (      1.6526 THz )
      3     96.7930 cm^-1  (      2.9018 THz )
      4    161.7855 cm^-1  (      4.8502 THz )
      5    209.5529 cm^-1  (      6.2822 THz )
      6    240.4642 cm^-1  (      7.2089 THz )

 # Irred. k point   56 : (  0.0000,  0.1579, -0.2632)
   Mode, Frequency 
      1     44.7528 cm^-1  (      1.3417 THz )
      2     52.5203 cm^-1  (      1.5745 THz )
      3     92.4729 cm^-1  (      2.7723 THz )
      4    149.6682 cm^-1  (      4.4869 THz )
      5    205.6391 cm^-1  (      6.1649 THz )
      6    240.0879 cm^-1  (      7.1977 THz )

 # Irred. k point   57 : (  0.0000,  0.1579, -0.2105)
   Mode, Frequency 
      1     38.1846 cm^-1  (      1.1447 THz )
      2     50.0144 cm^-1  (      1.4994 THz )
      3     86.0302 cm^-1  (      2.5791 THz )
      4    139.6635 cm^-1  (      4.1870 THz )
      5    199.0716 cm^-1  (      5.9680 THz )
      6    236.2714 cm^-1  (      7.0832 THz )

 # Irred. k point   58 : (  0.0000,  0.1579, -0.1579)
   Mode, Frequency 
      1     32.2153 cm^-1  (      0.9658 THz )
      2     47.5033 cm^-1  (      1.4241 THz )
      3     77.4555 cm^-1  (      2.3221 THz )
      4    133.6068 cm^-1  (      4.0054 THz )
      5    190.2360 cm^-1  (      5.7031 THz )
      6    227.9662 cm^-1  (      6.8343 THz )

 # Irred. k point   59 : (  0.0000,  0.2105,  0.2105)
   Mode, Frequency 
      1     29.4098 cm^-1  (      0.8817 THz )
      2     29.4098 cm^-1  (      0.8817 THz )
      3     83.1276 cm^-1  (      2.4921 THz )
      4    125.2160 cm^-1  (      3.7539 THz )
      5    125.2160 cm^-1  (      3.7539 THz )
      6    236.9749 cm^-1  (      7.1043 THz )

 # Irred. k point   60 : (  0.0000,  0.2105,  0.2632)
   Mode, Frequency 
      1     33.7453 cm^-1  (      1.0117 THz )
      2     34.0864 cm^-1  (      1.0219 THz )
      3     86.4681 cm^-1  (      2.5922 THz )
      4    129.4082 cm^-1  (      3.8796 THz )
      5    131.0814 cm^-1  (      3.9297 THz )
      6    236.5184 cm^-1  (      7.0906 THz )

 # Irred. k point   61 : (  0.0000,  0.2105,  0.3158)
   Mode, Frequency 
      1     39.2539 cm^-1  (      1.1768 THz )
      2     40.4431 cm^-1  (      1.2125 THz )
      3     86.9417 cm^-1  (      2.6064 THz )
      4    139.2532 cm^-1  (      4.1747 THz )
      5    144.6195 cm^-1  (      4.3356 THz )
      6    231.3342 cm^-1  (      6.9352 THz )

 # Irred. k point   62 : (  0.0000,  0.2105,  0.3684)
   Mode, Frequency 
      1     44.6454 cm^-1  (      1.3384 THz )
      2     47.0412 cm^-1  (      1.4103 THz )
      3     86.3153 cm^-1  (      2.5877 THz )
      4    152.5300 cm^-1  (      4.5727 THz )
      5    161.6525 cm^-1  (      4.8462 THz )
      6    223.5856 cm^-1  (      6.7029 THz )

 # Irred. k point   63 : (  0.0000,  0.2105,  0.4211)
   Mode, Frequency 
      1     49.3772 cm^-1  (      1.4803 THz )
      2     53.0065 cm^-1  (      1.5891 THz )
      3     85.9945 cm^-1  (      2.5781 THz )
      4    166.8340 cm^-1  (      5.0016 THz )
      5    178.3066 cm^-1  (      5.3455 THz )
      6    215.1903 cm^-1  (      6.4512 THz )

 # Irred. k point   64 : (  0.0000,  0.2105,  0.4737)
   Mode, Frequency 
      1     53.1883 cm^-1  (      1.5945 THz )
      2     57.3921 cm^-1  (      1.7206 THz )
      3     86.9878 cm^-1  (      2.6078 THz )
      4    180.2807 cm^-1  (      5.4047 THz )
      5    188.8313 cm^-1  (      5.6610 THz )
      6    209.9918 cm^-1  (      6.2954 THz )

 # Irred. k point   65 : (  0.0000,  0.2105, -0.4737)
   Mode, Frequency 
      1     55.9106 cm^-1  (      1.6762 THz )
      2     59.3710 cm^-1  (      1.7799 THz )
      3     89.5806 cm^-1  (      2.6856 THz )
      4    184.5246 cm^-1  (      5.5319 THz )
      5    191.7677 cm^-1  (      5.7491 THz )
      6    215.6016 cm^-1  (      6.4636 THz )

 # Irred. k point   66 : (  0.0000,  0.2105, -0.4211)
   Mode, Frequency 
      1     57.4058 cm^-1  (      1.7210 THz )
      2     58.8589 cm^-1  (      1.7645 THz )
      3     93.0073 cm^-1  (      2.7883 THz )
      4    173.1473 cm^-1  (      5.1908 THz )
      5    200.7044 cm^-1  (      6.0170 THz )
      6    224.4922 cm^-1  (      6.7301 THz )

 # Irred. k point   67 : (  0.0000,  0.2105, -0.3684)
   Mode, Frequency 
      1     56.3319 cm^-1  (      1.6888 THz )
      2     57.5346 cm^-1  (      1.7248 THz )
      3     95.9487 cm^-1  (      2.8765 THz )
      4    160.6278 cm^-1  (      4.8155 THz )
      5    206.6328 cm^-1  (      6.1947 THz )
      6    231.9654 cm^-1  (      6.9541 THz )

 # Irred. k point   68 : (  0.0000,  0.2105, -0.3158)
   Mode, Frequency 
      1     52.2777 cm^-1  (      1.5672 THz )
      2     56.3166 cm^-1  (      1.6883 THz )
      3     97.3029 cm^-1  (      2.9171 THz )
      4    149.2276 cm^-1  (      4.4737 THz )
      5    209.2017 cm^-1  (      6.2717 THz )
      6    237.3492 cm^-1  (      7.1155 THz )

 # Irred. k point   69 : (  0.0000,  0.2105, -0.2632)
   Mode, Frequency 
      1     47.2236 cm^-1  (      1.4157 THz )
      2     54.2001 cm^-1  (      1.6249 THz )
      3     96.3405 cm^-1  (      2.8882 THz )
      4    140.9163 cm^-1  (      4.2246 THz )
      5    208.4494 cm^-1  (      6.2492 THz )
      6    240.2624 cm^-1  (      7.2029 THz )

 # Irred. k point   70 : (  0.0000,  0.2105, -0.2105)
   Mode, Frequency 
      1     42.0822 cm^-1  (      1.2616 THz )
      2     51.9668 cm^-1  (      1.5579 THz )
      3     92.5619 cm^-1  (      2.7749 THz )
      4    137.4820 cm^-1  (      4.1216 THz )
      5    204.8863 cm^-1  (      6.1423 THz )
      6    240.1525 cm^-1  (      7.1996 THz )

 # Irred. k point   71 : (  0.0000,  0.2632,  0.2632)
   Mode, Frequency 
      1     35.2037 cm^-1  (      1.0554 THz )
      2     35.2037 cm^-1  (      1.0554 THz )
      3     88.9402 cm^-1  (      2.6664 THz )
      4    125.6978 cm^-1  (      3.7683 THz )
      5    125.6978 cm^-1  (      3.7683 THz )
      6    232.2292 cm^-1  (      6.9621 THz )

 # Irred. k point   72 : (  0.0000,  0.2632,  0.3158)
   Mode, Frequency 
      1     38.7050 cm^-1  (      1.1603 THz )
      2     39.0427 cm^-1  (      1.1705 THz )
      3     87.5412 cm^-1  (      2.6244 THz )
      4    129.2150 cm^-1  (      3.8738 THz )
      5    130.9598 cm^-1  (      3.9261 THz )
      6    223.8125 cm^-1  (      6.7097 THz )

 # Irred. k point   73 : (  0.0000,  0.2632,  0.3684)
   Mode, Frequency 
      1     43.0414 cm^-1  (      1.2903 THz )
      2     44.4526 cm^-1  (      1.3327 THz )
      3     84.0896 cm^-1  (      2.5209 THz )
      4    139.0037 cm^-1  (      4.1672 THz )
      5    144.5134 cm^-1  (      4.3324 THz )
      6    213.2715 cm^-1  (      6.3937 THz )

 # Irred. k point   74 : (  0.0000,  0.2632,  0.4211)
   Mode, Frequency 
      1     47.2836 cm^-1  (      1.4175 THz )
      2     50.4524 cm^-1  (      1.5125 THz )
      3     80.8890 cm^-1  (      2.4250 THz )
      4    152.4921 cm^-1  (      4.5716 THz )
      5    161.6953 cm^-1  (      4.8475 THz )
      6    202.1901 cm^-1  (      6.0615 THz )

 # Irred. k point   75 : (  0.0000,  0.2632,  0.4737)
   Mode, Frequency 
      1     50.9977 cm^-1  (      1.5289 THz )
      2     55.9670 cm^-1  (      1.6778 THz )
      3     79.4488 cm^-1  (      2.3818 THz )
      4    166.9030 cm^-1  (      5.0036 THz )
      5    176.4914 cm^-1  (      5.2911 THz )
      6    193.2029 cm^-1  (      5.7921 THz )

 # Irred. k point   76 : (  0.0000,  0.2632, -0.4737)
   Mode, Frequency 
      1     54.0023 cm^-1  (      1.6189 THz )
      2     59.4079 cm^-1  (      1.7810 THz )
      3     80.9178 cm^-1  (      2.4259 THz )
      4    173.0232 cm^-1  (      5.1871 THz )
      5    180.3173 cm^-1  (      5.4058 THz )
      6    199.9151 cm^-1  (      5.9933 THz )

 # Irred. k point   77 : (  0.0000,  0.2632, -0.4211)
   Mode, Frequency 
      1     56.1788 cm^-1  (      1.6842 THz )
      2     59.8381 cm^-1  (      1.7939 THz )
      3     85.2966 cm^-1  (      2.5571 THz )
      4    160.9660 cm^-1  (      4.8256 THz )
      5    191.7149 cm^-1  (      5.7475 THz )
      6    212.3300 cm^-1  (      6.3655 THz )

 # Irred. k point   78 : (  0.0000,  0.2632, -0.3684)
   Mode, Frequency 
      1     57.3233 cm^-1  (      1.7185 THz )
      2     58.0037 cm^-1  (      1.7389 THz )
      3     90.7486 cm^-1  (      2.7206 THz )
      4    149.2497 cm^-1  (      4.4744 THz )
      5    200.5085 cm^-1  (      6.0111 THz )
      6    222.9443 cm^-1  (      6.6837 THz )

 # Irred. k point   79 : (  0.0000,  0.2632, -0.3158)
   Mode, Frequency 
      1     54.7956 cm^-1  (      1.6427 THz )
      2     57.2224 cm^-1  (      1.7155 THz )
      3     95.2945 cm^-1  (      2.8569 THz )
      4    140.6484 cm^-1  (      4.2165 THz )
      5    206.2637 cm^-1  (      6.1836 THz )
      6    231.2845 cm^-1  (      6.9337 THz )

 # Irred. k point   80 : (  0.0000,  0.2632, -0.2632)
   Mode, Frequency 
      1     50.8973 cm^-1  (      1.5259 THz )
      2     55.9831 cm^-1  (      1.6783 THz )
      3     97.4193 cm^-1  (      2.9206 THz )
      4    137.5178 cm^-1  (      4.1227 THz )
      5    208.8195 cm^-1  (      6.2602 THz )
      6    237.1702 cm^-1  (      7.1102 THz )

 # Irred. k point   81 : (  0.0000,  0.3158,  0.3158)
   Mode, Frequency 
      1     39.9090 cm^-1  (      1.1964 THz )
      2     39.9090 cm^-1  (      1.1964 THz )
      3     85.4316 cm^-1  (      2.5612 THz )
      4    125.7167 cm^-1  (      3.7689 THz )
      5    125.7167 cm^-1  (      3.7689 THz )
      6    213.2547 cm^-1  (      6.3932 THz )

 # Irred. k point   82 : (  0.0000,  0.3158,  0.3684)
   Mode, Frequency 
      1     42.5160 cm^-1  (      1.2746 THz )
      2     42.9602 cm^-1  (      1.2879 THz )
      3     80.7805 cm^-1  (      2.4217 THz )
      4    129.8461 cm^-1  (      3.8927 THz )
      5    131.5125 cm^-1  (      3.9426 THz )
      6    201.3688 cm^-1  (      6.0369 THz )

 # Irred. k point   83 : (  0.0000,  0.3158,  0.4211)
   Mode, Frequency 
      1     45.7165 cm^-1  (      1.3705 THz )
      2     47.6992 cm^-1  (      1.4300 THz )
      3     76.1045 cm^-1  (      2.2816 THz )
      4    140.1898 cm^-1  (      4.2028 THz )
      5    145.4452 cm^-1  (      4.3603 THz )
      6    189.3652 cm^-1  (      5.6770 THz )

 # Irred. k point   84 : (  0.0000,  0.3158,  0.4737)
   Mode, Frequency 
      1     48.8979 cm^-1  (      1.4659 THz )
      2     53.4717 cm^-1  (      1.6030 THz )
      3     73.0938 cm^-1  (      2.1913 THz )
      4    153.7654 cm^-1  (      4.6098 THz )
      5    162.1185 cm^-1  (      4.8602 THz )
      6    178.1935 cm^-1  (      5.3421 THz )

 # Irred. k point   85 : (  0.0000,  0.3158, -0.4737)
   Mode, Frequency 
      1     51.7898 cm^-1  (      1.5526 THz )
      2     58.8503 cm^-1  (      1.7643 THz )
      3     72.6505 cm^-1  (      2.1780 THz )
      4    163.1221 cm^-1  (      4.8903 THz )
      5    167.8759 cm^-1  (      5.0328 THz )
      6    182.6732 cm^-1  (      5.4764 THz )

 # Irred. k point   86 : (  0.0000,  0.3158, -0.4211)
   Mode, Frequency 
      1     54.2927 cm^-1  (      1.6277 THz )
      2     61.0169 cm^-1  (      1.8292 THz )
      3     76.5104 cm^-1  (      2.2937 THz )
      4    152.1638 cm^-1  (      4.5618 THz )
      5    180.8878 cm^-1  (      5.4229 THz )
      6    197.9083 cm^-1  (      5.9331 THz )

 # Irred. k point   87 : (  0.0000,  0.3158, -0.3684)
   Mode, Frequency 
      1     56.2312 cm^-1  (      1.6858 THz )
      2     59.9810 cm^-1  (      1.7982 THz )
      3     83.5101 cm^-1  (      2.5036 THz )
      4    142.9439 cm^-1  (      4.2853 THz )
      5    191.9428 cm^-1  (      5.7543 THz )
      6    211.3838 cm^-1  (      6.3371 THz )

 # Irred. k point   88 : (  0.0000,  0.3158, -0.3158)
   Mode, Frequency 
      1     57.2762 cm^-1  (      1.7171 THz )
      2     57.6089 cm^-1  (      1.7271 THz )
      3     90.4568 cm^-1  (      2.7118 THz )
      4    138.4433 cm^-1  (      4.1504 THz )
      5    200.5083 cm^-1  (      6.0111 THz )
      6    222.5550 cm^-1  (      6.6720 THz )

 # Irred. k point   89 : (  0.0000,  0.3684,  0.3684)
   Mode, Frequency 
      1     43.2614 cm^-1  (      1.2969 THz )
      2     43.2614 cm^-1  (      1.2969 THz )
      3     76.3000 cm^-1  (      2.2874 THz )
      4    127.4547 cm^-1  (      3.8210 THz )
      5    127.4547 cm^-1  (      3.8210 THz )
      6    189.2868 cm^-1  (      5.6747 THz )

 # Irred. k point   90 : (  0.0000,  0.3684,  0.4211)
   Mode, Frequency 
      1     45.0095 cm^-1  (      1.3494 THz )
      2     45.6665 cm^-1  (      1.3690 THz )
      3     71.8995 cm^-1  (      2.1555 THz )
      4    132.3436 cm^-1  (      3.9676 THz )
      5    133.8382 cm^-1  (      4.0124 THz )
      6    177.8972 cm^-1  (      5.3332 THz )

 # Irred. k point   91 : (  0.0000,  0.3684,  0.4737)
   Mode, Frequency 
      1     47.2562 cm^-1  (      1.4167 THz )
      2     50.1925 cm^-1  (      1.5047 THz )
      3     68.8509 cm^-1  (      2.0641 THz )
      4    142.6301 cm^-1  (      4.2759 THz )
      5    147.4350 cm^-1  (      4.4200 THz )
      6    167.3983 cm^-1  (      5.0185 THz )

 # Irred. k point   92 : (  0.0000,  0.3684, -0.4737)
   Mode, Frequency 
      1     49.6457 cm^-1  (      1.4883 THz )
      2     56.4562 cm^-1  (      1.6925 THz )
      3     67.0304 cm^-1  (      2.0095 THz )
      4    155.5158 cm^-1  (      4.6622 THz )
      5    156.4205 cm^-1  (      4.6894 THz )
      6    165.3305 cm^-1  (      4.9565 THz )

 # Irred. k point   93 : (  0.0000,  0.3684, -0.4211)
   Mode, Frequency 
      1     52.0465 cm^-1  (      1.5603 THz )
      2     62.1391 cm^-1  (      1.8629 THz )
      3     67.6067 cm^-1  (      2.0268 THz )
      4    148.3759 cm^-1  (      4.4482 THz )
      5    168.8091 cm^-1  (      5.0608 THz )
      6    181.8440 cm^-1  (      5.4515 THz )

 # Irred. k point   94 : (  0.0000,  0.3684, -0.3684)
   Mode, Frequency 
      1     54.3451 cm^-1  (      1.6292 THz )
      2     61.8256 cm^-1  (      1.8535 THz )
      3     74.9770 cm^-1  (      2.2478 THz )
      4    142.9925 cm^-1  (      4.2868 THz )
      5    181.2084 cm^-1  (      5.4325 THz )
      6    197.5575 cm^-1  (      5.9226 THz )

 # Irred. k point   95 : (  0.0000,  0.4211,  0.4211)
   Mode, Frequency 
      1     45.2742 cm^-1  (      1.3573 THz )
      2     45.2742 cm^-1  (      1.3573 THz )
      3     68.6989 cm^-1  (      2.0595 THz )
      4    130.7427 cm^-1  (      3.9196 THz )
      5    130.7427 cm^-1  (      3.9196 THz )
      6    168.3086 cm^-1  (      5.0458 THz )

 # Irred. k point   96 : (  0.0000,  0.4211,  0.4737)
   Mode, Frequency 
      1     46.3326 cm^-1  (      1.3890 THz )
      2     47.2667 cm^-1  (      1.4170 THz )
      3     66.6591 cm^-1  (      1.9984 THz )
      4    135.3917 cm^-1  (      4.0589 THz )
      5    136.7458 cm^-1  (      4.0995 THz )
      6    160.4366 cm^-1  (      4.8098 THz )

 # Irred. k point   97 : (  0.0000,  0.4211, -0.4737)
   Mode, Frequency 
      1     47.9101 cm^-1  (      1.4363 THz )
      2     51.8367 cm^-1  (      1.5540 THz )
      3     65.2949 cm^-1  (      1.9575 THz )
      4    144.6209 cm^-1  (      4.3356 THz )
      5    149.2016 cm^-1  (      4.4730 THz )
      6    154.0845 cm^-1  (      4.6193 THz )

 # Irred. k point   98 : (  0.0000,  0.4211, -0.4211)
   Mode, Frequency 
      1     49.8436 cm^-1  (      1.4943 THz )
      2     58.4994 cm^-1  (      1.7538 THz )
      3     64.1737 cm^-1  (      1.9239 THz )
      4    149.4690 cm^-1  (      4.4810 THz )
      5    156.3233 cm^-1  (      4.6865 THz )
      6    165.1444 cm^-1  (      4.9509 THz )

 # Irred. k point   99 : (  0.0000,  0.4737,  0.4737)
   Mode, Frequency 
      1     46.1837 cm^-1  (      1.3846 THz )
      2     46.1837 cm^-1  (      1.3846 THz )
      3     65.6963 cm^-1  (      1.9695 THz )
      4    133.3761 cm^-1  (      3.9985 THz )
      5    133.3761 cm^-1  (      3.9985 THz )
      6    156.2327 cm^-1  (      4.6837 THz )

 # Irred. k point  100 : (  0.0000,  0.4737, -0.4737)
   Mode, Frequency 
      1     46.7366 cm^-1  (      1.4011 THz )
      2     47.8115 cm^-1  (      1.4334 THz )
      3     65.2580 cm^-1  (      1.9564 THz )
      4    136.7541 cm^-1  (      4.0998 THz )
      5    138.0664 cm^-1  (      4.1391 THz )
      6    154.0193 cm^-1  (      4.6174 THz )

 # Irred. k point  101 : (  0.0526,  0.1053,  0.1579)
   Mode, Frequency 
      1     17.5597 cm^-1  (      0.5264 THz )
      2     26.8392 cm^-1  (      0.8046 THz )
      3     48.9154 cm^-1  (      1.4664 THz )
      4    117.8748 cm^-1  (      3.5338 THz )
      5    135.0278 cm^-1  (      4.0480 THz )
      6    184.3278 cm^-1  (      5.5260 THz )

 # Irred. k point  102 : (  0.0526,  0.1053,  0.2105)
   Mode, Frequency 
      1     24.7801 cm^-1  (      0.7429 THz )
      2     35.5313 cm^-1  (      1.0652 THz )
      3     59.8408 cm^-1  (      1.7940 THz )
      4    128.1678 cm^-1  (      3.8424 THz )
      5    154.1082 cm^-1  (      4.6200 THz )
      6    205.0315 cm^-1  (      6.1467 THz )

 # Irred. k point  103 : (  0.0526,  0.1053,  0.2632)
   Mode, Frequency 
      1     33.2101 cm^-1  (      0.9956 THz )
      2     42.2519 cm^-1  (      1.2667 THz )
      3     69.9927 cm^-1  (      2.0983 THz )
      4    143.3469 cm^-1  (      4.2974 THz )
      5    171.6460 cm^-1  (      5.1458 THz )
      6    220.4446 cm^-1  (      6.6088 THz )

 # Irred. k point  104 : (  0.0526,  0.1053,  0.3158)
   Mode, Frequency 
      1     40.8462 cm^-1  (      1.2245 THz )
      2     47.2723 cm^-1  (      1.4172 THz )
      3     79.4810 cm^-1  (      2.3828 THz )
      4    159.4173 cm^-1  (      4.7792 THz )
      5    186.3606 cm^-1  (      5.5870 THz )
      6    230.5489 cm^-1  (      6.9117 THz )

 # Irred. k point  105 : (  0.0526,  0.1053,  0.3684)
   Mode, Frequency 
      1     47.3170 cm^-1  (      1.4185 THz )
      2     51.3430 cm^-1  (      1.5392 THz )
      3     88.1870 cm^-1  (      2.6438 THz )
      4    174.4729 cm^-1  (      5.2306 THz )
      5    197.9957 cm^-1  (      5.9358 THz )
      6    236.4543 cm^-1  (      7.0887 THz )

 # Irred. k point  106 : (  0.0526,  0.1053,  0.4211)
   Mode, Frequency 
      1     52.5276 cm^-1  (      1.5747 THz )
      2     54.8357 cm^-1  (      1.6439 THz )
      3     95.6458 cm^-1  (      2.8674 THz )
      4    187.5380 cm^-1  (      5.6222 THz )
      5    206.1647 cm^-1  (      6.1807 THz )
      6    239.4740 cm^-1  (      7.1792 THz )

 # Irred. k point  107 : (  0.0526,  0.1053,  0.4737)
   Mode, Frequency 
      1     56.2812 cm^-1  (      1.6873 THz )
      2     57.4891 cm^-1  (      1.7235 THz )
      3    101.1837 cm^-1  (      3.0334 THz )
      4    197.9971 cm^-1  (      5.9358 THz )
      5    210.3197 cm^-1  (      6.3052 THz )
      6    240.7561 cm^-1  (      7.2177 THz )

 # Irred. k point  108 : (  0.0526,  0.1053, -0.4737)
   Mode, Frequency 
      1     58.3312 cm^-1  (      1.7487 THz )
      2     58.8525 cm^-1  (      1.7644 THz )
      3    104.1511 cm^-1  (      3.1224 THz )
      4    205.2656 cm^-1  (      6.1537 THz )
      5    210.4029 cm^-1  (      6.3077 THz )
      6    241.1749 cm^-1  (      7.2302 THz )

 # Irred. k point  109 : (  0.0526,  0.1579,  0.2105)
   Mode, Frequency 
      1     24.1278 cm^-1  (      0.7233 THz )
      2     30.4041 cm^-1  (      0.9115 THz )
      3     68.2723 cm^-1  (      2.0468 THz )
      4    124.0559 cm^-1  (      3.7191 THz )
      5    138.6963 cm^-1  (      4.1580 THz )
      6    220.1288 cm^-1  (      6.5993 THz )

 # Irred. k point  110 : (  0.0526,  0.1579,  0.2632)
   Mode, Frequency 
      1     30.2089 cm^-1  (      0.9056 THz )
      2     37.9599 cm^-1  (      1.1380 THz )
      3     75.8372 cm^-1  (      2.2735 THz )
      4    132.1253 cm^-1  (      3.9610 THz )
      5    155.5569 cm^-1  (      4.6635 THz )
      6    229.9863 cm^-1  (      6.8948 THz )

 # Irred. k point  111 : (  0.0526,  0.1579,  0.3158)
   Mode, Frequency 
      1     37.4684 cm^-1  (      1.1233 THz )
      2     44.2952 cm^-1  (      1.3279 THz )
      3     81.9668 cm^-1  (      2.4573 THz )
      4    144.9049 cm^-1  (      4.3441 THz )
      5    172.1780 cm^-1  (      5.1618 THz )
      6    234.3822 cm^-1  (      7.0266 THz )

 # Irred. k point  112 : (  0.0526,  0.1579,  0.3684)
   Mode, Frequency 
      1     44.2653 cm^-1  (      1.3270 THz )
      2     49.5066 cm^-1  (      1.4842 THz )
      3     87.2886 cm^-1  (      2.6168 THz )
      4    159.4289 cm^-1  (      4.7796 THz )
      5    186.9437 cm^-1  (      5.6044 THz )
      6    235.0141 cm^-1  (      7.0455 THz )

 # Irred. k point  113 : (  0.0526,  0.1579,  0.4211)
   Mode, Frequency 
      1     50.0015 cm^-1  (      1.4990 THz )
      2     53.8023 cm^-1  (      1.6130 THz )
      3     92.0944 cm^-1  (      2.7609 THz )
      4    173.7143 cm^-1  (      5.2078 THz )
      5    198.4378 cm^-1  (      5.9490 THz )
      6    233.7410 cm^-1  (      7.0074 THz )

 # Irred. k point  114 : (  0.0526,  0.1579,  0.4737)
   Mode, Frequency 
      1     54.3701 cm^-1  (      1.6300 THz )
      2     57.0260 cm^-1  (      1.7096 THz )
      3     96.1919 cm^-1  (      2.8838 THz )
      4    186.4285 cm^-1  (      5.5890 THz )
      5    204.7573 cm^-1  (      6.1385 THz )
      6    232.5479 cm^-1  (      6.9716 THz )

 # Irred. k point  115 : (  0.0526,  0.1579, -0.4737)
   Mode, Frequency 
      1     57.1595 cm^-1  (      1.7136 THz )
      2     58.7674 cm^-1  (      1.7618 THz )
      3     99.1215 cm^-1  (      2.9716 THz )
      4    196.4595 cm^-1  (      5.8897 THz )
      5    204.5176 cm^-1  (      6.1313 THz )
      6    233.2327 cm^-1  (      6.9921 THz )

 # Irred. k point  116 : (  0.0526,  0.1579, -0.4211)
   Mode, Frequency 
      1     58.1870 cm^-1  (      1.7444 THz )
      2     58.7839 cm^-1  (      1.7623 THz )
      3    100.4107 cm^-1  (      3.0102 THz )
      4    196.5352 cm^-1  (      5.8920 THz )
      5    205.5218 cm^-1  (      6.1614 THz )
      6    235.2473 cm^-1  (      7.0525 THz )

 # Irred. k point  117 : (  0.0526,  0.1579, -0.3684)
   Mode, Frequency 
      1     56.5491 cm^-1  (      1.6953 THz )
      2     57.9144 cm^-1  (      1.7362 THz )
      3     99.7376 cm^-1  (      2.9901 THz )
      4    186.9183 cm^-1  (      5.6037 THz )
      5    209.1035 cm^-1  (      6.2688 THz )
      6    237.1850 cm^-1  (      7.1106 THz )

 # Irred. k point  118 : (  0.0526,  0.1579, -0.3158)
   Mode, Frequency 
      1     52.7568 cm^-1  (      1.5816 THz )
      2     55.9779 cm^-1  (      1.6782 THz )
      3     97.0323 cm^-1  (      2.9090 THz )
      4    174.8467 cm^-1  (      5.2418 THz )
      5    208.7413 cm^-1  (      6.2579 THz )
      6    238.4321 cm^-1  (      7.1480 THz )

 # Irred. k point  119 : (  0.0526,  0.1579, -0.2632)
   Mode, Frequency 
      1     47.3828 cm^-1  (      1.4205 THz )
      2     53.1460 cm^-1  (      1.5933 THz )
      3     92.4808 cm^-1  (      2.7725 THz )
      4    161.5674 cm^-1  (      4.8437 THz )
      5    204.1071 cm^-1  (      6.1190 THz )
      6    238.4186 cm^-1  (      7.1476 THz )

 # Irred. k point  120 : (  0.0526,  0.1579, -0.2105)
   Mode, Frequency 
      1     40.8216 cm^-1  (      1.2238 THz )
      2     49.9576 cm^-1  (      1.4977 THz )
      3     86.3733 cm^-1  (      2.5894 THz )
      4    148.2883 cm^-1  (      4.4456 THz )
      5    195.7953 cm^-1  (      5.8698 THz )
      6    236.2387 cm^-1  (      7.0823 THz )

 # Irred. k point  121 : (  0.0526,  0.1579, -0.1579)
   Mode, Frequency 
      1     33.7328 cm^-1  (      1.0113 THz )
      2     46.4283 cm^-1  (      1.3919 THz )
      3     78.8684 cm^-1  (      2.3644 THz )
      4    136.6809 cm^-1  (      4.0976 THz )
      5    184.4847 cm^-1  (      5.5307 THz )
      6    230.7045 cm^-1  (      6.9163 THz )

 # Irred. k point  122 : (  0.0526,  0.1579, -0.1053)
   Mode, Frequency 
      1     27.5303 cm^-1  (      0.8253 THz )
      2     41.8420 cm^-1  (      1.2544 THz )
      3     69.9554 cm^-1  (      2.0972 THz )
      4    129.0441 cm^-1  (      3.8686 THz )
      5    170.4647 cm^-1  (      5.1104 THz )
      6    220.5366 cm^-1  (      6.6115 THz )

 # Irred. k point  123 : (  0.0526,  0.2105,  0.2632)
   Mode, Frequency 
      1     30.4338 cm^-1  (      0.9124 THz )
      2     34.6770 cm^-1  (      1.0396 THz )
      3     82.1325 cm^-1  (      2.4623 THz )
      4    127.1782 cm^-1  (      3.8127 THz )
      5    140.4378 cm^-1  (      4.2102 THz )
      6    236.0922 cm^-1  (      7.0779 THz )

 # Irred. k point  124 : (  0.0526,  0.2105,  0.3158)
   Mode, Frequency 
      1     35.6152 cm^-1  (      1.0677 THz )
      2     41.1851 cm^-1  (      1.2347 THz )
      3     85.4383 cm^-1  (      2.5614 THz )
      4    133.2638 cm^-1  (      3.9951 THz )
      5    155.6723 cm^-1  (      4.6669 THz )
      6    235.3853 cm^-1  (      7.0567 THz )

 # Irred. k point  125 : (  0.0526,  0.2105,  0.3684)
   Mode, Frequency 
      1     41.7563 cm^-1  (      1.2518 THz )
      2     47.1433 cm^-1  (      1.4133 THz )
      3     87.1512 cm^-1  (      2.6127 THz )
      4    144.6580 cm^-1  (      4.3367 THz )
      5    171.8886 cm^-1  (      5.1531 THz )
      6    231.0274 cm^-1  (      6.9260 THz )

 # Irred. k point  126 : (  0.0526,  0.2105,  0.4211)
   Mode, Frequency 
      1     47.5012 cm^-1  (      1.4241 THz )
      2     52.3556 cm^-1  (      1.5696 THz )
      3     88.4557 cm^-1  (      2.6518 THz )
      4    158.5902 cm^-1  (      4.7544 THz )
      5    186.5775 cm^-1  (      5.5935 THz )
      6    225.1373 cm^-1  (      6.7494 THz )

 # Irred. k point  127 : (  0.0526,  0.2105,  0.4737)
   Mode, Frequency 
      1     52.1970 cm^-1  (      1.5648 THz )
      2     56.4296 cm^-1  (      1.6917 THz )
      3     90.1123 cm^-1  (      2.7015 THz )
      4    172.7094 cm^-1  (      5.1777 THz )
      5    196.2307 cm^-1  (      5.8828 THz )
      6    220.5037 cm^-1  (      6.6105 THz )

 # Irred. k point  128 : (  0.0526,  0.2105, -0.4737)
   Mode, Frequency 
      1     55.5643 cm^-1  (      1.6658 THz )
      2     58.7744 cm^-1  (      1.7620 THz )
      3     92.2895 cm^-1  (      2.7668 THz )
      4    185.1663 cm^-1  (      5.5511 THz )
      5    195.6469 cm^-1  (      5.8653 THz )
      6    221.9697 cm^-1  (      6.6545 THz )

 # Irred. k point  129 : (  0.0526,  0.2105, -0.4211)
   Mode, Frequency 
      1     57.4793 cm^-1  (      1.7232 THz )
      2     59.0329 cm^-1  (      1.7698 THz )
      3     94.6028 cm^-1  (      2.8361 THz )
      4    185.2479 cm^-1  (      5.5536 THz )
      5    197.0827 cm^-1  (      5.9084 THz )
      6    227.1904 cm^-1  (      6.8110 THz )

 # Irred. k point  130 : (  0.0526,  0.2105, -0.3684)
   Mode, Frequency 
      1     57.1186 cm^-1  (      1.7124 THz )
      2     58.0206 cm^-1  (      1.7394 THz )
      3     96.3183 cm^-1  (      2.8876 THz )
      4    173.6521 cm^-1  (      5.2060 THz )
      5    204.2960 cm^-1  (      6.1246 THz )
      6    231.9399 cm^-1  (      6.9534 THz )

 # Irred. k point  131 : (  0.0526,  0.2105, -0.3158)
   Mode, Frequency 
      1     53.5995 cm^-1  (      1.6069 THz )
      2     56.9406 cm^-1  (      1.7070 THz )
      3     96.7210 cm^-1  (      2.8996 THz )
      4    161.0701 cm^-1  (      4.8288 THz )
      5    207.9530 cm^-1  (      6.2343 THz )
      6    235.5053 cm^-1  (      7.0603 THz )

 # Irred. k point  132 : (  0.0526,  0.2105, -0.2632)
   Mode, Frequency 
      1     48.6427 cm^-1  (      1.4583 THz )
      2     54.7734 cm^-1  (      1.6421 THz )
      3     95.3674 cm^-1  (      2.8590 THz )
      4    149.3487 cm^-1  (      4.4774 THz )
      5    207.3191 cm^-1  (      6.2153 THz )
      6    237.8080 cm^-1  (      7.1293 THz )

 # Irred. k point  133 : (  0.0526,  0.2105, -0.2105)
   Mode, Frequency 
      1     42.8767 cm^-1  (      1.2854 THz )
      2     52.1309 cm^-1  (      1.5628 THz )
      3     92.0116 cm^-1  (      2.7584 THz )
      4    140.2804 cm^-1  (      4.2055 THz )
      5    202.7046 cm^-1  (      6.0769 THz )
      6    238.3979 cm^-1  (      7.1470 THz )

 # Irred. k point  134 : (  0.0526,  0.2105, -0.1579)
   Mode, Frequency 
      1     37.3866 cm^-1  (      1.1208 THz )
      2     49.4629 cm^-1  (      1.4829 THz )
      3     86.4601 cm^-1  (      2.5920 THz )
      4    135.6784 cm^-1  (      4.0675 THz )
      5    194.9106 cm^-1  (      5.8433 THz )
      6    236.3993 cm^-1  (      7.0871 THz )

 # Irred. k point  135 : (  0.0526,  0.2632,  0.3158)
   Mode, Frequency 
      1     36.1000 cm^-1  (      1.0823 THz )
      2     39.1221 cm^-1  (      1.1729 THz )
      3     87.7889 cm^-1  (      2.6318 THz )
      4    127.5416 cm^-1  (      3.8236 THz )
      5    140.5438 cm^-1  (      4.2134 THz )
      6    231.7343 cm^-1  (      6.9472 THz )

 # Irred. k point  136 : (  0.0526,  0.2632,  0.3684)
   Mode, Frequency 
      1     40.4182 cm^-1  (      1.2117 THz )
      2     44.7617 cm^-1  (      1.3419 THz )
      3     86.6483 cm^-1  (      2.5977 THz )
      4    132.9416 cm^-1  (      3.9855 THz )
      5    155.3978 cm^-1  (      4.6587 THz )
      6    223.6003 cm^-1  (      6.7034 THz )

 # Irred. k point  137 : (  0.0526,  0.2632,  0.4211)
   Mode, Frequency 
      1     45.4068 cm^-1  (      1.3613 THz )
      2     50.3079 cm^-1  (      1.5082 THz )
      3     84.7331 cm^-1  (      2.5402 THz )
      4    144.2471 cm^-1  (      4.3244 THz )
      5    171.6594 cm^-1  (      5.1462 THz )
      6    214.1303 cm^-1  (      6.4195 THz )

 # Irred. k point  138 : (  0.0526,  0.2632,  0.4737)
   Mode, Frequency 
      1     49.9696 cm^-1  (      1.4981 THz )
      2     55.2448 cm^-1  (      1.6562 THz )
      3     83.6462 cm^-1  (      2.5076 THz )
      4    158.3150 cm^-1  (      4.7462 THz )
      5    185.0173 cm^-1  (      5.5467 THz )
      6    205.8709 cm^-1  (      6.1719 THz )

 # Irred. k point  139 : (  0.0526,  0.2632, -0.4737)
   Mode, Frequency 
      1     53.6073 cm^-1  (      1.6071 THz )
      2     58.6149 cm^-1  (      1.7572 THz )
      3     84.4169 cm^-1  (      2.5308 THz )
      4    172.3621 cm^-1  (      5.1673 THz )
      5    184.9045 cm^-1  (      5.5433 THz )
      6    207.9897 cm^-1  (      6.2354 THz )

 # Irred. k point  140 : (  0.0526,  0.2632, -0.4211)
   Mode, Frequency 
      1     56.1642 cm^-1  (      1.6838 THz )
      2     59.5898 cm^-1  (      1.7865 THz )
      3     87.2097 cm^-1  (      2.6145 THz )
      4    173.0600 cm^-1  (      5.1882 THz )
      5    186.1474 cm^-1  (      5.5806 THz )
      6    216.9386 cm^-1  (      6.5037 THz )

 # Irred. k point  141 : (  0.0526,  0.2632, -0.3684)
   Mode, Frequency 
      1     57.5055 cm^-1  (      1.7240 THz )
      2     58.3148 cm^-1  (      1.7482 THz )
      3     91.0210 cm^-1  (      2.7287 THz )
      4    160.6820 cm^-1  (      4.8171 THz )
      5    196.4415 cm^-1  (      5.8892 THz )
      6    224.7437 cm^-1  (      6.7376 THz )

 # Irred. k point  142 : (  0.0526,  0.2632, -0.3158)
   Mode, Frequency 
      1     55.2845 cm^-1  (      1.6574 THz )
      2     57.5928 cm^-1  (      1.7266 THz )
      3     94.4125 cm^-1  (      2.8304 THz )
      4    149.0699 cm^-1  (      4.4690 THz )
      5    203.7847 cm^-1  (      6.1093 THz )
      6    230.7095 cm^-1  (      6.9165 THz )

 # Irred. k point  143 : (  0.0526,  0.2632, -0.2632)
   Mode, Frequency 
      1     51.1788 cm^-1  (      1.5343 THz )
      2     56.3503 cm^-1  (      1.6893 THz )
      3     96.1993 cm^-1  (      2.8840 THz )
      4    140.6162 cm^-1  (      4.2156 THz )
      5    207.2802 cm^-1  (      6.2141 THz )
      6    235.0349 cm^-1  (      7.0462 THz )

 # Irred. k point  144 : (  0.0526,  0.2632, -0.2105)
   Mode, Frequency 
      1     46.6740 cm^-1  (      1.3993 THz )
      2     54.3131 cm^-1  (      1.6283 THz )
      3     95.4901 cm^-1  (      2.8627 THz )
      4    137.3942 cm^-1  (      4.1190 THz )
      5    206.7462 cm^-1  (      6.1981 THz )
      6    237.7412 cm^-1  (      7.1273 THz )

 # Irred. k point  145 : (  0.0526,  0.3158,  0.3684)
   Mode, Frequency 
      1     40.7372 cm^-1  (      1.2213 THz )
      2     43.0682 cm^-1  (      1.2912 THz )
      3     84.6431 cm^-1  (      2.5375 THz )
      4    127.4979 cm^-1  (      3.8223 THz )
      5    140.4497 cm^-1  (      4.2106 THz )
      6    213.2470 cm^-1  (      6.3930 THz )

 # Irred. k point  146 : (  0.0526,  0.3158,  0.4211)
   Mode, Frequency 
      1     44.1456 cm^-1  (      1.3235 THz )
      2     47.9664 cm^-1  (      1.4380 THz )
      3     80.6471 cm^-1  (      2.4177 THz )
      4    133.4312 cm^-1  (      4.0002 THz )
      5    155.6092 cm^-1  (      4.6650 THz )
      6    201.7482 cm^-1  (      6.0483 THz )

 # Irred. k point  147 : (  0.0526,  0.3158,  0.4737)
   Mode, Frequency 
      1     47.9787 cm^-1  (      1.4384 THz )
      2     53.1959 cm^-1  (      1.5948 THz )
      3     77.5013 cm^-1  (      2.3234 THz )
      4    145.1705 cm^-1  (      4.3521 THz )
      5    171.4132 cm^-1  (      5.1388 THz )
      6    190.8847 cm^-1  (      5.7226 THz )

 # Irred. k point  148 : (  0.0526,  0.3158, -0.4737)
   Mode, Frequency 
      1     51.4513 cm^-1  (      1.5425 THz )
      2     57.8707 cm^-1  (      1.7349 THz )
      3     76.5517 cm^-1  (      2.2950 THz )
      4    159.2265 cm^-1  (      4.7735 THz )
      5    173.9131 cm^-1  (      5.2138 THz )
      6    192.0631 cm^-1  (      5.7579 THz )

 # Irred. k point  149 : (  0.0526,  0.3158, -0.4211)
   Mode, Frequency 
      1     54.2912 cm^-1  (      1.6276 THz )
      2     60.2510 cm^-1  (      1.8063 THz )
      3     78.8878 cm^-1  (      2.3650 THz )
      4    162.0972 cm^-1  (      4.8596 THz )
      5    173.7818 cm^-1  (      5.2098 THz )
      6    204.4439 cm^-1  (      6.1291 THz )

 # Irred. k point  150 : (  0.0526,  0.3158, -0.3684)
   Mode, Frequency 
      1     56.3809 cm^-1  (      1.6903 THz )
      2     59.7827 cm^-1  (      1.7922 THz )
      3     84.0603 cm^-1  (      2.5201 THz )
      4    150.6220 cm^-1  (      4.5155 THz )
      5    186.2238 cm^-1  (      5.5828 THz )
      6    215.3021 cm^-1  (      6.4546 THz )

 # Irred. k point  151 : (  0.0526,  0.3158, -0.3158)
   Mode, Frequency 
      1     57.4567 cm^-1  (      1.7225 THz )
      2     57.5956 cm^-1  (      1.7267 THz )
      3     89.8788 cm^-1  (      2.6945 THz )
      4    141.6314 cm^-1  (      4.2460 THz )
      5    196.4618 cm^-1  (      5.8898 THz )
      6    223.9009 cm^-1  (      6.7124 THz )

 # Irred. k point  152 : (  0.0526,  0.3158, -0.2632)
   Mode, Frequency 
      1     54.4324 cm^-1  (      1.6318 THz )
      2     57.4397 cm^-1  (      1.7220 THz )
      3     94.3528 cm^-1  (      2.8286 THz )
      4    137.7836 cm^-1  (      4.1306 THz )
      5    203.6516 cm^-1  (      6.1053 THz )
      6    230.4060 cm^-1  (      6.9074 THz )

 # Irred. k point  153 : (  0.0526,  0.3684,  0.4211)
   Mode, Frequency 
      1     44.0574 cm^-1  (      1.3208 THz )
      2     46.0771 cm^-1  (      1.3814 THz )
      3     76.1481 cm^-1  (      2.2829 THz )
      4    129.1630 cm^-1  (      3.8722 THz )
      5    141.5653 cm^-1  (      4.2440 THz )
      6    189.3232 cm^-1  (      5.6758 THz )

 # Irred. k point  154 : (  0.0526,  0.3684,  0.4737)
   Mode, Frequency 
      1     46.5887 cm^-1  (      1.3967 THz )
      2     50.5499 cm^-1  (      1.5154 THz )
      3     72.3591 cm^-1  (      2.1693 THz )
      4    135.7315 cm^-1  (      4.0691 THz )
      5    156.6641 cm^-1  (      4.6967 THz )
      6    177.9021 cm^-1  (      5.3334 THz )

 # Irred. k point  155 : (  0.0526,  0.3684, -0.4737)
   Mode, Frequency 
      1     49.4284 cm^-1  (      1.4818 THz )
      2     55.9950 cm^-1  (      1.6787 THz )
      3     70.1829 cm^-1  (      2.1040 THz )
      4    147.3196 cm^-1  (      4.4165 THz )
      5    164.4545 cm^-1  (      4.9302 THz )
      6    175.3811 cm^-1  (      5.2578 THz )

 # Irred. k point  156 : (  0.0526,  0.3684, -0.4211)
   Mode, Frequency 
      1     52.1170 cm^-1  (      1.5624 THz )
      2     60.7141 cm^-1  (      1.8202 THz )
      3     70.6132 cm^-1  (      2.1169 THz )
      4    154.4114 cm^-1  (      4.6291 THz )
      5    161.0678 cm^-1  (      4.8287 THz )
      6    190.0419 cm^-1  (      5.6973 THz )

 # Irred. k point  157 : (  0.0526,  0.3684, -0.3684)
   Mode, Frequency 
      1     54.5178 cm^-1  (      1.6344 THz )
      2     61.4654 cm^-1  (      1.8427 THz )
      3     75.8716 cm^-1  (      2.2746 THz )
      4    145.6268 cm^-1  (      4.3658 THz )
      5    174.3514 cm^-1  (      5.2269 THz )
      6    203.5635 cm^-1  (      6.1027 THz )

 # Irred. k point  158 : (  0.0526,  0.3684, -0.3158)
   Mode, Frequency 
      1     56.4252 cm^-1  (      1.6916 THz )
      2     59.8370 cm^-1  (      1.7939 THz )
      3     83.2716 cm^-1  (      2.4964 THz )
      4    140.6100 cm^-1  (      4.2154 THz )
      5    186.4402 cm^-1  (      5.5893 THz )
      6    214.8817 cm^-1  (      6.4420 THz )

 # Irred. k point  159 : (  0.0526,  0.4211,  0.4737)
   Mode, Frequency 
      1     46.0603 cm^-1  (      1.3809 THz )
      2     48.1301 cm^-1  (      1.4429 THz )
      3     68.7479 cm^-1  (      2.0610 THz )
      4    132.3596 cm^-1  (      3.9680 THz )
      5    143.8310 cm^-1  (      4.3119 THz )
      6    167.8401 cm^-1  (      5.0317 THz )

 # Irred. k point  160 : (  0.0526,  0.4211, -0.4737)
   Mode, Frequency 
      1     47.8739 cm^-1  (      1.4352 THz )
      2     52.6614 cm^-1  (      1.5787 THz )
      3     66.6782 cm^-1  (      1.9990 THz )
      4    138.5987 cm^-1  (      4.1551 THz )
      5    156.9737 cm^-1  (      4.7060 THz )
      6    160.4372 cm^-1  (      4.8098 THz )

 # Irred. k point  161 : (  0.0526,  0.4211, -0.4211)
   Mode, Frequency 
      1     50.0226 cm^-1  (      1.4996 THz )
      2     59.0547 cm^-1  (      1.7704 THz )
      3     65.1076 cm^-1  (      1.9519 THz )
      4    149.1172 cm^-1  (      4.4704 THz )
      5    151.2352 cm^-1  (      4.5339 THz )
      6    174.5577 cm^-1  (      5.2331 THz )

 # Irred. k point  162 : (  0.0526,  0.4211, -0.3684)
   Mode, Frequency 
      1     52.2877 cm^-1  (      1.5675 THz )
      2     63.0392 cm^-1  (      1.8899 THz )
      3     67.4167 cm^-1  (      2.0211 THz )
      4    146.2483 cm^-1  (      4.3844 THz )
      5    161.6412 cm^-1  (      4.8459 THz )
      6    189.7893 cm^-1  (      5.6897 THz )

 # Irred. k point  163 : (  0.0526,  0.4737, -0.4737)
   Mode, Frequency 
      1     46.9689 cm^-1  (      1.4081 THz )
      2     49.2668 cm^-1  (      1.4770 THz )
      3     65.4888 cm^-1  (      1.9633 THz )
      4    134.9274 cm^-1  (      4.0450 THz )
      5    145.7397 cm^-1  (      4.3692 THz )
      6    155.1345 cm^-1  (      4.6508 THz )

 # Irred. k point  164 : (  0.0526,  0.4737, -0.4211)
   Mode, Frequency 
      1     48.2619 cm^-1  (      1.4469 THz )
      2     53.6825 cm^-1  (      1.6094 THz )
      3     64.7210 cm^-1  (      1.9403 THz )
      4    139.8921 cm^-1  (      4.1939 THz )
      5    151.7647 cm^-1  (      4.5498 THz )
      6    159.2518 cm^-1  (      4.7742 THz )

 # Irred. k point  165 : (  0.1053,  0.2105,  0.3158)
   Mode, Frequency 
      1     33.2776 cm^-1  (      0.9976 THz )
      2     43.6975 cm^-1  (      1.3100 THz )
      3     82.2985 cm^-1  (      2.4672 THz )
      4    131.6272 cm^-1  (      3.9461 THz )
      5    170.8085 cm^-1  (      5.1207 THz )
      6    234.7842 cm^-1  (      7.0387 THz )

 # Irred. k point  166 : (  0.1053,  0.2105,  0.3684)
   Mode, Frequency 
      1     38.7907 cm^-1  (      1.1629 THz )
      2     48.3884 cm^-1  (      1.4506 THz )
      3     87.0820 cm^-1  (      2.6107 THz )
      4    137.4930 cm^-1  (      4.1219 THz )
      5    184.8792 cm^-1  (      5.5425 THz )
      6    235.2461 cm^-1  (      7.0525 THz )

 # Irred. k point  167 : (  0.1053,  0.2105,  0.4211)
   Mode, Frequency 
      1     44.9354 cm^-1  (      1.3471 THz )
      2     52.3496 cm^-1  (      1.5694 THz )
      3     90.5492 cm^-1  (      2.7146 THz )
      4    147.9273 cm^-1  (      4.4347 THz )
      5    196.3324 cm^-1  (      5.8859 THz )
      6    233.2363 cm^-1  (      6.9922 THz )

 # Irred. k point  168 : (  0.1053,  0.2105,  0.4737)
   Mode, Frequency 
      1     50.4896 cm^-1  (      1.5136 THz )
      2     55.6404 cm^-1  (      1.6681 THz )
      3     93.1171 cm^-1  (      2.7916 THz )
      4    160.6993 cm^-1  (      4.8176 THz )
      5    203.2154 cm^-1  (      6.0922 THz )
      6    230.8024 cm^-1  (      6.9193 THz )

 # Irred. k point  169 : (  0.1053,  0.2105, -0.4737)
   Mode, Frequency 
      1     54.7927 cm^-1  (      1.6426 THz )
      2     57.8928 cm^-1  (      1.7356 THz )
      3     94.8797 cm^-1  (      2.8444 THz )
      4    173.8645 cm^-1  (      5.2123 THz )
      5    203.3556 cm^-1  (      6.0964 THz )
      6    229.9432 cm^-1  (      6.8935 THz )

 # Irred. k point  170 : (  0.1053,  0.2105, -0.4211)
   Mode, Frequency 
      1     57.4523 cm^-1  (      1.7224 THz )
      2     58.7094 cm^-1  (      1.7601 THz )
      3     95.7786 cm^-1  (      2.8714 THz )
      4    185.6852 cm^-1  (      5.5667 THz )
      5    197.5434 cm^-1  (      5.9222 THz )
      6    230.3533 cm^-1  (      6.9058 THz )

 # Irred. k point  171 : (  0.1053,  0.2632,  0.3684)
   Mode, Frequency 
      1     38.6297 cm^-1  (      1.1581 THz )
      2     46.4874 cm^-1  (      1.3937 THz )
      3     87.5917 cm^-1  (      2.6259 THz )
      4    131.7351 cm^-1  (      3.9493 THz )
      5    170.5364 cm^-1  (      5.1126 THz )
      6    231.2176 cm^-1  (      6.9317 THz )

 # Irred. k point  172 : (  0.1053,  0.2632,  0.4211)
   Mode, Frequency 
      1     43.3554 cm^-1  (      1.2998 THz )
      2     51.2297 cm^-1  (      1.5358 THz )
      3     88.2271 cm^-1  (      2.6450 THz )
      4    137.0194 cm^-1  (      4.1077 THz )
      5    184.7271 cm^-1  (      5.5380 THz )
      6    224.9098 cm^-1  (      6.7426 THz )

 # Irred. k point  173 : (  0.1053,  0.2632,  0.4737)
   Mode, Frequency 
      1     48.4242 cm^-1  (      1.4517 THz )
      2     55.1905 cm^-1  (      1.6546 THz )
      3     88.3568 cm^-1  (      2.6489 THz )
      4    147.4152 cm^-1  (      4.4194 THz )
      5    194.8275 cm^-1  (      5.8408 THz )
      6    219.2551 cm^-1  (      6.5731 THz )

 # Irred. k point  174 : (  0.1053,  0.2632, -0.4737)
   Mode, Frequency 
      1     52.8362 cm^-1  (      1.5840 THz )
      2     57.9548 cm^-1  (      1.7374 THz )
      3     88.7728 cm^-1  (      2.6613 THz )
      4    160.3535 cm^-1  (      4.8073 THz )
      5    194.9362 cm^-1  (      5.8440 THz )
      6    219.3190 cm^-1  (      6.5750 THz )

 # Irred. k point  175 : (  0.1053,  0.2632, -0.4211)
   Mode, Frequency 
      1     56.0685 cm^-1  (      1.6809 THz )
      2     59.0734 cm^-1  (      1.7710 THz )
      3     89.7280 cm^-1  (      2.6900 THz )
      4    173.4673 cm^-1  (      5.2004 THz )
      5    186.4829 cm^-1  (      5.5906 THz )
      6    223.5330 cm^-1  (      6.7014 THz )

 # Irred. k point  176 : (  0.1053,  0.2632, -0.3684)
   Mode, Frequency 
      1     57.7379 cm^-1  (      1.7309 THz )
      2     58.4944 cm^-1  (      1.7536 THz )
      3     91.0695 cm^-1  (      2.7302 THz )
      4    173.4108 cm^-1  (      5.1987 THz )
      5    186.9423 cm^-1  (      5.6044 THz )
      6    226.8287 cm^-1  (      6.8002 THz )

 # Irred. k point  177 : (  0.1053,  0.2632, -0.3158)
   Mode, Frequency 
      1     55.7578 cm^-1  (      1.6716 THz )
      2     58.3333 cm^-1  (      1.7488 THz )
      3     92.3448 cm^-1  (      2.7684 THz )
      4    160.8624 cm^-1  (      4.8225 THz )
      5    196.7021 cm^-1  (      5.8970 THz )
      6    228.3015 cm^-1  (      6.8443 THz )

 # Irred. k point  178 : (  0.1053,  0.2632, -0.2632)
   Mode, Frequency 
      1     51.9141 cm^-1  (      1.5563 THz )
      2     57.1682 cm^-1  (      1.7139 THz )
      3     93.0180 cm^-1  (      2.7886 THz )
      4    148.9235 cm^-1  (      4.4646 THz )
      5    202.6206 cm^-1  (      6.0744 THz )
      6    228.8482 cm^-1  (      6.8607 THz )

 # Irred. k point  179 : (  0.1053,  0.2632, -0.2105)
   Mode, Frequency 
      1     47.1521 cm^-1  (      1.4136 THz )
      2     54.8516 cm^-1  (      1.6444 THz )
      3     92.6234 cm^-1  (      2.7768 THz )
      4    139.7944 cm^-1  (      4.1909 THz )
      5    202.2157 cm^-1  (      6.0623 THz )
      6    230.4459 cm^-1  (      6.9086 THz )

 # Irred. k point  180 : (  0.1053,  0.2632, -0.1579)
   Mode, Frequency 
      1     42.3584 cm^-1  (      1.2699 THz )
      2     51.8464 cm^-1  (      1.5543 THz )
      3     90.7210 cm^-1  (      2.7197 THz )
      4    135.5902 cm^-1  (      4.0649 THz )
      5    195.5332 cm^-1  (      5.8619 THz )
      6    233.2599 cm^-1  (      6.9930 THz )

 # Irred. k point  181 : (  0.1053,  0.3158,  0.4211)
   Mode, Frequency 
      1     43.0834 cm^-1  (      1.2916 THz )
      2     49.6197 cm^-1  (      1.4876 THz )
      3     84.9682 cm^-1  (      2.5473 THz )
      4    131.5731 cm^-1  (      3.9445 THz )
      5    170.4341 cm^-1  (      5.1095 THz )
      6    214.0301 cm^-1  (      6.4165 THz )

 # Irred. k point  182 : (  0.1053,  0.3158,  0.4737)
   Mode, Frequency 
      1     46.9284 cm^-1  (      1.4069 THz )
      2     54.1276 cm^-1  (      1.6227 THz )
      3     82.9734 cm^-1  (      2.4875 THz )
      4    137.4020 cm^-1  (      4.1192 THz )
      5    183.7326 cm^-1  (      5.5082 THz )
      6    205.1638 cm^-1  (      6.1507 THz )

 # Irred. k point  183 : (  0.1053,  0.3158, -0.4737)
   Mode, Frequency 
      1     50.9043 cm^-1  (      1.5261 THz )
      2     57.6769 cm^-1  (      1.7291 THz )
      3     81.9584 cm^-1  (      2.4571 THz )
      4    148.2346 cm^-1  (      4.4440 THz )
      5    184.7998 cm^-1  (      5.5402 THz )
      6    205.8097 cm^-1  (      6.1700 THz )

 # Irred. k point  184 : (  0.1053,  0.3158, -0.4211)
   Mode, Frequency 
      1     54.2814 cm^-1  (      1.6273 THz )
      2     59.5440 cm^-1  (      1.7851 THz )
      3     82.6919 cm^-1  (      2.4790 THz )
      4    161.1866 cm^-1  (      4.8323 THz )
      5    174.5887 cm^-1  (      5.2340 THz )
      6    214.1465 cm^-1  (      6.4200 THz )

 # Irred. k point  185 : (  0.1053,  0.3158, -0.3684)
   Mode, Frequency 
      1     56.7162 cm^-1  (      1.7003 THz )
      2     59.3573 cm^-1  (      1.7795 THz )
      3     85.1459 cm^-1  (      2.5526 THz )
      4    161.7377 cm^-1  (      4.8488 THz )
      5    174.9817 cm^-1  (      5.2458 THz )
      6    221.0510 cm^-1  (      6.6269 THz )

 # Irred. k point  186 : (  0.1053,  0.3158, -0.3158)
   Mode, Frequency 
      1     57.3284 cm^-1  (      1.7187 THz )
      2     58.1205 cm^-1  (      1.7424 THz )
      3     88.4439 cm^-1  (      2.6515 THz )
      4    150.1799 cm^-1  (      4.5023 THz )
      5    186.9041 cm^-1  (      5.6032 THz )
      6    225.4538 cm^-1  (      6.7589 THz )

 # Irred. k point  187 : (  0.1053,  0.3158, -0.2632)
   Mode, Frequency 
      1     54.2543 cm^-1  (      1.6265 THz )
      2     58.1019 cm^-1  (      1.7419 THz )
      3     91.4179 cm^-1  (      2.7406 THz )
      4    141.2534 cm^-1  (      4.2347 THz )
      5    196.6022 cm^-1  (      5.8940 THz )
      6    227.6064 cm^-1  (      6.8235 THz )

 # Irred. k point  188 : (  0.1053,  0.3158, -0.2105)
   Mode, Frequency 
      1     50.5587 cm^-1  (      1.5157 THz )
      2     56.9074 cm^-1  (      1.7060 THz )
      3     93.0005 cm^-1  (      2.7881 THz )
      4    137.3396 cm^-1  (      4.1173 THz )
      5    202.3634 cm^-1  (      6.0667 THz )
      6    228.6141 cm^-1  (      6.8537 THz )

 # Irred. k point  189 : (  0.1053,  0.3684,  0.4737)
   Mode, Frequency 
      1     46.3045 cm^-1  (      1.3882 THz )
      2     52.3750 cm^-1  (      1.5702 THz )
      3     77.3445 cm^-1  (      2.3187 THz )
      4    133.0971 cm^-1  (      3.9902 THz )
      5    170.4152 cm^-1  (      5.1089 THz )
      6    190.7247 cm^-1  (      5.7178 THz )

 # Irred. k point  190 : (  0.1053,  0.3684, -0.4737)
   Mode, Frequency 
      1     49.2970 cm^-1  (      1.4779 THz )
      2     56.7029 cm^-1  (      1.6999 THz )
      3     75.2336 cm^-1  (      2.2554 THz )
      4    139.5512 cm^-1  (      4.1836 THz )
      5    174.3075 cm^-1  (      5.2256 THz )
      6    190.3079 cm^-1  (      5.7053 THz )

 # Irred. k point  191 : (  0.1053,  0.3684, -0.4211)
   Mode, Frequency 
      1     52.3431 cm^-1  (      1.5692 THz )
      2     59.8772 cm^-1  (      1.7951 THz )
      3     75.2884 cm^-1  (      2.2571 THz )
      4    150.2750 cm^-1  (      4.5051 THz )
      5    163.9769 cm^-1  (      4.9159 THz )
      6    202.1537 cm^-1  (      6.0604 THz )

 # Irred. k point  192 : (  0.1053,  0.3684, -0.3684)
   Mode, Frequency 
      1     54.9785 cm^-1  (      1.6482 THz )
      2     60.6508 cm^-1  (      1.8183 THz )
      3     78.2409 cm^-1  (      2.3456 THz )
      4    152.8871 cm^-1  (      4.5834 THz )
      5    163.0086 cm^-1  (      4.8869 THz )
      6    212.4678 cm^-1  (      6.3696 THz )

 # Irred. k point  193 : (  0.1053,  0.3684, -0.3158)
   Mode, Frequency 
      1     56.9683 cm^-1  (      1.7079 THz )
      2     59.3399 cm^-1  (      1.7790 THz )
      3     83.0921 cm^-1  (      2.4910 THz )
      4    144.1210 cm^-1  (      4.3206 THz )
      5    175.5485 cm^-1  (      5.2628 THz )
      6    220.1169 cm^-1  (      6.5989 THz )

 # Irred. k point  194 : (  0.1053,  0.3684, -0.2632)
   Mode, Frequency 
      1     56.9601 cm^-1  (      1.7076 THz )
      2     58.0735 cm^-1  (      1.7410 THz )
      3     87.9627 cm^-1  (      2.6371 THz )
      4    139.6346 cm^-1  (      4.1861 THz )
      5    187.0956 cm^-1  (      5.6090 THz )
      6    225.0717 cm^-1  (      6.7475 THz )

 # Irred. k point  195 : (  0.1053,  0.4211, -0.4737)
   Mode, Frequency 
      1     48.2665 cm^-1  (      1.4470 THz )
      2     54.8722 cm^-1  (      1.6450 THz )
      3     69.8197 cm^-1  (      2.0931 THz )
      4    136.1016 cm^-1  (      4.0802 THz )
      5    164.9048 cm^-1  (      4.9437 THz )
      6    174.3055 cm^-1  (      5.2255 THz )

 # Irred. k point  196 : (  0.1053,  0.4211, -0.4211)
   Mode, Frequency 
      1     50.5653 cm^-1  (      1.5159 THz )
      2     59.6371 cm^-1  (      1.7879 THz )
      3     68.6361 cm^-1  (      2.0577 THz )
      4    142.2607 cm^-1  (      4.2649 THz )
      5    156.3200 cm^-1  (      4.6864 THz )
      6    188.1701 cm^-1  (      5.6412 THz )

 # Irred. k point  197 : (  0.1053,  0.4211, -0.3684)
   Mode, Frequency 
      1     52.9577 cm^-1  (      1.5876 THz )
      2     62.1040 cm^-1  (      1.8618 THz )
      3     70.8086 cm^-1  (      2.1228 THz )
      4    148.4262 cm^-1  (      4.4497 THz )
      5    152.1222 cm^-1  (      4.5605 THz )
      6    201.2323 cm^-1  (      6.0328 THz )

 # Irred. k point  198 : (  0.1053,  0.4211, -0.3158)
   Mode, Frequency 
      1     55.1729 cm^-1  (      1.6540 THz )
      2     61.1902 cm^-1  (      1.8344 THz )
      3     76.7135 cm^-1  (      2.2998 THz )
      4    143.7866 cm^-1  (      4.3106 THz )
      5    163.6231 cm^-1  (      4.9053 THz )
      6    211.9972 cm^-1  (      6.3555 THz )

 # Irred. k point  199 : (  0.1053,  0.4737, -0.4211)
   Mode, Frequency 
      1     49.1641 cm^-1  (      1.4739 THz )
      2     57.2978 cm^-1  (      1.7177 THz )
      3     65.1015 cm^-1  (      1.9517 THz )
      4    138.5261 cm^-1  (      4.1529 THz )
      5    152.3496 cm^-1  (      4.5673 THz )
      6    173.3567 cm^-1  (      5.1971 THz )

 # Irred. k point  200 : (  0.1053,  0.4737, -0.3684)
   Mode, Frequency 
      1     50.9538 cm^-1  (      1.5276 THz )
      2     63.5564 cm^-1  (      1.9054 THz )
      3     63.6168 cm^-1  (      1.9072 THz )
      4    143.4898 cm^-1  (      4.3017 THz )
      5    148.5932 cm^-1  (      4.4547 THz )
      6    187.9076 cm^-1  (      5.6333 THz )

 # Irred. k point  201 : (  0.1579,  0.3158,  0.4737)
   Mode, Frequency 
      1     46.5530 cm^-1  (      1.3956 THz )
      2     54.7900 cm^-1  (      1.6426 THz )
      3     88.3823 cm^-1  (      2.6496 THz )
      4    135.3927 cm^-1  (      4.0590 THz )
      5    194.2971 cm^-1  (      5.8249 THz )
      6    219.0625 cm^-1  (      6.5673 THz )

 # Irred. k point  202 : (  0.1579,  0.3158, -0.4737)
   Mode, Frequency 
      1     50.5064 cm^-1  (      1.5141 THz )
      2     57.4614 cm^-1  (      1.7226 THz )
      3     87.8890 cm^-1  (      2.6348 THz )
      4    140.2109 cm^-1  (      4.2034 THz )
      5    194.6694 cm^-1  (      5.8360 THz )
      6    218.5578 cm^-1  (      6.5522 THz )

 # Irred. k point  203 : (  0.1579,  0.3158, -0.4211)
   Mode, Frequency 
      1     54.2351 cm^-1  (      1.6259 THz )
      2     58.8618 cm^-1  (      1.7646 THz )
      3     87.1900 cm^-1  (      2.6139 THz )
      4    149.8116 cm^-1  (      4.4912 THz )
      5    186.3842 cm^-1  (      5.5877 THz )
      6    222.2110 cm^-1  (      6.6617 THz )

 # Irred. k point  204 : (  0.1579,  0.3158, -0.3684)
   Mode, Frequency 
      1     57.0591 cm^-1  (      1.7106 THz )
      2     58.7843 cm^-1  (      1.7623 THz )
      3     86.7084 cm^-1  (      2.5995 THz )
      4    161.7850 cm^-1  (      4.8502 THz )
      5    174.9369 cm^-1  (      5.2445 THz )
      6    224.7062 cm^-1  (      6.7365 THz )

 # Irred. k point  205 : (  0.1579,  0.3684, -0.4737)
   Mode, Frequency 
      1     49.6059 cm^-1  (      1.4871 THz )
      2     57.3468 cm^-1  (      1.7192 THz )
      3     81.6166 cm^-1  (      2.4468 THz )
      4    136.8563 cm^-1  (      4.1028 THz )
      5    184.8366 cm^-1  (      5.5413 THz )
      6    205.3169 cm^-1  (      6.1552 THz )

 # Irred. k point  206 : (  0.1579,  0.3684, -0.4211)
   Mode, Frequency 
      1     52.7396 cm^-1  (      1.5811 THz )
      2     59.3392 cm^-1  (      1.7789 THz )
      3     81.0378 cm^-1  (      2.4295 THz )
      4    142.3334 cm^-1  (      4.2670 THz )
      5    175.1096 cm^-1  (      5.2497 THz )
      6    213.2142 cm^-1  (      6.3920 THz )

 # Irred. k point  207 : (  0.1579,  0.3684, -0.3684)
   Mode, Frequency 
      1     55.6019 cm^-1  (      1.6669 THz )
      2     59.7454 cm^-1  (      1.7911 THz )
      3     81.4858 cm^-1  (      2.4429 THz )
      4    151.8664 cm^-1  (      4.5528 THz )
      5    163.6130 cm^-1  (      4.9050 THz )
      6    219.6196 cm^-1  (      6.5840 THz )

 # Irred. k point  208 : (  0.1579,  0.3684, -0.3158)
   Mode, Frequency 
      1     57.6952 cm^-1  (      1.7297 THz )
      2     58.6449 cm^-1  (      1.7581 THz )
      3     82.9523 cm^-1  (      2.4868 THz )
      4    152.3467 cm^-1  (      4.5672 THz )
      5    163.6035 cm^-1  (      4.9047 THz )
      6    223.2051 cm^-1  (      6.6915 THz )

 # Irred. k point  209 : (  0.1579,  0.3684, -0.2632)
   Mode, Frequency 
      1     56.2857 cm^-1  (      1.6874 THz )
      2     58.8702 cm^-1  (      1.7649 THz )
      3     84.9717 cm^-1  (      2.5474 THz )
      4    143.5123 cm^-1  (      4.3024 THz )
      5    175.5071 cm^-1  (      5.2616 THz )
      6    223.8968 cm^-1  (      6.7123 THz )

 # Irred. k point  210 : (  0.1579,  0.3684, -0.2105)
   Mode, Frequency 
      1     53.3761 cm^-1  (      1.6002 THz )
      2     58.7677 cm^-1  (      1.7618 THz )
      3     86.7930 cm^-1  (      2.6020 THz )
      4    138.9171 cm^-1  (      4.1646 THz )
      5    186.5334 cm^-1  (      5.5921 THz )
      6    221.8632 cm^-1  (      6.6513 THz )

 # Irred. k point  211 : (  0.1579,  0.4211, -0.4211)
   Mode, Frequency 
      1     51.4779 cm^-1  (      1.5433 THz )
      2     59.6315 cm^-1  (      1.7877 THz )
      3     74.4573 cm^-1  (      2.2322 THz )
      4    139.7233 cm^-1  (      4.1888 THz )
      5    164.5930 cm^-1  (      4.9344 THz )
      6    201.5567 cm^-1  (      6.0425 THz )

 # Irred. k point  212 : (  0.1579,  0.4211, -0.3684)
   Mode, Frequency 
      1     53.9502 cm^-1  (      1.6174 THz )
      2     60.9062 cm^-1  (      1.8259 THz )
      3     75.5439 cm^-1  (      2.2647 THz )
      4    144.9668 cm^-1  (      4.3460 THz )
      5    154.7820 cm^-1  (      4.6402 THz )
      6    211.4322 cm^-1  (      6.3386 THz )

 # Irred. k point  213 : (  0.1579,  0.4211, -0.3158)
   Mode, Frequency 
      1     56.2068 cm^-1  (      1.6850 THz )
      2     60.2848 cm^-1  (      1.8073 THz )
      3     78.3610 cm^-1  (      2.3492 THz )
      4    146.8716 cm^-1  (      4.4031 THz )
      5    153.6923 cm^-1  (      4.6076 THz )
      6    218.5609 cm^-1  (      6.5523 THz )

 # Irred. k point  214 : (  0.1579,  0.4211, -0.2632)
   Mode, Frequency 
      1     57.9267 cm^-1  (      1.7366 THz )
      2     58.5006 cm^-1  (      1.7538 THz )
      3     81.8674 cm^-1  (      2.4543 THz )
      4    142.6510 cm^-1  (      4.2766 THz )
      5    164.2494 cm^-1  (      4.9241 THz )
      6    222.7454 cm^-1  (      6.6777 THz )

 # Irred. k point  215 : (  0.1579,  0.4737, -0.3684)
   Mode, Frequency 
      1     52.3406 cm^-1  (      1.5691 THz )
      2     62.2110 cm^-1  (      1.8650 THz )
      3     69.3273 cm^-1  (      2.0784 THz )
      4    142.0282 cm^-1  (      4.2579 THz )
      5    149.6618 cm^-1  (      4.4867 THz )
      6    200.5915 cm^-1  (      6.0136 THz )

 # Irred. k point  216 : (  0.1579,  0.4737, -0.3158)
   Mode, Frequency 
      1     54.3261 cm^-1  (      1.6287 THz )
      2     61.8261 cm^-1  (      1.8535 THz )
      3     73.3490 cm^-1  (      2.1989 THz )
      4    146.1394 cm^-1  (      4.3811 THz )
      5    146.1593 cm^-1  (      4.3817 THz )
      6    210.9046 cm^-1  (      6.3228 THz )

 # Irred. k point  217 : (  0.2105,  0.4211, -0.3684)
   Mode, Frequency 
      1     55.1028 cm^-1  (      1.6519 THz )
      2     59.8224 cm^-1  (      1.7934 THz )
      3     80.5256 cm^-1  (      2.4141 THz )
      4    141.7943 cm^-1  (      4.2509 THz )
      5    164.2558 cm^-1  (      4.9243 THz )
      6    219.2015 cm^-1  (      6.5715 THz )

 # Irred. k point  218 : (  0.2105,  0.4211, -0.3158)
   Mode, Frequency 
      1     57.3893 cm^-1  (      1.7205 THz )
      2     59.1033 cm^-1  (      1.7719 THz )
      3     80.2128 cm^-1  (      2.4047 THz )
      4    146.1812 cm^-1  (      4.3824 THz )
      5    154.1907 cm^-1  (      4.6225 THz )
      6    222.2609 cm^-1  (      6.6632 THz )

 # Irred. k point  219 : (  0.2105,  0.4737, -0.3158)
   Mode, Frequency 
      1     55.9021 cm^-1  (      1.6759 THz )
      2     60.5737 cm^-1  (      1.8160 THz )
      3     76.8608 cm^-1  (      2.3042 THz )
      4    144.0639 cm^-1  (      4.3189 THz )
      5    148.0936 cm^-1  (      4.4397 THz )
      6    218.0764 cm^-1  (      6.5378 THz )

 # Irred. k point  220 : (  0.2105,  0.4737, -0.2632)
   Mode, Frequency 
      1     57.7366 cm^-1  (      1.7309 THz )
      2     59.2172 cm^-1  (      1.7753 THz )
      3     78.5973 cm^-1  (      2.3563 THz )
      4    144.9582 cm^-1  (      4.3457 THz )
      5    147.3724 cm^-1  (      4.4181 THz )
      6    221.7291 cm^-1  (      6.6473 THz )



 -----------------------------------------------------------------

 The following files are created: 
  PbS.dos         : Phonon DOS and atom projected DOS
  PbS.thermo      : Thermodynamic quantities

 Job finished at Wed Jul 30 00:47:14 2025

