 +-----------------------------------------------------------------+
 +                         Program ANPHON                          +
 +                             Ver.  1.5.0                         +
 +-----------------------------------------------------------------+

 Job started at Sat May 31 05:10:18 2025

 The number of MPI processes: 28
 The number of OpenMP threads: 1


 Input variables:
 -----------------------------------------------------------------
 General:
  PREFIX = NaCl
  MODE = PHONONS
  FCSXML = ../../result/FC2.xml

  NKD = 2; KD =   Na  Cl
  MASS = 
  NSYM = 0; TOLERANCE = 1.88973e-05; PRINTSYM = 0

  NONANALYTIC = 2
  BORNINFO = BORNINFO; NA_SIGMA = 0.1

  TMIN = 0; TMAX = 1000; DT = 10
  EMIN = -12.8247; EMAX = 269.318; DELTA_E = 0.940477

  ISMEAR = -1; EPSILON = 10

  CLASSICAL = 0
  BCONNECT = 0


 Kpoint:
  KPMODE (1st entry for &kpoint) = 2


 Analysis:
  PRINTVEL = 0
  PRINTVEC = 0
  PRINTXSF = 0

  PDOS = 1; TDOS = 0
  PRINTMSD = 0
  SPS = 0

  GRUNEISEN = 0
  NEWFCS = 0


 -----------------------------------------------------------------

                      MODE = phonons                         
                                                             
      Phonon calculation within harmonic approximation       
      Harmonic force constants will be used.                 

 -----------------------------------------------------------------

 Crystal structure
 =================

 Lattice Vectors:

 * Supercell (from ../../result/FC2.xml )

    2.117249e+01   0.000000e+00   0.000000e+00 : a1
    0.000000e+00   2.117249e+01   0.000000e+00 : a2
    0.000000e+00   0.000000e+00   2.117249e+01 : a3

    2.967617e-01   0.000000e+00   0.000000e+00 : b1
    0.000000e+00   2.967617e-01   0.000000e+00 : b2
    0.000000e+00   0.000000e+00   2.967617e-01 : b3

 * Primitive cell 

    0.000000e+00   5.293124e+00   5.293124e+00 : a1
    5.293124e+00   0.000000e+00   5.293124e+00 : a2
    5.293124e+00   5.293124e+00   0.000000e+00 : a3

   -5.935234e-01   5.935234e-01   5.935234e-01 : b1
    5.935234e-01  -5.935234e-01   5.935234e-01 : b2
    5.935234e-01   5.935234e-01  -5.935234e-01 : b3


  Volume of the primitive cell : 2.965966e+02 (a.u.)^3

  Number of atoms in the supercell     : 64
  Number of atoms in the primitive cell: 2

  Atomic positions in the primitive cell (fractional):
   1:   0.000000e+00   0.000000e+00   0.000000e+00  Na
   2:   5.000000e-01   5.000000e-01   5.000000e-01  Cl

  Mass of atomic species (u):
  Na:   22.989769
  Cl:   35.453000


 Symmetry
 ========

  NSYM = 0 is given: Trying to find symmetry operations.

  Number of symmetry operations : 48
 k points
 ========

  KPMODE = 2: Uniform grid
  Gamma-centered uniform grid with the following mesh density: 
  nk1:  15
  nk2:  15
  nk3:  15

  Number of k points : 3375
  Number of irreducible k points : 120

  List of irreducible k points (reciprocal coordinate, weight) : 
      1:   0.00000e+00   0.00000e+00   0.00000e+00   0.000296
      2:  -6.25253e-34   1.45119e-34   6.66667e-02   0.002370
      3:  -1.25051e-33   2.90238e-34   1.33333e-01   0.002370
      4:  -2.00687e-34  -2.00687e-34   2.00000e-01   0.002370
      5:  -2.50101e-33   5.80477e-34   2.66667e-01   0.002370
      6:  -1.79103e-34  -1.79103e-34   3.33333e-01   0.002370
      7:  -4.01373e-34  -4.01373e-34   4.00000e-01   0.002370
      8:   1.92053e-33  -1.16095e-33   4.66667e-01   0.002370
      9:   1.45119e-34   6.66667e-02   6.66667e-02   0.001778
     10:   2.90238e-34   6.66667e-02   1.33333e-01   0.007111
     11:  -1.74143e-33   6.66667e-02   2.00000e-01   0.007111
     12:  -4.04175e-33   6.66667e-02   2.66667e-01   0.007111
     13:  -3.26059e-33   6.66667e-02   3.33333e-01   0.007111
     14:  -4.01373e-34   6.66667e-02   4.00000e-01   0.007111
     15:  -4.24244e-33   6.66667e-02   4.66667e-01   0.007111
     16:   4.58318e-17   6.66667e-02  -4.66667e-01   0.007111
     17:   4.58318e-17   6.66667e-02  -4.00000e-01   0.007111
     18:   4.58318e-17   6.66667e-02  -3.33333e-01   0.007111
     19:   4.58318e-17   6.66667e-02  -2.66667e-01   0.007111
     20:   4.58318e-17   6.66667e-02  -2.00000e-01   0.007111
     21:   4.58318e-17   6.66667e-02  -1.33333e-01   0.007111
     22:   4.58318e-17   6.66667e-02  -6.66667e-02   0.003556
     23:   2.90238e-34   1.33333e-01   1.33333e-01   0.001778
     24:  -1.74143e-33   1.33333e-01   2.00000e-01   0.007111
     25:   5.80477e-34   1.33333e-01   2.66667e-01   0.007111
     26:  -3.26059e-33   1.33333e-01   3.33333e-01   0.007111
     27:  -3.48286e-33   1.33333e-01   4.00000e-01   0.007111
     28:  -4.24244e-33   1.33333e-01   4.66667e-01   0.007111
     29:  -8.08351e-33   1.33333e-01  -4.66667e-01   0.007111
     30:   4.58318e-17   1.33333e-01  -4.00000e-01   0.007111
     31:   4.58318e-17   1.33333e-01  -3.33333e-01   0.007111
     32:   4.58318e-17   1.33333e-01  -2.66667e-01   0.007111
     33:   4.58318e-17   1.33333e-01  -2.00000e-01   0.007111
     34:   4.58318e-17   1.33333e-01  -1.33333e-01   0.003556
     35:  -2.00687e-34   2.00000e-01   2.00000e-01   0.001778
     36:  -9.60267e-34   2.00000e-01   2.66667e-01   0.007111
     37:  -3.26059e-33   2.00000e-01   3.33333e-01   0.007111
     38:  -3.48286e-33   2.00000e-01   4.00000e-01   0.007111
     39:  -1.16095e-33   2.00000e-01   4.66667e-01   0.007111
     40:  -5.00202e-33   2.00000e-01  -4.66667e-01   0.007111
     41:   4.58318e-17   2.00000e-01  -4.00000e-01   0.007111
     42:   4.58318e-17   2.00000e-01  -3.33333e-01   0.007111
     43:   4.58318e-17   2.00000e-01  -2.66667e-01   0.007111
     44:   4.58318e-17   2.00000e-01  -2.00000e-01   0.003556
     45:   5.80477e-34   2.66667e-01   2.66667e-01   0.001778
     46:  -3.26059e-33   2.66667e-01   3.33333e-01   0.007111
     47:  -3.48286e-33   2.66667e-01   4.00000e-01   0.007111
     48:  -1.16095e-33   2.66667e-01   4.66667e-01   0.007111
     49:   1.16095e-33   2.66667e-01  -4.66667e-01   0.007111
     50:   4.58318e-17   2.66667e-01  -4.00000e-01   0.007111
     51:   4.58318e-17   2.66667e-01  -3.33333e-01   0.007111
     52:   4.58318e-17   2.66667e-01  -2.66667e-01   0.003556
     53:  -1.79103e-34   3.33333e-01   3.33333e-01   0.001778
     54:  -4.01373e-34   3.33333e-01   4.00000e-01   0.007111
     55:   1.92053e-33   3.33333e-01   4.66667e-01   0.007111
     56:   4.24244e-33   3.33333e-01  -4.66667e-01   0.007111
     57:   4.01373e-34   3.33333e-01  -4.00000e-01   0.007111
     58:   4.58318e-17   3.33333e-01  -3.33333e-01   0.003556
     59:  -4.01373e-34   4.00000e-01   4.00000e-01   0.001778
     60:   1.92053e-33   4.00000e-01   4.66667e-01   0.007111
     61:  -1.92053e-33   4.00000e-01  -4.66667e-01   0.007111
     62:   4.01373e-34   4.00000e-01  -4.00000e-01   0.003556
     63:  -1.16095e-33   4.66667e-01   4.66667e-01   0.001778
     64:   1.16095e-33   4.66667e-01  -4.66667e-01   0.003556
     65:   6.66667e-02   1.33333e-01   2.00000e-01   0.007111
     66:   6.66667e-02   1.33333e-01   2.66667e-01   0.014222
     67:   6.66667e-02   1.33333e-01   3.33333e-01   0.014222
     68:   6.66667e-02   1.33333e-01   4.00000e-01   0.014222
     69:   6.66667e-02   1.33333e-01   4.66667e-01   0.014222
     70:   6.66667e-02   1.33333e-01  -4.66667e-01   0.014222
     71:   6.66667e-02   2.00000e-01   2.66667e-01   0.007111
     72:   6.66667e-02   2.00000e-01   3.33333e-01   0.014222
     73:   6.66667e-02   2.00000e-01   4.00000e-01   0.014222
     74:   6.66667e-02   2.00000e-01   4.66667e-01   0.014222
     75:   6.66667e-02   2.00000e-01  -4.66667e-01   0.014222
     76:   6.66667e-02   2.00000e-01  -4.00000e-01   0.014222
     77:   6.66667e-02   2.00000e-01  -3.33333e-01   0.014222
     78:   6.66667e-02   2.00000e-01  -2.66667e-01   0.014222
     79:   6.66667e-02   2.00000e-01  -2.00000e-01   0.014222
     80:   6.66667e-02   2.00000e-01  -1.33333e-01   0.007111
     81:   6.66667e-02   2.66667e-01   3.33333e-01   0.007111
     82:   6.66667e-02   2.66667e-01   4.00000e-01   0.014222
     83:   6.66667e-02   2.66667e-01   4.66667e-01   0.014222
     84:   6.66667e-02   2.66667e-01  -4.66667e-01   0.014222
     85:   6.66667e-02   2.66667e-01  -4.00000e-01   0.014222
     86:   6.66667e-02   2.66667e-01  -3.33333e-01   0.014222
     87:   6.66667e-02   2.66667e-01  -2.66667e-01   0.014222
     88:   6.66667e-02   2.66667e-01  -2.00000e-01   0.007111
     89:   6.66667e-02   3.33333e-01   4.00000e-01   0.007111
     90:   6.66667e-02   3.33333e-01   4.66667e-01   0.014222
     91:   6.66667e-02   3.33333e-01  -4.66667e-01   0.014222
     92:   6.66667e-02   3.33333e-01  -4.00000e-01   0.014222
     93:   6.66667e-02   3.33333e-01  -3.33333e-01   0.014222
     94:   6.66667e-02   3.33333e-01  -2.66667e-01   0.007111
     95:   6.66667e-02   4.00000e-01   4.66667e-01   0.007111
     96:   6.66667e-02   4.00000e-01  -4.66667e-01   0.014222
     97:   6.66667e-02   4.00000e-01  -4.00000e-01   0.014222
     98:   6.66667e-02   4.00000e-01  -3.33333e-01   0.007111
     99:   6.66667e-02   4.66667e-01  -4.66667e-01   0.007111
    100:   6.66667e-02   4.66667e-01  -4.00000e-01   0.007111
    101:   1.33333e-01   2.66667e-01   4.00000e-01   0.007111
    102:   1.33333e-01   2.66667e-01   4.66667e-01   0.014222
    103:   1.33333e-01   2.66667e-01  -4.66667e-01   0.014222
    104:   1.33333e-01   2.66667e-01  -4.00000e-01   0.014222
    105:   1.33333e-01   3.33333e-01   4.66667e-01   0.007111
    106:   1.33333e-01   3.33333e-01  -4.66667e-01   0.014222
    107:   1.33333e-01   3.33333e-01  -4.00000e-01   0.014222
    108:   1.33333e-01   3.33333e-01  -3.33333e-01   0.014222
    109:   1.33333e-01   3.33333e-01  -2.66667e-01   0.014222
    110:   1.33333e-01   3.33333e-01  -2.00000e-01   0.007111
    111:   1.33333e-01   4.00000e-01  -4.66667e-01   0.007111
    112:   1.33333e-01   4.00000e-01  -4.00000e-01   0.014222
    113:   1.33333e-01   4.00000e-01  -3.33333e-01   0.014222
    114:   1.33333e-01   4.00000e-01  -2.66667e-01   0.007111
    115:   1.33333e-01   4.66667e-01  -4.00000e-01   0.007111
    116:   1.33333e-01   4.66667e-01  -3.33333e-01   0.007111
    117:   2.00000e-01   4.00000e-01  -4.00000e-01   0.007111
    118:   2.00000e-01   4.00000e-01  -3.33333e-01   0.014222
    119:   2.00000e-01   4.66667e-01  -3.33333e-01   0.007111
    120:   2.00000e-01   4.66667e-01  -2.66667e-01   0.007111

 Force constant
 ==============

  Reading force constants from the XML file ... done !
  Number of non-zero IFCs for 2 order: 990

  Maximum deviation from the translational invariance: 
   Order 2 : 6.431860e-17


 Dynamical matrix
 ================

  NONANALYTIC = 2 : Non-analytic part of the dynamical matrix will be included 
                    by the mixed-space approach.

  Dielectric constants and Born effective charges are read from BORNINFO.

  Dielectric constant tensor in Cartesian coordinate : 
   2.601446e+00  -0.000000e+00   0.000000e+00
  -0.000000e+00   2.601446e+00  -0.000000e+00
   0.000000e+00   0.000000e+00   2.601446e+00

  Born effective charge tensor in Cartesian coordinate
  Atom    1( Na) :
       1.103388      -0.000000       0.000000
      -0.000000       1.103388      -0.000000
       0.000000       0.000000       1.103388
  Atom    2( Cl) :
      -1.103388       0.000000      -0.000000
       0.000000      -1.103388       0.000000
      -0.000000      -0.000000      -1.103388

 -----------------------------------------------------------------


 ISMEAR = -1: Tetrahedron method will be used.

 Now, move on to phonon calculations.

 Diagonalizing dynamical matrices for all k points ... done!
 PDOS = 1 : Calculating atom-projected phonon DOS ...  done!

 -----------------------------------------------------------------

 Phonon frequencies below:

 # Irred. k point    1 : (  0.0000,  0.0000,  0.0000)
   Mode, Frequency 
      1      0.0000 cm^-1  (      0.0000 THz )
      2      0.0000 cm^-1  (      0.0000 THz )
      3      0.0000 cm^-1  (      0.0000 THz )
      4    167.9860 cm^-1  (      5.0361 THz )
      5    167.9860 cm^-1  (      5.0361 THz )
      6    167.9860 cm^-1  (      5.0361 THz )

 # Irred. k point    2 : ( -0.0000,  0.0000,  0.0667)
   Mode, Frequency 
      1     18.9591 cm^-1  (      0.5684 THz )
      2     18.9591 cm^-1  (      0.5684 THz )
      3     30.4498 cm^-1  (      0.9129 THz )
      4    168.6884 cm^-1  (      5.0572 THz )
      5    168.6884 cm^-1  (      5.0572 THz )
      6    252.8492 cm^-1  (      7.5802 THz )

 # Irred. k point    3 : ( -0.0000,  0.0000,  0.1333)
   Mode, Frequency 
      1     37.5606 cm^-1  (      1.1260 THz )
      2     37.5606 cm^-1  (      1.1260 THz )
      3     60.3824 cm^-1  (      1.8102 THz )
      4    169.8323 cm^-1  (      5.0914 THz )
      5    169.8323 cm^-1  (      5.0914 THz )
      6    243.6893 cm^-1  (      7.3056 THz )

 # Irred. k point    4 : ( -0.0000, -0.0000,  0.2000)
   Mode, Frequency 
      1     55.5234 cm^-1  (      1.6645 THz )
      2     55.5234 cm^-1  (      1.6645 THz )
      3     89.1937 cm^-1  (      2.6740 THz )
      4    169.3307 cm^-1  (      5.0764 THz )
      5    169.3307 cm^-1  (      5.0764 THz )
      6    233.2257 cm^-1  (      6.9919 THz )

 # Irred. k point    5 : ( -0.0000,  0.0000,  0.2667)
   Mode, Frequency 
      1     72.6078 cm^-1  (      2.1767 THz )
      2     72.6078 cm^-1  (      2.1767 THz )
      3    116.0876 cm^-1  (      3.4802 THz )
      4    165.5255 cm^-1  (      4.9623 THz )
      5    165.5255 cm^-1  (      4.9623 THz )
      6    225.3171 cm^-1  (      6.7548 THz )

 # Irred. k point    6 : ( -0.0000, -0.0000,  0.3333)
   Mode, Frequency 
      1     88.5374 cm^-1  (      2.6543 THz )
      2     88.5374 cm^-1  (      2.6543 THz )
      3    139.9299 cm^-1  (      4.1950 THz )
      4    158.1425 cm^-1  (      4.7410 THz )
      5    158.1425 cm^-1  (      4.7410 THz )
      6    220.9631 cm^-1  (      6.6243 THz )

 # Irred. k point    7 : ( -0.0000, -0.0000,  0.4000)
   Mode, Frequency 
      1    102.8965 cm^-1  (      3.0848 THz )
      2    102.8965 cm^-1  (      3.0848 THz )
      3    148.3147 cm^-1  (      4.4464 THz )
      4    148.3147 cm^-1  (      4.4464 THz )
      5    158.9967 cm^-1  (      4.7666 THz )
      6    218.5460 cm^-1  (      6.5518 THz )

 # Irred. k point    8 : (  0.0000, -0.0000,  0.4667)
   Mode, Frequency 
      1    114.1011 cm^-1  (      3.4207 THz )
      2    114.1011 cm^-1  (      3.4207 THz )
      3    138.9029 cm^-1  (      4.1642 THz )
      4    138.9029 cm^-1  (      4.1642 THz )
      5    170.3904 cm^-1  (      5.1082 THz )
      6    216.7961 cm^-1  (      6.4994 THz )

 # Irred. k point    9 : (  0.0000,  0.0667,  0.0667)
   Mode, Frequency 
      1     17.5262 cm^-1  (      0.5254 THz )
      2     17.5262 cm^-1  (      0.5254 THz )
      3     39.4502 cm^-1  (      1.1827 THz )
      4    168.3374 cm^-1  (      5.0466 THz )
      5    168.3374 cm^-1  (      5.0466 THz )
      6    252.3713 cm^-1  (      7.5659 THz )

 # Irred. k point   10 : (  0.0000,  0.0667,  0.1333)
   Mode, Frequency 
      1     30.6834 cm^-1  (      0.9199 THz )
      2     33.4354 cm^-1  (      1.0024 THz )
      3     61.6735 cm^-1  (      1.8489 THz )
      4    169.1377 cm^-1  (      5.0706 THz )
      5    169.5400 cm^-1  (      5.0827 THz )
      6    244.9503 cm^-1  (      7.3434 THz )

 # Irred. k point   11 : ( -0.0000,  0.0667,  0.2000)
   Mode, Frequency 
      1     46.6971 cm^-1  (      1.3999 THz )
      2     53.1724 cm^-1  (      1.5941 THz )
      3     86.3413 cm^-1  (      2.5884 THz )
      4    169.6771 cm^-1  (      5.0868 THz )
      5    169.8440 cm^-1  (      5.0918 THz )
      6    234.2911 cm^-1  (      7.0239 THz )

 # Irred. k point   12 : ( -0.0000,  0.0667,  0.2667)
   Mode, Frequency 
      1     62.5800 cm^-1  (      1.8761 THz )
      2     72.3776 cm^-1  (      2.1698 THz )
      3    111.0361 cm^-1  (      3.3288 THz )
      4    166.6338 cm^-1  (      4.9956 THz )
      5    168.1127 cm^-1  (      5.0399 THz )
      6    225.0759 cm^-1  (      6.7476 THz )

 # Irred. k point   13 : ( -0.0000,  0.0667,  0.3333)
   Mode, Frequency 
      1     77.6670 cm^-1  (      2.3284 THz )
      2     90.2356 cm^-1  (      2.7052 THz )
      3    134.1062 cm^-1  (      4.0204 THz )
      4    159.1265 cm^-1  (      4.7705 THz )
      5    163.4360 cm^-1  (      4.8997 THz )
      6    219.5796 cm^-1  (      6.5828 THz )

 # Irred. k point   14 : ( -0.0000,  0.0667,  0.4000)
   Mode, Frequency 
      1     91.7565 cm^-1  (      2.7508 THz )
      2    106.0709 cm^-1  (      3.1799 THz )
      3    148.3306 cm^-1  (      4.4468 THz )
      4    153.9899 cm^-1  (      4.6165 THz )
      5    155.8420 cm^-1  (      4.6720 THz )
      6    216.8129 cm^-1  (      6.4999 THz )

 # Irred. k point   15 : ( -0.0000,  0.0667,  0.4667)
   Mode, Frequency 
      1    104.7189 cm^-1  (      3.1394 THz )
      2    117.4186 cm^-1  (      3.5201 THz )
      3    138.7940 cm^-1  (      4.1609 THz )
      4    146.4277 cm^-1  (      4.3898 THz )
      5    167.6037 cm^-1  (      5.0246 THz )
      6    214.8874 cm^-1  (      6.4422 THz )

 # Irred. k point   16 : (  0.0000,  0.0667, -0.4667)
   Mode, Frequency 
      1    114.3880 cm^-1  (      3.4293 THz )
      2    114.9147 cm^-1  (      3.4451 THz )
      3    137.9157 cm^-1  (      4.1346 THz )
      4    141.3422 cm^-1  (      4.2373 THz )
      5    171.5002 cm^-1  (      5.1414 THz )
      6    214.2085 cm^-1  (      6.4218 THz )

 # Irred. k point   17 : (  0.0000,  0.0667, -0.4000)
   Mode, Frequency 
      1    102.2949 cm^-1  (      3.0667 THz )
      2    113.1584 cm^-1  (      3.3924 THz )
      3    139.8897 cm^-1  (      4.1938 THz )
      4    151.0791 cm^-1  (      4.5292 THz )
      5    163.7674 cm^-1  (      4.9096 THz )
      6    215.6549 cm^-1  (      6.4652 THz )

 # Irred. k point   18 : (  0.0000,  0.0667, -0.3333)
   Mode, Frequency 
      1     88.3962 cm^-1  (      2.6501 THz )
      2    100.7831 cm^-1  (      3.0214 THz )
      3    147.3726 cm^-1  (      4.4181 THz )
      4    150.3733 cm^-1  (      4.5081 THz )
      5    160.2187 cm^-1  (      4.8032 THz )
      6    217.9029 cm^-1  (      6.5326 THz )

 # Irred. k point   19 : (  0.0000,  0.0667, -0.2667)
   Mode, Frequency 
      1     73.3607 cm^-1  (      2.1993 THz )
      2     85.3413 cm^-1  (      2.5585 THz )
      3    126.0360 cm^-1  (      3.7785 THz )
      4    160.4661 cm^-1  (      4.8107 THz )
      5    166.5922 cm^-1  (      4.9943 THz )
      6    221.4316 cm^-1  (      6.6384 THz )

 # Irred. k point   20 : (  0.0000,  0.0667, -0.2000)
   Mode, Frequency 
      1     57.2437 cm^-1  (      1.7161 THz )
      2     68.4927 cm^-1  (      2.0534 THz )
      3    101.7370 cm^-1  (      3.0500 THz )
      4    167.3292 cm^-1  (      5.0164 THz )
      5    169.5953 cm^-1  (      5.0843 THz )
      6    228.1240 cm^-1  (      6.8390 THz )

 # Irred. k point   21 : (  0.0000,  0.0667, -0.1333)
   Mode, Frequency 
      1     40.4714 cm^-1  (      1.2133 THz )
      2     50.9762 cm^-1  (      1.5282 THz )
      3     76.0587 cm^-1  (      2.2802 THz )
      4    169.6884 cm^-1  (      5.0871 THz )
      5    170.1721 cm^-1  (      5.1016 THz )
      6    237.9307 cm^-1  (      7.1330 THz )

 # Irred. k point   22 : (  0.0000,  0.0667, -0.0667)
   Mode, Frequency 
      1     25.1149 cm^-1  (      0.7529 THz )
      2     33.6289 cm^-1  (      1.0082 THz )
      3     50.6430 cm^-1  (      1.5182 THz )
      4    168.6970 cm^-1  (      5.0574 THz )
      5    169.9246 cm^-1  (      5.0942 THz )
      6    247.6315 cm^-1  (      7.4238 THz )

 # Irred. k point   23 : (  0.0000,  0.1333,  0.1333)
   Mode, Frequency 
      1     34.0456 cm^-1  (      1.0207 THz )
      2     34.0456 cm^-1  (      1.0207 THz )
      3     77.0209 cm^-1  (      2.3090 THz )
      4    169.3364 cm^-1  (      5.0766 THz )
      5    169.3364 cm^-1  (      5.0766 THz )
      6    240.3805 cm^-1  (      7.2064 THz )

 # Irred. k point   24 : ( -0.0000,  0.1333,  0.2000)
   Mode, Frequency 
      1     44.4150 cm^-1  (      1.3315 THz )
      2     47.5962 cm^-1  (      1.4269 THz )
      3     96.0525 cm^-1  (      2.8796 THz )
      4    170.0234 cm^-1  (      5.0972 THz )
      5    170.0738 cm^-1  (      5.0987 THz )
      6    230.5293 cm^-1  (      6.9111 THz )

 # Irred. k point   25 : (  0.0000,  0.1333,  0.2667)
   Mode, Frequency 
      1     57.0679 cm^-1  (      1.7109 THz )
      2     67.1047 cm^-1  (      2.0117 THz )
      3    115.6587 cm^-1  (      3.4674 THz )
      4    168.5845 cm^-1  (      5.0540 THz )
      5    169.7345 cm^-1  (      5.0885 THz )
      6    220.0930 cm^-1  (      6.5982 THz )

 # Irred. k point   26 : ( -0.0000,  0.1333,  0.3333)
   Mode, Frequency 
      1     69.8934 cm^-1  (      2.0953 THz )
      2     87.7505 cm^-1  (      2.6307 THz )
      3    134.4472 cm^-1  (      4.0306 THz )
      4    162.3224 cm^-1  (      4.8663 THz )
      5    167.1708 cm^-1  (      5.0117 THz )
      6    213.1764 cm^-1  (      6.3909 THz )

 # Irred. k point   27 : ( -0.0000,  0.1333,  0.4000)
   Mode, Frequency 
      1     82.2446 cm^-1  (      2.4656 THz )
      2    107.1301 cm^-1  (      3.2117 THz )
      3    149.1459 cm^-1  (      4.4713 THz )
      4    153.6640 cm^-1  (      4.6067 THz )
      5    161.9039 cm^-1  (      4.8538 THz )
      6    210.1096 cm^-1  (      6.2989 THz )

 # Irred. k point   28 : ( -0.0000,  0.1333,  0.4667)
   Mode, Frequency 
      1     94.1761 cm^-1  (      2.8233 THz )
      2    122.0446 cm^-1  (      3.6588 THz )
      3    139.8946 cm^-1  (      4.1939 THz )
      4    154.2778 cm^-1  (      4.6251 THz )
      5    165.0430 cm^-1  (      4.9479 THz )
      6    208.4746 cm^-1  (      6.2499 THz )

 # Irred. k point   29 : ( -0.0000,  0.1333, -0.4667)
   Mode, Frequency 
      1    105.9095 cm^-1  (      3.1751 THz )
      2    118.3920 cm^-1  (      3.5493 THz )
      3    144.3818 cm^-1  (      4.3285 THz )
      4    145.1007 cm^-1  (      4.3500 THz )
      5    171.1742 cm^-1  (      5.1317 THz )
      6    207.5672 cm^-1  (      6.2227 THz )

 # Irred. k point   30 : (  0.0000,  0.1333, -0.4000)
   Mode, Frequency 
      1    105.6649 cm^-1  (      3.1678 THz )
      2    115.5345 cm^-1  (      3.4636 THz )
      3    137.0504 cm^-1  (      4.1087 THz )
      4    155.3397 cm^-1  (      4.6570 THz )
      5    167.2395 cm^-1  (      5.0137 THz )
      6    208.8328 cm^-1  (      6.2606 THz )

 # Irred. k point   31 : (  0.0000,  0.1333, -0.3333)
   Mode, Frequency 
      1     92.3325 cm^-1  (      2.7681 THz )
      2    112.2667 cm^-1  (      3.3657 THz )
      3    140.7217 cm^-1  (      4.2187 THz )
      4    153.7862 cm^-1  (      4.6104 THz )
      5    164.9891 cm^-1  (      4.9462 THz )
      6    211.4189 cm^-1  (      6.3382 THz )

 # Irred. k point   32 : (  0.0000,  0.1333, -0.2667)
   Mode, Frequency 
      1     78.5611 cm^-1  (      2.3552 THz )
      2     99.0382 cm^-1  (      2.9691 THz )
      3    136.6424 cm^-1  (      4.0964 THz )
      4    151.9922 cm^-1  (      4.5566 THz )
      5    170.0238 cm^-1  (      5.0972 THz )
      6    214.8396 cm^-1  (      6.4407 THz )

 # Irred. k point   33 : (  0.0000,  0.1333, -0.2000)
   Mode, Frequency 
      1     64.2469 cm^-1  (      1.9261 THz )
      2     83.3105 cm^-1  (      2.4976 THz )
      3    116.8451 cm^-1  (      3.5029 THz )
      4    161.9267 cm^-1  (      4.8544 THz )
      5    171.6358 cm^-1  (      5.1455 THz )
      6    220.5922 cm^-1  (      6.6132 THz )

 # Irred. k point   34 : (  0.0000,  0.1333, -0.1333)
   Mode, Frequency 
      1     50.4635 cm^-1  (      1.5129 THz )
      2     66.8833 cm^-1  (      2.0051 THz )
      3     96.1506 cm^-1  (      2.8825 THz )
      4    168.0397 cm^-1  (      5.0377 THz )
      5    170.7952 cm^-1  (      5.1203 THz )
      6    229.0618 cm^-1  (      6.8671 THz )

 # Irred. k point   35 : ( -0.0000,  0.2000,  0.2000)
   Mode, Frequency 
      1     48.6847 cm^-1  (      1.4595 THz )
      2     48.6847 cm^-1  (      1.4595 THz )
      3    110.9635 cm^-1  (      3.3266 THz )
      4    170.8224 cm^-1  (      5.1211 THz )
      5    170.8224 cm^-1  (      5.1211 THz )
      6    221.6725 cm^-1  (      6.6456 THz )

 # Irred. k point   36 : ( -0.0000,  0.2000,  0.2667)
   Mode, Frequency 
      1     56.8484 cm^-1  (      1.7043 THz )
      2     60.6227 cm^-1  (      1.8174 THz )
      3    126.8164 cm^-1  (      3.8019 THz )
      4    170.7650 cm^-1  (      5.1194 THz )
      5    171.2774 cm^-1  (      5.1348 THz )
      6    210.5682 cm^-1  (      6.3127 THz )

 # Irred. k point   37 : ( -0.0000,  0.2000,  0.3333)
   Mode, Frequency 
      1     66.3812 cm^-1  (      1.9901 THz )
      2     79.5787 cm^-1  (      2.3857 THz )
      3    141.7460 cm^-1  (      4.2494 THz )
      4    166.4121 cm^-1  (      4.9889 THz )
      5    170.2223 cm^-1  (      5.1031 THz )
      6    202.2709 cm^-1  (      6.0639 THz )

 # Irred. k point   38 : ( -0.0000,  0.2000,  0.4000)
   Mode, Frequency 
      1     76.0210 cm^-1  (      2.2791 THz )
      2    101.0400 cm^-1  (      3.0291 THz )
      3    152.2543 cm^-1  (      4.5645 THz )
      4    158.4554 cm^-1  (      4.7504 THz )
      5    166.9423 cm^-1  (      5.0048 THz )
      6    199.2686 cm^-1  (      5.9739 THz )

 # Irred. k point   39 : ( -0.0000,  0.2000,  0.4667)
   Mode, Frequency 
      1     85.5624 cm^-1  (      2.5651 THz )
      2    121.5948 cm^-1  (      3.6453 THz )
      3    141.2966 cm^-1  (      4.2360 THz )
      4    161.3362 cm^-1  (      4.8367 THz )
      5    166.3548 cm^-1  (      4.9872 THz )
      6    198.6290 cm^-1  (      5.9547 THz )

 # Irred. k point   40 : ( -0.0000,  0.2000, -0.4667)
   Mode, Frequency 
      1     95.5407 cm^-1  (      2.8642 THz )
      2    124.3738 cm^-1  (      3.7286 THz )
      3    143.1496 cm^-1  (      4.2915 THz )
      4    153.6438 cm^-1  (      4.6061 THz )
      5    172.0463 cm^-1  (      5.1578 THz )
      6    198.1615 cm^-1  (      5.9407 THz )

 # Irred. k point   41 : (  0.0000,  0.2000, -0.4000)
   Mode, Frequency 
      1    106.4768 cm^-1  (      3.1921 THz )
      2    111.8864 cm^-1  (      3.3543 THz )
      3    144.3970 cm^-1  (      4.3289 THz )
      4    157.3974 cm^-1  (      4.7187 THz )
      5    170.7434 cm^-1  (      5.1188 THz )
      6    198.9911 cm^-1  (      5.9656 THz )

 # Irred. k point   42 : (  0.0000,  0.2000, -0.3333)
   Mode, Frequency 
      1     99.5145 cm^-1  (      2.9834 THz )
      2    115.9308 cm^-1  (      3.4755 THz )
      3    136.4414 cm^-1  (      4.0904 THz )
      4    158.1976 cm^-1  (      4.7426 THz )
      5    171.2058 cm^-1  (      5.1326 THz )
      6    202.0742 cm^-1  (      6.0580 THz )

 # Irred. k point   43 : (  0.0000,  0.2000, -0.2667)
   Mode, Frequency 
      1     87.3976 cm^-1  (      2.6201 THz )
      2    111.7085 cm^-1  (      3.3489 THz )
      3    141.2081 cm^-1  (      4.2333 THz )
      4    146.4612 cm^-1  (      4.3908 THz )
      5    174.5251 cm^-1  (      5.2321 THz )
      6    206.7187 cm^-1  (      6.1973 THz )

 # Irred. k point   44 : (  0.0000,  0.2000, -0.2000)
   Mode, Frequency 
      1     75.2214 cm^-1  (      2.2551 THz )
      2     98.3558 cm^-1  (      2.9486 THz )
      3    132.0798 cm^-1  (      3.9597 THz )
      4    152.6080 cm^-1  (      4.5751 THz )
      5    174.0743 cm^-1  (      5.2186 THz )
      6    212.9993 cm^-1  (      6.3856 THz )

 # Irred. k point   45 : (  0.0000,  0.2667,  0.2667)
   Mode, Frequency 
      1     60.7994 cm^-1  (      1.8227 THz )
      2     60.7994 cm^-1  (      1.8227 THz )
      3    139.7370 cm^-1  (      4.1892 THz )
      4    172.5479 cm^-1  (      5.1729 THz )
      5    172.5479 cm^-1  (      5.1729 THz )
      6    198.2874 cm^-1  (      5.9445 THz )

 # Irred. k point   46 : ( -0.0000,  0.2667,  0.3333)
   Mode, Frequency 
      1     66.9001 cm^-1  (      2.0056 THz )
      2     71.3630 cm^-1  (      2.1394 THz )
      3    151.8928 cm^-1  (      4.5536 THz )
      4    170.4820 cm^-1  (      5.1109 THz )
      5    172.7300 cm^-1  (      5.1783 THz )
      6    188.4418 cm^-1  (      5.6493 THz )

 # Irred. k point   47 : ( -0.0000,  0.2667,  0.4000)
   Mode, Frequency 
      1     73.6153 cm^-1  (      2.2069 THz )
      2     89.7134 cm^-1  (      2.6895 THz )
      3    157.1410 cm^-1  (      4.7110 THz )
      4    164.6948 cm^-1  (      4.9374 THz )
      5    171.1090 cm^-1  (      5.1297 THz )
      6    186.8269 cm^-1  (      5.6009 THz )

 # Irred. k point   48 : ( -0.0000,  0.2667,  0.4667)
   Mode, Frequency 
      1     80.3566 cm^-1  (      2.4090 THz )
      2    111.4086 cm^-1  (      3.3399 THz )
      3    143.9666 cm^-1  (      4.3160 THz )
      4    167.3804 cm^-1  (      5.0179 THz )
      5    171.4452 cm^-1  (      5.1398 THz )
      6    188.1201 cm^-1  (      5.6397 THz )

 # Irred. k point   49 : (  0.0000,  0.2667, -0.4667)
   Mode, Frequency 
      1     87.5008 cm^-1  (      2.6232 THz )
      2    129.2962 cm^-1  (      3.8762 THz )
      3    134.0972 cm^-1  (      4.0201 THz )
      4    161.5162 cm^-1  (      4.8421 THz )
      5    175.7876 cm^-1  (      5.2700 THz )
      6    188.8794 cm^-1  (      5.6625 THz )

 # Irred. k point   50 : (  0.0000,  0.2667, -0.4000)
   Mode, Frequency 
      1     96.0792 cm^-1  (      2.8804 THz )
      2    118.5252 cm^-1  (      3.5533 THz )
      3    152.9436 cm^-1  (      4.5851 THz )
      4    153.6113 cm^-1  (      4.6051 THz )
      5    175.4709 cm^-1  (      5.2605 THz )
      6    188.7844 cm^-1  (      5.6596 THz )

 # Irred. k point   51 : (  0.0000,  0.2667, -0.3333)
   Mode, Frequency 
      1    106.6500 cm^-1  (      3.1973 THz )
      2    107.6962 cm^-1  (      3.2286 THz )
      3    144.1410 cm^-1  (      4.3212 THz )
      4    160.1489 cm^-1  (      4.8011 THz )
      5    177.2406 cm^-1  (      5.3135 THz )
      6    190.5179 cm^-1  (      5.7116 THz )

 # Irred. k point   52 : (  0.0000,  0.2667, -0.2667)
   Mode, Frequency 
      1     97.5326 cm^-1  (      2.9240 THz )
      2    116.0689 cm^-1  (      3.4797 THz )
      3    136.2195 cm^-1  (      4.0838 THz )
      4    154.9955 cm^-1  (      4.6466 THz )
      5    178.0474 cm^-1  (      5.3377 THz )
      6    197.6042 cm^-1  (      5.9240 THz )

 # Irred. k point   53 : ( -0.0000,  0.3333,  0.3333)
   Mode, Frequency 
      1     70.0076 cm^-1  (      2.0988 THz )
      2     70.0076 cm^-1  (      2.0988 THz )
      3    161.3460 cm^-1  (      4.8370 THz )
      4    174.0993 cm^-1  (      5.2194 THz )
      5    174.2150 cm^-1  (      5.2228 THz )
      6    174.2150 cm^-1  (      5.2228 THz )

 # Irred. k point   54 : ( -0.0000,  0.3333,  0.4000)
   Mode, Frequency 
      1     74.1518 cm^-1  (      2.2230 THz )
      2     79.2515 cm^-1  (      2.3759 THz )
      3    157.2442 cm^-1  (      4.7141 THz )
      4    171.8633 cm^-1  (      5.1523 THz )
      5    174.1090 cm^-1  (      5.2197 THz )
      6    177.6948 cm^-1  (      5.3272 THz )

 # Irred. k point   55 : (  0.0000,  0.3333,  0.4667)
   Mode, Frequency 
      1     78.4299 cm^-1  (      2.3513 THz )
      2     96.8116 cm^-1  (      2.9023 THz )
      3    144.0554 cm^-1  (      4.3187 THz )
      4    172.0847 cm^-1  (      5.1590 THz )
      5    176.8492 cm^-1  (      5.3018 THz )
      6    181.1101 cm^-1  (      5.4295 THz )

 # Irred. k point   56 : (  0.0000,  0.3333, -0.4667)
   Mode, Frequency 
      1     82.8453 cm^-1  (      2.4836 THz )
      2    118.0205 cm^-1  (      3.5382 THz )
      3    132.4629 cm^-1  (      3.9711 THz )
      4    168.0155 cm^-1  (      5.0370 THz )
      5    178.7661 cm^-1  (      5.3593 THz )
      6    183.9796 cm^-1  (      5.5156 THz )

 # Irred. k point   57 : (  0.0000,  0.3333, -0.4000)
   Mode, Frequency 
      1     88.3309 cm^-1  (      2.6481 THz )
      2    123.2177 cm^-1  (      3.6940 THz )
      3    138.9276 cm^-1  (      4.1649 THz )
      4    161.8482 cm^-1  (      4.8521 THz )
      5    178.6017 cm^-1  (      5.3543 THz )
      6    185.0041 cm^-1  (      5.5463 THz )

 # Irred. k point   58 : (  0.0000,  0.3333, -0.3333)
   Mode, Frequency 
      1     96.1942 cm^-1  (      2.8838 THz )
      2    115.4256 cm^-1  (      3.4604 THz )
      3    153.6781 cm^-1  (      4.6072 THz )
      4    155.8589 cm^-1  (      4.6725 THz )
      5    180.6726 cm^-1  (      5.4164 THz )
      6    182.0203 cm^-1  (      5.4568 THz )

 # Irred. k point   59 : ( -0.0000,  0.4000,  0.4000)
   Mode, Frequency 
      1     76.1525 cm^-1  (      2.2830 THz )
      2     76.1525 cm^-1  (      2.2830 THz )
      3    149.8928 cm^-1  (      4.4937 THz )
      4    175.5276 cm^-1  (      5.2622 THz )
      5    175.5276 cm^-1  (      5.2622 THz )
      6    178.6487 cm^-1  (      5.3558 THz )

 # Irred. k point   60 : (  0.0000,  0.4000,  0.4667)
   Mode, Frequency 
      1     78.4914 cm^-1  (      2.3531 THz )
      2     84.0417 cm^-1  (      2.5195 THz )
      3    140.6057 cm^-1  (      4.2153 THz )
      4    175.1037 cm^-1  (      5.2495 THz )
      5    176.5786 cm^-1  (      5.2937 THz )
      6    183.2933 cm^-1  (      5.4950 THz )

 # Irred. k point   61 : ( -0.0000,  0.4000, -0.4667)
   Mode, Frequency 
      1     80.8073 cm^-1  (      2.4225 THz )
      2    100.4663 cm^-1  (      3.0119 THz )
      3    132.9913 cm^-1  (      3.9870 THz )
      4    172.7223 cm^-1  (      5.1781 THz )
      5    177.5058 cm^-1  (      5.3215 THz )
      6    185.6472 cm^-1  (      5.5656 THz )

 # Irred. k point   62 : (  0.0000,  0.4000, -0.4000)
   Mode, Frequency 
      1     83.6449 cm^-1  (      2.5076 THz )
      2    120.3112 cm^-1  (      3.6068 THz )
      3    127.6473 cm^-1  (      3.8268 THz )
      4    168.3052 cm^-1  (      5.0457 THz )
      5    177.9877 cm^-1  (      5.3359 THz )
      6    185.7960 cm^-1  (      5.5700 THz )

 # Irred. k point   63 : ( -0.0000,  0.4667,  0.4667)
   Mode, Frequency 
      1     79.2143 cm^-1  (      2.3748 THz )
      2     79.2143 cm^-1  (      2.3748 THz )
      3    136.3673 cm^-1  (      4.0882 THz )
      4    176.2492 cm^-1  (      5.2838 THz )
      5    176.2492 cm^-1  (      5.2838 THz )
      6    186.3129 cm^-1  (      5.5855 THz )

 # Irred. k point   64 : (  0.0000,  0.4667, -0.4667)
   Mode, Frequency 
      1     79.9318 cm^-1  (      2.3963 THz )
      2     85.6472 cm^-1  (      2.5676 THz )
      3    133.7475 cm^-1  (      4.0096 THz )
      4    175.4667 cm^-1  (      5.2604 THz )
      5    176.6221 cm^-1  (      5.2950 THz )
      6    187.0634 cm^-1  (      5.6080 THz )

 # Irred. k point   65 : (  0.0667,  0.1333,  0.2000)
   Mode, Frequency 
      1     39.0835 cm^-1  (      1.1717 THz )
      2     47.1989 cm^-1  (      1.4150 THz )
      3     81.2934 cm^-1  (      2.4371 THz )
      4    169.7175 cm^-1  (      5.0880 THz )
      5    169.9559 cm^-1  (      5.0952 THz )
      6    236.8641 cm^-1  (      7.1010 THz )

 # Irred. k point   66 : (  0.0667,  0.1333,  0.2667)
   Mode, Frequency 
      1     52.6646 cm^-1  (      1.5788 THz )
      2     64.8949 cm^-1  (      1.9455 THz )
      3    102.5780 cm^-1  (      3.0752 THz )
      4    168.0861 cm^-1  (      5.0391 THz )
      5    170.5775 cm^-1  (      5.1138 THz )
      6    226.7218 cm^-1  (      6.7969 THz )

 # Irred. k point   67 : (  0.0667,  0.1333,  0.3333)
   Mode, Frequency 
      1     67.1725 cm^-1  (      2.0138 THz )
      2     83.3048 cm^-1  (      2.4974 THz )
      3    123.6663 cm^-1  (      3.7074 THz )
      4    162.1277 cm^-1  (      4.8605 THz )
      5    169.6222 cm^-1  (      5.0851 THz )
      6    218.7022 cm^-1  (      6.5565 THz )

 # Irred. k point   68 : (  0.0667,  0.1333,  0.4000)
   Mode, Frequency 
      1     81.0517 cm^-1  (      2.4299 THz )
      2    100.7880 cm^-1  (      3.0215 THz )
      3    143.0957 cm^-1  (      4.2899 THz )
      4    152.3362 cm^-1  (      4.5669 THz )
      5    165.5301 cm^-1  (      4.9625 THz )
      6    214.2560 cm^-1  (      6.4232 THz )

 # Irred. k point   69 : (  0.0667,  0.1333,  0.4667)
   Mode, Frequency 
      1     94.1502 cm^-1  (      2.8226 THz )
      2    115.2674 cm^-1  (      3.4556 THz )
      3    140.9175 cm^-1  (      4.2246 THz )
      4    157.4385 cm^-1  (      4.7199 THz )
      5    160.4915 cm^-1  (      4.8114 THz )
      6    211.8271 cm^-1  (      6.3504 THz )

 # Irred. k point   70 : (  0.0667,  0.1333, -0.4667)
   Mode, Frequency 
      1    106.5344 cm^-1  (      3.1938 THz )
      2    117.9455 cm^-1  (      3.5359 THz )
      3    139.0291 cm^-1  (      4.1680 THz )
      4    148.5450 cm^-1  (      4.4533 THz )
      5    169.8817 cm^-1  (      5.0929 THz )
      6    210.0246 cm^-1  (      6.2964 THz )

 # Irred. k point   71 : (  0.0667,  0.2000,  0.2667)
   Mode, Frequency 
      1     52.9175 cm^-1  (      1.5864 THz )
      2     59.3354 cm^-1  (      1.7788 THz )
      3    113.0601 cm^-1  (      3.3895 THz )
      4    169.1366 cm^-1  (      5.0706 THz )
      5    171.2315 cm^-1  (      5.1334 THz )
      6    220.5667 cm^-1  (      6.6124 THz )

 # Irred. k point   72 : (  0.0667,  0.2000,  0.3333)
   Mode, Frequency 
      1     64.1367 cm^-1  (      1.9228 THz )
      2     76.7273 cm^-1  (      2.3002 THz )
      3    129.8760 cm^-1  (      3.8936 THz )
      4    164.7898 cm^-1  (      4.9403 THz )
      5    171.7837 cm^-1  (      5.1499 THz )
      6    211.2533 cm^-1  (      6.3332 THz )

 # Irred. k point   73 : (  0.0667,  0.2000,  0.4000)
   Mode, Frequency 
      1     75.4379 cm^-1  (      2.2616 THz )
      2     96.4722 cm^-1  (      2.8922 THz )
      3    145.0365 cm^-1  (      4.3481 THz )
      4    156.1186 cm^-1  (      4.6803 THz )
      5    169.8041 cm^-1  (      5.0906 THz )
      6    205.8192 cm^-1  (      6.1703 THz )

 # Irred. k point   74 : (  0.0667,  0.2000,  0.4667)
   Mode, Frequency 
      1     86.2820 cm^-1  (      2.5867 THz )
      2    115.3848 cm^-1  (      3.4591 THz )
      3    142.9774 cm^-1  (      4.2864 THz )
      4    159.0813 cm^-1  (      4.7691 THz )
      5    164.9432 cm^-1  (      4.9449 THz )
      6    203.5654 cm^-1  (      6.1027 THz )

 # Irred. k point   75 : (  0.0667,  0.2000, -0.4667)
   Mode, Frequency 
      1     97.0320 cm^-1  (      2.9089 THz )
      2    123.3465 cm^-1  (      3.6978 THz )
      3    139.0175 cm^-1  (      4.1676 THz )
      4    156.1851 cm^-1  (      4.6823 THz )
      5    169.0160 cm^-1  (      5.0670 THz )
      6    202.1463 cm^-1  (      6.0602 THz )

 # Irred. k point   76 : (  0.0667,  0.2000, -0.4000)
   Mode, Frequency 
      1    107.4102 cm^-1  (      3.2201 THz )
      2    113.3597 cm^-1  (      3.3984 THz )
      3    146.0330 cm^-1  (      4.3780 THz )
      4    151.6033 cm^-1  (      4.5450 THz )
      5    171.1066 cm^-1  (      5.1296 THz )
      6    201.7987 cm^-1  (      6.0498 THz )

 # Irred. k point   77 : (  0.0667,  0.2000, -0.3333)
   Mode, Frequency 
      1     99.7818 cm^-1  (      2.9914 THz )
      2    118.1529 cm^-1  (      3.5421 THz )
      3    136.8077 cm^-1  (      4.1014 THz )
      4    160.4761 cm^-1  (      4.8110 THz )
      5    166.6959 cm^-1  (      4.9974 THz )
      6    203.6882 cm^-1  (      6.1064 THz )

 # Irred. k point   78 : (  0.0667,  0.2000, -0.2667)
   Mode, Frequency 
      1     87.9459 cm^-1  (      2.6366 THz )
      2    111.8529 cm^-1  (      3.3533 THz )
      3    141.5248 cm^-1  (      4.2428 THz )
      4    151.7436 cm^-1  (      4.5492 THz )
      5    170.4389 cm^-1  (      5.1096 THz )
      6    206.6095 cm^-1  (      6.1940 THz )

 # Irred. k point   79 : (  0.0667,  0.2000, -0.2000)
   Mode, Frequency 
      1     75.6313 cm^-1  (      2.2674 THz )
      2     96.5851 cm^-1  (      2.8955 THz )
      3    136.2899 cm^-1  (      4.0859 THz )
      4    153.5731 cm^-1  (      4.6040 THz )
      5    173.0063 cm^-1  (      5.1866 THz )
      6    211.0079 cm^-1  (      6.3259 THz )

 # Irred. k point   80 : (  0.0667,  0.2000, -0.1333)
   Mode, Frequency 
      1     63.1447 cm^-1  (      1.8930 THz )
      2     80.2442 cm^-1  (      2.4057 THz )
      3    119.7572 cm^-1  (      3.5902 THz )
      4    162.8252 cm^-1  (      4.8814 THz )
      5    172.3842 cm^-1  (      5.1679 THz )
      6    217.9873 cm^-1  (      6.5351 THz )

 # Irred. k point   81 : (  0.0667,  0.2667,  0.3333)
   Mode, Frequency 
      1     64.7356 cm^-1  (      1.9407 THz )
      2     70.2048 cm^-1  (      2.1047 THz )
      3    140.5957 cm^-1  (      4.2150 THz )
      4    168.0719 cm^-1  (      5.0387 THz )
      5    172.9843 cm^-1  (      5.1859 THz )
      6    200.1540 cm^-1  (      6.0005 THz )

 # Irred. k point   82 : (  0.0667,  0.2667,  0.4000)
   Mode, Frequency 
      1     73.4209 cm^-1  (      2.2011 THz )
      2     87.0728 cm^-1  (      2.6104 THz )
      3    152.2924 cm^-1  (      4.5656 THz )
      4    160.7370 cm^-1  (      4.8188 THz )
      5    173.0195 cm^-1  (      5.1870 THz )
      6    193.9503 cm^-1  (      5.8145 THz )

 # Irred. k point   83 : (  0.0667,  0.2667,  0.4667)
   Mode, Frequency 
      1     81.5322 cm^-1  (      2.4443 THz )
      2    107.5861 cm^-1  (      3.2253 THz )
      3    146.4886 cm^-1  (      4.3916 THz )
      4    164.0375 cm^-1  (      4.9177 THz )
      5    170.0341 cm^-1  (      5.0975 THz )
      6    192.5258 cm^-1  (      5.7718 THz )

 # Irred. k point   84 : (  0.0667,  0.2667, -0.4667)
   Mode, Frequency 
      1     89.5689 cm^-1  (      2.6852 THz )
      2    126.4523 cm^-1  (      3.7909 THz )
      3    134.7684 cm^-1  (      4.0403 THz )
      4    163.1132 cm^-1  (      4.8900 THz )
      5    171.8004 cm^-1  (      5.1504 THz )
      6    192.3841 cm^-1  (      5.7675 THz )

 # Irred. k point   85 : (  0.0667,  0.2667, -0.4000)
   Mode, Frequency 
      1     98.4408 cm^-1  (      2.9512 THz )
      2    119.0315 cm^-1  (      3.5685 THz )
      3    147.3103 cm^-1  (      4.4163 THz )
      4    155.2704 cm^-1  (      4.6549 THz )
      5    174.2520 cm^-1  (      5.2239 THz )
      6    192.3122 cm^-1  (      5.7654 THz )

 # Irred. k point   86 : (  0.0667,  0.2667, -0.3333)
   Mode, Frequency 
      1    106.7847 cm^-1  (      3.2013 THz )
      2    110.0601 cm^-1  (      3.2995 THz )
      3    143.0781 cm^-1  (      4.2894 THz )
      4    161.2865 cm^-1  (      4.8352 THz )
      5    172.9631 cm^-1  (      5.1853 THz )
      6    193.2954 cm^-1  (      5.7949 THz )

 # Irred. k point   87 : (  0.0667,  0.2667, -0.2667)
   Mode, Frequency 
      1     97.1655 cm^-1  (      2.9129 THz )
      2    117.2090 cm^-1  (      3.5138 THz )
      3    134.8990 cm^-1  (      4.0442 THz )
      4    158.2041 cm^-1  (      4.7428 THz )
      5    175.9024 cm^-1  (      5.2734 THz )
      6    196.9500 cm^-1  (      5.9044 THz )

 # Irred. k point   88 : (  0.0667,  0.2667, -0.2000)
   Mode, Frequency 
      1     86.3822 cm^-1  (      2.5897 THz )
      2    109.8783 cm^-1  (      3.2941 THz )
      3    141.4296 cm^-1  (      4.2400 THz )
      4    148.8065 cm^-1  (      4.4611 THz )
      5    176.0054 cm^-1  (      5.2765 THz )
      6    203.4102 cm^-1  (      6.0981 THz )

 # Irred. k point   89 : (  0.0667,  0.3333,  0.4000)
   Mode, Frequency 
      1     73.8208 cm^-1  (      2.2131 THz )
      2     78.8953 cm^-1  (      2.3652 THz )
      3    159.5941 cm^-1  (      4.7845 THz )
      4    165.4793 cm^-1  (      4.9609 THz )
      5    174.6735 cm^-1  (      5.2366 THz )
      6    182.0660 cm^-1  (      5.4582 THz )

 # Irred. k point   90 : (  0.0667,  0.3333,  0.4667)
   Mode, Frequency 
      1     80.0666 cm^-1  (      2.4003 THz )
      2     95.1175 cm^-1  (      2.8516 THz )
      3    148.9601 cm^-1  (      4.4657 THz )
      4    170.7342 cm^-1  (      5.1185 THz )
      5    173.9636 cm^-1  (      5.2153 THz )
      6    182.2345 cm^-1  (      5.4633 THz )

 # Irred. k point   91 : (  0.0667,  0.3333, -0.4667)
   Mode, Frequency 
      1     85.4426 cm^-1  (      2.5615 THz )
      2    115.6929 cm^-1  (      3.4684 THz )
      3    135.9696 cm^-1  (      4.0763 THz )
      4    168.7585 cm^-1  (      5.0593 THz )
      5    176.4633 cm^-1  (      5.2902 THz )
      6    184.1373 cm^-1  (      5.5203 THz )

 # Irred. k point   92 : (  0.0667,  0.3333, -0.4000)
   Mode, Frequency 
      1     91.3131 cm^-1  (      2.7375 THz )
      2    124.4539 cm^-1  (      3.7310 THz )
      3    136.5563 cm^-1  (      4.0939 THz )
      4    162.1215 cm^-1  (      4.8603 THz )
      5    178.0819 cm^-1  (      5.3388 THz )
      6    185.3692 cm^-1  (      5.5572 THz )

 # Irred. k point   93 : (  0.0667,  0.3333, -0.3333)
   Mode, Frequency 
      1     99.0789 cm^-1  (      2.9703 THz )
      2    115.3094 cm^-1  (      3.4569 THz )
      3    149.4041 cm^-1  (      4.4790 THz )
      4    158.4316 cm^-1  (      4.7497 THz )
      5    177.9742 cm^-1  (      5.3355 THz )
      6    184.3971 cm^-1  (      5.5281 THz )

 # Irred. k point   94 : (  0.0667,  0.3333, -0.2667)
   Mode, Frequency 
      1    106.4416 cm^-1  (      3.1910 THz )
      2    109.0628 cm^-1  (      3.2696 THz )
      3    141.4039 cm^-1  (      4.2392 THz )
      4    162.1050 cm^-1  (      4.8598 THz )
      5    179.9871 cm^-1  (      5.3959 THz )
      6    186.3706 cm^-1  (      5.5872 THz )

 # Irred. k point   95 : (  0.0667,  0.4000,  0.4667)
   Mode, Frequency 
      1     79.9073 cm^-1  (      2.3956 THz )
      2     84.8789 cm^-1  (      2.5446 THz )
      3    146.6845 cm^-1  (      4.3975 THz )
      4    175.1397 cm^-1  (      5.2506 THz )
      5    176.0013 cm^-1  (      5.2764 THz )
      6    179.0334 cm^-1  (      5.3673 THz )

 # Irred. k point   96 : (  0.0667,  0.4000, -0.4667)
   Mode, Frequency 
      1     84.0128 cm^-1  (      2.5186 THz )
      2    100.1877 cm^-1  (      3.0036 THz )
      3    136.2041 cm^-1  (      4.0833 THz )
      4    172.6586 cm^-1  (      5.1762 THz )
      5    177.6379 cm^-1  (      5.3254 THz )
      6    182.9725 cm^-1  (      5.4854 THz )

 # Irred. k point   97 : (  0.0667,  0.4000, -0.4000)
   Mode, Frequency 
      1     87.3267 cm^-1  (      2.6180 THz )
      2    119.9721 cm^-1  (      3.5967 THz )
      3    127.9557 cm^-1  (      3.8360 THz )
      4    167.7550 cm^-1  (      5.0292 THz )
      5    178.4370 cm^-1  (      5.3494 THz )
      6    184.8376 cm^-1  (      5.5413 THz )

 # Irred. k point   98 : (  0.0667,  0.4000, -0.3333)
   Mode, Frequency 
      1     91.9173 cm^-1  (      2.7556 THz )
      2    121.5129 cm^-1  (      3.6429 THz )
      3    139.9814 cm^-1  (      4.1965 THz )
      4    161.4976 cm^-1  (      4.8416 THz )
      5    178.7504 cm^-1  (      5.3588 THz )
      6    183.6026 cm^-1  (      5.5043 THz )

 # Irred. k point   99 : (  0.0667,  0.4667, -0.4667)
   Mode, Frequency 
      1     82.9432 cm^-1  (      2.4866 THz )
      2     87.9175 cm^-1  (      2.6357 THz )
      3    134.6509 cm^-1  (      4.0367 THz )
      4    174.7643 cm^-1  (      5.2393 THz )
      5    176.7306 cm^-1  (      5.2983 THz )
      6    185.8915 cm^-1  (      5.5729 THz )

 # Irred. k point  100 : (  0.0667,  0.4667, -0.4000)
   Mode, Frequency 
      1     85.3162 cm^-1  (      2.5577 THz )
      2    101.9209 cm^-1  (      3.0555 THz )
      3    130.6899 cm^-1  (      3.9180 THz )
      4    172.0206 cm^-1  (      5.1570 THz )
      5    177.4981 cm^-1  (      5.3213 THz )
      6    186.2172 cm^-1  (      5.5827 THz )

 # Irred. k point  101 : (  0.1333,  0.2667,  0.4000)
   Mode, Frequency 
      1     74.5125 cm^-1  (      2.2338 THz )
      2     90.3805 cm^-1  (      2.7095 THz )
      3    143.0531 cm^-1  (      4.2886 THz )
      4    156.7929 cm^-1  (      4.7005 THz )
      5    174.2117 cm^-1  (      5.2227 THz )
      6    203.2473 cm^-1  (      6.0932 THz )

 # Irred. k point  102 : (  0.1333,  0.2667,  0.4667)
   Mode, Frequency 
      1     84.9128 cm^-1  (      2.5456 THz )
      2    106.7711 cm^-1  (      3.2009 THz )
      3    143.9139 cm^-1  (      4.3144 THz )
      4    156.0021 cm^-1  (      4.6768 THz )
      5    174.3188 cm^-1  (      5.2259 THz )
      6    197.8903 cm^-1  (      5.9326 THz )

 # Irred. k point  103 : (  0.1333,  0.2667, -0.4667)
   Mode, Frequency 
      1     94.3366 cm^-1  (      2.8281 THz )
      2    120.9067 cm^-1  (      3.6247 THz )
      3    134.4542 cm^-1  (      4.0308 THz )
      4    163.7529 cm^-1  (      4.9092 THz )
      5    170.9901 cm^-1  (      5.1262 THz )
      6    195.1316 cm^-1  (      5.8499 THz )

 # Irred. k point  104 : (  0.1333,  0.2667, -0.4000)
   Mode, Frequency 
      1    103.4685 cm^-1  (      3.1019 THz )
      2    115.3815 cm^-1  (      3.4591 THz )
      3    143.8889 cm^-1  (      4.3137 THz )
      4    158.7650 cm^-1  (      4.7597 THz )
      5    172.4917 cm^-1  (      5.1712 THz )
      6    193.7299 cm^-1  (      5.8079 THz )

 # Irred. k point  105 : (  0.1333,  0.3333,  0.4667)
   Mode, Frequency 
      1     83.4187 cm^-1  (      2.5008 THz )
      2     98.5774 cm^-1  (      2.9553 THz )
      3    147.7545 cm^-1  (      4.4296 THz )
      4    163.3494 cm^-1  (      4.8971 THz )
      5    175.9627 cm^-1  (      5.2752 THz )
      6    187.8638 cm^-1  (      5.6320 THz )

 # Irred. k point  106 : (  0.1333,  0.3333, -0.4667)
   Mode, Frequency 
      1     91.4774 cm^-1  (      2.7424 THz )
      2    114.7856 cm^-1  (      3.4412 THz )
      3    135.4990 cm^-1  (      4.0622 THz )
      4    169.0964 cm^-1  (      5.0694 THz )
      5    175.1817 cm^-1  (      5.2518 THz )
      6    185.4175 cm^-1  (      5.5587 THz )

 # Irred. k point  107 : (  0.1333,  0.3333, -0.4000)
   Mode, Frequency 
      1     98.1761 cm^-1  (      2.9432 THz )
      2    121.7258 cm^-1  (      3.6492 THz )
      3    134.9229 cm^-1  (      4.0449 THz )
      4    164.5560 cm^-1  (      4.9333 THz )
      5    176.0939 cm^-1  (      5.2792 THz )
      6    185.8397 cm^-1  (      5.5713 THz )

 # Irred. k point  108 : (  0.1333,  0.3333, -0.3333)
   Mode, Frequency 
      1    105.4733 cm^-1  (      3.1620 THz )
      2    113.1793 cm^-1  (      3.3930 THz )
      3    145.8313 cm^-1  (      4.3719 THz )
      4    158.9088 cm^-1  (      4.7640 THz )
      5    176.4689 cm^-1  (      5.2904 THz )
      6    185.8536 cm^-1  (      5.5718 THz )

 # Irred. k point  109 : (  0.1333,  0.3333, -0.2667)
   Mode, Frequency 
      1    103.9883 cm^-1  (      3.1175 THz )
      2    115.1471 cm^-1  (      3.4520 THz )
      3    136.6935 cm^-1  (      4.0980 THz )
      4    165.7037 cm^-1  (      4.9677 THz )
      5    176.7226 cm^-1  (      5.2980 THz )
      6    185.7278 cm^-1  (      5.5680 THz )

 # Irred. k point  110 : (  0.1333,  0.3333, -0.2000)
   Mode, Frequency 
      1     95.2388 cm^-1  (      2.8552 THz )
      2    116.9645 cm^-1  (      3.5065 THz )
      3    133.3599 cm^-1  (      3.9980 THz )
      4    163.2110 cm^-1  (      4.8929 THz )
      5    177.8454 cm^-1  (      5.3317 THz )
      6    189.8059 cm^-1  (      5.6902 THz )

 # Irred. k point  111 : (  0.1333,  0.4000, -0.4667)
   Mode, Frequency 
      1     89.4227 cm^-1  (      2.6808 THz )
      2    104.4723 cm^-1  (      3.1320 THz )
      3    137.5893 cm^-1  (      4.1248 THz )
      4    173.2540 cm^-1  (      5.1940 THz )
      5    177.3337 cm^-1  (      5.3163 THz )
      6    179.9551 cm^-1  (      5.3949 THz )

 # Irred. k point  112 : (  0.1333,  0.4000, -0.4000)
   Mode, Frequency 
      1     95.3304 cm^-1  (      2.8579 THz )
      2    120.1156 cm^-1  (      3.6010 THz )
      3    127.7886 cm^-1  (      3.8310 THz )
      4    167.9476 cm^-1  (      5.0349 THz )
      5    178.7148 cm^-1  (      5.3577 THz )
      6    182.4774 cm^-1  (      5.4705 THz )

 # Irred. k point  113 : (  0.1333,  0.4000, -0.3333)
   Mode, Frequency 
      1    100.0190 cm^-1  (      2.9985 THz )
      2    119.5115 cm^-1  (      3.5829 THz )
      3    137.3826 cm^-1  (      4.1186 THz )
      4    160.4031 cm^-1  (      4.8088 THz )
      5    179.3107 cm^-1  (      5.3756 THz )
      6    183.4052 cm^-1  (      5.4984 THz )

 # Irred. k point  114 : (  0.1333,  0.4000, -0.2667)
   Mode, Frequency 
      1    106.4492 cm^-1  (      3.1913 THz )
      2    112.4759 cm^-1  (      3.3719 THz )
      3    142.9878 cm^-1  (      4.2867 THz )
      4    161.1338 cm^-1  (      4.8307 THz )
      5    179.6434 cm^-1  (      5.3856 THz )
      6    181.4969 cm^-1  (      5.4411 THz )

 # Irred. k point  115 : (  0.1333,  0.4667, -0.4000)
   Mode, Frequency 
      1     92.4206 cm^-1  (      2.7707 THz )
      2    107.5553 cm^-1  (      3.2244 THz )
      3    129.4903 cm^-1  (      3.8820 THz )
      4    170.0281 cm^-1  (      5.0973 THz )
      5    178.0851 cm^-1  (      5.3389 THz )
      6    184.7067 cm^-1  (      5.5374 THz )

 # Irred. k point  116 : (  0.1333,  0.4667, -0.3333)
   Mode, Frequency 
      1     96.5976 cm^-1  (      2.8959 THz )
      2    122.1607 cm^-1  (      3.6623 THz )
      3    124.5476 cm^-1  (      3.7338 THz )
      4    164.9297 cm^-1  (      4.9445 THz )
      5    179.0229 cm^-1  (      5.3670 THz )
      6    184.5880 cm^-1  (      5.5338 THz )

 # Irred. k point  117 : (  0.2000,  0.4000, -0.4000)
   Mode, Frequency 
      1    101.2302 cm^-1  (      3.0348 THz )
      2    120.3867 cm^-1  (      3.6091 THz )
      3    128.9043 cm^-1  (      3.8645 THz )
      4    168.8151 cm^-1  (      5.0610 THz )
      5    179.2806 cm^-1  (      5.3747 THz )
      6    180.2743 cm^-1  (      5.4045 THz )

 # Irred. k point  118 : (  0.2000,  0.4000, -0.3333)
   Mode, Frequency 
      1    107.9648 cm^-1  (      3.2367 THz )
      2    114.6016 cm^-1  (      3.4357 THz )
      3    137.8879 cm^-1  (      4.1338 THz )
      4    160.6192 cm^-1  (      4.8152 THz )
      5    179.5914 cm^-1  (      5.3840 THz )
      6    182.1717 cm^-1  (      5.4614 THz )

 # Irred. k point  119 : (  0.2000,  0.4667, -0.3333)
   Mode, Frequency 
      1    104.2209 cm^-1  (      3.1245 THz )
      2    120.7001 cm^-1  (      3.6185 THz )
      3    128.1600 cm^-1  (      3.8421 THz )
      4    161.8736 cm^-1  (      4.8528 THz )
      5    180.0656 cm^-1  (      5.3982 THz )
      6    182.9663 cm^-1  (      5.4852 THz )

 # Irred. k point  120 : (  0.2000,  0.4667, -0.2667)
   Mode, Frequency 
      1    109.4292 cm^-1  (      3.2806 THz )
      2    115.4848 cm^-1  (      3.4621 THz )
      3    136.7407 cm^-1  (      4.0994 THz )
      4    156.7703 cm^-1  (      4.6999 THz )
      5    180.9601 cm^-1  (      5.4250 THz )
      6    182.3220 cm^-1  (      5.4659 THz )



 -----------------------------------------------------------------

 The following files are created: 
  NaCl.dos         : Phonon DOS and atom projected DOS
  NaCl.thermo      : Thermodynamic quantities

 Job finished at Sat May 31 05:10:24 2025

